2016-04-26 03:57:29 [192.168.101.40][-][-][info][application] [seller][api\controllers\UserController][actionAuth][][0][success] time_used[1054]
    in E:\app.xiaomaijr.com\api\controllers\ApiBaseController.php:87
    in E:\app.xiaomaijr.com\api\controllers\UserController.php:385
2016-04-26 03:57:27 [192.168.101.40][-][-][info][application] $_GET = [
    'user_id' => '236748'
    'xiaomai' => 'heiheihei'
]

$_SERVER = [
    'REDIRECT_MIBDIRS' => 'D:/xampp/php/extras/mibs'
    'REDIRECT_MYSQL_HOME' => '\\xampp\\mysql\\bin'
    'REDIRECT_OPENSSL_CONF' => 'D:/xampp/apache/bin/openssl.cnf'
    'REDIRECT_PHP_PEAR_SYSCONF_DIR' => '\\xampp\\php'
    'REDIRECT_PHPRC' => '\\xampp\\php'
    'REDIRECT_TMP' => '\\xampp\\tmp'
    'REDIRECT_STATUS' => '200'
    'MIBDIRS' => 'D:/xampp/php/extras/mibs'
    'MYSQL_HOME' => '\\xampp\\mysql\\bin'
    'OPENSSL_CONF' => 'D:/xampp/apache/bin/openssl.cnf'
    'PHP_PEAR_SYSCONF_DIR' => '\\xampp\\php'
    'PHPRC' => '\\xampp\\php'
    'TMP' => '\\xampp\\tmp'
    'HTTP_HOST' => '192.168.101.40'
    'HTTP_CONNECTION' => 'keep-alive'
    'HTTP_CACHE_CONTROL' => 'no-cache'
    'HTTP_USER_AGENT' => 'Mozilla/5.0 (Windows NT 6.3; WOW64) AppleWebKit/537.36 (KHTML, like Gecko) Chrome/49.0.2623.75 Safari/537.36'
    'HTTP_POSTMAN_TOKEN' => 'caf5c008-b099-dcd7-9c3a-df458cd37ba1'
    'HTTP_ACCEPT' => '*/*'
    'HTTP_ACCEPT_ENCODING' => 'gzip, deflate, sdch'
    'HTTP_ACCEPT_LANGUAGE' => 'zh-CN,zh;q=0.8'
    'PATH' => 'C:\\Program Files (x86)\\Common Files\\NetSarang;C:\\WINDOWS\\system32;C:\\WINDOWS;C:\\WINDOWS\\System32\\Wbem;C:\\WINDOWS\\System32\\WindowsPowerShell\\v1.0\\;C:\\Program Files (x86)\\NVIDIA Corporation\\PhysX\\Common;D:\\TortoSvn\\bin;D:\\xampp\\php'
    'SystemRoot' => 'C:\\WINDOWS'
    'COMSPEC' => 'C:\\WINDOWS\\system32\\cmd.exe'
    'PATHEXT' => '.COM;.EXE;.BAT;.CMD;.VBS;.VBE;.JS;.JSE;.WSF;.WSH;.MSC'
    'WINDIR' => 'C:\\WINDOWS'
    'SERVER_SIGNATURE' => '<address>Apache/2.4.17 (Win32) OpenSSL/1.0.2d PHP/5.6.14 Server at 192.168.101.40 Port 80</address>
'
    'SERVER_SOFTWARE' => 'Apache/2.4.17 (Win32) OpenSSL/1.0.2d PHP/5.6.14'
    'SERVER_NAME' => '192.168.101.40'
    'SERVER_ADDR' => '192.168.101.40'
    'SERVER_PORT' => '80'
    'REMOTE_ADDR' => '192.168.101.40'
    'DOCUMENT_ROOT' => 'E:/app.xiaomaijr.com/api'
    'REQUEST_SCHEME' => 'http'
    'CONTEXT_PREFIX' => ''
    'CONTEXT_DOCUMENT_ROOT' => 'E:/app.xiaomaijr.com/api'
    'SERVER_ADMIN' => 'alpha@mail.zhima.com'
    'SCRIPT_FILENAME' => 'E:/app.xiaomaijr.com/api/web/index.php'
    'REMOTE_PORT' => '53918'
    'REDIRECT_QUERY_STRING' => 'user_id=236748&xiaomai=heiheihei'
    'REDIRECT_URL' => 'http://192.168.101.40/user/auth?user_id=236748&xiaomai=heiheihei'
    'GATEWAY_INTERFACE' => 'CGI/1.1'
    'SERVER_PROTOCOL' => 'HTTP/1.1'
    'REQUEST_METHOD' => 'GET'
    'QUERY_STRING' => 'user_id=236748&xiaomai=heiheihei'
    'REQUEST_URI' => '/user/auth?user_id=236748&xiaomai=heiheihei'
    'SCRIPT_NAME' => '/web/index.php'
    'PATH_INFO' => '/user/auth'
    'PATH_TRANSLATED' => 'redirect:\\web\\index.php\\user\\auth\\auth'
    'PHP_SELF' => '/web/index.php/user/auth'
    'REQUEST_TIME_FLOAT' => 1461635847.071
    'REQUEST_TIME' => 1461635847
]
2016-04-26 04:08:21 [192.168.101.40][-][-][info][application] [seller][api\controllers\UserController][actionAuth][][0][success] time_used[1041]
    in E:\app.xiaomaijr.com\api\controllers\ApiBaseController.php:87
    in E:\app.xiaomaijr.com\api\controllers\UserController.php:385
2016-04-26 04:08:19 [192.168.101.40][-][-][info][application] $_GET = [
    'user_id' => '236748'
    'xiaomai' => 'heiheihei'
]

$_SERVER = [
    'REDIRECT_MIBDIRS' => 'D:/xampp/php/extras/mibs'
    'REDIRECT_MYSQL_HOME' => '\\xampp\\mysql\\bin'
    'REDIRECT_OPENSSL_CONF' => 'D:/xampp/apache/bin/openssl.cnf'
    'REDIRECT_PHP_PEAR_SYSCONF_DIR' => '\\xampp\\php'
    'REDIRECT_PHPRC' => '\\xampp\\php'
    'REDIRECT_TMP' => '\\xampp\\tmp'
    'REDIRECT_STATUS' => '200'
    'MIBDIRS' => 'D:/xampp/php/extras/mibs'
    'MYSQL_HOME' => '\\xampp\\mysql\\bin'
    'OPENSSL_CONF' => 'D:/xampp/apache/bin/openssl.cnf'
    'PHP_PEAR_SYSCONF_DIR' => '\\xampp\\php'
    'PHPRC' => '\\xampp\\php'
    'TMP' => '\\xampp\\tmp'
    'HTTP_HOST' => '192.168.101.40'
    'HTTP_CONNECTION' => 'keep-alive'
    'CONTENT_LENGTH' => '0'
    'HTTP_CACHE_CONTROL' => 'no-cache'
    'HTTP_ORIGIN' => 'chrome-extension://fhbjgbiflinjbdggehcddcbncdddomop'
    'HTTP_USER_AGENT' => 'Mozilla/5.0 (Windows NT 6.3; WOW64) AppleWebKit/537.36 (KHTML, like Gecko) Chrome/49.0.2623.75 Safari/537.36'
    'HTTP_POSTMAN_TOKEN' => 'e10bc77b-fbdd-a460-5d24-4cc2b7ae4417'
    'HTTP_ACCEPT' => '*/*'
    'HTTP_ACCEPT_ENCODING' => 'gzip, deflate'
    'HTTP_ACCEPT_LANGUAGE' => 'zh-CN,zh;q=0.8'
    'PATH' => 'C:\\Program Files (x86)\\Common Files\\NetSarang;C:\\WINDOWS\\system32;C:\\WINDOWS;C:\\WINDOWS\\System32\\Wbem;C:\\WINDOWS\\System32\\WindowsPowerShell\\v1.0\\;C:\\Program Files (x86)\\NVIDIA Corporation\\PhysX\\Common;D:\\TortoSvn\\bin;D:\\xampp\\php'
    'SystemRoot' => 'C:\\WINDOWS'
    'COMSPEC' => 'C:\\WINDOWS\\system32\\cmd.exe'
    'PATHEXT' => '.COM;.EXE;.BAT;.CMD;.VBS;.VBE;.JS;.JSE;.WSF;.WSH;.MSC'
    'WINDIR' => 'C:\\WINDOWS'
    'SERVER_SIGNATURE' => '<address>Apache/2.4.17 (Win32) OpenSSL/1.0.2d PHP/5.6.14 Server at 192.168.101.40 Port 80</address>
'
    'SERVER_SOFTWARE' => 'Apache/2.4.17 (Win32) OpenSSL/1.0.2d PHP/5.6.14'
    'SERVER_NAME' => '192.168.101.40'
    'SERVER_ADDR' => '192.168.101.40'
    'SERVER_PORT' => '80'
    'REMOTE_ADDR' => '192.168.101.40'
    'DOCUMENT_ROOT' => 'E:/app.xiaomaijr.com/api'
    'REQUEST_SCHEME' => 'http'
    'CONTEXT_PREFIX' => ''
    'CONTEXT_DOCUMENT_ROOT' => 'E:/app.xiaomaijr.com/api'
    'SERVER_ADMIN' => 'alpha@mail.zhima.com'
    'SCRIPT_FILENAME' => 'E:/app.xiaomaijr.com/api/web/index.php'
    'REMOTE_PORT' => '54197'
    'REDIRECT_QUERY_STRING' => 'user_id=236748&xiaomai=heiheihei'
    'REDIRECT_URL' => 'http://192.168.101.40/user/auth?user_id=236748&xiaomai=heiheihei'
    'GATEWAY_INTERFACE' => 'CGI/1.1'
    'SERVER_PROTOCOL' => 'HTTP/1.1'
    'REQUEST_METHOD' => 'POST'
    'QUERY_STRING' => 'user_id=236748&xiaomai=heiheihei'
    'REQUEST_URI' => '/user/auth?user_id=236748&xiaomai=heiheihei'
    'SCRIPT_NAME' => '/web/index.php'
    'PATH_INFO' => '/user/auth'
    'PATH_TRANSLATED' => 'redirect:\\web\\index.php\\user\\auth\\auth'
    'PHP_SELF' => '/web/index.php/user/auth'
    'REQUEST_TIME_FLOAT' => 1461636499.084
    'REQUEST_TIME' => 1461636499
]
2016-04-26 04:09:32 [192.168.101.40][-][-][info][application] [seller][api\controllers\UserController][actionInvestList][][0][success] time_used[1068]
    in E:\app.xiaomaijr.com\api\controllers\ApiBaseController.php:87
    in E:\app.xiaomaijr.com\api\controllers\UserController.php:414
2016-04-26 04:09:30 [192.168.101.40][-][-][info][application] $_GET = [
    'user_id' => '236748'
    'xiaomai' => 'heiheihei'
]

$_SERVER = [
    'REDIRECT_MIBDIRS' => 'D:/xampp/php/extras/mibs'
    'REDIRECT_MYSQL_HOME' => '\\xampp\\mysql\\bin'
    'REDIRECT_OPENSSL_CONF' => 'D:/xampp/apache/bin/openssl.cnf'
    'REDIRECT_PHP_PEAR_SYSCONF_DIR' => '\\xampp\\php'
    'REDIRECT_PHPRC' => '\\xampp\\php'
    'REDIRECT_TMP' => '\\xampp\\tmp'
    'REDIRECT_STATUS' => '200'
    'MIBDIRS' => 'D:/xampp/php/extras/mibs'
    'MYSQL_HOME' => '\\xampp\\mysql\\bin'
    'OPENSSL_CONF' => 'D:/xampp/apache/bin/openssl.cnf'
    'PHP_PEAR_SYSCONF_DIR' => '\\xampp\\php'
    'PHPRC' => '\\xampp\\php'
    'TMP' => '\\xampp\\tmp'
    'HTTP_HOST' => '192.168.101.40'
    'HTTP_CONNECTION' => 'keep-alive'
    'CONTENT_LENGTH' => '0'
    'HTTP_CACHE_CONTROL' => 'no-cache'
    'HTTP_ORIGIN' => 'chrome-extension://fhbjgbiflinjbdggehcddcbncdddomop'
    'HTTP_USER_AGENT' => 'Mozilla/5.0 (Windows NT 6.3; WOW64) AppleWebKit/537.36 (KHTML, like Gecko) Chrome/49.0.2623.75 Safari/537.36'
    'HTTP_POSTMAN_TOKEN' => '8ac71a1a-6d1c-acd3-1cbe-ea800978a0eb'
    'HTTP_ACCEPT' => '*/*'
    'HTTP_ACCEPT_ENCODING' => 'gzip, deflate'
    'HTTP_ACCEPT_LANGUAGE' => 'zh-CN,zh;q=0.8'
    'PATH' => 'C:\\Program Files (x86)\\Common Files\\NetSarang;C:\\WINDOWS\\system32;C:\\WINDOWS;C:\\WINDOWS\\System32\\Wbem;C:\\WINDOWS\\System32\\WindowsPowerShell\\v1.0\\;C:\\Program Files (x86)\\NVIDIA Corporation\\PhysX\\Common;D:\\TortoSvn\\bin;D:\\xampp\\php'
    'SystemRoot' => 'C:\\WINDOWS'
    'COMSPEC' => 'C:\\WINDOWS\\system32\\cmd.exe'
    'PATHEXT' => '.COM;.EXE;.BAT;.CMD;.VBS;.VBE;.JS;.JSE;.WSF;.WSH;.MSC'
    'WINDIR' => 'C:\\WINDOWS'
    'SERVER_SIGNATURE' => '<address>Apache/2.4.17 (Win32) OpenSSL/1.0.2d PHP/5.6.14 Server at 192.168.101.40 Port 80</address>
'
    'SERVER_SOFTWARE' => 'Apache/2.4.17 (Win32) OpenSSL/1.0.2d PHP/5.6.14'
    'SERVER_NAME' => '192.168.101.40'
    'SERVER_ADDR' => '192.168.101.40'
    'SERVER_PORT' => '80'
    'REMOTE_ADDR' => '192.168.101.40'
    'DOCUMENT_ROOT' => 'E:/app.xiaomaijr.com/api'
    'REQUEST_SCHEME' => 'http'
    'CONTEXT_PREFIX' => ''
    'CONTEXT_DOCUMENT_ROOT' => 'E:/app.xiaomaijr.com/api'
    'SERVER_ADMIN' => 'alpha@mail.zhima.com'
    'SCRIPT_FILENAME' => 'E:/app.xiaomaijr.com/api/web/index.php'
    'REMOTE_PORT' => '54211'
    'REDIRECT_QUERY_STRING' => 'user_id=236748&xiaomai=heiheihei'
    'REDIRECT_URL' => 'http://192.168.101.40/user/invest-list?user_id=236748&xiaomai=heiheihei'
    'GATEWAY_INTERFACE' => 'CGI/1.1'
    'SERVER_PROTOCOL' => 'HTTP/1.1'
    'REQUEST_METHOD' => 'POST'
    'QUERY_STRING' => 'user_id=236748&xiaomai=heiheihei'
    'REQUEST_URI' => '/user/invest-list?user_id=236748&xiaomai=heiheihei'
    'SCRIPT_NAME' => '/web/index.php'
    'PATH_INFO' => '/user/invest-list'
    'PATH_TRANSLATED' => 'redirect:\\web\\index.php\\user\\invest-list\\invest-list'
    'PHP_SELF' => '/web/index.php/user/invest-list'
    'REQUEST_TIME_FLOAT' => 1461636570.74
    'REQUEST_TIME' => 1461636570
]
2016-04-26 04:27:49 [192.168.101.40][-][-][info][application] [seller][api\controllers\UserController][actionInvestList][][0][success] time_used[1083]
    in E:\app.xiaomaijr.com\api\controllers\ApiBaseController.php:87
    in E:\app.xiaomaijr.com\api\controllers\UserController.php:414
2016-04-26 04:27:47 [192.168.101.40][-][-][info][application] $_GET = [
    'user_id' => '236748'
    'xiaomai' => 'heiheihei'
]

$_SERVER = [
    'REDIRECT_MIBDIRS' => 'D:/xampp/php/extras/mibs'
    'REDIRECT_MYSQL_HOME' => '\\xampp\\mysql\\bin'
    'REDIRECT_OPENSSL_CONF' => 'D:/xampp/apache/bin/openssl.cnf'
    'REDIRECT_PHP_PEAR_SYSCONF_DIR' => '\\xampp\\php'
    'REDIRECT_PHPRC' => '\\xampp\\php'
    'REDIRECT_TMP' => '\\xampp\\tmp'
    'REDIRECT_STATUS' => '200'
    'MIBDIRS' => 'D:/xampp/php/extras/mibs'
    'MYSQL_HOME' => '\\xampp\\mysql\\bin'
    'OPENSSL_CONF' => 'D:/xampp/apache/bin/openssl.cnf'
    'PHP_PEAR_SYSCONF_DIR' => '\\xampp\\php'
    'PHPRC' => '\\xampp\\php'
    'TMP' => '\\xampp\\tmp'
    'HTTP_HOST' => '192.168.101.40'
    'HTTP_CONNECTION' => 'keep-alive'
    'CONTENT_LENGTH' => '0'
    'HTTP_CACHE_CONTROL' => 'no-cache'
    'HTTP_ORIGIN' => 'chrome-extension://fhbjgbiflinjbdggehcddcbncdddomop'
    'HTTP_USER_AGENT' => 'Mozilla/5.0 (Windows NT 6.3; WOW64) AppleWebKit/537.36 (KHTML, like Gecko) Chrome/49.0.2623.75 Safari/537.36'
    'HTTP_POSTMAN_TOKEN' => 'edaabb4e-fd3d-09ca-b0dd-0f37a875bf22'
    'HTTP_ACCEPT' => '*/*'
    'HTTP_ACCEPT_ENCODING' => 'gzip, deflate'
    'HTTP_ACCEPT_LANGUAGE' => 'zh-CN,zh;q=0.8'
    'PATH' => 'C:\\Program Files (x86)\\Common Files\\NetSarang;C:\\WINDOWS\\system32;C:\\WINDOWS;C:\\WINDOWS\\System32\\Wbem;C:\\WINDOWS\\System32\\WindowsPowerShell\\v1.0\\;C:\\Program Files (x86)\\NVIDIA Corporation\\PhysX\\Common;D:\\TortoSvn\\bin;D:\\xampp\\php'
    'SystemRoot' => 'C:\\WINDOWS'
    'COMSPEC' => 'C:\\WINDOWS\\system32\\cmd.exe'
    'PATHEXT' => '.COM;.EXE;.BAT;.CMD;.VBS;.VBE;.JS;.JSE;.WSF;.WSH;.MSC'
    'WINDIR' => 'C:\\WINDOWS'
    'SERVER_SIGNATURE' => '<address>Apache/2.4.17 (Win32) OpenSSL/1.0.2d PHP/5.6.14 Server at 192.168.101.40 Port 80</address>
'
    'SERVER_SOFTWARE' => 'Apache/2.4.17 (Win32) OpenSSL/1.0.2d PHP/5.6.14'
    'SERVER_NAME' => '192.168.101.40'
    'SERVER_ADDR' => '192.168.101.40'
    'SERVER_PORT' => '80'
    'REMOTE_ADDR' => '192.168.101.40'
    'DOCUMENT_ROOT' => 'E:/app.xiaomaijr.com/api'
    'REQUEST_SCHEME' => 'http'
    'CONTEXT_PREFIX' => ''
    'CONTEXT_DOCUMENT_ROOT' => 'E:/app.xiaomaijr.com/api'
    'SERVER_ADMIN' => 'alpha@mail.zhima.com'
    'SCRIPT_FILENAME' => 'E:/app.xiaomaijr.com/api/web/index.php'
    'REMOTE_PORT' => '54553'
    'REDIRECT_QUERY_STRING' => 'user_id=236748&xiaomai=heiheihei'
    'REDIRECT_URL' => 'http://192.168.101.40/user/invest-list?user_id=236748&xiaomai=heiheihei'
    'GATEWAY_INTERFACE' => 'CGI/1.1'
    'SERVER_PROTOCOL' => 'HTTP/1.1'
    'REQUEST_METHOD' => 'POST'
    'QUERY_STRING' => 'user_id=236748&xiaomai=heiheihei'
    'REQUEST_URI' => '/user/invest-list?user_id=236748&xiaomai=heiheihei'
    'SCRIPT_NAME' => '/web/index.php'
    'PATH_INFO' => '/user/invest-list'
    'PATH_TRANSLATED' => 'redirect:\\web\\index.php\\user\\invest-list\\invest-list'
    'PHP_SELF' => '/web/index.php/user/invest-list'
    'REQUEST_TIME_FLOAT' => 1461637667.767
    'REQUEST_TIME' => 1461637667
]
2016-04-26 04:48:12 [192.168.101.70][-][-][info][application] [seller][api\controllers\IndexController][actionIndex][][0][success] time_used[1284]
    in E:\app.xiaomaijr.com\api\controllers\ApiBaseController.php:87
    in E:\app.xiaomaijr.com\api\controllers\IndexController.php:79
2016-04-26 04:48:09 [192.168.101.70][-][-][info][application] $_POST = [
    'app_ver' => '1.0.0'
    'api_ver' => '1'
    'page_size' => '0'
    'app_name' => '小麦金融'
    'sign' => 'e62c48df4bb3c9bbdc1f508216304074'
    'p' => '1'
    'mobile_type' => 'android'
    'channel' => '豌豆荚'
]

$_SERVER = [
    'REDIRECT_MIBDIRS' => 'D:/xampp/php/extras/mibs'
    'REDIRECT_MYSQL_HOME' => '\\xampp\\mysql\\bin'
    'REDIRECT_OPENSSL_CONF' => 'D:/xampp/apache/bin/openssl.cnf'
    'REDIRECT_PHP_PEAR_SYSCONF_DIR' => '\\xampp\\php'
    'REDIRECT_PHPRC' => '\\xampp\\php'
    'REDIRECT_TMP' => '\\xampp\\tmp'
    'REDIRECT_STATUS' => '200'
    'MIBDIRS' => 'D:/xampp/php/extras/mibs'
    'MYSQL_HOME' => '\\xampp\\mysql\\bin'
    'OPENSSL_CONF' => 'D:/xampp/apache/bin/openssl.cnf'
    'PHP_PEAR_SYSCONF_DIR' => '\\xampp\\php'
    'PHPRC' => '\\xampp\\php'
    'TMP' => '\\xampp\\tmp'
    'CONTENT_LENGTH' => '179'
    'CONTENT_TYPE' => 'application/x-www-form-urlencoded'
    'HTTP_HOST' => '192.168.101.40'
    'HTTP_CONNECTION' => 'Keep-Alive'
    'HTTP_ACCEPT_ENCODING' => 'gzip'
    'PATH' => 'C:\\Program Files (x86)\\Common Files\\NetSarang;C:\\WINDOWS\\system32;C:\\WINDOWS;C:\\WINDOWS\\System32\\Wbem;C:\\WINDOWS\\System32\\WindowsPowerShell\\v1.0\\;C:\\Program Files (x86)\\NVIDIA Corporation\\PhysX\\Common;D:\\TortoSvn\\bin;D:\\xampp\\php'
    'SystemRoot' => 'C:\\WINDOWS'
    'COMSPEC' => 'C:\\WINDOWS\\system32\\cmd.exe'
    'PATHEXT' => '.COM;.EXE;.BAT;.CMD;.VBS;.VBE;.JS;.JSE;.WSF;.WSH;.MSC'
    'WINDIR' => 'C:\\WINDOWS'
    'SERVER_SIGNATURE' => '<address>Apache/2.4.17 (Win32) OpenSSL/1.0.2d PHP/5.6.14 Server at 192.168.101.40 Port 80</address>
'
    'SERVER_SOFTWARE' => 'Apache/2.4.17 (Win32) OpenSSL/1.0.2d PHP/5.6.14'
    'SERVER_NAME' => '192.168.101.40'
    'SERVER_ADDR' => '192.168.101.40'
    'SERVER_PORT' => '80'
    'REMOTE_ADDR' => '192.168.101.70'
    'DOCUMENT_ROOT' => 'E:/app.xiaomaijr.com/api'
    'REQUEST_SCHEME' => 'http'
    'CONTEXT_PREFIX' => ''
    'CONTEXT_DOCUMENT_ROOT' => 'E:/app.xiaomaijr.com/api'
    'SERVER_ADMIN' => 'alpha@mail.zhima.com'
    'SCRIPT_FILENAME' => 'E:/app.xiaomaijr.com/api/web/index.php'
    'REMOTE_PORT' => '47729'
    'REDIRECT_URL' => 'http://192.168.101.40/index/index'
    'GATEWAY_INTERFACE' => 'CGI/1.1'
    'SERVER_PROTOCOL' => 'HTTP/1.1'
    'REQUEST_METHOD' => 'POST'
    'QUERY_STRING' => ''
    'REQUEST_URI' => '/index/index'
    'SCRIPT_NAME' => '/web/index.php'
    'PATH_INFO' => '/index/index'
    'PATH_TRANSLATED' => 'redirect:\\web\\index.php\\index\\index\\index'
    'PHP_SELF' => '/web/index.php/index/index'
    'REQUEST_TIME_FLOAT' => 1461638889.525
    'REQUEST_TIME' => 1461638889
]
2016-04-26 04:48:30 [192.168.101.70][-][-][info][application] [seller][api\controllers\MemberController][actionLogin][][0][success] time_used[2554]
    in E:\app.xiaomaijr.com\api\controllers\ApiBaseController.php:87
    in E:\app.xiaomaijr.com\api\controllers\MemberController.php:256
2016-04-26 04:48:26 [192.168.101.70][-][-][info][application] $_POST = [
    'app_ver' => '1.0.0'
    'api_ver' => '1'
    'app_name' => '小麦金融'
    'passwd' => '25d55ad283aa400af464c76d713c07ad'
    'sign' => 'df134ba2dfa90e6dcea94ae408b8fa90'
    'mobile_type' => 'android'
    'device_token' => '0'
    'channel' => '豌豆荚'
    'user_name' => '18511303640'
]

$_SERVER = [
    'REDIRECT_MIBDIRS' => 'D:/xampp/php/extras/mibs'
    'REDIRECT_MYSQL_HOME' => '\\xampp\\mysql\\bin'
    'REDIRECT_OPENSSL_CONF' => 'D:/xampp/apache/bin/openssl.cnf'
    'REDIRECT_PHP_PEAR_SYSCONF_DIR' => '\\xampp\\php'
    'REDIRECT_PHPRC' => '\\xampp\\php'
    'REDIRECT_TMP' => '\\xampp\\tmp'
    'REDIRECT_STATUS' => '200'
    'MIBDIRS' => 'D:/xampp/php/extras/mibs'
    'MYSQL_HOME' => '\\xampp\\mysql\\bin'
    'OPENSSL_CONF' => 'D:/xampp/apache/bin/openssl.cnf'
    'PHP_PEAR_SYSCONF_DIR' => '\\xampp\\php'
    'PHPRC' => '\\xampp\\php'
    'TMP' => '\\xampp\\tmp'
    'CONTENT_LENGTH' => '240'
    'CONTENT_TYPE' => 'application/x-www-form-urlencoded'
    'HTTP_HOST' => '192.168.101.40'
    'HTTP_CONNECTION' => 'Keep-Alive'
    'HTTP_ACCEPT_ENCODING' => 'gzip'
    'PATH' => 'C:\\Program Files (x86)\\Common Files\\NetSarang;C:\\WINDOWS\\system32;C:\\WINDOWS;C:\\WINDOWS\\System32\\Wbem;C:\\WINDOWS\\System32\\WindowsPowerShell\\v1.0\\;C:\\Program Files (x86)\\NVIDIA Corporation\\PhysX\\Common;D:\\TortoSvn\\bin;D:\\xampp\\php'
    'SystemRoot' => 'C:\\WINDOWS'
    'COMSPEC' => 'C:\\WINDOWS\\system32\\cmd.exe'
    'PATHEXT' => '.COM;.EXE;.BAT;.CMD;.VBS;.VBE;.JS;.JSE;.WSF;.WSH;.MSC'
    'WINDIR' => 'C:\\WINDOWS'
    'SERVER_SIGNATURE' => '<address>Apache/2.4.17 (Win32) OpenSSL/1.0.2d PHP/5.6.14 Server at 192.168.101.40 Port 80</address>
'
    'SERVER_SOFTWARE' => 'Apache/2.4.17 (Win32) OpenSSL/1.0.2d PHP/5.6.14'
    'SERVER_NAME' => '192.168.101.40'
    'SERVER_ADDR' => '192.168.101.40'
    'SERVER_PORT' => '80'
    'REMOTE_ADDR' => '192.168.101.70'
    'DOCUMENT_ROOT' => 'E:/app.xiaomaijr.com/api'
    'REQUEST_SCHEME' => 'http'
    'CONTEXT_PREFIX' => ''
    'CONTEXT_DOCUMENT_ROOT' => 'E:/app.xiaomaijr.com/api'
    'SERVER_ADMIN' => 'alpha@mail.zhima.com'
    'SCRIPT_FILENAME' => 'E:/app.xiaomaijr.com/api/web/index.php'
    'REMOTE_PORT' => '47732'
    'REDIRECT_URL' => 'http://192.168.101.40/member/login'
    'GATEWAY_INTERFACE' => 'CGI/1.1'
    'SERVER_PROTOCOL' => 'HTTP/1.1'
    'REQUEST_METHOD' => 'POST'
    'QUERY_STRING' => ''
    'REQUEST_URI' => '/member/login'
    'SCRIPT_NAME' => '/web/index.php'
    'PATH_INFO' => '/member/login'
    'PATH_TRANSLATED' => 'redirect:\\web\\index.php\\member\\login\\login'
    'PHP_SELF' => '/web/index.php/member/login'
    'REQUEST_TIME_FLOAT' => 1461638906.369
    'REQUEST_TIME' => 1461638906
]
2016-04-26 04:48:32 [192.168.101.70][-][-][info][application] [seller][api\controllers\IndexController][actionIndex][][0][success] time_used[1058]
    in E:\app.xiaomaijr.com\api\controllers\ApiBaseController.php:87
    in E:\app.xiaomaijr.com\api\controllers\IndexController.php:79
2016-04-26 04:48:30 [192.168.101.70][-][-][info][application] $_POST = [
    'app_ver' => '1.0.0'
    'api_ver' => '1'
    'access_token' => 'XCRl2TeC0ScEZLTiC8bv6xat3fbvazowd17pm2h4gQ9jcjUGrFGImxyIya3Rg8BY'
    'page_size' => '0'
    'app_name' => '小麦金融'
    'sign' => 'fa5a61abb9cc308bcfde3449c5ee356f'
    'p' => '1'
    'mobile_type' => 'android'
    'user_id' => '236764'
    'channel' => '豌豆荚'
]

$_SERVER = [
    'REDIRECT_MIBDIRS' => 'D:/xampp/php/extras/mibs'
    'REDIRECT_MYSQL_HOME' => '\\xampp\\mysql\\bin'
    'REDIRECT_OPENSSL_CONF' => 'D:/xampp/apache/bin/openssl.cnf'
    'REDIRECT_PHP_PEAR_SYSCONF_DIR' => '\\xampp\\php'
    'REDIRECT_PHPRC' => '\\xampp\\php'
    'REDIRECT_TMP' => '\\xampp\\tmp'
    'REDIRECT_STATUS' => '200'
    'MIBDIRS' => 'D:/xampp/php/extras/mibs'
    'MYSQL_HOME' => '\\xampp\\mysql\\bin'
    'OPENSSL_CONF' => 'D:/xampp/apache/bin/openssl.cnf'
    'PHP_PEAR_SYSCONF_DIR' => '\\xampp\\php'
    'PHPRC' => '\\xampp\\php'
    'TMP' => '\\xampp\\tmp'
    'CONTENT_LENGTH' => '272'
    'CONTENT_TYPE' => 'application/x-www-form-urlencoded'
    'HTTP_HOST' => '192.168.101.40'
    'HTTP_CONNECTION' => 'Keep-Alive'
    'HTTP_ACCEPT_ENCODING' => 'gzip'
    'PATH' => 'C:\\Program Files (x86)\\Common Files\\NetSarang;C:\\WINDOWS\\system32;C:\\WINDOWS;C:\\WINDOWS\\System32\\Wbem;C:\\WINDOWS\\System32\\WindowsPowerShell\\v1.0\\;C:\\Program Files (x86)\\NVIDIA Corporation\\PhysX\\Common;D:\\TortoSvn\\bin;D:\\xampp\\php'
    'SystemRoot' => 'C:\\WINDOWS'
    'COMSPEC' => 'C:\\WINDOWS\\system32\\cmd.exe'
    'PATHEXT' => '.COM;.EXE;.BAT;.CMD;.VBS;.VBE;.JS;.JSE;.WSF;.WSH;.MSC'
    'WINDIR' => 'C:\\WINDOWS'
    'SERVER_SIGNATURE' => '<address>Apache/2.4.17 (Win32) OpenSSL/1.0.2d PHP/5.6.14 Server at 192.168.101.40 Port 80</address>
'
    'SERVER_SOFTWARE' => 'Apache/2.4.17 (Win32) OpenSSL/1.0.2d PHP/5.6.14'
    'SERVER_NAME' => '192.168.101.40'
    'SERVER_ADDR' => '192.168.101.40'
    'SERVER_PORT' => '80'
    'REMOTE_ADDR' => '192.168.101.70'
    'DOCUMENT_ROOT' => 'E:/app.xiaomaijr.com/api'
    'REQUEST_SCHEME' => 'http'
    'CONTEXT_PREFIX' => ''
    'CONTEXT_DOCUMENT_ROOT' => 'E:/app.xiaomaijr.com/api'
    'SERVER_ADMIN' => 'alpha@mail.zhima.com'
    'SCRIPT_FILENAME' => 'E:/app.xiaomaijr.com/api/web/index.php'
    'REMOTE_PORT' => '47732'
    'REDIRECT_URL' => 'http://192.168.101.40/index/index'
    'GATEWAY_INTERFACE' => 'CGI/1.1'
    'SERVER_PROTOCOL' => 'HTTP/1.1'
    'REQUEST_METHOD' => 'POST'
    'QUERY_STRING' => ''
    'REQUEST_URI' => '/index/index'
    'SCRIPT_NAME' => '/web/index.php'
    'PATH_INFO' => '/index/index'
    'PATH_TRANSLATED' => 'redirect:\\web\\index.php\\index\\index\\index'
    'PHP_SELF' => '/web/index.php/index/index'
    'REQUEST_TIME_FLOAT' => 1461638910.394
    'REQUEST_TIME' => 1461638910
]
2016-04-26 04:48:38 [192.168.101.70][-][-][info][application] [seller][api\controllers\UserController][actionAccount][][0][success] time_used[1071]
    in E:\app.xiaomaijr.com\api\controllers\ApiBaseController.php:87
    in E:\app.xiaomaijr.com\api\controllers\UserController.php:281
2016-04-26 04:48:36 [192.168.101.70][-][-][info][application] $_POST = [
    'app_ver' => '1.0.0'
    'api_ver' => '1'
    'access_token' => 'XCRl2TeC0ScEZLTiC8bv6xat3fbvazowd17pm2h4gQ9jcjUGrFGImxyIya3Rg8BY'
    'app_name' => '小麦金融'
    'sign' => 'cc9abc424cf296ca4edc97009e2640b5'
    'mobile_type' => 'android'
    'user_id' => '236764'
    'channel' => '豌豆荚'
]

$_SERVER = [
    'REDIRECT_MIBDIRS' => 'D:/xampp/php/extras/mibs'
    'REDIRECT_MYSQL_HOME' => '\\xampp\\mysql\\bin'
    'REDIRECT_OPENSSL_CONF' => 'D:/xampp/apache/bin/openssl.cnf'
    'REDIRECT_PHP_PEAR_SYSCONF_DIR' => '\\xampp\\php'
    'REDIRECT_PHPRC' => '\\xampp\\php'
    'REDIRECT_TMP' => '\\xampp\\tmp'
    'REDIRECT_STATUS' => '200'
    'MIBDIRS' => 'D:/xampp/php/extras/mibs'
    'MYSQL_HOME' => '\\xampp\\mysql\\bin'
    'OPENSSL_CONF' => 'D:/xampp/apache/bin/openssl.cnf'
    'PHP_PEAR_SYSCONF_DIR' => '\\xampp\\php'
    'PHPRC' => '\\xampp\\php'
    'TMP' => '\\xampp\\tmp'
    'CONTENT_LENGTH' => '256'
    'CONTENT_TYPE' => 'application/x-www-form-urlencoded'
    'HTTP_HOST' => '192.168.101.40'
    'HTTP_CONNECTION' => 'Keep-Alive'
    'HTTP_ACCEPT_ENCODING' => 'gzip'
    'PATH' => 'C:\\Program Files (x86)\\Common Files\\NetSarang;C:\\WINDOWS\\system32;C:\\WINDOWS;C:\\WINDOWS\\System32\\Wbem;C:\\WINDOWS\\System32\\WindowsPowerShell\\v1.0\\;C:\\Program Files (x86)\\NVIDIA Corporation\\PhysX\\Common;D:\\TortoSvn\\bin;D:\\xampp\\php'
    'SystemRoot' => 'C:\\WINDOWS'
    'COMSPEC' => 'C:\\WINDOWS\\system32\\cmd.exe'
    'PATHEXT' => '.COM;.EXE;.BAT;.CMD;.VBS;.VBE;.JS;.JSE;.WSF;.WSH;.MSC'
    'WINDIR' => 'C:\\WINDOWS'
    'SERVER_SIGNATURE' => '<address>Apache/2.4.17 (Win32) OpenSSL/1.0.2d PHP/5.6.14 Server at 192.168.101.40 Port 80</address>
'
    'SERVER_SOFTWARE' => 'Apache/2.4.17 (Win32) OpenSSL/1.0.2d PHP/5.6.14'
    'SERVER_NAME' => '192.168.101.40'
    'SERVER_ADDR' => '192.168.101.40'
    'SERVER_PORT' => '80'
    'REMOTE_ADDR' => '192.168.101.70'
    'DOCUMENT_ROOT' => 'E:/app.xiaomaijr.com/api'
    'REQUEST_SCHEME' => 'http'
    'CONTEXT_PREFIX' => ''
    'CONTEXT_DOCUMENT_ROOT' => 'E:/app.xiaomaijr.com/api'
    'SERVER_ADMIN' => 'alpha@mail.zhima.com'
    'SCRIPT_FILENAME' => 'E:/app.xiaomaijr.com/api/web/index.php'
    'REMOTE_PORT' => '47732'
    'REDIRECT_URL' => 'http://192.168.101.40/user/account'
    'GATEWAY_INTERFACE' => 'CGI/1.1'
    'SERVER_PROTOCOL' => 'HTTP/1.1'
    'REQUEST_METHOD' => 'POST'
    'QUERY_STRING' => ''
    'REQUEST_URI' => '/user/account'
    'SCRIPT_NAME' => '/web/index.php'
    'PATH_INFO' => '/user/account'
    'PATH_TRANSLATED' => 'redirect:\\web\\index.php\\user\\account\\account'
    'PHP_SELF' => '/web/index.php/user/account'
    'REQUEST_TIME_FLOAT' => 1461638916.327
    'REQUEST_TIME' => 1461638916
]
2016-04-26 04:58:59 [192.168.101.70][-][-][info][application] [seller][api\controllers\IndexController][actionIndex][][0][success] time_used[1097]
    in E:\app.xiaomaijr.com\api\controllers\ApiBaseController.php:87
    in E:\app.xiaomaijr.com\api\controllers\IndexController.php:79
2016-04-26 04:58:56 [192.168.101.70][-][-][info][application] $_POST = [
    'app_ver' => '1.0.0'
    'api_ver' => '1'
    'access_token' => 'XCRl2TeC0ScEZLTiC8bv6xat3fbvazowd17pm2h4gQ9jcjUGrFGImxyIya3Rg8BY'
    'page_size' => '0'
    'app_name' => '小麦金融'
    'sign' => 'fa5a61abb9cc308bcfde3449c5ee356f'
    'p' => '1'
    'mobile_type' => 'android'
    'user_id' => '236764'
    'channel' => '豌豆荚'
]

$_SERVER = [
    'REDIRECT_MIBDIRS' => 'D:/xampp/php/extras/mibs'
    'REDIRECT_MYSQL_HOME' => '\\xampp\\mysql\\bin'
    'REDIRECT_OPENSSL_CONF' => 'D:/xampp/apache/bin/openssl.cnf'
    'REDIRECT_PHP_PEAR_SYSCONF_DIR' => '\\xampp\\php'
    'REDIRECT_PHPRC' => '\\xampp\\php'
    'REDIRECT_TMP' => '\\xampp\\tmp'
    'REDIRECT_STATUS' => '200'
    'MIBDIRS' => 'D:/xampp/php/extras/mibs'
    'MYSQL_HOME' => '\\xampp\\mysql\\bin'
    'OPENSSL_CONF' => 'D:/xampp/apache/bin/openssl.cnf'
    'PHP_PEAR_SYSCONF_DIR' => '\\xampp\\php'
    'PHPRC' => '\\xampp\\php'
    'TMP' => '\\xampp\\tmp'
    'CONTENT_LENGTH' => '272'
    'CONTENT_TYPE' => 'application/x-www-form-urlencoded'
    'HTTP_HOST' => '192.168.101.40'
    'HTTP_CONNECTION' => 'Keep-Alive'
    'HTTP_ACCEPT_ENCODING' => 'gzip'
    'PATH' => 'C:\\Program Files (x86)\\Common Files\\NetSarang;C:\\WINDOWS\\system32;C:\\WINDOWS;C:\\WINDOWS\\System32\\Wbem;C:\\WINDOWS\\System32\\WindowsPowerShell\\v1.0\\;C:\\Program Files (x86)\\NVIDIA Corporation\\PhysX\\Common;D:\\TortoSvn\\bin;D:\\xampp\\php'
    'SystemRoot' => 'C:\\WINDOWS'
    'COMSPEC' => 'C:\\WINDOWS\\system32\\cmd.exe'
    'PATHEXT' => '.COM;.EXE;.BAT;.CMD;.VBS;.VBE;.JS;.JSE;.WSF;.WSH;.MSC'
    'WINDIR' => 'C:\\WINDOWS'
    'SERVER_SIGNATURE' => '<address>Apache/2.4.17 (Win32) OpenSSL/1.0.2d PHP/5.6.14 Server at 192.168.101.40 Port 80</address>
'
    'SERVER_SOFTWARE' => 'Apache/2.4.17 (Win32) OpenSSL/1.0.2d PHP/5.6.14'
    'SERVER_NAME' => '192.168.101.40'
    'SERVER_ADDR' => '192.168.101.40'
    'SERVER_PORT' => '80'
    'REMOTE_ADDR' => '192.168.101.70'
    'DOCUMENT_ROOT' => 'E:/app.xiaomaijr.com/api'
    'REQUEST_SCHEME' => 'http'
    'CONTEXT_PREFIX' => ''
    'CONTEXT_DOCUMENT_ROOT' => 'E:/app.xiaomaijr.com/api'
    'SERVER_ADMIN' => 'alpha@mail.zhima.com'
    'SCRIPT_FILENAME' => 'E:/app.xiaomaijr.com/api/web/index.php'
    'REMOTE_PORT' => '47769'
    'REDIRECT_URL' => 'http://192.168.101.40/index/index'
    'GATEWAY_INTERFACE' => 'CGI/1.1'
    'SERVER_PROTOCOL' => 'HTTP/1.1'
    'REQUEST_METHOD' => 'POST'
    'QUERY_STRING' => ''
    'REQUEST_URI' => '/index/index'
    'SCRIPT_NAME' => '/web/index.php'
    'PATH_INFO' => '/index/index'
    'PATH_TRANSLATED' => 'redirect:\\web\\index.php\\index\\index\\index'
    'PHP_SELF' => '/web/index.php/index/index'
    'REQUEST_TIME_FLOAT' => 1461639536.931
    'REQUEST_TIME' => 1461639536
]
2016-04-26 05:00:00 [192.168.101.70][-][-][info][application] [seller][api\controllers\UserController][actionAccount][][0][success] time_used[1057]
    in E:\app.xiaomaijr.com\api\controllers\ApiBaseController.php:87
    in E:\app.xiaomaijr.com\api\controllers\UserController.php:281
2016-04-26 04:59:58 [192.168.101.70][-][-][info][application] $_POST = [
    'app_ver' => '1.0.0'
    'api_ver' => '1'
    'access_token' => 'XCRl2TeC0ScEZLTiC8bv6xat3fbvazowd17pm2h4gQ9jcjUGrFGImxyIya3Rg8BY'
    'app_name' => '小麦金融'
    'sign' => 'cc9abc424cf296ca4edc97009e2640b5'
    'mobile_type' => 'android'
    'user_id' => '236764'
    'channel' => '豌豆荚'
]

$_SERVER = [
    'REDIRECT_MIBDIRS' => 'D:/xampp/php/extras/mibs'
    'REDIRECT_MYSQL_HOME' => '\\xampp\\mysql\\bin'
    'REDIRECT_OPENSSL_CONF' => 'D:/xampp/apache/bin/openssl.cnf'
    'REDIRECT_PHP_PEAR_SYSCONF_DIR' => '\\xampp\\php'
    'REDIRECT_PHPRC' => '\\xampp\\php'
    'REDIRECT_TMP' => '\\xampp\\tmp'
    'REDIRECT_STATUS' => '200'
    'MIBDIRS' => 'D:/xampp/php/extras/mibs'
    'MYSQL_HOME' => '\\xampp\\mysql\\bin'
    'OPENSSL_CONF' => 'D:/xampp/apache/bin/openssl.cnf'
    'PHP_PEAR_SYSCONF_DIR' => '\\xampp\\php'
    'PHPRC' => '\\xampp\\php'
    'TMP' => '\\xampp\\tmp'
    'CONTENT_LENGTH' => '256'
    'CONTENT_TYPE' => 'application/x-www-form-urlencoded'
    'HTTP_HOST' => '192.168.101.40'
    'HTTP_CONNECTION' => 'Keep-Alive'
    'HTTP_ACCEPT_ENCODING' => 'gzip'
    'PATH' => 'C:\\Program Files (x86)\\Common Files\\NetSarang;C:\\WINDOWS\\system32;C:\\WINDOWS;C:\\WINDOWS\\System32\\Wbem;C:\\WINDOWS\\System32\\WindowsPowerShell\\v1.0\\;C:\\Program Files (x86)\\NVIDIA Corporation\\PhysX\\Common;D:\\TortoSvn\\bin;D:\\xampp\\php'
    'SystemRoot' => 'C:\\WINDOWS'
    'COMSPEC' => 'C:\\WINDOWS\\system32\\cmd.exe'
    'PATHEXT' => '.COM;.EXE;.BAT;.CMD;.VBS;.VBE;.JS;.JSE;.WSF;.WSH;.MSC'
    'WINDIR' => 'C:\\WINDOWS'
    'SERVER_SIGNATURE' => '<address>Apache/2.4.17 (Win32) OpenSSL/1.0.2d PHP/5.6.14 Server at 192.168.101.40 Port 80</address>
'
    'SERVER_SOFTWARE' => 'Apache/2.4.17 (Win32) OpenSSL/1.0.2d PHP/5.6.14'
    'SERVER_NAME' => '192.168.101.40'
    'SERVER_ADDR' => '192.168.101.40'
    'SERVER_PORT' => '80'
    'REMOTE_ADDR' => '192.168.101.70'
    'DOCUMENT_ROOT' => 'E:/app.xiaomaijr.com/api'
    'REQUEST_SCHEME' => 'http'
    'CONTEXT_PREFIX' => ''
    'CONTEXT_DOCUMENT_ROOT' => 'E:/app.xiaomaijr.com/api'
    'SERVER_ADMIN' => 'alpha@mail.zhima.com'
    'SCRIPT_FILENAME' => 'E:/app.xiaomaijr.com/api/web/index.php'
    'REMOTE_PORT' => '47778'
    'REDIRECT_URL' => 'http://192.168.101.40/user/account'
    'GATEWAY_INTERFACE' => 'CGI/1.1'
    'SERVER_PROTOCOL' => 'HTTP/1.1'
    'REQUEST_METHOD' => 'POST'
    'QUERY_STRING' => ''
    'REQUEST_URI' => '/user/account'
    'SCRIPT_NAME' => '/web/index.php'
    'PATH_INFO' => '/user/account'
    'PATH_TRANSLATED' => 'redirect:\\web\\index.php\\user\\account\\account'
    'PHP_SELF' => '/web/index.php/user/account'
    'REQUEST_TIME_FLOAT' => 1461639598.192
    'REQUEST_TIME' => 1461639598
]
2016-04-26 05:00:13 [192.168.101.70][-][-][info][application] [seller][api\controllers\UserController][actionAuth][][0][success] time_used[1138]
    in E:\app.xiaomaijr.com\api\controllers\ApiBaseController.php:87
    in E:\app.xiaomaijr.com\api\controllers\UserController.php:385
2016-04-26 05:00:10 [192.168.101.70][-][-][info][application] $_POST = [
    'app_ver' => '1.0.0'
    'api_ver' => '1'
    'access_token' => 'XCRl2TeC0ScEZLTiC8bv6xat3fbvazowd17pm2h4gQ9jcjUGrFGImxyIya3Rg8BY'
    'app_name' => '小麦金融'
    'sign' => 'cc9abc424cf296ca4edc97009e2640b5'
    'mobile_type' => 'android'
    'user_id' => '236764'
    'channel' => '豌豆荚'
]

$_SERVER = [
    'REDIRECT_MIBDIRS' => 'D:/xampp/php/extras/mibs'
    'REDIRECT_MYSQL_HOME' => '\\xampp\\mysql\\bin'
    'REDIRECT_OPENSSL_CONF' => 'D:/xampp/apache/bin/openssl.cnf'
    'REDIRECT_PHP_PEAR_SYSCONF_DIR' => '\\xampp\\php'
    'REDIRECT_PHPRC' => '\\xampp\\php'
    'REDIRECT_TMP' => '\\xampp\\tmp'
    'REDIRECT_STATUS' => '200'
    'MIBDIRS' => 'D:/xampp/php/extras/mibs'
    'MYSQL_HOME' => '\\xampp\\mysql\\bin'
    'OPENSSL_CONF' => 'D:/xampp/apache/bin/openssl.cnf'
    'PHP_PEAR_SYSCONF_DIR' => '\\xampp\\php'
    'PHPRC' => '\\xampp\\php'
    'TMP' => '\\xampp\\tmp'
    'CONTENT_LENGTH' => '256'
    'CONTENT_TYPE' => 'application/x-www-form-urlencoded'
    'HTTP_HOST' => '192.168.101.40'
    'HTTP_CONNECTION' => 'Keep-Alive'
    'HTTP_ACCEPT_ENCODING' => 'gzip'
    'PATH' => 'C:\\Program Files (x86)\\Common Files\\NetSarang;C:\\WINDOWS\\system32;C:\\WINDOWS;C:\\WINDOWS\\System32\\Wbem;C:\\WINDOWS\\System32\\WindowsPowerShell\\v1.0\\;C:\\Program Files (x86)\\NVIDIA Corporation\\PhysX\\Common;D:\\TortoSvn\\bin;D:\\xampp\\php'
    'SystemRoot' => 'C:\\WINDOWS'
    'COMSPEC' => 'C:\\WINDOWS\\system32\\cmd.exe'
    'PATHEXT' => '.COM;.EXE;.BAT;.CMD;.VBS;.VBE;.JS;.JSE;.WSF;.WSH;.MSC'
    'WINDIR' => 'C:\\WINDOWS'
    'SERVER_SIGNATURE' => '<address>Apache/2.4.17 (Win32) OpenSSL/1.0.2d PHP/5.6.14 Server at 192.168.101.40 Port 80</address>
'
    'SERVER_SOFTWARE' => 'Apache/2.4.17 (Win32) OpenSSL/1.0.2d PHP/5.6.14'
    'SERVER_NAME' => '192.168.101.40'
    'SERVER_ADDR' => '192.168.101.40'
    'SERVER_PORT' => '80'
    'REMOTE_ADDR' => '192.168.101.70'
    'DOCUMENT_ROOT' => 'E:/app.xiaomaijr.com/api'
    'REQUEST_SCHEME' => 'http'
    'CONTEXT_PREFIX' => ''
    'CONTEXT_DOCUMENT_ROOT' => 'E:/app.xiaomaijr.com/api'
    'SERVER_ADMIN' => 'alpha@mail.zhima.com'
    'SCRIPT_FILENAME' => 'E:/app.xiaomaijr.com/api/web/index.php'
    'REMOTE_PORT' => '47780'
    'REDIRECT_URL' => 'http://192.168.101.40/user/auth'
    'GATEWAY_INTERFACE' => 'CGI/1.1'
    'SERVER_PROTOCOL' => 'HTTP/1.1'
    'REQUEST_METHOD' => 'POST'
    'QUERY_STRING' => ''
    'REQUEST_URI' => '/user/auth'
    'SCRIPT_NAME' => '/web/index.php'
    'PATH_INFO' => '/user/auth'
    'PATH_TRANSLATED' => 'redirect:\\web\\index.php\\user\\auth\\auth'
    'PHP_SELF' => '/web/index.php/user/auth'
    'REQUEST_TIME_FLOAT' => 1461639610.911
    'REQUEST_TIME' => 1461639610
]
2016-04-26 05:05:25 [192.168.101.70][-][-][info][application] [seller][api\controllers\IndexController][actionIndex][][0][success] time_used[1109]
    in E:\app.xiaomaijr.com\api\controllers\ApiBaseController.php:87
    in E:\app.xiaomaijr.com\api\controllers\IndexController.php:79
2016-04-26 05:05:23 [192.168.101.70][-][-][info][application] $_POST = [
    'app_ver' => '1.0.0'
    'api_ver' => '1'
    'access_token' => 'XCRl2TeC0ScEZLTiC8bv6xat3fbvazowd17pm2h4gQ9jcjUGrFGImxyIya3Rg8BY'
    'page_size' => '0'
    'app_name' => '小麦金融'
    'sign' => 'fa5a61abb9cc308bcfde3449c5ee356f'
    'p' => '1'
    'mobile_type' => 'android'
    'user_id' => '236764'
    'channel' => '豌豆荚'
]

$_SERVER = [
    'REDIRECT_MIBDIRS' => 'D:/xampp/php/extras/mibs'
    'REDIRECT_MYSQL_HOME' => '\\xampp\\mysql\\bin'
    'REDIRECT_OPENSSL_CONF' => 'D:/xampp/apache/bin/openssl.cnf'
    'REDIRECT_PHP_PEAR_SYSCONF_DIR' => '\\xampp\\php'
    'REDIRECT_PHPRC' => '\\xampp\\php'
    'REDIRECT_TMP' => '\\xampp\\tmp'
    'REDIRECT_STATUS' => '200'
    'MIBDIRS' => 'D:/xampp/php/extras/mibs'
    'MYSQL_HOME' => '\\xampp\\mysql\\bin'
    'OPENSSL_CONF' => 'D:/xampp/apache/bin/openssl.cnf'
    'PHP_PEAR_SYSCONF_DIR' => '\\xampp\\php'
    'PHPRC' => '\\xampp\\php'
    'TMP' => '\\xampp\\tmp'
    'CONTENT_LENGTH' => '272'
    'CONTENT_TYPE' => 'application/x-www-form-urlencoded'
    'HTTP_HOST' => '192.168.101.40'
    'HTTP_CONNECTION' => 'Keep-Alive'
    'HTTP_ACCEPT_ENCODING' => 'gzip'
    'PATH' => 'C:\\Program Files (x86)\\Common Files\\NetSarang;C:\\WINDOWS\\system32;C:\\WINDOWS;C:\\WINDOWS\\System32\\Wbem;C:\\WINDOWS\\System32\\WindowsPowerShell\\v1.0\\;C:\\Program Files (x86)\\NVIDIA Corporation\\PhysX\\Common;D:\\TortoSvn\\bin;D:\\xampp\\php'
    'SystemRoot' => 'C:\\WINDOWS'
    'COMSPEC' => 'C:\\WINDOWS\\system32\\cmd.exe'
    'PATHEXT' => '.COM;.EXE;.BAT;.CMD;.VBS;.VBE;.JS;.JSE;.WSF;.WSH;.MSC'
    'WINDIR' => 'C:\\WINDOWS'
    'SERVER_SIGNATURE' => '<address>Apache/2.4.17 (Win32) OpenSSL/1.0.2d PHP/5.6.14 Server at 192.168.101.40 Port 80</address>
'
    'SERVER_SOFTWARE' => 'Apache/2.4.17 (Win32) OpenSSL/1.0.2d PHP/5.6.14'
    'SERVER_NAME' => '192.168.101.40'
    'SERVER_ADDR' => '192.168.101.40'
    'SERVER_PORT' => '80'
    'REMOTE_ADDR' => '192.168.101.70'
    'DOCUMENT_ROOT' => 'E:/app.xiaomaijr.com/api'
    'REQUEST_SCHEME' => 'http'
    'CONTEXT_PREFIX' => ''
    'CONTEXT_DOCUMENT_ROOT' => 'E:/app.xiaomaijr.com/api'
    'SERVER_ADMIN' => 'alpha@mail.zhima.com'
    'SCRIPT_FILENAME' => 'E:/app.xiaomaijr.com/api/web/index.php'
    'REMOTE_PORT' => '47794'
    'REDIRECT_URL' => 'http://192.168.101.40/index/index'
    'GATEWAY_INTERFACE' => 'CGI/1.1'
    'SERVER_PROTOCOL' => 'HTTP/1.1'
    'REQUEST_METHOD' => 'POST'
    'QUERY_STRING' => ''
    'REQUEST_URI' => '/index/index'
    'SCRIPT_NAME' => '/web/index.php'
    'PATH_INFO' => '/index/index'
    'PATH_TRANSLATED' => 'redirect:\\web\\index.php\\index\\index\\index'
    'PHP_SELF' => '/web/index.php/index/index'
    'REQUEST_TIME_FLOAT' => 1461639923.618
    'REQUEST_TIME' => 1461639923
]
2016-04-26 05:05:30 [192.168.101.70][-][-][info][application] [seller][api\controllers\UserController][actionAccount][][0][success] time_used[1040]
    in E:\app.xiaomaijr.com\api\controllers\ApiBaseController.php:87
    in E:\app.xiaomaijr.com\api\controllers\UserController.php:281
2016-04-26 05:05:27 [192.168.101.70][-][-][info][application] $_POST = [
    'app_ver' => '1.0.0'
    'api_ver' => '1'
    'access_token' => 'XCRl2TeC0ScEZLTiC8bv6xat3fbvazowd17pm2h4gQ9jcjUGrFGImxyIya3Rg8BY'
    'app_name' => '小麦金融'
    'sign' => 'cc9abc424cf296ca4edc97009e2640b5'
    'mobile_type' => 'android'
    'user_id' => '236764'
    'channel' => '豌豆荚'
]

$_SERVER = [
    'REDIRECT_MIBDIRS' => 'D:/xampp/php/extras/mibs'
    'REDIRECT_MYSQL_HOME' => '\\xampp\\mysql\\bin'
    'REDIRECT_OPENSSL_CONF' => 'D:/xampp/apache/bin/openssl.cnf'
    'REDIRECT_PHP_PEAR_SYSCONF_DIR' => '\\xampp\\php'
    'REDIRECT_PHPRC' => '\\xampp\\php'
    'REDIRECT_TMP' => '\\xampp\\tmp'
    'REDIRECT_STATUS' => '200'
    'MIBDIRS' => 'D:/xampp/php/extras/mibs'
    'MYSQL_HOME' => '\\xampp\\mysql\\bin'
    'OPENSSL_CONF' => 'D:/xampp/apache/bin/openssl.cnf'
    'PHP_PEAR_SYSCONF_DIR' => '\\xampp\\php'
    'PHPRC' => '\\xampp\\php'
    'TMP' => '\\xampp\\tmp'
    'CONTENT_LENGTH' => '256'
    'CONTENT_TYPE' => 'application/x-www-form-urlencoded'
    'HTTP_HOST' => '192.168.101.40'
    'HTTP_CONNECTION' => 'Keep-Alive'
    'HTTP_ACCEPT_ENCODING' => 'gzip'
    'PATH' => 'C:\\Program Files (x86)\\Common Files\\NetSarang;C:\\WINDOWS\\system32;C:\\WINDOWS;C:\\WINDOWS\\System32\\Wbem;C:\\WINDOWS\\System32\\WindowsPowerShell\\v1.0\\;C:\\Program Files (x86)\\NVIDIA Corporation\\PhysX\\Common;D:\\TortoSvn\\bin;D:\\xampp\\php'
    'SystemRoot' => 'C:\\WINDOWS'
    'COMSPEC' => 'C:\\WINDOWS\\system32\\cmd.exe'
    'PATHEXT' => '.COM;.EXE;.BAT;.CMD;.VBS;.VBE;.JS;.JSE;.WSF;.WSH;.MSC'
    'WINDIR' => 'C:\\WINDOWS'
    'SERVER_SIGNATURE' => '<address>Apache/2.4.17 (Win32) OpenSSL/1.0.2d PHP/5.6.14 Server at 192.168.101.40 Port 80</address>
'
    'SERVER_SOFTWARE' => 'Apache/2.4.17 (Win32) OpenSSL/1.0.2d PHP/5.6.14'
    'SERVER_NAME' => '192.168.101.40'
    'SERVER_ADDR' => '192.168.101.40'
    'SERVER_PORT' => '80'
    'REMOTE_ADDR' => '192.168.101.70'
    'DOCUMENT_ROOT' => 'E:/app.xiaomaijr.com/api'
    'REQUEST_SCHEME' => 'http'
    'CONTEXT_PREFIX' => ''
    'CONTEXT_DOCUMENT_ROOT' => 'E:/app.xiaomaijr.com/api'
    'SERVER_ADMIN' => 'alpha@mail.zhima.com'
    'SCRIPT_FILENAME' => 'E:/app.xiaomaijr.com/api/web/index.php'
    'REMOTE_PORT' => '47794'
    'REDIRECT_URL' => 'http://192.168.101.40/user/account'
    'GATEWAY_INTERFACE' => 'CGI/1.1'
    'SERVER_PROTOCOL' => 'HTTP/1.1'
    'REQUEST_METHOD' => 'POST'
    'QUERY_STRING' => ''
    'REQUEST_URI' => '/user/account'
    'SCRIPT_NAME' => '/web/index.php'
    'PATH_INFO' => '/user/account'
    'PATH_TRANSLATED' => 'redirect:\\web\\index.php\\user\\account\\account'
    'PHP_SELF' => '/web/index.php/user/account'
    'REQUEST_TIME_FLOAT' => 1461639927.93
    'REQUEST_TIME' => 1461639927
]
2016-04-26 05:05:33 [192.168.101.70][-][-][info][application] [seller][api\controllers\UserController][actionAuth][][0][success] time_used[1023]
    in E:\app.xiaomaijr.com\api\controllers\ApiBaseController.php:87
    in E:\app.xiaomaijr.com\api\controllers\UserController.php:385
2016-04-26 05:05:31 [192.168.101.70][-][-][info][application] $_POST = [
    'app_ver' => '1.0.0'
    'api_ver' => '1'
    'access_token' => 'XCRl2TeC0ScEZLTiC8bv6xat3fbvazowd17pm2h4gQ9jcjUGrFGImxyIya3Rg8BY'
    'app_name' => '小麦金融'
    'sign' => 'cc9abc424cf296ca4edc97009e2640b5'
    'mobile_type' => 'android'
    'user_id' => '236764'
    'channel' => '豌豆荚'
]

$_SERVER = [
    'REDIRECT_MIBDIRS' => 'D:/xampp/php/extras/mibs'
    'REDIRECT_MYSQL_HOME' => '\\xampp\\mysql\\bin'
    'REDIRECT_OPENSSL_CONF' => 'D:/xampp/apache/bin/openssl.cnf'
    'REDIRECT_PHP_PEAR_SYSCONF_DIR' => '\\xampp\\php'
    'REDIRECT_PHPRC' => '\\xampp\\php'
    'REDIRECT_TMP' => '\\xampp\\tmp'
    'REDIRECT_STATUS' => '200'
    'MIBDIRS' => 'D:/xampp/php/extras/mibs'
    'MYSQL_HOME' => '\\xampp\\mysql\\bin'
    'OPENSSL_CONF' => 'D:/xampp/apache/bin/openssl.cnf'
    'PHP_PEAR_SYSCONF_DIR' => '\\xampp\\php'
    'PHPRC' => '\\xampp\\php'
    'TMP' => '\\xampp\\tmp'
    'CONTENT_LENGTH' => '256'
    'CONTENT_TYPE' => 'application/x-www-form-urlencoded'
    'HTTP_HOST' => '192.168.101.40'
    'HTTP_CONNECTION' => 'Keep-Alive'
    'HTTP_ACCEPT_ENCODING' => 'gzip'
    'PATH' => 'C:\\Program Files (x86)\\Common Files\\NetSarang;C:\\WINDOWS\\system32;C:\\WINDOWS;C:\\WINDOWS\\System32\\Wbem;C:\\WINDOWS\\System32\\WindowsPowerShell\\v1.0\\;C:\\Program Files (x86)\\NVIDIA Corporation\\PhysX\\Common;D:\\TortoSvn\\bin;D:\\xampp\\php'
    'SystemRoot' => 'C:\\WINDOWS'
    'COMSPEC' => 'C:\\WINDOWS\\system32\\cmd.exe'
    'PATHEXT' => '.COM;.EXE;.BAT;.CMD;.VBS;.VBE;.JS;.JSE;.WSF;.WSH;.MSC'
    'WINDIR' => 'C:\\WINDOWS'
    'SERVER_SIGNATURE' => '<address>Apache/2.4.17 (Win32) OpenSSL/1.0.2d PHP/5.6.14 Server at 192.168.101.40 Port 80</address>
'
    'SERVER_SOFTWARE' => 'Apache/2.4.17 (Win32) OpenSSL/1.0.2d PHP/5.6.14'
    'SERVER_NAME' => '192.168.101.40'
    'SERVER_ADDR' => '192.168.101.40'
    'SERVER_PORT' => '80'
    'REMOTE_ADDR' => '192.168.101.70'
    'DOCUMENT_ROOT' => 'E:/app.xiaomaijr.com/api'
    'REQUEST_SCHEME' => 'http'
    'CONTEXT_PREFIX' => ''
    'CONTEXT_DOCUMENT_ROOT' => 'E:/app.xiaomaijr.com/api'
    'SERVER_ADMIN' => 'alpha@mail.zhima.com'
    'SCRIPT_FILENAME' => 'E:/app.xiaomaijr.com/api/web/index.php'
    'REMOTE_PORT' => '47794'
    'REDIRECT_URL' => 'http://192.168.101.40/user/auth'
    'GATEWAY_INTERFACE' => 'CGI/1.1'
    'SERVER_PROTOCOL' => 'HTTP/1.1'
    'REQUEST_METHOD' => 'POST'
    'QUERY_STRING' => ''
    'REQUEST_URI' => '/user/auth'
    'SCRIPT_NAME' => '/web/index.php'
    'PATH_INFO' => '/user/auth'
    'PATH_TRANSLATED' => 'redirect:\\web\\index.php\\user\\auth\\auth'
    'PHP_SELF' => '/web/index.php/user/auth'
    'REQUEST_TIME_FLOAT' => 1461639931.158
    'REQUEST_TIME' => 1461639931
]
2016-04-26 05:48:45 [192.168.101.70][-][-][info][application] [seller][api\controllers\EscrowController][actionRecharge][][0][success] time_used[1930]
    in E:\app.xiaomaijr.com\api\controllers\ApiBaseController.php:87
    in E:\app.xiaomaijr.com\api\controllers\EscrowController.php:123
2016-04-26 05:48:42 [192.168.101.70][-][-][info][application] $_POST = [
    'app_ver' => '1.0.0'
    'api_ver' => '1'
    'access_token' => 'XCRl2TeC0ScEZLTiC8bv6xat3fbvazowd17pm2h4gQ9jcjUGrFGImxyIya3Rg8BY'
    'app_name' => '小麦金融'
    'sign' => '950c93657e696854ddd3ca8d7501f539'
    'mobile_type' => 'android'
    'user_id' => '236764'
    'channel' => '豌豆荚'
    'money' => '100'
]

$_SERVER = [
    'REDIRECT_MIBDIRS' => 'D:/xampp/php/extras/mibs'
    'REDIRECT_MYSQL_HOME' => '\\xampp\\mysql\\bin'
    'REDIRECT_OPENSSL_CONF' => 'D:/xampp/apache/bin/openssl.cnf'
    'REDIRECT_PHP_PEAR_SYSCONF_DIR' => '\\xampp\\php'
    'REDIRECT_PHPRC' => '\\xampp\\php'
    'REDIRECT_TMP' => '\\xampp\\tmp'
    'REDIRECT_STATUS' => '200'
    'MIBDIRS' => 'D:/xampp/php/extras/mibs'
    'MYSQL_HOME' => '\\xampp\\mysql\\bin'
    'OPENSSL_CONF' => 'D:/xampp/apache/bin/openssl.cnf'
    'PHP_PEAR_SYSCONF_DIR' => '\\xampp\\php'
    'PHPRC' => '\\xampp\\php'
    'TMP' => '\\xampp\\tmp'
    'CONTENT_LENGTH' => '266'
    'CONTENT_TYPE' => 'application/x-www-form-urlencoded'
    'HTTP_HOST' => '192.168.101.40'
    'HTTP_CONNECTION' => 'Keep-Alive'
    'HTTP_ACCEPT_ENCODING' => 'gzip'
    'PATH' => 'C:\\Program Files (x86)\\Common Files\\NetSarang;C:\\WINDOWS\\system32;C:\\WINDOWS;C:\\WINDOWS\\System32\\Wbem;C:\\WINDOWS\\System32\\WindowsPowerShell\\v1.0\\;C:\\Program Files (x86)\\NVIDIA Corporation\\PhysX\\Common;D:\\TortoSvn\\bin;D:\\xampp\\php'
    'SystemRoot' => 'C:\\WINDOWS'
    'COMSPEC' => 'C:\\WINDOWS\\system32\\cmd.exe'
    'PATHEXT' => '.COM;.EXE;.BAT;.CMD;.VBS;.VBE;.JS;.JSE;.WSF;.WSH;.MSC'
    'WINDIR' => 'C:\\WINDOWS'
    'SERVER_SIGNATURE' => '<address>Apache/2.4.17 (Win32) OpenSSL/1.0.2d PHP/5.6.14 Server at 192.168.101.40 Port 80</address>
'
    'SERVER_SOFTWARE' => 'Apache/2.4.17 (Win32) OpenSSL/1.0.2d PHP/5.6.14'
    'SERVER_NAME' => '192.168.101.40'
    'SERVER_ADDR' => '192.168.101.40'
    'SERVER_PORT' => '80'
    'REMOTE_ADDR' => '192.168.101.70'
    'DOCUMENT_ROOT' => 'E:/app.xiaomaijr.com/api'
    'REQUEST_SCHEME' => 'http'
    'CONTEXT_PREFIX' => ''
    'CONTEXT_DOCUMENT_ROOT' => 'E:/app.xiaomaijr.com/api'
    'SERVER_ADMIN' => 'alpha@mail.zhima.com'
    'SCRIPT_FILENAME' => 'E:/app.xiaomaijr.com/api/web/index.php'
    'REMOTE_PORT' => '47922'
    'REDIRECT_URL' => 'http://192.168.101.40/escrow/recharge'
    'GATEWAY_INTERFACE' => 'CGI/1.1'
    'SERVER_PROTOCOL' => 'HTTP/1.1'
    'REQUEST_METHOD' => 'POST'
    'QUERY_STRING' => ''
    'REQUEST_URI' => '/escrow/recharge'
    'SCRIPT_NAME' => '/web/index.php'
    'PATH_INFO' => '/escrow/recharge'
    'PATH_TRANSLATED' => 'redirect:\\web\\index.php\\escrow\\recharge\\recharge'
    'PHP_SELF' => '/web/index.php/escrow/recharge'
    'REQUEST_TIME_FLOAT' => 1461642522.548
    'REQUEST_TIME' => 1461642522
]
2016-04-26 05:49:02 [192.168.101.70][-][-][info][application] [seller][api\controllers\UserController][actionAccount][][0][success] time_used[1072]
    in E:\app.xiaomaijr.com\api\controllers\ApiBaseController.php:87
    in E:\app.xiaomaijr.com\api\controllers\UserController.php:281
2016-04-26 05:49:00 [192.168.101.70][-][-][info][application] $_POST = [
    'app_ver' => '1.0.0'
    'api_ver' => '1'
    'access_token' => 'XCRl2TeC0ScEZLTiC8bv6xat3fbvazowd17pm2h4gQ9jcjUGrFGImxyIya3Rg8BY'
    'app_name' => '小麦金融'
    'sign' => 'cc9abc424cf296ca4edc97009e2640b5'
    'mobile_type' => 'android'
    'user_id' => '236764'
    'channel' => '豌豆荚'
]

$_SERVER = [
    'REDIRECT_MIBDIRS' => 'D:/xampp/php/extras/mibs'
    'REDIRECT_MYSQL_HOME' => '\\xampp\\mysql\\bin'
    'REDIRECT_OPENSSL_CONF' => 'D:/xampp/apache/bin/openssl.cnf'
    'REDIRECT_PHP_PEAR_SYSCONF_DIR' => '\\xampp\\php'
    'REDIRECT_PHPRC' => '\\xampp\\php'
    'REDIRECT_TMP' => '\\xampp\\tmp'
    'REDIRECT_STATUS' => '200'
    'MIBDIRS' => 'D:/xampp/php/extras/mibs'
    'MYSQL_HOME' => '\\xampp\\mysql\\bin'
    'OPENSSL_CONF' => 'D:/xampp/apache/bin/openssl.cnf'
    'PHP_PEAR_SYSCONF_DIR' => '\\xampp\\php'
    'PHPRC' => '\\xampp\\php'
    'TMP' => '\\xampp\\tmp'
    'CONTENT_LENGTH' => '256'
    'CONTENT_TYPE' => 'application/x-www-form-urlencoded'
    'HTTP_HOST' => '192.168.101.40'
    'HTTP_CONNECTION' => 'Keep-Alive'
    'HTTP_ACCEPT_ENCODING' => 'gzip'
    'PATH' => 'C:\\Program Files (x86)\\Common Files\\NetSarang;C:\\WINDOWS\\system32;C:\\WINDOWS;C:\\WINDOWS\\System32\\Wbem;C:\\WINDOWS\\System32\\WindowsPowerShell\\v1.0\\;C:\\Program Files (x86)\\NVIDIA Corporation\\PhysX\\Common;D:\\TortoSvn\\bin;D:\\xampp\\php'
    'SystemRoot' => 'C:\\WINDOWS'
    'COMSPEC' => 'C:\\WINDOWS\\system32\\cmd.exe'
    'PATHEXT' => '.COM;.EXE;.BAT;.CMD;.VBS;.VBE;.JS;.JSE;.WSF;.WSH;.MSC'
    'WINDIR' => 'C:\\WINDOWS'
    'SERVER_SIGNATURE' => '<address>Apache/2.4.17 (Win32) OpenSSL/1.0.2d PHP/5.6.14 Server at 192.168.101.40 Port 80</address>
'
    'SERVER_SOFTWARE' => 'Apache/2.4.17 (Win32) OpenSSL/1.0.2d PHP/5.6.14'
    'SERVER_NAME' => '192.168.101.40'
    'SERVER_ADDR' => '192.168.101.40'
    'SERVER_PORT' => '80'
    'REMOTE_ADDR' => '192.168.101.70'
    'DOCUMENT_ROOT' => 'E:/app.xiaomaijr.com/api'
    'REQUEST_SCHEME' => 'http'
    'CONTEXT_PREFIX' => ''
    'CONTEXT_DOCUMENT_ROOT' => 'E:/app.xiaomaijr.com/api'
    'SERVER_ADMIN' => 'alpha@mail.zhima.com'
    'SCRIPT_FILENAME' => 'E:/app.xiaomaijr.com/api/web/index.php'
    'REMOTE_PORT' => '47929'
    'REDIRECT_URL' => 'http://192.168.101.40/user/account'
    'GATEWAY_INTERFACE' => 'CGI/1.1'
    'SERVER_PROTOCOL' => 'HTTP/1.1'
    'REQUEST_METHOD' => 'POST'
    'QUERY_STRING' => ''
    'REQUEST_URI' => '/user/account'
    'SCRIPT_NAME' => '/web/index.php'
    'PATH_INFO' => '/user/account'
    'PATH_TRANSLATED' => 'redirect:\\web\\index.php\\user\\account\\account'
    'PHP_SELF' => '/web/index.php/user/account'
    'REQUEST_TIME_FLOAT' => 1461642540.61
    'REQUEST_TIME' => 1461642540
]
2016-04-26 05:49:03 [192.168.101.70][-][-][info][application] [seller][api\controllers\UserController][actionAccount][][0][success] time_used[1065]
    in E:\app.xiaomaijr.com\api\controllers\ApiBaseController.php:87
    in E:\app.xiaomaijr.com\api\controllers\UserController.php:281
2016-04-26 05:49:01 [192.168.101.70][-][-][info][application] $_POST = [
    'app_ver' => '1.0.0'
    'api_ver' => '1'
    'access_token' => 'XCRl2TeC0ScEZLTiC8bv6xat3fbvazowd17pm2h4gQ9jcjUGrFGImxyIya3Rg8BY'
    'app_name' => '小麦金融'
    'sign' => 'cc9abc424cf296ca4edc97009e2640b5'
    'mobile_type' => 'android'
    'user_id' => '236764'
    'channel' => '豌豆荚'
]

$_SERVER = [
    'REDIRECT_MIBDIRS' => 'D:/xampp/php/extras/mibs'
    'REDIRECT_MYSQL_HOME' => '\\xampp\\mysql\\bin'
    'REDIRECT_OPENSSL_CONF' => 'D:/xampp/apache/bin/openssl.cnf'
    'REDIRECT_PHP_PEAR_SYSCONF_DIR' => '\\xampp\\php'
    'REDIRECT_PHPRC' => '\\xampp\\php'
    'REDIRECT_TMP' => '\\xampp\\tmp'
    'REDIRECT_STATUS' => '200'
    'MIBDIRS' => 'D:/xampp/php/extras/mibs'
    'MYSQL_HOME' => '\\xampp\\mysql\\bin'
    'OPENSSL_CONF' => 'D:/xampp/apache/bin/openssl.cnf'
    'PHP_PEAR_SYSCONF_DIR' => '\\xampp\\php'
    'PHPRC' => '\\xampp\\php'
    'TMP' => '\\xampp\\tmp'
    'CONTENT_LENGTH' => '256'
    'CONTENT_TYPE' => 'application/x-www-form-urlencoded'
    'HTTP_HOST' => '192.168.101.40'
    'HTTP_CONNECTION' => 'Keep-Alive'
    'HTTP_ACCEPT_ENCODING' => 'gzip'
    'PATH' => 'C:\\Program Files (x86)\\Common Files\\NetSarang;C:\\WINDOWS\\system32;C:\\WINDOWS;C:\\WINDOWS\\System32\\Wbem;C:\\WINDOWS\\System32\\WindowsPowerShell\\v1.0\\;C:\\Program Files (x86)\\NVIDIA Corporation\\PhysX\\Common;D:\\TortoSvn\\bin;D:\\xampp\\php'
    'SystemRoot' => 'C:\\WINDOWS'
    'COMSPEC' => 'C:\\WINDOWS\\system32\\cmd.exe'
    'PATHEXT' => '.COM;.EXE;.BAT;.CMD;.VBS;.VBE;.JS;.JSE;.WSF;.WSH;.MSC'
    'WINDIR' => 'C:\\WINDOWS'
    'SERVER_SIGNATURE' => '<address>Apache/2.4.17 (Win32) OpenSSL/1.0.2d PHP/5.6.14 Server at 192.168.101.40 Port 80</address>
'
    'SERVER_SOFTWARE' => 'Apache/2.4.17 (Win32) OpenSSL/1.0.2d PHP/5.6.14'
    'SERVER_NAME' => '192.168.101.40'
    'SERVER_ADDR' => '192.168.101.40'
    'SERVER_PORT' => '80'
    'REMOTE_ADDR' => '192.168.101.70'
    'DOCUMENT_ROOT' => 'E:/app.xiaomaijr.com/api'
    'REQUEST_SCHEME' => 'http'
    'CONTEXT_PREFIX' => ''
    'CONTEXT_DOCUMENT_ROOT' => 'E:/app.xiaomaijr.com/api'
    'SERVER_ADMIN' => 'alpha@mail.zhima.com'
    'SCRIPT_FILENAME' => 'E:/app.xiaomaijr.com/api/web/index.php'
    'REMOTE_PORT' => '47930'
    'REDIRECT_URL' => 'http://192.168.101.40/user/account'
    'GATEWAY_INTERFACE' => 'CGI/1.1'
    'SERVER_PROTOCOL' => 'HTTP/1.1'
    'REQUEST_METHOD' => 'POST'
    'QUERY_STRING' => ''
    'REQUEST_URI' => '/user/account'
    'SCRIPT_NAME' => '/web/index.php'
    'PATH_INFO' => '/user/account'
    'PATH_TRANSLATED' => 'redirect:\\web\\index.php\\user\\account\\account'
    'PHP_SELF' => '/web/index.php/user/account'
    'REQUEST_TIME_FLOAT' => 1461642541.016
    'REQUEST_TIME' => 1461642541
]
2016-04-26 05:49:28 [192.168.101.70][-][-][info][application] [seller][api\controllers\UserController][actionAccount][][0][success] time_used[1052]
    in E:\app.xiaomaijr.com\api\controllers\ApiBaseController.php:87
    in E:\app.xiaomaijr.com\api\controllers\UserController.php:281
2016-04-26 05:49:26 [192.168.101.70][-][-][info][application] $_POST = [
    'app_ver' => '1.0.0'
    'api_ver' => '1'
    'access_token' => 'XCRl2TeC0ScEZLTiC8bv6xat3fbvazowd17pm2h4gQ9jcjUGrFGImxyIya3Rg8BY'
    'app_name' => '小麦金融'
    'sign' => 'cc9abc424cf296ca4edc97009e2640b5'
    'mobile_type' => 'android'
    'user_id' => '236764'
    'channel' => '豌豆荚'
]

$_SERVER = [
    'REDIRECT_MIBDIRS' => 'D:/xampp/php/extras/mibs'
    'REDIRECT_MYSQL_HOME' => '\\xampp\\mysql\\bin'
    'REDIRECT_OPENSSL_CONF' => 'D:/xampp/apache/bin/openssl.cnf'
    'REDIRECT_PHP_PEAR_SYSCONF_DIR' => '\\xampp\\php'
    'REDIRECT_PHPRC' => '\\xampp\\php'
    'REDIRECT_TMP' => '\\xampp\\tmp'
    'REDIRECT_STATUS' => '200'
    'MIBDIRS' => 'D:/xampp/php/extras/mibs'
    'MYSQL_HOME' => '\\xampp\\mysql\\bin'
    'OPENSSL_CONF' => 'D:/xampp/apache/bin/openssl.cnf'
    'PHP_PEAR_SYSCONF_DIR' => '\\xampp\\php'
    'PHPRC' => '\\xampp\\php'
    'TMP' => '\\xampp\\tmp'
    'CONTENT_LENGTH' => '256'
    'CONTENT_TYPE' => 'application/x-www-form-urlencoded'
    'HTTP_HOST' => '192.168.101.40'
    'HTTP_CONNECTION' => 'Keep-Alive'
    'HTTP_ACCEPT_ENCODING' => 'gzip'
    'PATH' => 'C:\\Program Files (x86)\\Common Files\\NetSarang;C:\\WINDOWS\\system32;C:\\WINDOWS;C:\\WINDOWS\\System32\\Wbem;C:\\WINDOWS\\System32\\WindowsPowerShell\\v1.0\\;C:\\Program Files (x86)\\NVIDIA Corporation\\PhysX\\Common;D:\\TortoSvn\\bin;D:\\xampp\\php'
    'SystemRoot' => 'C:\\WINDOWS'
    'COMSPEC' => 'C:\\WINDOWS\\system32\\cmd.exe'
    'PATHEXT' => '.COM;.EXE;.BAT;.CMD;.VBS;.VBE;.JS;.JSE;.WSF;.WSH;.MSC'
    'WINDIR' => 'C:\\WINDOWS'
    'SERVER_SIGNATURE' => '<address>Apache/2.4.17 (Win32) OpenSSL/1.0.2d PHP/5.6.14 Server at 192.168.101.40 Port 80</address>
'
    'SERVER_SOFTWARE' => 'Apache/2.4.17 (Win32) OpenSSL/1.0.2d PHP/5.6.14'
    'SERVER_NAME' => '192.168.101.40'
    'SERVER_ADDR' => '192.168.101.40'
    'SERVER_PORT' => '80'
    'REMOTE_ADDR' => '192.168.101.70'
    'DOCUMENT_ROOT' => 'E:/app.xiaomaijr.com/api'
    'REQUEST_SCHEME' => 'http'
    'CONTEXT_PREFIX' => ''
    'CONTEXT_DOCUMENT_ROOT' => 'E:/app.xiaomaijr.com/api'
    'SERVER_ADMIN' => 'alpha@mail.zhima.com'
    'SCRIPT_FILENAME' => 'E:/app.xiaomaijr.com/api/web/index.php'
    'REMOTE_PORT' => '47931'
    'REDIRECT_URL' => 'http://192.168.101.40/user/account'
    'GATEWAY_INTERFACE' => 'CGI/1.1'
    'SERVER_PROTOCOL' => 'HTTP/1.1'
    'REQUEST_METHOD' => 'POST'
    'QUERY_STRING' => ''
    'REQUEST_URI' => '/user/account'
    'SCRIPT_NAME' => '/web/index.php'
    'PATH_INFO' => '/user/account'
    'PATH_TRANSLATED' => 'redirect:\\web\\index.php\\user\\account\\account'
    'PHP_SELF' => '/web/index.php/user/account'
    'REQUEST_TIME_FLOAT' => 1461642566.114
    'REQUEST_TIME' => 1461642566
]
2016-04-26 05:49:28 [192.168.101.70][-][-][info][application] [seller][api\controllers\UserController][actionAccount][][0][success] time_used[1041]
    in E:\app.xiaomaijr.com\api\controllers\ApiBaseController.php:87
    in E:\app.xiaomaijr.com\api\controllers\UserController.php:281
2016-04-26 05:49:26 [192.168.101.70][-][-][info][application] $_POST = [
    'app_ver' => '1.0.0'
    'api_ver' => '1'
    'access_token' => 'XCRl2TeC0ScEZLTiC8bv6xat3fbvazowd17pm2h4gQ9jcjUGrFGImxyIya3Rg8BY'
    'app_name' => '小麦金融'
    'sign' => 'cc9abc424cf296ca4edc97009e2640b5'
    'mobile_type' => 'android'
    'user_id' => '236764'
    'channel' => '豌豆荚'
]

$_SERVER = [
    'REDIRECT_MIBDIRS' => 'D:/xampp/php/extras/mibs'
    'REDIRECT_MYSQL_HOME' => '\\xampp\\mysql\\bin'
    'REDIRECT_OPENSSL_CONF' => 'D:/xampp/apache/bin/openssl.cnf'
    'REDIRECT_PHP_PEAR_SYSCONF_DIR' => '\\xampp\\php'
    'REDIRECT_PHPRC' => '\\xampp\\php'
    'REDIRECT_TMP' => '\\xampp\\tmp'
    'REDIRECT_STATUS' => '200'
    'MIBDIRS' => 'D:/xampp/php/extras/mibs'
    'MYSQL_HOME' => '\\xampp\\mysql\\bin'
    'OPENSSL_CONF' => 'D:/xampp/apache/bin/openssl.cnf'
    'PHP_PEAR_SYSCONF_DIR' => '\\xampp\\php'
    'PHPRC' => '\\xampp\\php'
    'TMP' => '\\xampp\\tmp'
    'CONTENT_LENGTH' => '256'
    'CONTENT_TYPE' => 'application/x-www-form-urlencoded'
    'HTTP_HOST' => '192.168.101.40'
    'HTTP_CONNECTION' => 'Keep-Alive'
    'HTTP_ACCEPT_ENCODING' => 'gzip'
    'PATH' => 'C:\\Program Files (x86)\\Common Files\\NetSarang;C:\\WINDOWS\\system32;C:\\WINDOWS;C:\\WINDOWS\\System32\\Wbem;C:\\WINDOWS\\System32\\WindowsPowerShell\\v1.0\\;C:\\Program Files (x86)\\NVIDIA Corporation\\PhysX\\Common;D:\\TortoSvn\\bin;D:\\xampp\\php'
    'SystemRoot' => 'C:\\WINDOWS'
    'COMSPEC' => 'C:\\WINDOWS\\system32\\cmd.exe'
    'PATHEXT' => '.COM;.EXE;.BAT;.CMD;.VBS;.VBE;.JS;.JSE;.WSF;.WSH;.MSC'
    'WINDIR' => 'C:\\WINDOWS'
    'SERVER_SIGNATURE' => '<address>Apache/2.4.17 (Win32) OpenSSL/1.0.2d PHP/5.6.14 Server at 192.168.101.40 Port 80</address>
'
    'SERVER_SOFTWARE' => 'Apache/2.4.17 (Win32) OpenSSL/1.0.2d PHP/5.6.14'
    'SERVER_NAME' => '192.168.101.40'
    'SERVER_ADDR' => '192.168.101.40'
    'SERVER_PORT' => '80'
    'REMOTE_ADDR' => '192.168.101.70'
    'DOCUMENT_ROOT' => 'E:/app.xiaomaijr.com/api'
    'REQUEST_SCHEME' => 'http'
    'CONTEXT_PREFIX' => ''
    'CONTEXT_DOCUMENT_ROOT' => 'E:/app.xiaomaijr.com/api'
    'SERVER_ADMIN' => 'alpha@mail.zhima.com'
    'SCRIPT_FILENAME' => 'E:/app.xiaomaijr.com/api/web/index.php'
    'REMOTE_PORT' => '47933'
    'REDIRECT_URL' => 'http://192.168.101.40/user/account'
    'GATEWAY_INTERFACE' => 'CGI/1.1'
    'SERVER_PROTOCOL' => 'HTTP/1.1'
    'REQUEST_METHOD' => 'POST'
    'QUERY_STRING' => ''
    'REQUEST_URI' => '/user/account'
    'SCRIPT_NAME' => '/web/index.php'
    'PATH_INFO' => '/user/account'
    'PATH_TRANSLATED' => 'redirect:\\web\\index.php\\user\\account\\account'
    'PHP_SELF' => '/web/index.php/user/account'
    'REQUEST_TIME_FLOAT' => 1461642566.239
    'REQUEST_TIME' => 1461642566
]
2016-04-26 05:50:12 [192.168.101.70][-][-][info][application] [seller][api\controllers\EscrowController][actionRecharge][][0][success] time_used[2384]
    in E:\app.xiaomaijr.com\api\controllers\ApiBaseController.php:87
    in E:\app.xiaomaijr.com\api\controllers\EscrowController.php:123
2016-04-26 05:50:08 [192.168.101.70][-][-][info][application] $_POST = [
    'app_ver' => '1.0.0'
    'api_ver' => '1'
    'access_token' => 'XCRl2TeC0ScEZLTiC8bv6xat3fbvazowd17pm2h4gQ9jcjUGrFGImxyIya3Rg8BY'
    'app_name' => '小麦金融'
    'sign' => '950c93657e696854ddd3ca8d7501f539'
    'mobile_type' => 'android'
    'user_id' => '236764'
    'channel' => '豌豆荚'
    'money' => '100'
]

$_SERVER = [
    'REDIRECT_MIBDIRS' => 'D:/xampp/php/extras/mibs'
    'REDIRECT_MYSQL_HOME' => '\\xampp\\mysql\\bin'
    'REDIRECT_OPENSSL_CONF' => 'D:/xampp/apache/bin/openssl.cnf'
    'REDIRECT_PHP_PEAR_SYSCONF_DIR' => '\\xampp\\php'
    'REDIRECT_PHPRC' => '\\xampp\\php'
    'REDIRECT_TMP' => '\\xampp\\tmp'
    'REDIRECT_STATUS' => '200'
    'MIBDIRS' => 'D:/xampp/php/extras/mibs'
    'MYSQL_HOME' => '\\xampp\\mysql\\bin'
    'OPENSSL_CONF' => 'D:/xampp/apache/bin/openssl.cnf'
    'PHP_PEAR_SYSCONF_DIR' => '\\xampp\\php'
    'PHPRC' => '\\xampp\\php'
    'TMP' => '\\xampp\\tmp'
    'CONTENT_LENGTH' => '266'
    'CONTENT_TYPE' => 'application/x-www-form-urlencoded'
    'HTTP_HOST' => '192.168.101.40'
    'HTTP_CONNECTION' => 'Keep-Alive'
    'HTTP_ACCEPT_ENCODING' => 'gzip'
    'PATH' => 'C:\\Program Files (x86)\\Common Files\\NetSarang;C:\\WINDOWS\\system32;C:\\WINDOWS;C:\\WINDOWS\\System32\\Wbem;C:\\WINDOWS\\System32\\WindowsPowerShell\\v1.0\\;C:\\Program Files (x86)\\NVIDIA Corporation\\PhysX\\Common;D:\\TortoSvn\\bin;D:\\xampp\\php'
    'SystemRoot' => 'C:\\WINDOWS'
    'COMSPEC' => 'C:\\WINDOWS\\system32\\cmd.exe'
    'PATHEXT' => '.COM;.EXE;.BAT;.CMD;.VBS;.VBE;.JS;.JSE;.WSF;.WSH;.MSC'
    'WINDIR' => 'C:\\WINDOWS'
    'SERVER_SIGNATURE' => '<address>Apache/2.4.17 (Win32) OpenSSL/1.0.2d PHP/5.6.14 Server at 192.168.101.40 Port 80</address>
'
    'SERVER_SOFTWARE' => 'Apache/2.4.17 (Win32) OpenSSL/1.0.2d PHP/5.6.14'
    'SERVER_NAME' => '192.168.101.40'
    'SERVER_ADDR' => '192.168.101.40'
    'SERVER_PORT' => '80'
    'REMOTE_ADDR' => '192.168.101.70'
    'DOCUMENT_ROOT' => 'E:/app.xiaomaijr.com/api'
    'REQUEST_SCHEME' => 'http'
    'CONTEXT_PREFIX' => ''
    'CONTEXT_DOCUMENT_ROOT' => 'E:/app.xiaomaijr.com/api'
    'SERVER_ADMIN' => 'alpha@mail.zhima.com'
    'SCRIPT_FILENAME' => 'E:/app.xiaomaijr.com/api/web/index.php'
    'REMOTE_PORT' => '47934'
    'REDIRECT_URL' => 'http://192.168.101.40/escrow/recharge'
    'GATEWAY_INTERFACE' => 'CGI/1.1'
    'SERVER_PROTOCOL' => 'HTTP/1.1'
    'REQUEST_METHOD' => 'POST'
    'QUERY_STRING' => ''
    'REQUEST_URI' => '/escrow/recharge'
    'SCRIPT_NAME' => '/web/index.php'
    'PATH_INFO' => '/escrow/recharge'
    'PATH_TRANSLATED' => 'redirect:\\web\\index.php\\escrow\\recharge\\recharge'
    'PHP_SELF' => '/web/index.php/escrow/recharge'
    'REQUEST_TIME_FLOAT' => 1461642608.669
    'REQUEST_TIME' => 1461642608
]
2016-04-26 05:50:15 [192.168.101.70][-][-][info][application] [seller][api\controllers\UserController][actionAccount][][0][success] time_used[1073]
    in E:\app.xiaomaijr.com\api\controllers\ApiBaseController.php:87
    in E:\app.xiaomaijr.com\api\controllers\UserController.php:281
2016-04-26 05:50:13 [192.168.101.70][-][-][info][application] $_POST = [
    'app_ver' => '1.0.0'
    'api_ver' => '1'
    'access_token' => 'XCRl2TeC0ScEZLTiC8bv6xat3fbvazowd17pm2h4gQ9jcjUGrFGImxyIya3Rg8BY'
    'app_name' => '小麦金融'
    'sign' => 'cc9abc424cf296ca4edc97009e2640b5'
    'mobile_type' => 'android'
    'user_id' => '236764'
    'channel' => '豌豆荚'
]

$_SERVER = [
    'REDIRECT_MIBDIRS' => 'D:/xampp/php/extras/mibs'
    'REDIRECT_MYSQL_HOME' => '\\xampp\\mysql\\bin'
    'REDIRECT_OPENSSL_CONF' => 'D:/xampp/apache/bin/openssl.cnf'
    'REDIRECT_PHP_PEAR_SYSCONF_DIR' => '\\xampp\\php'
    'REDIRECT_PHPRC' => '\\xampp\\php'
    'REDIRECT_TMP' => '\\xampp\\tmp'
    'REDIRECT_STATUS' => '200'
    'MIBDIRS' => 'D:/xampp/php/extras/mibs'
    'MYSQL_HOME' => '\\xampp\\mysql\\bin'
    'OPENSSL_CONF' => 'D:/xampp/apache/bin/openssl.cnf'
    'PHP_PEAR_SYSCONF_DIR' => '\\xampp\\php'
    'PHPRC' => '\\xampp\\php'
    'TMP' => '\\xampp\\tmp'
    'CONTENT_LENGTH' => '256'
    'CONTENT_TYPE' => 'application/x-www-form-urlencoded'
    'HTTP_HOST' => '192.168.101.40'
    'HTTP_CONNECTION' => 'Keep-Alive'
    'HTTP_ACCEPT_ENCODING' => 'gzip'
    'PATH' => 'C:\\Program Files (x86)\\Common Files\\NetSarang;C:\\WINDOWS\\system32;C:\\WINDOWS;C:\\WINDOWS\\System32\\Wbem;C:\\WINDOWS\\System32\\WindowsPowerShell\\v1.0\\;C:\\Program Files (x86)\\NVIDIA Corporation\\PhysX\\Common;D:\\TortoSvn\\bin;D:\\xampp\\php'
    'SystemRoot' => 'C:\\WINDOWS'
    'COMSPEC' => 'C:\\WINDOWS\\system32\\cmd.exe'
    'PATHEXT' => '.COM;.EXE;.BAT;.CMD;.VBS;.VBE;.JS;.JSE;.WSF;.WSH;.MSC'
    'WINDIR' => 'C:\\WINDOWS'
    'SERVER_SIGNATURE' => '<address>Apache/2.4.17 (Win32) OpenSSL/1.0.2d PHP/5.6.14 Server at 192.168.101.40 Port 80</address>
'
    'SERVER_SOFTWARE' => 'Apache/2.4.17 (Win32) OpenSSL/1.0.2d PHP/5.6.14'
    'SERVER_NAME' => '192.168.101.40'
    'SERVER_ADDR' => '192.168.101.40'
    'SERVER_PORT' => '80'
    'REMOTE_ADDR' => '192.168.101.70'
    'DOCUMENT_ROOT' => 'E:/app.xiaomaijr.com/api'
    'REQUEST_SCHEME' => 'http'
    'CONTEXT_PREFIX' => ''
    'CONTEXT_DOCUMENT_ROOT' => 'E:/app.xiaomaijr.com/api'
    'SERVER_ADMIN' => 'alpha@mail.zhima.com'
    'SCRIPT_FILENAME' => 'E:/app.xiaomaijr.com/api/web/index.php'
    'REMOTE_PORT' => '47934'
    'REDIRECT_URL' => 'http://192.168.101.40/user/account'
    'GATEWAY_INTERFACE' => 'CGI/1.1'
    'SERVER_PROTOCOL' => 'HTTP/1.1'
    'REQUEST_METHOD' => 'POST'
    'QUERY_STRING' => ''
    'REQUEST_URI' => '/user/account'
    'SCRIPT_NAME' => '/web/index.php'
    'PATH_INFO' => '/user/account'
    'PATH_TRANSLATED' => 'redirect:\\web\\index.php\\user\\account\\account'
    'PHP_SELF' => '/web/index.php/user/account'
    'REQUEST_TIME_FLOAT' => 1461642613.376
    'REQUEST_TIME' => 1461642613
]
2016-04-26 05:50:15 [192.168.101.70][-][-][info][application] [seller][api\controllers\UserController][actionAccount][][0][success] time_used[1048]
    in E:\app.xiaomaijr.com\api\controllers\ApiBaseController.php:87
    in E:\app.xiaomaijr.com\api\controllers\UserController.php:281
2016-04-26 05:50:13 [192.168.101.70][-][-][info][application] $_POST = [
    'app_ver' => '1.0.0'
    'api_ver' => '1'
    'access_token' => 'XCRl2TeC0ScEZLTiC8bv6xat3fbvazowd17pm2h4gQ9jcjUGrFGImxyIya3Rg8BY'
    'app_name' => '小麦金融'
    'sign' => 'cc9abc424cf296ca4edc97009e2640b5'
    'mobile_type' => 'android'
    'user_id' => '236764'
    'channel' => '豌豆荚'
]

$_SERVER = [
    'REDIRECT_MIBDIRS' => 'D:/xampp/php/extras/mibs'
    'REDIRECT_MYSQL_HOME' => '\\xampp\\mysql\\bin'
    'REDIRECT_OPENSSL_CONF' => 'D:/xampp/apache/bin/openssl.cnf'
    'REDIRECT_PHP_PEAR_SYSCONF_DIR' => '\\xampp\\php'
    'REDIRECT_PHPRC' => '\\xampp\\php'
    'REDIRECT_TMP' => '\\xampp\\tmp'
    'REDIRECT_STATUS' => '200'
    'MIBDIRS' => 'D:/xampp/php/extras/mibs'
    'MYSQL_HOME' => '\\xampp\\mysql\\bin'
    'OPENSSL_CONF' => 'D:/xampp/apache/bin/openssl.cnf'
    'PHP_PEAR_SYSCONF_DIR' => '\\xampp\\php'
    'PHPRC' => '\\xampp\\php'
    'TMP' => '\\xampp\\tmp'
    'CONTENT_LENGTH' => '256'
    'CONTENT_TYPE' => 'application/x-www-form-urlencoded'
    'HTTP_HOST' => '192.168.101.40'
    'HTTP_CONNECTION' => 'Keep-Alive'
    'HTTP_ACCEPT_ENCODING' => 'gzip'
    'PATH' => 'C:\\Program Files (x86)\\Common Files\\NetSarang;C:\\WINDOWS\\system32;C:\\WINDOWS;C:\\WINDOWS\\System32\\Wbem;C:\\WINDOWS\\System32\\WindowsPowerShell\\v1.0\\;C:\\Program Files (x86)\\NVIDIA Corporation\\PhysX\\Common;D:\\TortoSvn\\bin;D:\\xampp\\php'
    'SystemRoot' => 'C:\\WINDOWS'
    'COMSPEC' => 'C:\\WINDOWS\\system32\\cmd.exe'
    'PATHEXT' => '.COM;.EXE;.BAT;.CMD;.VBS;.VBE;.JS;.JSE;.WSF;.WSH;.MSC'
    'WINDIR' => 'C:\\WINDOWS'
    'SERVER_SIGNATURE' => '<address>Apache/2.4.17 (Win32) OpenSSL/1.0.2d PHP/5.6.14 Server at 192.168.101.40 Port 80</address>
'
    'SERVER_SOFTWARE' => 'Apache/2.4.17 (Win32) OpenSSL/1.0.2d PHP/5.6.14'
    'SERVER_NAME' => '192.168.101.40'
    'SERVER_ADDR' => '192.168.101.40'
    'SERVER_PORT' => '80'
    'REMOTE_ADDR' => '192.168.101.70'
    'DOCUMENT_ROOT' => 'E:/app.xiaomaijr.com/api'
    'REQUEST_SCHEME' => 'http'
    'CONTEXT_PREFIX' => ''
    'CONTEXT_DOCUMENT_ROOT' => 'E:/app.xiaomaijr.com/api'
    'SERVER_ADMIN' => 'alpha@mail.zhima.com'
    'SCRIPT_FILENAME' => 'E:/app.xiaomaijr.com/api/web/index.php'
    'REMOTE_PORT' => '47936'
    'REDIRECT_URL' => 'http://192.168.101.40/user/account'
    'GATEWAY_INTERFACE' => 'CGI/1.1'
    'SERVER_PROTOCOL' => 'HTTP/1.1'
    'REQUEST_METHOD' => 'POST'
    'QUERY_STRING' => ''
    'REQUEST_URI' => '/user/account'
    'SCRIPT_NAME' => '/web/index.php'
    'PATH_INFO' => '/user/account'
    'PATH_TRANSLATED' => 'redirect:\\web\\index.php\\user\\account\\account'
    'PHP_SELF' => '/web/index.php/user/account'
    'REQUEST_TIME_FLOAT' => 1461642613.766
    'REQUEST_TIME' => 1461642613
]
2016-04-26 05:50:36 [192.168.101.70][-][-][info][application] [seller][api\controllers\UserController][actionAccount][][0][success] time_used[1045]
    in E:\app.xiaomaijr.com\api\controllers\ApiBaseController.php:87
    in E:\app.xiaomaijr.com\api\controllers\UserController.php:281
2016-04-26 05:50:34 [192.168.101.70][-][-][info][application] $_POST = [
    'app_ver' => '1.0.0'
    'api_ver' => '1'
    'access_token' => 'XCRl2TeC0ScEZLTiC8bv6xat3fbvazowd17pm2h4gQ9jcjUGrFGImxyIya3Rg8BY'
    'app_name' => '小麦金融'
    'sign' => 'cc9abc424cf296ca4edc97009e2640b5'
    'mobile_type' => 'android'
    'user_id' => '236764'
    'channel' => '豌豆荚'
]

$_SERVER = [
    'REDIRECT_MIBDIRS' => 'D:/xampp/php/extras/mibs'
    'REDIRECT_MYSQL_HOME' => '\\xampp\\mysql\\bin'
    'REDIRECT_OPENSSL_CONF' => 'D:/xampp/apache/bin/openssl.cnf'
    'REDIRECT_PHP_PEAR_SYSCONF_DIR' => '\\xampp\\php'
    'REDIRECT_PHPRC' => '\\xampp\\php'
    'REDIRECT_TMP' => '\\xampp\\tmp'
    'REDIRECT_STATUS' => '200'
    'MIBDIRS' => 'D:/xampp/php/extras/mibs'
    'MYSQL_HOME' => '\\xampp\\mysql\\bin'
    'OPENSSL_CONF' => 'D:/xampp/apache/bin/openssl.cnf'
    'PHP_PEAR_SYSCONF_DIR' => '\\xampp\\php'
    'PHPRC' => '\\xampp\\php'
    'TMP' => '\\xampp\\tmp'
    'CONTENT_LENGTH' => '256'
    'CONTENT_TYPE' => 'application/x-www-form-urlencoded'
    'HTTP_HOST' => '192.168.101.40'
    'HTTP_CONNECTION' => 'Keep-Alive'
    'HTTP_ACCEPT_ENCODING' => 'gzip'
    'PATH' => 'C:\\Program Files (x86)\\Common Files\\NetSarang;C:\\WINDOWS\\system32;C:\\WINDOWS;C:\\WINDOWS\\System32\\Wbem;C:\\WINDOWS\\System32\\WindowsPowerShell\\v1.0\\;C:\\Program Files (x86)\\NVIDIA Corporation\\PhysX\\Common;D:\\TortoSvn\\bin;D:\\xampp\\php'
    'SystemRoot' => 'C:\\WINDOWS'
    'COMSPEC' => 'C:\\WINDOWS\\system32\\cmd.exe'
    'PATHEXT' => '.COM;.EXE;.BAT;.CMD;.VBS;.VBE;.JS;.JSE;.WSF;.WSH;.MSC'
    'WINDIR' => 'C:\\WINDOWS'
    'SERVER_SIGNATURE' => '<address>Apache/2.4.17 (Win32) OpenSSL/1.0.2d PHP/5.6.14 Server at 192.168.101.40 Port 80</address>
'
    'SERVER_SOFTWARE' => 'Apache/2.4.17 (Win32) OpenSSL/1.0.2d PHP/5.6.14'
    'SERVER_NAME' => '192.168.101.40'
    'SERVER_ADDR' => '192.168.101.40'
    'SERVER_PORT' => '80'
    'REMOTE_ADDR' => '192.168.101.70'
    'DOCUMENT_ROOT' => 'E:/app.xiaomaijr.com/api'
    'REQUEST_SCHEME' => 'http'
    'CONTEXT_PREFIX' => ''
    'CONTEXT_DOCUMENT_ROOT' => 'E:/app.xiaomaijr.com/api'
    'SERVER_ADMIN' => 'alpha@mail.zhima.com'
    'SCRIPT_FILENAME' => 'E:/app.xiaomaijr.com/api/web/index.php'
    'REMOTE_PORT' => '47938'
    'REDIRECT_URL' => 'http://192.168.101.40/user/account'
    'GATEWAY_INTERFACE' => 'CGI/1.1'
    'SERVER_PROTOCOL' => 'HTTP/1.1'
    'REQUEST_METHOD' => 'POST'
    'QUERY_STRING' => ''
    'REQUEST_URI' => '/user/account'
    'SCRIPT_NAME' => '/web/index.php'
    'PATH_INFO' => '/user/account'
    'PATH_TRANSLATED' => 'redirect:\\web\\index.php\\user\\account\\account'
    'PHP_SELF' => '/web/index.php/user/account'
    'REQUEST_TIME_FLOAT' => 1461642634.463
    'REQUEST_TIME' => 1461642634
]
2016-04-26 05:50:36 [192.168.101.70][-][-][info][application] [seller][api\controllers\UserController][actionAccount][][0][success] time_used[1041]
    in E:\app.xiaomaijr.com\api\controllers\ApiBaseController.php:87
    in E:\app.xiaomaijr.com\api\controllers\UserController.php:281
2016-04-26 05:50:34 [192.168.101.70][-][-][info][application] $_POST = [
    'app_ver' => '1.0.0'
    'api_ver' => '1'
    'access_token' => 'XCRl2TeC0ScEZLTiC8bv6xat3fbvazowd17pm2h4gQ9jcjUGrFGImxyIya3Rg8BY'
    'app_name' => '小麦金融'
    'sign' => 'cc9abc424cf296ca4edc97009e2640b5'
    'mobile_type' => 'android'
    'user_id' => '236764'
    'channel' => '豌豆荚'
]

$_SERVER = [
    'REDIRECT_MIBDIRS' => 'D:/xampp/php/extras/mibs'
    'REDIRECT_MYSQL_HOME' => '\\xampp\\mysql\\bin'
    'REDIRECT_OPENSSL_CONF' => 'D:/xampp/apache/bin/openssl.cnf'
    'REDIRECT_PHP_PEAR_SYSCONF_DIR' => '\\xampp\\php'
    'REDIRECT_PHPRC' => '\\xampp\\php'
    'REDIRECT_TMP' => '\\xampp\\tmp'
    'REDIRECT_STATUS' => '200'
    'MIBDIRS' => 'D:/xampp/php/extras/mibs'
    'MYSQL_HOME' => '\\xampp\\mysql\\bin'
    'OPENSSL_CONF' => 'D:/xampp/apache/bin/openssl.cnf'
    'PHP_PEAR_SYSCONF_DIR' => '\\xampp\\php'
    'PHPRC' => '\\xampp\\php'
    'TMP' => '\\xampp\\tmp'
    'CONTENT_LENGTH' => '256'
    'CONTENT_TYPE' => 'application/x-www-form-urlencoded'
    'HTTP_HOST' => '192.168.101.40'
    'HTTP_CONNECTION' => 'Keep-Alive'
    'HTTP_ACCEPT_ENCODING' => 'gzip'
    'PATH' => 'C:\\Program Files (x86)\\Common Files\\NetSarang;C:\\WINDOWS\\system32;C:\\WINDOWS;C:\\WINDOWS\\System32\\Wbem;C:\\WINDOWS\\System32\\WindowsPowerShell\\v1.0\\;C:\\Program Files (x86)\\NVIDIA Corporation\\PhysX\\Common;D:\\TortoSvn\\bin;D:\\xampp\\php'
    'SystemRoot' => 'C:\\WINDOWS'
    'COMSPEC' => 'C:\\WINDOWS\\system32\\cmd.exe'
    'PATHEXT' => '.COM;.EXE;.BAT;.CMD;.VBS;.VBE;.JS;.JSE;.WSF;.WSH;.MSC'
    'WINDIR' => 'C:\\WINDOWS'
    'SERVER_SIGNATURE' => '<address>Apache/2.4.17 (Win32) OpenSSL/1.0.2d PHP/5.6.14 Server at 192.168.101.40 Port 80</address>
'
    'SERVER_SOFTWARE' => 'Apache/2.4.17 (Win32) OpenSSL/1.0.2d PHP/5.6.14'
    'SERVER_NAME' => '192.168.101.40'
    'SERVER_ADDR' => '192.168.101.40'
    'SERVER_PORT' => '80'
    'REMOTE_ADDR' => '192.168.101.70'
    'DOCUMENT_ROOT' => 'E:/app.xiaomaijr.com/api'
    'REQUEST_SCHEME' => 'http'
    'CONTEXT_PREFIX' => ''
    'CONTEXT_DOCUMENT_ROOT' => 'E:/app.xiaomaijr.com/api'
    'SERVER_ADMIN' => 'alpha@mail.zhima.com'
    'SCRIPT_FILENAME' => 'E:/app.xiaomaijr.com/api/web/index.php'
    'REMOTE_PORT' => '47939'
    'REDIRECT_URL' => 'http://192.168.101.40/user/account'
    'GATEWAY_INTERFACE' => 'CGI/1.1'
    'SERVER_PROTOCOL' => 'HTTP/1.1'
    'REQUEST_METHOD' => 'POST'
    'QUERY_STRING' => ''
    'REQUEST_URI' => '/user/account'
    'SCRIPT_NAME' => '/web/index.php'
    'PATH_INFO' => '/user/account'
    'PATH_TRANSLATED' => 'redirect:\\web\\index.php\\user\\account\\account'
    'PHP_SELF' => '/web/index.php/user/account'
    'REQUEST_TIME_FLOAT' => 1461642634.65
    'REQUEST_TIME' => 1461642634
]
2016-04-26 11:21:59 [192.168.101.40][-][-][info][application] [seller][api\controllers\UserController][actionInvestList][][0][success] time_used[1230]
    in E:\app.xiaomaijr.com\api\controllers\ApiBaseController.php:87
    in E:\app.xiaomaijr.com\api\controllers\UserController.php:416
2016-04-26 11:21:57 [192.168.101.40][-][-][info][application] $_GET = [
    'user_id' => '236764'
    'xiaomai' => 'heiheihei'
]

$_SERVER = [
    'REDIRECT_MIBDIRS' => 'D:/xampp/php/extras/mibs'
    'REDIRECT_MYSQL_HOME' => '\\xampp\\mysql\\bin'
    'REDIRECT_OPENSSL_CONF' => 'D:/xampp/apache/bin/openssl.cnf'
    'REDIRECT_PHP_PEAR_SYSCONF_DIR' => '\\xampp\\php'
    'REDIRECT_PHPRC' => '\\xampp\\php'
    'REDIRECT_TMP' => '\\xampp\\tmp'
    'REDIRECT_STATUS' => '200'
    'MIBDIRS' => 'D:/xampp/php/extras/mibs'
    'MYSQL_HOME' => '\\xampp\\mysql\\bin'
    'OPENSSL_CONF' => 'D:/xampp/apache/bin/openssl.cnf'
    'PHP_PEAR_SYSCONF_DIR' => '\\xampp\\php'
    'PHPRC' => '\\xampp\\php'
    'TMP' => '\\xampp\\tmp'
    'HTTP_HOST' => '192.168.101.40'
    'HTTP_CONNECTION' => 'keep-alive'
    'CONTENT_LENGTH' => '0'
    'HTTP_CACHE_CONTROL' => 'no-cache'
    'HTTP_ORIGIN' => 'chrome-extension://fhbjgbiflinjbdggehcddcbncdddomop'
    'HTTP_USER_AGENT' => 'Mozilla/5.0 (Windows NT 6.3; WOW64) AppleWebKit/537.36 (KHTML, like Gecko) Chrome/49.0.2623.75 Safari/537.36'
    'HTTP_POSTMAN_TOKEN' => '813a323f-c32e-fa87-400d-8c9a2b0ddf72'
    'HTTP_ACCEPT' => '*/*'
    'HTTP_ACCEPT_ENCODING' => 'gzip, deflate'
    'HTTP_ACCEPT_LANGUAGE' => 'zh-CN,zh;q=0.8'
    'PATH' => 'C:\\Program Files (x86)\\Common Files\\NetSarang;C:\\WINDOWS\\system32;C:\\WINDOWS;C:\\WINDOWS\\System32\\Wbem;C:\\WINDOWS\\System32\\WindowsPowerShell\\v1.0\\;C:\\Program Files (x86)\\NVIDIA Corporation\\PhysX\\Common;D:\\TortoSvn\\bin;D:\\xampp\\php'
    'SystemRoot' => 'C:\\WINDOWS'
    'COMSPEC' => 'C:\\WINDOWS\\system32\\cmd.exe'
    'PATHEXT' => '.COM;.EXE;.BAT;.CMD;.VBS;.VBE;.JS;.JSE;.WSF;.WSH;.MSC'
    'WINDIR' => 'C:\\WINDOWS'
    'SERVER_SIGNATURE' => '<address>Apache/2.4.17 (Win32) OpenSSL/1.0.2d PHP/5.6.14 Server at 192.168.101.40 Port 80</address>
'
    'SERVER_SOFTWARE' => 'Apache/2.4.17 (Win32) OpenSSL/1.0.2d PHP/5.6.14'
    'SERVER_NAME' => '192.168.101.40'
    'SERVER_ADDR' => '192.168.101.40'
    'SERVER_PORT' => '80'
    'REMOTE_ADDR' => '192.168.101.40'
    'DOCUMENT_ROOT' => 'E:/app.xiaomaijr.com/api'
    'REQUEST_SCHEME' => 'http'
    'CONTEXT_PREFIX' => ''
    'CONTEXT_DOCUMENT_ROOT' => 'E:/app.xiaomaijr.com/api'
    'SERVER_ADMIN' => 'alpha@mail.zhima.com'
    'SCRIPT_FILENAME' => 'E:/app.xiaomaijr.com/api/web/index.php'
    'REMOTE_PORT' => '59869'
    'REDIRECT_QUERY_STRING' => 'user_id=236764&xiaomai=heiheihei'
    'REDIRECT_URL' => 'http://192.168.101.40/user/invest-list?user_id=236764&xiaomai=heiheihei'
    'GATEWAY_INTERFACE' => 'CGI/1.1'
    'SERVER_PROTOCOL' => 'HTTP/1.1'
    'REQUEST_METHOD' => 'POST'
    'QUERY_STRING' => 'user_id=236764&xiaomai=heiheihei'
    'REQUEST_URI' => '/user/invest-list?user_id=236764&xiaomai=heiheihei'
    'SCRIPT_NAME' => '/web/index.php'
    'PATH_INFO' => '/user/invest-list'
    'PATH_TRANSLATED' => 'redirect:\\web\\index.php\\user\\invest-list\\invest-list'
    'PHP_SELF' => '/web/index.php/user/invest-list'
    'REQUEST_TIME_FLOAT' => 1461662516.571
    'REQUEST_TIME' => 1461662516
]
2016-04-26 11:23:52 [192.168.101.40][-][-][info][application] [seller][api\controllers\UserController][actionInvestList][][0][success] time_used[1070]
    in E:\app.xiaomaijr.com\api\controllers\ApiBaseController.php:87
    in E:\app.xiaomaijr.com\api\controllers\UserController.php:416
2016-04-26 11:23:50 [192.168.101.40][-][-][info][application] $_GET = [
    'user_id' => '236764'
    'xiaomai' => 'heiheihei'
]

$_SERVER = [
    'REDIRECT_MIBDIRS' => 'D:/xampp/php/extras/mibs'
    'REDIRECT_MYSQL_HOME' => '\\xampp\\mysql\\bin'
    'REDIRECT_OPENSSL_CONF' => 'D:/xampp/apache/bin/openssl.cnf'
    'REDIRECT_PHP_PEAR_SYSCONF_DIR' => '\\xampp\\php'
    'REDIRECT_PHPRC' => '\\xampp\\php'
    'REDIRECT_TMP' => '\\xampp\\tmp'
    'REDIRECT_STATUS' => '200'
    'MIBDIRS' => 'D:/xampp/php/extras/mibs'
    'MYSQL_HOME' => '\\xampp\\mysql\\bin'
    'OPENSSL_CONF' => 'D:/xampp/apache/bin/openssl.cnf'
    'PHP_PEAR_SYSCONF_DIR' => '\\xampp\\php'
    'PHPRC' => '\\xampp\\php'
    'TMP' => '\\xampp\\tmp'
    'HTTP_HOST' => '192.168.101.40'
    'HTTP_CONNECTION' => 'keep-alive'
    'CONTENT_LENGTH' => '0'
    'HTTP_CACHE_CONTROL' => 'no-cache'
    'HTTP_ORIGIN' => 'chrome-extension://fhbjgbiflinjbdggehcddcbncdddomop'
    'HTTP_USER_AGENT' => 'Mozilla/5.0 (Windows NT 6.3; WOW64) AppleWebKit/537.36 (KHTML, like Gecko) Chrome/49.0.2623.75 Safari/537.36'
    'HTTP_POSTMAN_TOKEN' => '8ae37fd5-3ee1-29c1-50b2-29ce244b8727'
    'HTTP_ACCEPT' => '*/*'
    'HTTP_ACCEPT_ENCODING' => 'gzip, deflate'
    'HTTP_ACCEPT_LANGUAGE' => 'zh-CN,zh;q=0.8'
    'PATH' => 'C:\\Program Files (x86)\\Common Files\\NetSarang;C:\\WINDOWS\\system32;C:\\WINDOWS;C:\\WINDOWS\\System32\\Wbem;C:\\WINDOWS\\System32\\WindowsPowerShell\\v1.0\\;C:\\Program Files (x86)\\NVIDIA Corporation\\PhysX\\Common;D:\\TortoSvn\\bin;D:\\xampp\\php'
    'SystemRoot' => 'C:\\WINDOWS'
    'COMSPEC' => 'C:\\WINDOWS\\system32\\cmd.exe'
    'PATHEXT' => '.COM;.EXE;.BAT;.CMD;.VBS;.VBE;.JS;.JSE;.WSF;.WSH;.MSC'
    'WINDIR' => 'C:\\WINDOWS'
    'SERVER_SIGNATURE' => '<address>Apache/2.4.17 (Win32) OpenSSL/1.0.2d PHP/5.6.14 Server at 192.168.101.40 Port 80</address>
'
    'SERVER_SOFTWARE' => 'Apache/2.4.17 (Win32) OpenSSL/1.0.2d PHP/5.6.14'
    'SERVER_NAME' => '192.168.101.40'
    'SERVER_ADDR' => '192.168.101.40'
    'SERVER_PORT' => '80'
    'REMOTE_ADDR' => '192.168.101.40'
    'DOCUMENT_ROOT' => 'E:/app.xiaomaijr.com/api'
    'REQUEST_SCHEME' => 'http'
    'CONTEXT_PREFIX' => ''
    'CONTEXT_DOCUMENT_ROOT' => 'E:/app.xiaomaijr.com/api'
    'SERVER_ADMIN' => 'alpha@mail.zhima.com'
    'SCRIPT_FILENAME' => 'E:/app.xiaomaijr.com/api/web/index.php'
    'REMOTE_PORT' => '59916'
    'REDIRECT_QUERY_STRING' => 'user_id=236764&xiaomai=heiheihei'
    'REDIRECT_URL' => 'http://192.168.101.40/user/invest-list?user_id=236764&xiaomai=heiheihei'
    'GATEWAY_INTERFACE' => 'CGI/1.1'
    'SERVER_PROTOCOL' => 'HTTP/1.1'
    'REQUEST_METHOD' => 'POST'
    'QUERY_STRING' => 'user_id=236764&xiaomai=heiheihei'
    'REQUEST_URI' => '/user/invest-list?user_id=236764&xiaomai=heiheihei'
    'SCRIPT_NAME' => '/web/index.php'
    'PATH_INFO' => '/user/invest-list'
    'PATH_TRANSLATED' => 'redirect:\\web\\index.php\\user\\invest-list\\invest-list'
    'PHP_SELF' => '/web/index.php/user/invest-list'
    'REQUEST_TIME_FLOAT' => 1461662630.036
    'REQUEST_TIME' => 1461662630
]
2016-04-26 11:32:42 [192.168.101.40][-][-][info][application] [seller][api\controllers\UserController][actionInvestList][][0][success] time_used[1096]
    in E:\app.xiaomaijr.com\api\controllers\ApiBaseController.php:87
    in E:\app.xiaomaijr.com\api\controllers\UserController.php:416
2016-04-26 11:32:40 [192.168.101.40][-][-][info][application] $_GET = [
    'user_id' => '236764'
    'xiaomai' => 'heiheihei'
]

$_SERVER = [
    'REDIRECT_MIBDIRS' => 'D:/xampp/php/extras/mibs'
    'REDIRECT_MYSQL_HOME' => '\\xampp\\mysql\\bin'
    'REDIRECT_OPENSSL_CONF' => 'D:/xampp/apache/bin/openssl.cnf'
    'REDIRECT_PHP_PEAR_SYSCONF_DIR' => '\\xampp\\php'
    'REDIRECT_PHPRC' => '\\xampp\\php'
    'REDIRECT_TMP' => '\\xampp\\tmp'
    'REDIRECT_STATUS' => '200'
    'MIBDIRS' => 'D:/xampp/php/extras/mibs'
    'MYSQL_HOME' => '\\xampp\\mysql\\bin'
    'OPENSSL_CONF' => 'D:/xampp/apache/bin/openssl.cnf'
    'PHP_PEAR_SYSCONF_DIR' => '\\xampp\\php'
    'PHPRC' => '\\xampp\\php'
    'TMP' => '\\xampp\\tmp'
    'HTTP_HOST' => '192.168.101.40'
    'HTTP_CONNECTION' => 'keep-alive'
    'HTTP_ACCEPT' => 'text/html,application/xhtml+xml,application/xml;q=0.9,image/webp,*/*;q=0.8'
    'HTTP_UPGRADE_INSECURE_REQUESTS' => '1'
    'HTTP_USER_AGENT' => 'Mozilla/5.0 (Windows NT 6.3; WOW64) AppleWebKit/537.36 (KHTML, like Gecko) Chrome/49.0.2623.75 Safari/537.36'
    'HTTP_ACCEPT_ENCODING' => 'gzip, deflate, sdch'
    'HTTP_ACCEPT_LANGUAGE' => 'zh-CN,zh;q=0.8'
    'PATH' => 'C:\\Program Files (x86)\\Common Files\\NetSarang;C:\\WINDOWS\\system32;C:\\WINDOWS;C:\\WINDOWS\\System32\\Wbem;C:\\WINDOWS\\System32\\WindowsPowerShell\\v1.0\\;C:\\Program Files (x86)\\NVIDIA Corporation\\PhysX\\Common;D:\\TortoSvn\\bin;D:\\xampp\\php'
    'SystemRoot' => 'C:\\WINDOWS'
    'COMSPEC' => 'C:\\WINDOWS\\system32\\cmd.exe'
    'PATHEXT' => '.COM;.EXE;.BAT;.CMD;.VBS;.VBE;.JS;.JSE;.WSF;.WSH;.MSC'
    'WINDIR' => 'C:\\WINDOWS'
    'SERVER_SIGNATURE' => '<address>Apache/2.4.17 (Win32) OpenSSL/1.0.2d PHP/5.6.14 Server at 192.168.101.40 Port 80</address>
'
    'SERVER_SOFTWARE' => 'Apache/2.4.17 (Win32) OpenSSL/1.0.2d PHP/5.6.14'
    'SERVER_NAME' => '192.168.101.40'
    'SERVER_ADDR' => '192.168.101.40'
    'SERVER_PORT' => '80'
    'REMOTE_ADDR' => '192.168.101.40'
    'DOCUMENT_ROOT' => 'E:/app.xiaomaijr.com/api'
    'REQUEST_SCHEME' => 'http'
    'CONTEXT_PREFIX' => ''
    'CONTEXT_DOCUMENT_ROOT' => 'E:/app.xiaomaijr.com/api'
    'SERVER_ADMIN' => 'alpha@mail.zhima.com'
    'SCRIPT_FILENAME' => 'E:/app.xiaomaijr.com/api/web/index.php'
    'REMOTE_PORT' => '60014'
    'REDIRECT_QUERY_STRING' => 'user_id=236764&xiaomai=heiheihei'
    'REDIRECT_URL' => 'http://192.168.101.40/user/invest-list?user_id=236764&xiaomai=heiheihei'
    'GATEWAY_INTERFACE' => 'CGI/1.1'
    'SERVER_PROTOCOL' => 'HTTP/1.1'
    'REQUEST_METHOD' => 'GET'
    'QUERY_STRING' => 'user_id=236764&xiaomai=heiheihei'
    'REQUEST_URI' => '/user/invest-list?user_id=236764&xiaomai=heiheihei'
    'SCRIPT_NAME' => '/web/index.php'
    'PATH_INFO' => '/user/invest-list'
    'PATH_TRANSLATED' => 'redirect:\\web\\index.php\\user\\invest-list\\invest-list'
    'PHP_SELF' => '/web/index.php/user/invest-list'
    'REQUEST_TIME_FLOAT' => 1461663160.236
    'REQUEST_TIME' => 1461663160
]
2016-04-26 11:32:55 [192.168.101.40][-][-][info][application] [seller][api\controllers\UserController][actionInvestList][][0][success] time_used[1057]
    in E:\app.xiaomaijr.com\api\controllers\ApiBaseController.php:87
    in E:\app.xiaomaijr.com\api\controllers\UserController.php:416
2016-04-26 11:32:53 [192.168.101.40][-][-][info][application] $_GET = [
    'user_id' => '236764'
    'xiaomai' => 'heiheihei'
]

$_SERVER = [
    'REDIRECT_MIBDIRS' => 'D:/xampp/php/extras/mibs'
    'REDIRECT_MYSQL_HOME' => '\\xampp\\mysql\\bin'
    'REDIRECT_OPENSSL_CONF' => 'D:/xampp/apache/bin/openssl.cnf'
    'REDIRECT_PHP_PEAR_SYSCONF_DIR' => '\\xampp\\php'
    'REDIRECT_PHPRC' => '\\xampp\\php'
    'REDIRECT_TMP' => '\\xampp\\tmp'
    'REDIRECT_STATUS' => '200'
    'MIBDIRS' => 'D:/xampp/php/extras/mibs'
    'MYSQL_HOME' => '\\xampp\\mysql\\bin'
    'OPENSSL_CONF' => 'D:/xampp/apache/bin/openssl.cnf'
    'PHP_PEAR_SYSCONF_DIR' => '\\xampp\\php'
    'PHPRC' => '\\xampp\\php'
    'TMP' => '\\xampp\\tmp'
    'HTTP_HOST' => '192.168.101.40'
    'HTTP_CONNECTION' => 'keep-alive'
    'CONTENT_LENGTH' => '0'
    'HTTP_CACHE_CONTROL' => 'no-cache'
    'HTTP_ORIGIN' => 'chrome-extension://fhbjgbiflinjbdggehcddcbncdddomop'
    'HTTP_USER_AGENT' => 'Mozilla/5.0 (Windows NT 6.3; WOW64) AppleWebKit/537.36 (KHTML, like Gecko) Chrome/49.0.2623.75 Safari/537.36'
    'HTTP_POSTMAN_TOKEN' => 'aafea38a-9479-5756-0dd2-0d2523139adc'
    'HTTP_ACCEPT' => '*/*'
    'HTTP_ACCEPT_ENCODING' => 'gzip, deflate'
    'HTTP_ACCEPT_LANGUAGE' => 'zh-CN,zh;q=0.8'
    'PATH' => 'C:\\Program Files (x86)\\Common Files\\NetSarang;C:\\WINDOWS\\system32;C:\\WINDOWS;C:\\WINDOWS\\System32\\Wbem;C:\\WINDOWS\\System32\\WindowsPowerShell\\v1.0\\;C:\\Program Files (x86)\\NVIDIA Corporation\\PhysX\\Common;D:\\TortoSvn\\bin;D:\\xampp\\php'
    'SystemRoot' => 'C:\\WINDOWS'
    'COMSPEC' => 'C:\\WINDOWS\\system32\\cmd.exe'
    'PATHEXT' => '.COM;.EXE;.BAT;.CMD;.VBS;.VBE;.JS;.JSE;.WSF;.WSH;.MSC'
    'WINDIR' => 'C:\\WINDOWS'
    'SERVER_SIGNATURE' => '<address>Apache/2.4.17 (Win32) OpenSSL/1.0.2d PHP/5.6.14 Server at 192.168.101.40 Port 80</address>
'
    'SERVER_SOFTWARE' => 'Apache/2.4.17 (Win32) OpenSSL/1.0.2d PHP/5.6.14'
    'SERVER_NAME' => '192.168.101.40'
    'SERVER_ADDR' => '192.168.101.40'
    'SERVER_PORT' => '80'
    'REMOTE_ADDR' => '192.168.101.40'
    'DOCUMENT_ROOT' => 'E:/app.xiaomaijr.com/api'
    'REQUEST_SCHEME' => 'http'
    'CONTEXT_PREFIX' => ''
    'CONTEXT_DOCUMENT_ROOT' => 'E:/app.xiaomaijr.com/api'
    'SERVER_ADMIN' => 'alpha@mail.zhima.com'
    'SCRIPT_FILENAME' => 'E:/app.xiaomaijr.com/api/web/index.php'
    'REMOTE_PORT' => '60027'
    'REDIRECT_QUERY_STRING' => 'user_id=236764&xiaomai=heiheihei'
    'REDIRECT_URL' => 'http://192.168.101.40/user/invest-list?user_id=236764&xiaomai=heiheihei'
    'GATEWAY_INTERFACE' => 'CGI/1.1'
    'SERVER_PROTOCOL' => 'HTTP/1.1'
    'REQUEST_METHOD' => 'POST'
    'QUERY_STRING' => 'user_id=236764&xiaomai=heiheihei'
    'REQUEST_URI' => '/user/invest-list?user_id=236764&xiaomai=heiheihei'
    'SCRIPT_NAME' => '/web/index.php'
    'PATH_INFO' => '/user/invest-list'
    'PATH_TRANSLATED' => 'redirect:\\web\\index.php\\user\\invest-list\\invest-list'
    'PHP_SELF' => '/web/index.php/user/invest-list'
    'REQUEST_TIME_FLOAT' => 1461663173.537
    'REQUEST_TIME' => 1461663173
]
