2016-04-24 05:46:09 [192.168.101.40][-][-][info][application] [seller][api\controllers\UserController][actionAccount][][0][success] time_used[1083]
    in E:\app.xiaomaijr.com\api\controllers\ApiBaseController.php:87
    in E:\app.xiaomaijr.com\api\controllers\UserController.php:281
2016-04-24 05:46:07 [192.168.101.40][-][-][info][application] $_GET = [
    'xiaomai' => 'heiheihei'
    'user_id' => '236748'
    'access_token' => 'W_kf9Sc3ZJa_x4ke68wjUu6dzL0gEMaN-e-Hsj_NB4V5eKKd8SI3qpkcYcx9DM2--brX5uYevPzs'
]

$_SERVER = [
    'REDIRECT_MIBDIRS' => 'D:/xampp/php/extras/mibs'
    'REDIRECT_MYSQL_HOME' => '\\xampp\\mysql\\bin'
    'REDIRECT_OPENSSL_CONF' => 'D:/xampp/apache/bin/openssl.cnf'
    'REDIRECT_PHP_PEAR_SYSCONF_DIR' => '\\xampp\\php'
    'REDIRECT_PHPRC' => '\\xampp\\php'
    'REDIRECT_TMP' => '\\xampp\\tmp'
    'REDIRECT_STATUS' => '200'
    'MIBDIRS' => 'D:/xampp/php/extras/mibs'
    'MYSQL_HOME' => '\\xampp\\mysql\\bin'
    'OPENSSL_CONF' => 'D:/xampp/apache/bin/openssl.cnf'
    'PHP_PEAR_SYSCONF_DIR' => '\\xampp\\php'
    'PHPRC' => '\\xampp\\php'
    'TMP' => '\\xampp\\tmp'
    'HTTP_HOST' => '192.168.101.40'
    'HTTP_CONNECTION' => 'keep-alive'
    'HTTP_CACHE_CONTROL' => 'max-age=0'
    'HTTP_ACCEPT' => 'text/html,application/xhtml+xml,application/xml;q=0.9,image/webp,*/*;q=0.8'
    'HTTP_UPGRADE_INSECURE_REQUESTS' => '1'
    'HTTP_USER_AGENT' => 'Mozilla/5.0 (Windows NT 6.3; WOW64) AppleWebKit/537.36 (KHTML, like Gecko) Chrome/49.0.2623.75 Safari/537.36'
    'HTTP_ACCEPT_ENCODING' => 'gzip, deflate, sdch'
    'HTTP_ACCEPT_LANGUAGE' => 'zh-CN,zh;q=0.8'
    'PATH' => 'C:\\Program Files (x86)\\Common Files\\NetSarang;C:\\WINDOWS\\system32;C:\\WINDOWS;C:\\WINDOWS\\System32\\Wbem;C:\\WINDOWS\\System32\\WindowsPowerShell\\v1.0\\;C:\\Program Files (x86)\\NVIDIA Corporation\\PhysX\\Common;D:\\TortoSvn\\bin;D:\\xampp\\php'
    'SystemRoot' => 'C:\\WINDOWS'
    'COMSPEC' => 'C:\\WINDOWS\\system32\\cmd.exe'
    'PATHEXT' => '.COM;.EXE;.BAT;.CMD;.VBS;.VBE;.JS;.JSE;.WSF;.WSH;.MSC'
    'WINDIR' => 'C:\\WINDOWS'
    'SERVER_SIGNATURE' => '<address>Apache/2.4.17 (Win32) OpenSSL/1.0.2d PHP/5.6.14 Server at 192.168.101.40 Port 80</address>
'
    'SERVER_SOFTWARE' => 'Apache/2.4.17 (Win32) OpenSSL/1.0.2d PHP/5.6.14'
    'SERVER_NAME' => '192.168.101.40'
    'SERVER_ADDR' => '192.168.101.40'
    'SERVER_PORT' => '80'
    'REMOTE_ADDR' => '192.168.101.40'
    'DOCUMENT_ROOT' => 'E:/app.xiaomaijr.com/api'
    'REQUEST_SCHEME' => 'http'
    'CONTEXT_PREFIX' => ''
    'CONTEXT_DOCUMENT_ROOT' => 'E:/app.xiaomaijr.com/api'
    'SERVER_ADMIN' => 'alpha@mail.zhima.com'
    'SCRIPT_FILENAME' => 'E:/app.xiaomaijr.com/api/web/index.php'
    'REMOTE_PORT' => '54586'
    'REDIRECT_QUERY_STRING' => 'xiaomai=heiheihei&user_id=236748&access_token=W_kf9Sc3ZJa_x4ke68wjUu6dzL0gEMaN-e-Hsj_NB4V5eKKd8SI3qpkcYcx9DM2--brX5uYevPzs'
    'REDIRECT_URL' => 'http://192.168.101.40/user/account?xiaomai=heiheihei&user_id=236748&access_token=W_kf9Sc3ZJa_x4ke68wjUu6dzL0gEMaN-e-Hsj_NB4V5eKKd8SI3qpkcYcx9DM2--brX5uYevPzs'
    'GATEWAY_INTERFACE' => 'CGI/1.1'
    'SERVER_PROTOCOL' => 'HTTP/1.1'
    'REQUEST_METHOD' => 'GET'
    'QUERY_STRING' => 'xiaomai=heiheihei&user_id=236748&access_token=W_kf9Sc3ZJa_x4ke68wjUu6dzL0gEMaN-e-Hsj_NB4V5eKKd8SI3qpkcYcx9DM2--brX5uYevPzs'
    'REQUEST_URI' => '/user/account?xiaomai=heiheihei&user_id=236748&access_token=W_kf9Sc3ZJa_x4ke68wjUu6dzL0gEMaN-e-Hsj_NB4V5eKKd8SI3qpkcYcx9DM2--brX5uYevPzs'
    'SCRIPT_NAME' => '/web/index.php'
    'PATH_INFO' => '/user/account'
    'PATH_TRANSLATED' => 'redirect:\\web\\index.php\\user\\account\\account'
    'PHP_SELF' => '/web/index.php/user/account'
    'REQUEST_TIME_FLOAT' => 1461469567.018
    'REQUEST_TIME' => 1461469567
]
2016-04-24 05:46:24 [192.168.101.40][-][-][info][application] [seller][api\controllers\UserController][actionAccount][][0][success] time_used[1060]
    in E:\app.xiaomaijr.com\api\controllers\ApiBaseController.php:87
    in E:\app.xiaomaijr.com\api\controllers\UserController.php:281
2016-04-24 05:46:22 [192.168.101.40][-][-][info][application] $_GET = [
    'xiaomai' => 'heiheihei'
    'user_id' => '236748'
    'access_token' => 'W_kf9Sc3ZJa_x4ke68wjUu6dzL0gEMaN-e-Hsj_NB4V5eKKd8SI3qpkcYcx9DM2--brX5uYevPzs'
]

$_SERVER = [
    'REDIRECT_MIBDIRS' => 'D:/xampp/php/extras/mibs'
    'REDIRECT_MYSQL_HOME' => '\\xampp\\mysql\\bin'
    'REDIRECT_OPENSSL_CONF' => 'D:/xampp/apache/bin/openssl.cnf'
    'REDIRECT_PHP_PEAR_SYSCONF_DIR' => '\\xampp\\php'
    'REDIRECT_PHPRC' => '\\xampp\\php'
    'REDIRECT_TMP' => '\\xampp\\tmp'
    'REDIRECT_STATUS' => '200'
    'MIBDIRS' => 'D:/xampp/php/extras/mibs'
    'MYSQL_HOME' => '\\xampp\\mysql\\bin'
    'OPENSSL_CONF' => 'D:/xampp/apache/bin/openssl.cnf'
    'PHP_PEAR_SYSCONF_DIR' => '\\xampp\\php'
    'PHPRC' => '\\xampp\\php'
    'TMP' => '\\xampp\\tmp'
    'HTTP_HOST' => '192.168.101.40'
    'HTTP_CONNECTION' => 'keep-alive'
    'HTTP_CACHE_CONTROL' => 'max-age=0'
    'HTTP_ACCEPT' => 'text/html,application/xhtml+xml,application/xml;q=0.9,image/webp,*/*;q=0.8'
    'HTTP_UPGRADE_INSECURE_REQUESTS' => '1'
    'HTTP_USER_AGENT' => 'Mozilla/5.0 (Windows NT 6.3; WOW64) AppleWebKit/537.36 (KHTML, like Gecko) Chrome/49.0.2623.75 Safari/537.36'
    'HTTP_ACCEPT_ENCODING' => 'gzip, deflate, sdch'
    'HTTP_ACCEPT_LANGUAGE' => 'zh-CN,zh;q=0.8'
    'PATH' => 'C:\\Program Files (x86)\\Common Files\\NetSarang;C:\\WINDOWS\\system32;C:\\WINDOWS;C:\\WINDOWS\\System32\\Wbem;C:\\WINDOWS\\System32\\WindowsPowerShell\\v1.0\\;C:\\Program Files (x86)\\NVIDIA Corporation\\PhysX\\Common;D:\\TortoSvn\\bin;D:\\xampp\\php'
    'SystemRoot' => 'C:\\WINDOWS'
    'COMSPEC' => 'C:\\WINDOWS\\system32\\cmd.exe'
    'PATHEXT' => '.COM;.EXE;.BAT;.CMD;.VBS;.VBE;.JS;.JSE;.WSF;.WSH;.MSC'
    'WINDIR' => 'C:\\WINDOWS'
    'SERVER_SIGNATURE' => '<address>Apache/2.4.17 (Win32) OpenSSL/1.0.2d PHP/5.6.14 Server at 192.168.101.40 Port 80</address>
'
    'SERVER_SOFTWARE' => 'Apache/2.4.17 (Win32) OpenSSL/1.0.2d PHP/5.6.14'
    'SERVER_NAME' => '192.168.101.40'
    'SERVER_ADDR' => '192.168.101.40'
    'SERVER_PORT' => '80'
    'REMOTE_ADDR' => '192.168.101.40'
    'DOCUMENT_ROOT' => 'E:/app.xiaomaijr.com/api'
    'REQUEST_SCHEME' => 'http'
    'CONTEXT_PREFIX' => ''
    'CONTEXT_DOCUMENT_ROOT' => 'E:/app.xiaomaijr.com/api'
    'SERVER_ADMIN' => 'alpha@mail.zhima.com'
    'SCRIPT_FILENAME' => 'E:/app.xiaomaijr.com/api/web/index.php'
    'REMOTE_PORT' => '54597'
    'REDIRECT_QUERY_STRING' => 'xiaomai=heiheihei&user_id=236748&access_token=W_kf9Sc3ZJa_x4ke68wjUu6dzL0gEMaN-e-Hsj_NB4V5eKKd8SI3qpkcYcx9DM2--brX5uYevPzs'
    'REDIRECT_URL' => 'http://192.168.101.40/user/account?xiaomai=heiheihei&user_id=236748&access_token=W_kf9Sc3ZJa_x4ke68wjUu6dzL0gEMaN-e-Hsj_NB4V5eKKd8SI3qpkcYcx9DM2--brX5uYevPzs'
    'GATEWAY_INTERFACE' => 'CGI/1.1'
    'SERVER_PROTOCOL' => 'HTTP/1.1'
    'REQUEST_METHOD' => 'GET'
    'QUERY_STRING' => 'xiaomai=heiheihei&user_id=236748&access_token=W_kf9Sc3ZJa_x4ke68wjUu6dzL0gEMaN-e-Hsj_NB4V5eKKd8SI3qpkcYcx9DM2--brX5uYevPzs'
    'REQUEST_URI' => '/user/account?xiaomai=heiheihei&user_id=236748&access_token=W_kf9Sc3ZJa_x4ke68wjUu6dzL0gEMaN-e-Hsj_NB4V5eKKd8SI3qpkcYcx9DM2--brX5uYevPzs'
    'SCRIPT_NAME' => '/web/index.php'
    'PATH_INFO' => '/user/account'
    'PATH_TRANSLATED' => 'redirect:\\web\\index.php\\user\\account\\account'
    'PHP_SELF' => '/web/index.php/user/account'
    'REQUEST_TIME_FLOAT' => 1461469582.518
    'REQUEST_TIME' => 1461469582
]
