2016-05-05 11:36:34 [192.168.101.40][-][-][info][application] [seller][api\controllers\UserController][actionAccount][][0][success] time_used[1224]
    in E:\app.xiaomaijr.com\api\controllers\ApiBaseController.php:87
    in E:\app.xiaomaijr.com\api\controllers\UserController.php:294
2016-05-05 11:36:32 [192.168.101.40][-][-][info][application] $_GET = [
    'xiaomai' => 'heiheihei'
    'user_id' => '236768'
    'access_token' => 'M9NZya9a0CyezAIB0n1BaAhcily72betMFhq4CkcbNWyJ22xvVssWJ0y6ZvdhqR0'
]

$_SERVER = [
    'REDIRECT_MIBDIRS' => 'D:/xampp/php/extras/mibs'
    'REDIRECT_MYSQL_HOME' => '\\xampp\\mysql\\bin'
    'REDIRECT_OPENSSL_CONF' => 'D:/xampp/apache/bin/openssl.cnf'
    'REDIRECT_PHP_PEAR_SYSCONF_DIR' => '\\xampp\\php'
    'REDIRECT_PHPRC' => '\\xampp\\php'
    'REDIRECT_TMP' => '\\xampp\\tmp'
    'REDIRECT_STATUS' => '200'
    'MIBDIRS' => 'D:/xampp/php/extras/mibs'
    'MYSQL_HOME' => '\\xampp\\mysql\\bin'
    'OPENSSL_CONF' => 'D:/xampp/apache/bin/openssl.cnf'
    'PHP_PEAR_SYSCONF_DIR' => '\\xampp\\php'
    'PHPRC' => '\\xampp\\php'
    'TMP' => '\\xampp\\tmp'
    'HTTP_HOST' => '192.168.101.40'
    'HTTP_CONNECTION' => 'keep-alive'
    'HTTP_ACCEPT' => 'text/html,application/xhtml+xml,application/xml;q=0.9,image/webp,*/*;q=0.8'
    'HTTP_UPGRADE_INSECURE_REQUESTS' => '1'
    'HTTP_USER_AGENT' => 'Mozilla/5.0 (Windows NT 6.3; WOW64) AppleWebKit/537.36 (KHTML, like Gecko) Chrome/49.0.2623.75 Safari/537.36'
    'HTTP_ACCEPT_ENCODING' => 'gzip, deflate, sdch'
    'HTTP_ACCEPT_LANGUAGE' => 'zh-CN,zh;q=0.8'
    'PATH' => 'E:\\jre7\\bin;C:\\Program Files (x86)\\Common Files\\NetSarang;C:\\WINDOWS\\system32;C:\\WINDOWS;C:\\WINDOWS\\System32\\Wbem;C:\\WINDOWS\\System32\\WindowsPowerShell\\v1.0\\;C:\\Program Files (x86)\\NVIDIA Corporation\\PhysX\\Common;D:\\TortoSvn\\bin;D:\\xampp\\php'
    'SystemRoot' => 'C:\\WINDOWS'
    'COMSPEC' => 'C:\\WINDOWS\\system32\\cmd.exe'
    'PATHEXT' => '.COM;.EXE;.BAT;.CMD;.VBS;.VBE;.JS;.JSE;.WSF;.WSH;.MSC'
    'WINDIR' => 'C:\\WINDOWS'
    'SERVER_SIGNATURE' => '<address>Apache/2.4.17 (Win32) OpenSSL/1.0.2d PHP/5.6.14 Server at 192.168.101.40 Port 80</address>
'
    'SERVER_SOFTWARE' => 'Apache/2.4.17 (Win32) OpenSSL/1.0.2d PHP/5.6.14'
    'SERVER_NAME' => '192.168.101.40'
    'SERVER_ADDR' => '192.168.101.40'
    'SERVER_PORT' => '80'
    'REMOTE_ADDR' => '192.168.101.40'
    'DOCUMENT_ROOT' => 'E:/app.xiaomaijr.com/api'
    'REQUEST_SCHEME' => 'http'
    'CONTEXT_PREFIX' => ''
    'CONTEXT_DOCUMENT_ROOT' => 'E:/app.xiaomaijr.com/api'
    'SERVER_ADMIN' => 'alpha@mail.zhima.com'
    'SCRIPT_FILENAME' => 'E:/app.xiaomaijr.com/api/web/index.php'
    'REMOTE_PORT' => '51614'
    'REDIRECT_QUERY_STRING' => 'xiaomai=heiheihei&user_id=236768&access_token=M9NZya9a0CyezAIB0n1BaAhcily72betMFhq4CkcbNWyJ22xvVssWJ0y6ZvdhqR0'
    'REDIRECT_URL' => 'http://192.168.101.40/user/account?xiaomai=heiheihei&user_id=236768&access_token=M9NZya9a0CyezAIB0n1BaAhcily72betMFhq4CkcbNWyJ22xvVssWJ0y6ZvdhqR0'
    'GATEWAY_INTERFACE' => 'CGI/1.1'
    'SERVER_PROTOCOL' => 'HTTP/1.1'
    'REQUEST_METHOD' => 'GET'
    'QUERY_STRING' => 'xiaomai=heiheihei&user_id=236768&access_token=M9NZya9a0CyezAIB0n1BaAhcily72betMFhq4CkcbNWyJ22xvVssWJ0y6ZvdhqR0'
    'REQUEST_URI' => '/user/account?xiaomai=heiheihei&user_id=236768&access_token=M9NZya9a0CyezAIB0n1BaAhcily72betMFhq4CkcbNWyJ22xvVssWJ0y6ZvdhqR0'
    'SCRIPT_NAME' => '/web/index.php'
    'PATH_INFO' => '/user/account'
    'PATH_TRANSLATED' => 'redirect:\\web\\index.php\\user\\account\\account'
    'PHP_SELF' => '/web/index.php/user/account'
    'REQUEST_TIME_FLOAT' => 1462419392.57
    'REQUEST_TIME' => 1462419392
]
2016-05-05 11:37:30 [192.168.101.40][-][-][info][application] [seller][api\controllers\UserController][actionAccount][][0][success] time_used[1164]
    in E:\app.xiaomaijr.com\api\controllers\ApiBaseController.php:87
    in E:\app.xiaomaijr.com\api\controllers\UserController.php:294
2016-05-05 11:37:27 [192.168.101.40][-][-][info][application] $_GET = [
    'xiaomai' => 'heiheihei'
    'user_id' => '236768'
    'access_token' => 'M9NZya9a0CyezAIB0n1BaAhcily72betMFhq4CkcbNWyJ22xvVssWJ0y6ZvdhqR0'
]

$_SERVER = [
    'REDIRECT_MIBDIRS' => 'D:/xampp/php/extras/mibs'
    'REDIRECT_MYSQL_HOME' => '\\xampp\\mysql\\bin'
    'REDIRECT_OPENSSL_CONF' => 'D:/xampp/apache/bin/openssl.cnf'
    'REDIRECT_PHP_PEAR_SYSCONF_DIR' => '\\xampp\\php'
    'REDIRECT_PHPRC' => '\\xampp\\php'
    'REDIRECT_TMP' => '\\xampp\\tmp'
    'REDIRECT_STATUS' => '200'
    'MIBDIRS' => 'D:/xampp/php/extras/mibs'
    'MYSQL_HOME' => '\\xampp\\mysql\\bin'
    'OPENSSL_CONF' => 'D:/xampp/apache/bin/openssl.cnf'
    'PHP_PEAR_SYSCONF_DIR' => '\\xampp\\php'
    'PHPRC' => '\\xampp\\php'
    'TMP' => '\\xampp\\tmp'
    'HTTP_HOST' => '192.168.101.40'
    'HTTP_CONNECTION' => 'keep-alive'
    'HTTP_CACHE_CONTROL' => 'no-cache'
    'HTTP_USER_AGENT' => 'Mozilla/5.0 (Windows NT 6.3; WOW64) AppleWebKit/537.36 (KHTML, like Gecko) Chrome/49.0.2623.75 Safari/537.36'
    'HTTP_POSTMAN_TOKEN' => '92c5c01a-ba36-9397-1a66-ee906936ec4d'
    'HTTP_ACCEPT' => '*/*'
    'HTTP_ACCEPT_ENCODING' => 'gzip, deflate, sdch'
    'HTTP_ACCEPT_LANGUAGE' => 'zh-CN,zh;q=0.8'
    'PATH' => 'E:\\jre7\\bin;C:\\Program Files (x86)\\Common Files\\NetSarang;C:\\WINDOWS\\system32;C:\\WINDOWS;C:\\WINDOWS\\System32\\Wbem;C:\\WINDOWS\\System32\\WindowsPowerShell\\v1.0\\;C:\\Program Files (x86)\\NVIDIA Corporation\\PhysX\\Common;D:\\TortoSvn\\bin;D:\\xampp\\php'
    'SystemRoot' => 'C:\\WINDOWS'
    'COMSPEC' => 'C:\\WINDOWS\\system32\\cmd.exe'
    'PATHEXT' => '.COM;.EXE;.BAT;.CMD;.VBS;.VBE;.JS;.JSE;.WSF;.WSH;.MSC'
    'WINDIR' => 'C:\\WINDOWS'
    'SERVER_SIGNATURE' => '<address>Apache/2.4.17 (Win32) OpenSSL/1.0.2d PHP/5.6.14 Server at 192.168.101.40 Port 80</address>
'
    'SERVER_SOFTWARE' => 'Apache/2.4.17 (Win32) OpenSSL/1.0.2d PHP/5.6.14'
    'SERVER_NAME' => '192.168.101.40'
    'SERVER_ADDR' => '192.168.101.40'
    'SERVER_PORT' => '80'
    'REMOTE_ADDR' => '192.168.101.40'
    'DOCUMENT_ROOT' => 'E:/app.xiaomaijr.com/api'
    'REQUEST_SCHEME' => 'http'
    'CONTEXT_PREFIX' => ''
    'CONTEXT_DOCUMENT_ROOT' => 'E:/app.xiaomaijr.com/api'
    'SERVER_ADMIN' => 'alpha@mail.zhima.com'
    'SCRIPT_FILENAME' => 'E:/app.xiaomaijr.com/api/web/index.php'
    'REMOTE_PORT' => '51645'
    'REDIRECT_QUERY_STRING' => 'xiaomai=heiheihei&user_id=236768&access_token=M9NZya9a0CyezAIB0n1BaAhcily72betMFhq4CkcbNWyJ22xvVssWJ0y6ZvdhqR0'
    'REDIRECT_URL' => 'http://192.168.101.40/user/account?xiaomai=heiheihei&user_id=236768&access_token=M9NZya9a0CyezAIB0n1BaAhcily72betMFhq4CkcbNWyJ22xvVssWJ0y6ZvdhqR0'
    'GATEWAY_INTERFACE' => 'CGI/1.1'
    'SERVER_PROTOCOL' => 'HTTP/1.1'
    'REQUEST_METHOD' => 'GET'
    'QUERY_STRING' => 'xiaomai=heiheihei&user_id=236768&access_token=M9NZya9a0CyezAIB0n1BaAhcily72betMFhq4CkcbNWyJ22xvVssWJ0y6ZvdhqR0'
    'REQUEST_URI' => '/user/account?xiaomai=heiheihei&user_id=236768&access_token=M9NZya9a0CyezAIB0n1BaAhcily72betMFhq4CkcbNWyJ22xvVssWJ0y6ZvdhqR0'
    'SCRIPT_NAME' => '/web/index.php'
    'PATH_INFO' => '/user/account'
    'PATH_TRANSLATED' => 'redirect:\\web\\index.php\\user\\account\\account'
    'PHP_SELF' => '/web/index.php/user/account'
    'REQUEST_TIME_FLOAT' => 1462419447.674
    'REQUEST_TIME' => 1462419447
]
2016-05-05 11:39:24 [192.168.101.40][-][-][info][application] [seller][api\controllers\UserController][actionAccount][][0][success] time_used[1162]
    in E:\app.xiaomaijr.com\api\controllers\ApiBaseController.php:87
    in E:\app.xiaomaijr.com\api\controllers\UserController.php:294
2016-05-05 11:39:22 [192.168.101.40][-][-][info][application] $_GET = [
    'xiaomai' => 'heiheihei'
    'user_id' => '236768'
    'access_token' => 'M9NZya9a0CyezAIB0n1BaAhcily72betMFhq4CkcbNWyJ22xvVssWJ0y6ZvdhqR0'
]

$_SERVER = [
    'REDIRECT_MIBDIRS' => 'D:/xampp/php/extras/mibs'
    'REDIRECT_MYSQL_HOME' => '\\xampp\\mysql\\bin'
    'REDIRECT_OPENSSL_CONF' => 'D:/xampp/apache/bin/openssl.cnf'
    'REDIRECT_PHP_PEAR_SYSCONF_DIR' => '\\xampp\\php'
    'REDIRECT_PHPRC' => '\\xampp\\php'
    'REDIRECT_TMP' => '\\xampp\\tmp'
    'REDIRECT_STATUS' => '200'
    'MIBDIRS' => 'D:/xampp/php/extras/mibs'
    'MYSQL_HOME' => '\\xampp\\mysql\\bin'
    'OPENSSL_CONF' => 'D:/xampp/apache/bin/openssl.cnf'
    'PHP_PEAR_SYSCONF_DIR' => '\\xampp\\php'
    'PHPRC' => '\\xampp\\php'
    'TMP' => '\\xampp\\tmp'
    'HTTP_HOST' => '192.168.101.40'
    'HTTP_CONNECTION' => 'keep-alive'
    'HTTP_CACHE_CONTROL' => 'no-cache'
    'HTTP_USER_AGENT' => 'Mozilla/5.0 (Windows NT 6.3; WOW64) AppleWebKit/537.36 (KHTML, like Gecko) Chrome/49.0.2623.75 Safari/537.36'
    'HTTP_POSTMAN_TOKEN' => 'bcddd443-fbd4-d9c3-1589-530c229c83d8'
    'HTTP_ACCEPT' => '*/*'
    'HTTP_ACCEPT_ENCODING' => 'gzip, deflate, sdch'
    'HTTP_ACCEPT_LANGUAGE' => 'zh-CN,zh;q=0.8'
    'PATH' => 'E:\\jre7\\bin;C:\\Program Files (x86)\\Common Files\\NetSarang;C:\\WINDOWS\\system32;C:\\WINDOWS;C:\\WINDOWS\\System32\\Wbem;C:\\WINDOWS\\System32\\WindowsPowerShell\\v1.0\\;C:\\Program Files (x86)\\NVIDIA Corporation\\PhysX\\Common;D:\\TortoSvn\\bin;D:\\xampp\\php'
    'SystemRoot' => 'C:\\WINDOWS'
    'COMSPEC' => 'C:\\WINDOWS\\system32\\cmd.exe'
    'PATHEXT' => '.COM;.EXE;.BAT;.CMD;.VBS;.VBE;.JS;.JSE;.WSF;.WSH;.MSC'
    'WINDIR' => 'C:\\WINDOWS'
    'SERVER_SIGNATURE' => '<address>Apache/2.4.17 (Win32) OpenSSL/1.0.2d PHP/5.6.14 Server at 192.168.101.40 Port 80</address>
'
    'SERVER_SOFTWARE' => 'Apache/2.4.17 (Win32) OpenSSL/1.0.2d PHP/5.6.14'
    'SERVER_NAME' => '192.168.101.40'
    'SERVER_ADDR' => '192.168.101.40'
    'SERVER_PORT' => '80'
    'REMOTE_ADDR' => '192.168.101.40'
    'DOCUMENT_ROOT' => 'E:/app.xiaomaijr.com/api'
    'REQUEST_SCHEME' => 'http'
    'CONTEXT_PREFIX' => ''
    'CONTEXT_DOCUMENT_ROOT' => 'E:/app.xiaomaijr.com/api'
    'SERVER_ADMIN' => 'alpha@mail.zhima.com'
    'SCRIPT_FILENAME' => 'E:/app.xiaomaijr.com/api/web/index.php'
    'REMOTE_PORT' => '51688'
    'REDIRECT_QUERY_STRING' => 'xiaomai=heiheihei&user_id=236768&access_token=M9NZya9a0CyezAIB0n1BaAhcily72betMFhq4CkcbNWyJ22xvVssWJ0y6ZvdhqR0'
    'REDIRECT_URL' => 'http://192.168.101.40/user/account?xiaomai=heiheihei&user_id=236768&access_token=M9NZya9a0CyezAIB0n1BaAhcily72betMFhq4CkcbNWyJ22xvVssWJ0y6ZvdhqR0'
    'GATEWAY_INTERFACE' => 'CGI/1.1'
    'SERVER_PROTOCOL' => 'HTTP/1.1'
    'REQUEST_METHOD' => 'GET'
    'QUERY_STRING' => 'xiaomai=heiheihei&user_id=236768&access_token=M9NZya9a0CyezAIB0n1BaAhcily72betMFhq4CkcbNWyJ22xvVssWJ0y6ZvdhqR0'
    'REQUEST_URI' => '/user/account?xiaomai=heiheihei&user_id=236768&access_token=M9NZya9a0CyezAIB0n1BaAhcily72betMFhq4CkcbNWyJ22xvVssWJ0y6ZvdhqR0'
    'SCRIPT_NAME' => '/web/index.php'
    'PATH_INFO' => '/user/account'
    'PATH_TRANSLATED' => 'redirect:\\web\\index.php\\user\\account\\account'
    'PHP_SELF' => '/web/index.php/user/account'
    'REQUEST_TIME_FLOAT' => 1462419562.286
    'REQUEST_TIME' => 1462419562
]
2016-05-05 11:46:51 [192.168.101.40][-][-][info][application] [seller][api\controllers\UserController][actionAccount][][0][success] time_used[1194]
    in E:\app.xiaomaijr.com\api\controllers\ApiBaseController.php:87
    in E:\app.xiaomaijr.com\api\controllers\UserController.php:294
2016-05-05 11:46:49 [192.168.101.40][-][-][info][application] $_GET = [
    'xiaomai' => 'heiheihei'
    'user_id' => '236768'
    'access_token' => 'M9NZya9a0CyezAIB0n1BaAhcily72betMFhq4CkcbNWyJ22xvVssWJ0y6ZvdhqR0'
]

$_SERVER = [
    'REDIRECT_MIBDIRS' => 'D:/xampp/php/extras/mibs'
    'REDIRECT_MYSQL_HOME' => '\\xampp\\mysql\\bin'
    'REDIRECT_OPENSSL_CONF' => 'D:/xampp/apache/bin/openssl.cnf'
    'REDIRECT_PHP_PEAR_SYSCONF_DIR' => '\\xampp\\php'
    'REDIRECT_PHPRC' => '\\xampp\\php'
    'REDIRECT_TMP' => '\\xampp\\tmp'
    'REDIRECT_STATUS' => '200'
    'MIBDIRS' => 'D:/xampp/php/extras/mibs'
    'MYSQL_HOME' => '\\xampp\\mysql\\bin'
    'OPENSSL_CONF' => 'D:/xampp/apache/bin/openssl.cnf'
    'PHP_PEAR_SYSCONF_DIR' => '\\xampp\\php'
    'PHPRC' => '\\xampp\\php'
    'TMP' => '\\xampp\\tmp'
    'HTTP_HOST' => '192.168.101.40'
    'HTTP_CONNECTION' => 'keep-alive'
    'HTTP_CACHE_CONTROL' => 'no-cache'
    'HTTP_USER_AGENT' => 'Mozilla/5.0 (Windows NT 6.3; WOW64) AppleWebKit/537.36 (KHTML, like Gecko) Chrome/49.0.2623.75 Safari/537.36'
    'HTTP_POSTMAN_TOKEN' => '858d6d4d-922d-df26-dadf-edd0bfe3bbab'
    'HTTP_ACCEPT' => '*/*'
    'HTTP_ACCEPT_ENCODING' => 'gzip, deflate, sdch'
    'HTTP_ACCEPT_LANGUAGE' => 'zh-CN,zh;q=0.8'
    'PATH' => 'E:\\jre7\\bin;C:\\Program Files (x86)\\Common Files\\NetSarang;C:\\WINDOWS\\system32;C:\\WINDOWS;C:\\WINDOWS\\System32\\Wbem;C:\\WINDOWS\\System32\\WindowsPowerShell\\v1.0\\;C:\\Program Files (x86)\\NVIDIA Corporation\\PhysX\\Common;D:\\TortoSvn\\bin;D:\\xampp\\php'
    'SystemRoot' => 'C:\\WINDOWS'
    'COMSPEC' => 'C:\\WINDOWS\\system32\\cmd.exe'
    'PATHEXT' => '.COM;.EXE;.BAT;.CMD;.VBS;.VBE;.JS;.JSE;.WSF;.WSH;.MSC'
    'WINDIR' => 'C:\\WINDOWS'
    'SERVER_SIGNATURE' => '<address>Apache/2.4.17 (Win32) OpenSSL/1.0.2d PHP/5.6.14 Server at 192.168.101.40 Port 80</address>
'
    'SERVER_SOFTWARE' => 'Apache/2.4.17 (Win32) OpenSSL/1.0.2d PHP/5.6.14'
    'SERVER_NAME' => '192.168.101.40'
    'SERVER_ADDR' => '192.168.101.40'
    'SERVER_PORT' => '80'
    'REMOTE_ADDR' => '192.168.101.40'
    'DOCUMENT_ROOT' => 'E:/app.xiaomaijr.com/api'
    'REQUEST_SCHEME' => 'http'
    'CONTEXT_PREFIX' => ''
    'CONTEXT_DOCUMENT_ROOT' => 'E:/app.xiaomaijr.com/api'
    'SERVER_ADMIN' => 'alpha@mail.zhima.com'
    'SCRIPT_FILENAME' => 'E:/app.xiaomaijr.com/api/web/index.php'
    'REMOTE_PORT' => '51859'
    'REDIRECT_QUERY_STRING' => 'xiaomai=heiheihei&user_id=236768&access_token=M9NZya9a0CyezAIB0n1BaAhcily72betMFhq4CkcbNWyJ22xvVssWJ0y6ZvdhqR0'
    'REDIRECT_URL' => 'http://192.168.101.40/user/account?xiaomai=heiheihei&user_id=236768&access_token=M9NZya9a0CyezAIB0n1BaAhcily72betMFhq4CkcbNWyJ22xvVssWJ0y6ZvdhqR0'
    'GATEWAY_INTERFACE' => 'CGI/1.1'
    'SERVER_PROTOCOL' => 'HTTP/1.1'
    'REQUEST_METHOD' => 'GET'
    'QUERY_STRING' => 'xiaomai=heiheihei&user_id=236768&access_token=M9NZya9a0CyezAIB0n1BaAhcily72betMFhq4CkcbNWyJ22xvVssWJ0y6ZvdhqR0'
    'REQUEST_URI' => '/user/account?xiaomai=heiheihei&user_id=236768&access_token=M9NZya9a0CyezAIB0n1BaAhcily72betMFhq4CkcbNWyJ22xvVssWJ0y6ZvdhqR0'
    'SCRIPT_NAME' => '/web/index.php'
    'PATH_INFO' => '/user/account'
    'PATH_TRANSLATED' => 'redirect:\\web\\index.php\\user\\account\\account'
    'PHP_SELF' => '/web/index.php/user/account'
    'REQUEST_TIME_FLOAT' => 1462420009.365
    'REQUEST_TIME' => 1462420009
]
2016-05-05 11:54:45 [192.168.101.40][-][-][info][application] [seller][api\controllers\UserController][actionAccount][][0][success] time_used[1109]
    in E:\app.xiaomaijr.com\api\controllers\ApiBaseController.php:87
    in E:\app.xiaomaijr.com\api\controllers\UserController.php:294
2016-05-05 11:54:43 [192.168.101.40][-][-][info][application] $_GET = [
    'xiaomai' => 'heiheihei'
    'user_id' => '236768'
    'access_token' => 'M9NZya9a0CyezAIB0n1BaAhcily72betMFhq4CkcbNWyJ22xvVssWJ0y6ZvdhqR0'
]

$_SERVER = [
    'REDIRECT_MIBDIRS' => 'D:/xampp/php/extras/mibs'
    'REDIRECT_MYSQL_HOME' => '\\xampp\\mysql\\bin'
    'REDIRECT_OPENSSL_CONF' => 'D:/xampp/apache/bin/openssl.cnf'
    'REDIRECT_PHP_PEAR_SYSCONF_DIR' => '\\xampp\\php'
    'REDIRECT_PHPRC' => '\\xampp\\php'
    'REDIRECT_TMP' => '\\xampp\\tmp'
    'REDIRECT_STATUS' => '200'
    'MIBDIRS' => 'D:/xampp/php/extras/mibs'
    'MYSQL_HOME' => '\\xampp\\mysql\\bin'
    'OPENSSL_CONF' => 'D:/xampp/apache/bin/openssl.cnf'
    'PHP_PEAR_SYSCONF_DIR' => '\\xampp\\php'
    'PHPRC' => '\\xampp\\php'
    'TMP' => '\\xampp\\tmp'
    'HTTP_HOST' => '192.168.101.40'
    'HTTP_CONNECTION' => 'keep-alive'
    'HTTP_CACHE_CONTROL' => 'max-age=0'
    'HTTP_ACCEPT' => 'text/html,application/xhtml+xml,application/xml;q=0.9,image/webp,*/*;q=0.8'
    'HTTP_UPGRADE_INSECURE_REQUESTS' => '1'
    'HTTP_USER_AGENT' => 'Mozilla/5.0 (Windows NT 6.3; WOW64) AppleWebKit/537.36 (KHTML, like Gecko) Chrome/49.0.2623.75 Safari/537.36'
    'HTTP_ACCEPT_ENCODING' => 'gzip, deflate, sdch'
    'HTTP_ACCEPT_LANGUAGE' => 'zh-CN,zh;q=0.8'
    'PATH' => 'E:\\jre7\\bin;C:\\Program Files (x86)\\Common Files\\NetSarang;C:\\WINDOWS\\system32;C:\\WINDOWS;C:\\WINDOWS\\System32\\Wbem;C:\\WINDOWS\\System32\\WindowsPowerShell\\v1.0\\;C:\\Program Files (x86)\\NVIDIA Corporation\\PhysX\\Common;D:\\TortoSvn\\bin;D:\\xampp\\php'
    'SystemRoot' => 'C:\\WINDOWS'
    'COMSPEC' => 'C:\\WINDOWS\\system32\\cmd.exe'
    'PATHEXT' => '.COM;.EXE;.BAT;.CMD;.VBS;.VBE;.JS;.JSE;.WSF;.WSH;.MSC'
    'WINDIR' => 'C:\\WINDOWS'
    'SERVER_SIGNATURE' => '<address>Apache/2.4.17 (Win32) OpenSSL/1.0.2d PHP/5.6.14 Server at 192.168.101.40 Port 80</address>
'
    'SERVER_SOFTWARE' => 'Apache/2.4.17 (Win32) OpenSSL/1.0.2d PHP/5.6.14'
    'SERVER_NAME' => '192.168.101.40'
    'SERVER_ADDR' => '192.168.101.40'
    'SERVER_PORT' => '80'
    'REMOTE_ADDR' => '192.168.101.40'
    'DOCUMENT_ROOT' => 'E:/app.xiaomaijr.com/api'
    'REQUEST_SCHEME' => 'http'
    'CONTEXT_PREFIX' => ''
    'CONTEXT_DOCUMENT_ROOT' => 'E:/app.xiaomaijr.com/api'
    'SERVER_ADMIN' => 'alpha@mail.zhima.com'
    'SCRIPT_FILENAME' => 'E:/app.xiaomaijr.com/api/web/index.php'
    'REMOTE_PORT' => '52054'
    'REDIRECT_QUERY_STRING' => 'xiaomai=heiheihei&user_id=236768&access_token=M9NZya9a0CyezAIB0n1BaAhcily72betMFhq4CkcbNWyJ22xvVssWJ0y6ZvdhqR0'
    'REDIRECT_URL' => 'http://192.168.101.40/user/account?xiaomai=heiheihei&user_id=236768&access_token=M9NZya9a0CyezAIB0n1BaAhcily72betMFhq4CkcbNWyJ22xvVssWJ0y6ZvdhqR0'
    'GATEWAY_INTERFACE' => 'CGI/1.1'
    'SERVER_PROTOCOL' => 'HTTP/1.1'
    'REQUEST_METHOD' => 'GET'
    'QUERY_STRING' => 'xiaomai=heiheihei&user_id=236768&access_token=M9NZya9a0CyezAIB0n1BaAhcily72betMFhq4CkcbNWyJ22xvVssWJ0y6ZvdhqR0'
    'REQUEST_URI' => '/user/account?xiaomai=heiheihei&user_id=236768&access_token=M9NZya9a0CyezAIB0n1BaAhcily72betMFhq4CkcbNWyJ22xvVssWJ0y6ZvdhqR0'
    'SCRIPT_NAME' => '/web/index.php'
    'PATH_INFO' => '/user/account'
    'PATH_TRANSLATED' => 'redirect:\\web\\index.php\\user\\account\\account'
    'PHP_SELF' => '/web/index.php/user/account'
    'REQUEST_TIME_FLOAT' => 1462420483.825
    'REQUEST_TIME' => 1462420483
]
2016-05-05 13:31:23 [192.168.101.40][-][-][info][application] [seller][api\controllers\UserController][actionAccount][][0][success] time_used[1130]
    in E:\app.xiaomaijr.com\api\controllers\ApiBaseController.php:87
    in E:\app.xiaomaijr.com\api\controllers\UserController.php:294
2016-05-05 13:31:21 [192.168.101.40][-][-][info][application] $_GET = [
    'xiaomai' => 'heiheihei'
    'user_id' => '236768'
    'access_token' => 'M9NZya9a0CyezAIB0n1BaAhcily72betMFhq4CkcbNWyJ22xvVssWJ0y6ZvdhqR0'
]

$_SERVER = [
    'REDIRECT_MIBDIRS' => 'D:/xampp/php/extras/mibs'
    'REDIRECT_MYSQL_HOME' => '\\xampp\\mysql\\bin'
    'REDIRECT_OPENSSL_CONF' => 'D:/xampp/apache/bin/openssl.cnf'
    'REDIRECT_PHP_PEAR_SYSCONF_DIR' => '\\xampp\\php'
    'REDIRECT_PHPRC' => '\\xampp\\php'
    'REDIRECT_TMP' => '\\xampp\\tmp'
    'REDIRECT_STATUS' => '200'
    'MIBDIRS' => 'D:/xampp/php/extras/mibs'
    'MYSQL_HOME' => '\\xampp\\mysql\\bin'
    'OPENSSL_CONF' => 'D:/xampp/apache/bin/openssl.cnf'
    'PHP_PEAR_SYSCONF_DIR' => '\\xampp\\php'
    'PHPRC' => '\\xampp\\php'
    'TMP' => '\\xampp\\tmp'
    'HTTP_HOST' => '192.168.101.40'
    'HTTP_CONNECTION' => 'keep-alive'
    'HTTP_CACHE_CONTROL' => 'max-age=0'
    'HTTP_ACCEPT' => 'text/html,application/xhtml+xml,application/xml;q=0.9,image/webp,*/*;q=0.8'
    'HTTP_UPGRADE_INSECURE_REQUESTS' => '1'
    'HTTP_USER_AGENT' => 'Mozilla/5.0 (Windows NT 6.3; WOW64) AppleWebKit/537.36 (KHTML, like Gecko) Chrome/49.0.2623.75 Safari/537.36'
    'HTTP_ACCEPT_ENCODING' => 'gzip, deflate, sdch'
    'HTTP_ACCEPT_LANGUAGE' => 'zh-CN,zh;q=0.8'
    'PATH' => 'E:\\jre7\\bin;C:\\Program Files (x86)\\Common Files\\NetSarang;C:\\WINDOWS\\system32;C:\\WINDOWS;C:\\WINDOWS\\System32\\Wbem;C:\\WINDOWS\\System32\\WindowsPowerShell\\v1.0\\;C:\\Program Files (x86)\\NVIDIA Corporation\\PhysX\\Common;D:\\TortoSvn\\bin;D:\\xampp\\php'
    'SystemRoot' => 'C:\\WINDOWS'
    'COMSPEC' => 'C:\\WINDOWS\\system32\\cmd.exe'
    'PATHEXT' => '.COM;.EXE;.BAT;.CMD;.VBS;.VBE;.JS;.JSE;.WSF;.WSH;.MSC'
    'WINDIR' => 'C:\\WINDOWS'
    'SERVER_SIGNATURE' => '<address>Apache/2.4.17 (Win32) OpenSSL/1.0.2d PHP/5.6.14 Server at 192.168.101.40 Port 80</address>
'
    'SERVER_SOFTWARE' => 'Apache/2.4.17 (Win32) OpenSSL/1.0.2d PHP/5.6.14'
    'SERVER_NAME' => '192.168.101.40'
    'SERVER_ADDR' => '192.168.101.40'
    'SERVER_PORT' => '80'
    'REMOTE_ADDR' => '192.168.101.40'
    'DOCUMENT_ROOT' => 'E:/app.xiaomaijr.com/api'
    'REQUEST_SCHEME' => 'http'
    'CONTEXT_PREFIX' => ''
    'CONTEXT_DOCUMENT_ROOT' => 'E:/app.xiaomaijr.com/api'
    'SERVER_ADMIN' => 'alpha@mail.zhima.com'
    'SCRIPT_FILENAME' => 'E:/app.xiaomaijr.com/api/web/index.php'
    'REMOTE_PORT' => '56384'
    'REDIRECT_QUERY_STRING' => 'xiaomai=heiheihei&user_id=236768&access_token=M9NZya9a0CyezAIB0n1BaAhcily72betMFhq4CkcbNWyJ22xvVssWJ0y6ZvdhqR0'
    'REDIRECT_URL' => 'http://192.168.101.40/user/account?xiaomai=heiheihei&user_id=236768&access_token=M9NZya9a0CyezAIB0n1BaAhcily72betMFhq4CkcbNWyJ22xvVssWJ0y6ZvdhqR0'
    'GATEWAY_INTERFACE' => 'CGI/1.1'
    'SERVER_PROTOCOL' => 'HTTP/1.1'
    'REQUEST_METHOD' => 'GET'
    'QUERY_STRING' => 'xiaomai=heiheihei&user_id=236768&access_token=M9NZya9a0CyezAIB0n1BaAhcily72betMFhq4CkcbNWyJ22xvVssWJ0y6ZvdhqR0'
    'REQUEST_URI' => '/user/account?xiaomai=heiheihei&user_id=236768&access_token=M9NZya9a0CyezAIB0n1BaAhcily72betMFhq4CkcbNWyJ22xvVssWJ0y6ZvdhqR0'
    'SCRIPT_NAME' => '/web/index.php'
    'PATH_INFO' => '/user/account'
    'PATH_TRANSLATED' => 'redirect:\\web\\index.php\\user\\account\\account'
    'PHP_SELF' => '/web/index.php/user/account'
    'REQUEST_TIME_FLOAT' => 1462426281.055
    'REQUEST_TIME' => 1462426281
]
2016-05-05 13:39:44 [192.168.101.40][-][-][info][application] [seller][api\controllers\UserController][actionAccount][][0][success] time_used[1186]
    in E:\app.xiaomaijr.com\api\controllers\ApiBaseController.php:87
    in E:\app.xiaomaijr.com\api\controllers\UserController.php:294
2016-05-05 13:39:42 [192.168.101.40][-][-][info][application] $_GET = [
    'xiaomai' => 'heiheihei'
    'user_id' => '236768'
    'access_token' => 'M9NZya9a0CyezAIB0n1BaAhcily72betMFhq4CkcbNWyJ22xvVssWJ0y6ZvdhqR0'
]

$_SERVER = [
    'REDIRECT_MIBDIRS' => 'D:/xampp/php/extras/mibs'
    'REDIRECT_MYSQL_HOME' => '\\xampp\\mysql\\bin'
    'REDIRECT_OPENSSL_CONF' => 'D:/xampp/apache/bin/openssl.cnf'
    'REDIRECT_PHP_PEAR_SYSCONF_DIR' => '\\xampp\\php'
    'REDIRECT_PHPRC' => '\\xampp\\php'
    'REDIRECT_TMP' => '\\xampp\\tmp'
    'REDIRECT_STATUS' => '200'
    'MIBDIRS' => 'D:/xampp/php/extras/mibs'
    'MYSQL_HOME' => '\\xampp\\mysql\\bin'
    'OPENSSL_CONF' => 'D:/xampp/apache/bin/openssl.cnf'
    'PHP_PEAR_SYSCONF_DIR' => '\\xampp\\php'
    'PHPRC' => '\\xampp\\php'
    'TMP' => '\\xampp\\tmp'
    'HTTP_HOST' => '192.168.101.40'
    'HTTP_CONNECTION' => 'keep-alive'
    'HTTP_CACHE_CONTROL' => 'no-cache'
    'HTTP_USER_AGENT' => 'Mozilla/5.0 (Windows NT 6.3; WOW64) AppleWebKit/537.36 (KHTML, like Gecko) Chrome/49.0.2623.75 Safari/537.36'
    'HTTP_POSTMAN_TOKEN' => '0e6b8877-2e7c-66b9-2f3a-6fd135d01981'
    'HTTP_ACCEPT' => '*/*'
    'HTTP_ACCEPT_ENCODING' => 'gzip, deflate, sdch'
    'HTTP_ACCEPT_LANGUAGE' => 'zh-CN,zh;q=0.8'
    'PATH' => 'E:\\jre7\\bin;C:\\Program Files (x86)\\Common Files\\NetSarang;C:\\WINDOWS\\system32;C:\\WINDOWS;C:\\WINDOWS\\System32\\Wbem;C:\\WINDOWS\\System32\\WindowsPowerShell\\v1.0\\;C:\\Program Files (x86)\\NVIDIA Corporation\\PhysX\\Common;D:\\TortoSvn\\bin;D:\\xampp\\php'
    'SystemRoot' => 'C:\\WINDOWS'
    'COMSPEC' => 'C:\\WINDOWS\\system32\\cmd.exe'
    'PATHEXT' => '.COM;.EXE;.BAT;.CMD;.VBS;.VBE;.JS;.JSE;.WSF;.WSH;.MSC'
    'WINDIR' => 'C:\\WINDOWS'
    'SERVER_SIGNATURE' => '<address>Apache/2.4.17 (Win32) OpenSSL/1.0.2d PHP/5.6.14 Server at 192.168.101.40 Port 80</address>
'
    'SERVER_SOFTWARE' => 'Apache/2.4.17 (Win32) OpenSSL/1.0.2d PHP/5.6.14'
    'SERVER_NAME' => '192.168.101.40'
    'SERVER_ADDR' => '192.168.101.40'
    'SERVER_PORT' => '80'
    'REMOTE_ADDR' => '192.168.101.40'
    'DOCUMENT_ROOT' => 'E:/app.xiaomaijr.com/api'
    'REQUEST_SCHEME' => 'http'
    'CONTEXT_PREFIX' => ''
    'CONTEXT_DOCUMENT_ROOT' => 'E:/app.xiaomaijr.com/api'
    'SERVER_ADMIN' => 'alpha@mail.zhima.com'
    'SCRIPT_FILENAME' => 'E:/app.xiaomaijr.com/api/web/index.php'
    'REMOTE_PORT' => '56577'
    'REDIRECT_QUERY_STRING' => 'xiaomai=heiheihei&user_id=236768&access_token=M9NZya9a0CyezAIB0n1BaAhcily72betMFhq4CkcbNWyJ22xvVssWJ0y6ZvdhqR0'
    'REDIRECT_URL' => 'http://192.168.101.40/user/account?xiaomai=heiheihei&user_id=236768&access_token=M9NZya9a0CyezAIB0n1BaAhcily72betMFhq4CkcbNWyJ22xvVssWJ0y6ZvdhqR0'
    'GATEWAY_INTERFACE' => 'CGI/1.1'
    'SERVER_PROTOCOL' => 'HTTP/1.1'
    'REQUEST_METHOD' => 'GET'
    'QUERY_STRING' => 'xiaomai=heiheihei&user_id=236768&access_token=M9NZya9a0CyezAIB0n1BaAhcily72betMFhq4CkcbNWyJ22xvVssWJ0y6ZvdhqR0'
    'REQUEST_URI' => '/user/account?xiaomai=heiheihei&user_id=236768&access_token=M9NZya9a0CyezAIB0n1BaAhcily72betMFhq4CkcbNWyJ22xvVssWJ0y6ZvdhqR0'
    'SCRIPT_NAME' => '/web/index.php'
    'PATH_INFO' => '/user/account'
    'PATH_TRANSLATED' => 'redirect:\\web\\index.php\\user\\account\\account'
    'PHP_SELF' => '/web/index.php/user/account'
    'REQUEST_TIME_FLOAT' => 1462426782.502
    'REQUEST_TIME' => 1462426782
]
2016-05-05 13:43:57 [192.168.101.40][-][-][info][application] [seller][api\controllers\UserController][actionAccount][][0][success] time_used[1302]
    in E:\app.xiaomaijr.com\api\controllers\ApiBaseController.php:87
    in E:\app.xiaomaijr.com\api\controllers\UserController.php:294
2016-05-05 13:43:54 [192.168.101.40][-][-][info][application] $_GET = [
    'xiaomai' => 'heiheihei'
    'user_id' => '236768'
    'access_token' => 'M9NZya9a0CyezAIB0n1BaAhcily72betMFhq4CkcbNWyJ22xvVssWJ0y6ZvdhqR0'
]

$_SERVER = [
    'REDIRECT_MIBDIRS' => 'D:/xampp/php/extras/mibs'
    'REDIRECT_MYSQL_HOME' => '\\xampp\\mysql\\bin'
    'REDIRECT_OPENSSL_CONF' => 'D:/xampp/apache/bin/openssl.cnf'
    'REDIRECT_PHP_PEAR_SYSCONF_DIR' => '\\xampp\\php'
    'REDIRECT_PHPRC' => '\\xampp\\php'
    'REDIRECT_TMP' => '\\xampp\\tmp'
    'REDIRECT_STATUS' => '200'
    'MIBDIRS' => 'D:/xampp/php/extras/mibs'
    'MYSQL_HOME' => '\\xampp\\mysql\\bin'
    'OPENSSL_CONF' => 'D:/xampp/apache/bin/openssl.cnf'
    'PHP_PEAR_SYSCONF_DIR' => '\\xampp\\php'
    'PHPRC' => '\\xampp\\php'
    'TMP' => '\\xampp\\tmp'
    'HTTP_HOST' => '192.168.101.40'
    'HTTP_CONNECTION' => 'keep-alive'
    'HTTP_CACHE_CONTROL' => 'no-cache'
    'HTTP_USER_AGENT' => 'Mozilla/5.0 (Windows NT 6.3; WOW64) AppleWebKit/537.36 (KHTML, like Gecko) Chrome/49.0.2623.75 Safari/537.36'
    'HTTP_POSTMAN_TOKEN' => 'af2080b6-fa20-bddf-280f-239a321d0da9'
    'HTTP_ACCEPT' => '*/*'
    'HTTP_ACCEPT_ENCODING' => 'gzip, deflate, sdch'
    'HTTP_ACCEPT_LANGUAGE' => 'zh-CN,zh;q=0.8'
    'PATH' => 'E:\\jre7\\bin;C:\\Program Files (x86)\\Common Files\\NetSarang;C:\\WINDOWS\\system32;C:\\WINDOWS;C:\\WINDOWS\\System32\\Wbem;C:\\WINDOWS\\System32\\WindowsPowerShell\\v1.0\\;C:\\Program Files (x86)\\NVIDIA Corporation\\PhysX\\Common;D:\\TortoSvn\\bin;D:\\xampp\\php'
    'SystemRoot' => 'C:\\WINDOWS'
    'COMSPEC' => 'C:\\WINDOWS\\system32\\cmd.exe'
    'PATHEXT' => '.COM;.EXE;.BAT;.CMD;.VBS;.VBE;.JS;.JSE;.WSF;.WSH;.MSC'
    'WINDIR' => 'C:\\WINDOWS'
    'SERVER_SIGNATURE' => '<address>Apache/2.4.17 (Win32) OpenSSL/1.0.2d PHP/5.6.14 Server at 192.168.101.40 Port 80</address>
'
    'SERVER_SOFTWARE' => 'Apache/2.4.17 (Win32) OpenSSL/1.0.2d PHP/5.6.14'
    'SERVER_NAME' => '192.168.101.40'
    'SERVER_ADDR' => '192.168.101.40'
    'SERVER_PORT' => '80'
    'REMOTE_ADDR' => '192.168.101.40'
    'DOCUMENT_ROOT' => 'E:/app.xiaomaijr.com/api'
    'REQUEST_SCHEME' => 'http'
    'CONTEXT_PREFIX' => ''
    'CONTEXT_DOCUMENT_ROOT' => 'E:/app.xiaomaijr.com/api'
    'SERVER_ADMIN' => 'alpha@mail.zhima.com'
    'SCRIPT_FILENAME' => 'E:/app.xiaomaijr.com/api/web/index.php'
    'REMOTE_PORT' => '56723'
    'REDIRECT_QUERY_STRING' => 'xiaomai=heiheihei&user_id=236768&access_token=M9NZya9a0CyezAIB0n1BaAhcily72betMFhq4CkcbNWyJ22xvVssWJ0y6ZvdhqR0'
    'REDIRECT_URL' => 'http://192.168.101.40/user/account?xiaomai=heiheihei&user_id=236768&access_token=M9NZya9a0CyezAIB0n1BaAhcily72betMFhq4CkcbNWyJ22xvVssWJ0y6ZvdhqR0'
    'GATEWAY_INTERFACE' => 'CGI/1.1'
    'SERVER_PROTOCOL' => 'HTTP/1.1'
    'REQUEST_METHOD' => 'GET'
    'QUERY_STRING' => 'xiaomai=heiheihei&user_id=236768&access_token=M9NZya9a0CyezAIB0n1BaAhcily72betMFhq4CkcbNWyJ22xvVssWJ0y6ZvdhqR0'
    'REQUEST_URI' => '/user/account?xiaomai=heiheihei&user_id=236768&access_token=M9NZya9a0CyezAIB0n1BaAhcily72betMFhq4CkcbNWyJ22xvVssWJ0y6ZvdhqR0'
    'SCRIPT_NAME' => '/web/index.php'
    'PATH_INFO' => '/user/account'
    'PATH_TRANSLATED' => 'redirect:\\web\\index.php\\user\\account\\account'
    'PHP_SELF' => '/web/index.php/user/account'
    'REQUEST_TIME_FLOAT' => 1462427034.723
    'REQUEST_TIME' => 1462427034
]
2016-05-05 13:45:20 [192.168.101.40][-][-][info][application] [seller][api\controllers\UserController][actionAccount][][0][success] time_used[1114]
    in E:\app.xiaomaijr.com\api\controllers\ApiBaseController.php:87
    in E:\app.xiaomaijr.com\api\controllers\UserController.php:294
2016-05-05 13:45:18 [192.168.101.40][-][-][info][application] $_GET = [
    'xiaomai' => 'heiheihei'
    'user_id' => '236768'
    'access_token' => 'M9NZya9a0CyezAIB0n1BaAhcily72betMFhq4CkcbNWyJ22xvVssWJ0y6ZvdhqR0'
]

$_SERVER = [
    'REDIRECT_MIBDIRS' => 'D:/xampp/php/extras/mibs'
    'REDIRECT_MYSQL_HOME' => '\\xampp\\mysql\\bin'
    'REDIRECT_OPENSSL_CONF' => 'D:/xampp/apache/bin/openssl.cnf'
    'REDIRECT_PHP_PEAR_SYSCONF_DIR' => '\\xampp\\php'
    'REDIRECT_PHPRC' => '\\xampp\\php'
    'REDIRECT_TMP' => '\\xampp\\tmp'
    'REDIRECT_STATUS' => '200'
    'MIBDIRS' => 'D:/xampp/php/extras/mibs'
    'MYSQL_HOME' => '\\xampp\\mysql\\bin'
    'OPENSSL_CONF' => 'D:/xampp/apache/bin/openssl.cnf'
    'PHP_PEAR_SYSCONF_DIR' => '\\xampp\\php'
    'PHPRC' => '\\xampp\\php'
    'TMP' => '\\xampp\\tmp'
    'HTTP_HOST' => '192.168.101.40'
    'HTTP_CONNECTION' => 'keep-alive'
    'HTTP_CACHE_CONTROL' => 'no-cache'
    'HTTP_USER_AGENT' => 'Mozilla/5.0 (Windows NT 6.3; WOW64) AppleWebKit/537.36 (KHTML, like Gecko) Chrome/49.0.2623.75 Safari/537.36'
    'HTTP_POSTMAN_TOKEN' => 'fcb5ca9a-d3e3-0ea8-6b45-b52c730718c5'
    'HTTP_ACCEPT' => '*/*'
    'HTTP_ACCEPT_ENCODING' => 'gzip, deflate, sdch'
    'HTTP_ACCEPT_LANGUAGE' => 'zh-CN,zh;q=0.8'
    'PATH' => 'E:\\jre7\\bin;C:\\Program Files (x86)\\Common Files\\NetSarang;C:\\WINDOWS\\system32;C:\\WINDOWS;C:\\WINDOWS\\System32\\Wbem;C:\\WINDOWS\\System32\\WindowsPowerShell\\v1.0\\;C:\\Program Files (x86)\\NVIDIA Corporation\\PhysX\\Common;D:\\TortoSvn\\bin;D:\\xampp\\php'
    'SystemRoot' => 'C:\\WINDOWS'
    'COMSPEC' => 'C:\\WINDOWS\\system32\\cmd.exe'
    'PATHEXT' => '.COM;.EXE;.BAT;.CMD;.VBS;.VBE;.JS;.JSE;.WSF;.WSH;.MSC'
    'WINDIR' => 'C:\\WINDOWS'
    'SERVER_SIGNATURE' => '<address>Apache/2.4.17 (Win32) OpenSSL/1.0.2d PHP/5.6.14 Server at 192.168.101.40 Port 80</address>
'
    'SERVER_SOFTWARE' => 'Apache/2.4.17 (Win32) OpenSSL/1.0.2d PHP/5.6.14'
    'SERVER_NAME' => '192.168.101.40'
    'SERVER_ADDR' => '192.168.101.40'
    'SERVER_PORT' => '80'
    'REMOTE_ADDR' => '192.168.101.40'
    'DOCUMENT_ROOT' => 'E:/app.xiaomaijr.com/api'
    'REQUEST_SCHEME' => 'http'
    'CONTEXT_PREFIX' => ''
    'CONTEXT_DOCUMENT_ROOT' => 'E:/app.xiaomaijr.com/api'
    'SERVER_ADMIN' => 'alpha@mail.zhima.com'
    'SCRIPT_FILENAME' => 'E:/app.xiaomaijr.com/api/web/index.php'
    'REMOTE_PORT' => '56771'
    'REDIRECT_QUERY_STRING' => 'xiaomai=heiheihei&user_id=236768&access_token=M9NZya9a0CyezAIB0n1BaAhcily72betMFhq4CkcbNWyJ22xvVssWJ0y6ZvdhqR0'
    'REDIRECT_URL' => 'http://192.168.101.40/user/account?xiaomai=heiheihei&user_id=236768&access_token=M9NZya9a0CyezAIB0n1BaAhcily72betMFhq4CkcbNWyJ22xvVssWJ0y6ZvdhqR0'
    'GATEWAY_INTERFACE' => 'CGI/1.1'
    'SERVER_PROTOCOL' => 'HTTP/1.1'
    'REQUEST_METHOD' => 'GET'
    'QUERY_STRING' => 'xiaomai=heiheihei&user_id=236768&access_token=M9NZya9a0CyezAIB0n1BaAhcily72betMFhq4CkcbNWyJ22xvVssWJ0y6ZvdhqR0'
    'REQUEST_URI' => '/user/account?xiaomai=heiheihei&user_id=236768&access_token=M9NZya9a0CyezAIB0n1BaAhcily72betMFhq4CkcbNWyJ22xvVssWJ0y6ZvdhqR0'
    'SCRIPT_NAME' => '/web/index.php'
    'PATH_INFO' => '/user/account'
    'PATH_TRANSLATED' => 'redirect:\\web\\index.php\\user\\account\\account'
    'PHP_SELF' => '/web/index.php/user/account'
    'REQUEST_TIME_FLOAT' => 1462427118.771
    'REQUEST_TIME' => 1462427118
]
2016-05-05 13:50:27 [192.168.101.40][-][-][info][application] [seller][api\controllers\UserController][actionFundFlow][][0][success] time_used[1178]
    in E:\app.xiaomaijr.com\api\controllers\ApiBaseController.php:87
    in E:\app.xiaomaijr.com\api\controllers\UserController.php:98
2016-05-05 13:50:24 [192.168.101.40][-][-][info][application] $_GET = [
    'xiaomai' => 'heiheihei'
    'user_id' => '236768'
    'access_token' => 'M9NZya9a0CyezAIB0n1BaAhcily72betMFhq4CkcbNWyJ22xvVssWJ0y6ZvdhqR0'
]

$_SERVER = [
    'REDIRECT_MIBDIRS' => 'D:/xampp/php/extras/mibs'
    'REDIRECT_MYSQL_HOME' => '\\xampp\\mysql\\bin'
    'REDIRECT_OPENSSL_CONF' => 'D:/xampp/apache/bin/openssl.cnf'
    'REDIRECT_PHP_PEAR_SYSCONF_DIR' => '\\xampp\\php'
    'REDIRECT_PHPRC' => '\\xampp\\php'
    'REDIRECT_TMP' => '\\xampp\\tmp'
    'REDIRECT_STATUS' => '200'
    'MIBDIRS' => 'D:/xampp/php/extras/mibs'
    'MYSQL_HOME' => '\\xampp\\mysql\\bin'
    'OPENSSL_CONF' => 'D:/xampp/apache/bin/openssl.cnf'
    'PHP_PEAR_SYSCONF_DIR' => '\\xampp\\php'
    'PHPRC' => '\\xampp\\php'
    'TMP' => '\\xampp\\tmp'
    'HTTP_HOST' => '192.168.101.40'
    'HTTP_CONNECTION' => 'keep-alive'
    'HTTP_CACHE_CONTROL' => 'no-cache'
    'HTTP_USER_AGENT' => 'Mozilla/5.0 (Windows NT 6.3; WOW64) AppleWebKit/537.36 (KHTML, like Gecko) Chrome/49.0.2623.75 Safari/537.36'
    'HTTP_POSTMAN_TOKEN' => '15e1010a-0f9b-eb13-1f39-6d589fdf4204'
    'HTTP_ACCEPT' => '*/*'
    'HTTP_ACCEPT_ENCODING' => 'gzip, deflate, sdch'
    'HTTP_ACCEPT_LANGUAGE' => 'zh-CN,zh;q=0.8'
    'PATH' => 'E:\\jre7\\bin;C:\\Program Files (x86)\\Common Files\\NetSarang;C:\\WINDOWS\\system32;C:\\WINDOWS;C:\\WINDOWS\\System32\\Wbem;C:\\WINDOWS\\System32\\WindowsPowerShell\\v1.0\\;C:\\Program Files (x86)\\NVIDIA Corporation\\PhysX\\Common;D:\\TortoSvn\\bin;D:\\xampp\\php'
    'SystemRoot' => 'C:\\WINDOWS'
    'COMSPEC' => 'C:\\WINDOWS\\system32\\cmd.exe'
    'PATHEXT' => '.COM;.EXE;.BAT;.CMD;.VBS;.VBE;.JS;.JSE;.WSF;.WSH;.MSC'
    'WINDIR' => 'C:\\WINDOWS'
    'SERVER_SIGNATURE' => '<address>Apache/2.4.17 (Win32) OpenSSL/1.0.2d PHP/5.6.14 Server at 192.168.101.40 Port 80</address>
'
    'SERVER_SOFTWARE' => 'Apache/2.4.17 (Win32) OpenSSL/1.0.2d PHP/5.6.14'
    'SERVER_NAME' => '192.168.101.40'
    'SERVER_ADDR' => '192.168.101.40'
    'SERVER_PORT' => '80'
    'REMOTE_ADDR' => '192.168.101.40'
    'DOCUMENT_ROOT' => 'E:/app.xiaomaijr.com/api'
    'REQUEST_SCHEME' => 'http'
    'CONTEXT_PREFIX' => ''
    'CONTEXT_DOCUMENT_ROOT' => 'E:/app.xiaomaijr.com/api'
    'SERVER_ADMIN' => 'alpha@mail.zhima.com'
    'SCRIPT_FILENAME' => 'E:/app.xiaomaijr.com/api/web/index.php'
    'REMOTE_PORT' => '56922'
    'REDIRECT_QUERY_STRING' => 'xiaomai=heiheihei&user_id=236768&access_token=M9NZya9a0CyezAIB0n1BaAhcily72betMFhq4CkcbNWyJ22xvVssWJ0y6ZvdhqR0'
    'REDIRECT_URL' => 'http://192.168.101.40/user/fund-flow?xiaomai=heiheihei&user_id=236768&access_token=M9NZya9a0CyezAIB0n1BaAhcily72betMFhq4CkcbNWyJ22xvVssWJ0y6ZvdhqR0'
    'GATEWAY_INTERFACE' => 'CGI/1.1'
    'SERVER_PROTOCOL' => 'HTTP/1.1'
    'REQUEST_METHOD' => 'GET'
    'QUERY_STRING' => 'xiaomai=heiheihei&user_id=236768&access_token=M9NZya9a0CyezAIB0n1BaAhcily72betMFhq4CkcbNWyJ22xvVssWJ0y6ZvdhqR0'
    'REQUEST_URI' => '/user/fund-flow?xiaomai=heiheihei&user_id=236768&access_token=M9NZya9a0CyezAIB0n1BaAhcily72betMFhq4CkcbNWyJ22xvVssWJ0y6ZvdhqR0'
    'SCRIPT_NAME' => '/web/index.php'
    'PATH_INFO' => '/user/fund-flow'
    'PATH_TRANSLATED' => 'redirect:\\web\\index.php\\user\\fund-flow\\fund-flow'
    'PHP_SELF' => '/web/index.php/user/fund-flow'
    'REQUEST_TIME_FLOAT' => 1462427424.951
    'REQUEST_TIME' => 1462427424
]
2016-05-05 14:32:58 [192.168.101.40][-][-][info][application] [seller][api\controllers\BorrowController][actionInvest][][0][success] time_used[1671]
    in E:\app.xiaomaijr.com\api\controllers\ApiBaseController.php:87
    in E:\app.xiaomaijr.com\api\controllers\BorrowController.php:173
2016-05-05 14:32:55 [192.168.101.40][-][-][info][application] $_GET = [
    'user_id' => '236768'
    'id' => '206'
    'money' => '100'
    'xiaomai' => 'heiheihei'
    'access_token' => 'M9NZya9a0CyezAIB0n1BaAhcily72betMFhq4CkcbNWyJ22xvVssWJ0y6ZvdhqR0'
]

$_SERVER = [
    'REDIRECT_MIBDIRS' => 'D:/xampp/php/extras/mibs'
    'REDIRECT_MYSQL_HOME' => '\\xampp\\mysql\\bin'
    'REDIRECT_OPENSSL_CONF' => 'D:/xampp/apache/bin/openssl.cnf'
    'REDIRECT_PHP_PEAR_SYSCONF_DIR' => '\\xampp\\php'
    'REDIRECT_PHPRC' => '\\xampp\\php'
    'REDIRECT_TMP' => '\\xampp\\tmp'
    'REDIRECT_STATUS' => '200'
    'MIBDIRS' => 'D:/xampp/php/extras/mibs'
    'MYSQL_HOME' => '\\xampp\\mysql\\bin'
    'OPENSSL_CONF' => 'D:/xampp/apache/bin/openssl.cnf'
    'PHP_PEAR_SYSCONF_DIR' => '\\xampp\\php'
    'PHPRC' => '\\xampp\\php'
    'TMP' => '\\xampp\\tmp'
    'HTTP_HOST' => '192.168.101.40'
    'HTTP_CONNECTION' => 'keep-alive'
    'HTTP_CACHE_CONTROL' => 'max-age=0'
    'HTTP_ACCEPT' => 'text/html,application/xhtml+xml,application/xml;q=0.9,image/webp,*/*;q=0.8'
    'HTTP_UPGRADE_INSECURE_REQUESTS' => '1'
    'HTTP_USER_AGENT' => 'Mozilla/5.0 (Windows NT 6.3; WOW64) AppleWebKit/537.36 (KHTML, like Gecko) Chrome/49.0.2623.75 Safari/537.36'
    'HTTP_ACCEPT_ENCODING' => 'gzip, deflate, sdch'
    'HTTP_ACCEPT_LANGUAGE' => 'zh-CN,zh;q=0.8'
    'PATH' => 'E:\\jre7\\bin;C:\\Program Files (x86)\\Common Files\\NetSarang;C:\\WINDOWS\\system32;C:\\WINDOWS;C:\\WINDOWS\\System32\\Wbem;C:\\WINDOWS\\System32\\WindowsPowerShell\\v1.0\\;C:\\Program Files (x86)\\NVIDIA Corporation\\PhysX\\Common;D:\\TortoSvn\\bin;D:\\xampp\\php'
    'SystemRoot' => 'C:\\WINDOWS'
    'COMSPEC' => 'C:\\WINDOWS\\system32\\cmd.exe'
    'PATHEXT' => '.COM;.EXE;.BAT;.CMD;.VBS;.VBE;.JS;.JSE;.WSF;.WSH;.MSC'
    'WINDIR' => 'C:\\WINDOWS'
    'SERVER_SIGNATURE' => '<address>Apache/2.4.17 (Win32) OpenSSL/1.0.2d PHP/5.6.14 Server at 192.168.101.40 Port 80</address>
'
    'SERVER_SOFTWARE' => 'Apache/2.4.17 (Win32) OpenSSL/1.0.2d PHP/5.6.14'
    'SERVER_NAME' => '192.168.101.40'
    'SERVER_ADDR' => '192.168.101.40'
    'SERVER_PORT' => '80'
    'REMOTE_ADDR' => '192.168.101.40'
    'DOCUMENT_ROOT' => 'E:/app.xiaomaijr.com/api'
    'REQUEST_SCHEME' => 'http'
    'CONTEXT_PREFIX' => ''
    'CONTEXT_DOCUMENT_ROOT' => 'E:/app.xiaomaijr.com/api'
    'SERVER_ADMIN' => 'alpha@mail.zhima.com'
    'SCRIPT_FILENAME' => 'E:/app.xiaomaijr.com/api/web/index.php'
    'REMOTE_PORT' => '58983'
    'REDIRECT_QUERY_STRING' => 'user_id=236768&id=206&money=100&xiaomai=heiheihei&access_token=M9NZya9a0CyezAIB0n1BaAhcily72betMFhq4CkcbNWyJ22xvVssWJ0y6ZvdhqR0'
    'REDIRECT_URL' => 'http://192.168.101.40/borrow/invest?user_id=236768&id=206&money=100&xiaomai=heiheihei&access_token=M9NZya9a0CyezAIB0n1BaAhcily72betMFhq4CkcbNWyJ22xvVssWJ0y6ZvdhqR0'
    'GATEWAY_INTERFACE' => 'CGI/1.1'
    'SERVER_PROTOCOL' => 'HTTP/1.1'
    'REQUEST_METHOD' => 'GET'
    'QUERY_STRING' => 'user_id=236768&id=206&money=100&xiaomai=heiheihei&access_token=M9NZya9a0CyezAIB0n1BaAhcily72betMFhq4CkcbNWyJ22xvVssWJ0y6ZvdhqR0'
    'REQUEST_URI' => '/borrow/invest?user_id=236768&id=206&money=100&xiaomai=heiheihei&access_token=M9NZya9a0CyezAIB0n1BaAhcily72betMFhq4CkcbNWyJ22xvVssWJ0y6ZvdhqR0'
    'SCRIPT_NAME' => '/web/index.php'
    'PATH_INFO' => '/borrow/invest'
    'PATH_TRANSLATED' => 'redirect:\\web\\index.php\\borrow\\invest\\invest'
    'PHP_SELF' => '/web/index.php/borrow/invest'
    'REQUEST_TIME_FLOAT' => 1462429975.562
    'REQUEST_TIME' => 1462429975
]
2016-05-05 14:48:32 [192.168.101.40][-][-][info][application] [seller][api\controllers\EscrowController][actionWithdrawFast][][0][success] time_used[1311]
    in E:\app.xiaomaijr.com\api\controllers\ApiBaseController.php:87
    in E:\app.xiaomaijr.com\api\controllers\EscrowController.php:431
2016-05-05 14:48:30 [192.168.101.40][-][-][info][application] $_GET = [
    'app_ver' => '1'
    'bank_privince' => '1'
    'bank_num' => '12345678901234567890'
    'bank_city' => '1001'
    'api_ver' => '1'
    'bank_code' => '1'
    'access_token' => 'jUN7BL6u0BsWCyzE2aG3dDImL-YR3BlBEoxTEVmpOtZWfWwx9sF5NQafdZstS3eQ'
    'app_name' => '小麦金融'
    'sign' => '0b71772fcfde5e90de78f6a1fb385c3e'
    'mobile_type' => 'android'
    'user_id' => '236764'
    'channel' => '豌豆荚'
    'money' => '24598'
    'bank_addr' => '沙河分行'
]

$_SERVER = [
    'REDIRECT_MIBDIRS' => 'D:/xampp/php/extras/mibs'
    'REDIRECT_MYSQL_HOME' => '\\xampp\\mysql\\bin'
    'REDIRECT_OPENSSL_CONF' => 'D:/xampp/apache/bin/openssl.cnf'
    'REDIRECT_PHP_PEAR_SYSCONF_DIR' => '\\xampp\\php'
    'REDIRECT_PHPRC' => '\\xampp\\php'
    'REDIRECT_TMP' => '\\xampp\\tmp'
    'REDIRECT_STATUS' => '200'
    'MIBDIRS' => 'D:/xampp/php/extras/mibs'
    'MYSQL_HOME' => '\\xampp\\mysql\\bin'
    'OPENSSL_CONF' => 'D:/xampp/apache/bin/openssl.cnf'
    'PHP_PEAR_SYSCONF_DIR' => '\\xampp\\php'
    'PHPRC' => '\\xampp\\php'
    'TMP' => '\\xampp\\tmp'
    'HTTP_HOST' => '192.168.101.40'
    'HTTP_CONNECTION' => 'keep-alive'
    'HTTP_CACHE_CONTROL' => 'no-cache'
    'HTTP_USER_AGENT' => 'Mozilla/5.0 (Windows NT 6.3; WOW64) AppleWebKit/537.36 (KHTML, like Gecko) Chrome/49.0.2623.75 Safari/537.36'
    'HTTP_POSTMAN_TOKEN' => 'cbbd99e0-5546-074d-8f6e-2afe6f31a486'
    'HTTP_ACCEPT' => '*/*'
    'HTTP_ACCEPT_ENCODING' => 'gzip, deflate, sdch'
    'HTTP_ACCEPT_LANGUAGE' => 'zh-CN,zh;q=0.8'
    'PATH' => 'E:\\jre7\\bin;C:\\Program Files (x86)\\Common Files\\NetSarang;C:\\WINDOWS\\system32;C:\\WINDOWS;C:\\WINDOWS\\System32\\Wbem;C:\\WINDOWS\\System32\\WindowsPowerShell\\v1.0\\;C:\\Program Files (x86)\\NVIDIA Corporation\\PhysX\\Common;D:\\TortoSvn\\bin;D:\\xampp\\php'
    'SystemRoot' => 'C:\\WINDOWS'
    'COMSPEC' => 'C:\\WINDOWS\\system32\\cmd.exe'
    'PATHEXT' => '.COM;.EXE;.BAT;.CMD;.VBS;.VBE;.JS;.JSE;.WSF;.WSH;.MSC'
    'WINDIR' => 'C:\\WINDOWS'
    'SERVER_SIGNATURE' => '<address>Apache/2.4.17 (Win32) OpenSSL/1.0.2d PHP/5.6.14 Server at 192.168.101.40 Port 80</address>
'
    'SERVER_SOFTWARE' => 'Apache/2.4.17 (Win32) OpenSSL/1.0.2d PHP/5.6.14'
    'SERVER_NAME' => '192.168.101.40'
    'SERVER_ADDR' => '192.168.101.40'
    'SERVER_PORT' => '80'
    'REMOTE_ADDR' => '192.168.101.40'
    'DOCUMENT_ROOT' => 'E:/app.xiaomaijr.com/api'
    'REQUEST_SCHEME' => 'http'
    'CONTEXT_PREFIX' => ''
    'CONTEXT_DOCUMENT_ROOT' => 'E:/app.xiaomaijr.com/api'
    'SERVER_ADMIN' => 'alpha@mail.zhima.com'
    'SCRIPT_FILENAME' => 'E:/app.xiaomaijr.com/api/web/index.php'
    'REMOTE_PORT' => '59429'
    'REDIRECT_QUERY_STRING' => 'app_ver=1&bank_privince=1&bank_num=12345678901234567890&bank_city=1001&api_ver=1&bank_code=1&access_token=jUN7BL6u0BsWCyzE2aG3dDImL-YR3BlBEoxTEVmpOtZWfWwx9sF5NQafdZstS3eQ&app_name=%E5%B0%8F%E9%BA%A6%E9%87%91%E8%9E%8D&sign=0b71772fcfde5e90de78f6a1fb385c3e&mobile_type=android&user_id=236764&channel=%E8%B1%8C%E8%B1%86%E8%8D%9A&money=24598&bank_addr=%E6%B2%99%E6%B2%B3%E5%88%86%E8%A1%8C'
    'REDIRECT_URL' => 'http://192.168.101.40/escrow/withdraw-fast?app_ver=1&bank_privince=1&bank_num=12345678901234567890&bank_city=1001&api_ver=1&bank_code=1&access_token=jUN7BL6u0BsWCyzE2aG3dDImL-YR3BlBEoxTEVmpOtZWfWwx9sF5NQafdZstS3eQ&app_name=%E5%B0%8F%E9%BA%A6%E9%87%91%E8%9E%8D&sign=0b71772fcfde5e90de78f6a1fb385c3e&mobile_type=android&user_id=236764&channel=%E8%B1%8C%E8%B1%86%E8%8D%9A&money=24598&bank_addr=%E6%B2%99%E6%B2%B3%E5%88%86%E8%A1%8C'
    'GATEWAY_INTERFACE' => 'CGI/1.1'
    'SERVER_PROTOCOL' => 'HTTP/1.1'
    'REQUEST_METHOD' => 'GET'
    'QUERY_STRING' => 'app_ver=1&bank_privince=1&bank_num=12345678901234567890&bank_city=1001&api_ver=1&bank_code=1&access_token=jUN7BL6u0BsWCyzE2aG3dDImL-YR3BlBEoxTEVmpOtZWfWwx9sF5NQafdZstS3eQ&app_name=%E5%B0%8F%E9%BA%A6%E9%87%91%E8%9E%8D&sign=0b71772fcfde5e90de78f6a1fb385c3e&mobile_type=android&user_id=236764&channel=%E8%B1%8C%E8%B1%86%E8%8D%9A&money=24598&bank_addr=%E6%B2%99%E6%B2%B3%E5%88%86%E8%A1%8C'
    'REQUEST_URI' => '/escrow/withdraw-fast?app_ver=1&bank_privince=1&bank_num=12345678901234567890&bank_city=1001&api_ver=1&bank_code=1&access_token=jUN7BL6u0BsWCyzE2aG3dDImL-YR3BlBEoxTEVmpOtZWfWwx9sF5NQafdZstS3eQ&app_name=%E5%B0%8F%E9%BA%A6%E9%87%91%E8%9E%8D&sign=0b71772fcfde5e90de78f6a1fb385c3e&mobile_type=android&user_id=236764&channel=%E8%B1%8C%E8%B1%86%E8%8D%9A&money=24598&bank_addr=%E6%B2%99%E6%B2%B3%E5%88%86%E8%A1%8C'
    'SCRIPT_NAME' => '/web/index.php'
    'PATH_INFO' => '/escrow/withdraw-fast'
    'PATH_TRANSLATED' => 'redirect:\\web\\index.php\\escrow\\withdraw-fast\\withdraw-fast'
    'PHP_SELF' => '/web/index.php/escrow/withdraw-fast'
    'REQUEST_TIME_FLOAT' => 1462430910.531
    'REQUEST_TIME' => 1462430910
]
