2016-04-28 08:19:55 [192.168.101.40][-][-][info][application] [seller][api\controllers\EscrowController][actionWithdrawDetail][][0][success] time_used[1785]
    in E:\app.xiaomaijr.com\api\controllers\ApiBaseController.php:87
    in E:\app.xiaomaijr.com\api\controllers\EscrowController.php:202
2016-04-28 08:19:52 [192.168.101.40][-][-][info][application] $_GET = [
    'xiaomai' => 'heiheihei'
    'user_id' => '236742'
]

$_SERVER = [
    'REDIRECT_MIBDIRS' => 'D:/xampp/php/extras/mibs'
    'REDIRECT_MYSQL_HOME' => '\\xampp\\mysql\\bin'
    'REDIRECT_OPENSSL_CONF' => 'D:/xampp/apache/bin/openssl.cnf'
    'REDIRECT_PHP_PEAR_SYSCONF_DIR' => '\\xampp\\php'
    'REDIRECT_PHPRC' => '\\xampp\\php'
    'REDIRECT_TMP' => '\\xampp\\tmp'
    'REDIRECT_STATUS' => '200'
    'MIBDIRS' => 'D:/xampp/php/extras/mibs'
    'MYSQL_HOME' => '\\xampp\\mysql\\bin'
    'OPENSSL_CONF' => 'D:/xampp/apache/bin/openssl.cnf'
    'PHP_PEAR_SYSCONF_DIR' => '\\xampp\\php'
    'PHPRC' => '\\xampp\\php'
    'TMP' => '\\xampp\\tmp'
    'HTTP_HOST' => '192.168.101.40'
    'HTTP_CONNECTION' => 'keep-alive'
    'HTTP_CACHE_CONTROL' => 'no-cache'
    'HTTP_USER_AGENT' => 'Mozilla/5.0 (Windows NT 6.3; WOW64) AppleWebKit/537.36 (KHTML, like Gecko) Chrome/49.0.2623.75 Safari/537.36'
    'HTTP_POSTMAN_TOKEN' => 'fd5a9c8a-bb38-357e-8340-997a362d0f31'
    'HTTP_ACCEPT' => '*/*'
    'HTTP_ACCEPT_ENCODING' => 'gzip, deflate, sdch'
    'HTTP_ACCEPT_LANGUAGE' => 'zh-CN,zh;q=0.8'
    'PATH' => 'E:\\jre7\\bin;C:\\Program Files (x86)\\Common Files\\NetSarang;C:\\WINDOWS\\system32;C:\\WINDOWS;C:\\WINDOWS\\System32\\Wbem;C:\\WINDOWS\\System32\\WindowsPowerShell\\v1.0\\;C:\\Program Files (x86)\\NVIDIA Corporation\\PhysX\\Common;D:\\TortoSvn\\bin;D:\\xampp\\php'
    'SystemRoot' => 'C:\\WINDOWS'
    'COMSPEC' => 'C:\\WINDOWS\\system32\\cmd.exe'
    'PATHEXT' => '.COM;.EXE;.BAT;.CMD;.VBS;.VBE;.JS;.JSE;.WSF;.WSH;.MSC'
    'WINDIR' => 'C:\\WINDOWS'
    'SERVER_SIGNATURE' => '<address>Apache/2.4.17 (Win32) OpenSSL/1.0.2d PHP/5.6.14 Server at 192.168.101.40 Port 80</address>
'
    'SERVER_SOFTWARE' => 'Apache/2.4.17 (Win32) OpenSSL/1.0.2d PHP/5.6.14'
    'SERVER_NAME' => '192.168.101.40'
    'SERVER_ADDR' => '192.168.101.40'
    'SERVER_PORT' => '80'
    'REMOTE_ADDR' => '192.168.101.40'
    'DOCUMENT_ROOT' => 'E:/app.xiaomaijr.com/api'
    'REQUEST_SCHEME' => 'http'
    'CONTEXT_PREFIX' => ''
    'CONTEXT_DOCUMENT_ROOT' => 'E:/app.xiaomaijr.com/api'
    'SERVER_ADMIN' => 'alpha@mail.zhima.com'
    'SCRIPT_FILENAME' => 'E:/app.xiaomaijr.com/api/web/index.php'
    'REMOTE_PORT' => '58550'
    'REDIRECT_QUERY_STRING' => 'xiaomai=heiheihei&user_id=236742'
    'REDIRECT_URL' => 'http://192.168.101.40/escrow/withdraw-detail?xiaomai=heiheihei&user_id=236742'
    'GATEWAY_INTERFACE' => 'CGI/1.1'
    'SERVER_PROTOCOL' => 'HTTP/1.1'
    'REQUEST_METHOD' => 'GET'
    'QUERY_STRING' => 'xiaomai=heiheihei&user_id=236742'
    'REQUEST_URI' => '/escrow/withdraw-detail?xiaomai=heiheihei&user_id=236742'
    'SCRIPT_NAME' => '/web/index.php'
    'PATH_INFO' => '/escrow/withdraw-detail'
    'PATH_TRANSLATED' => 'redirect:\\web\\index.php\\escrow\\withdraw-detail\\withdraw-detail'
    'PHP_SELF' => '/web/index.php/escrow/withdraw-detail'
    'REQUEST_TIME_FLOAT' => 1461824392.436
    'REQUEST_TIME' => 1461824392
]
2016-04-28 08:20:31 [192.168.101.40][-][-][info][application] [seller][api\controllers\EscrowController][actionWithdrawDetail][][0][success] time_used[1421]
    in E:\app.xiaomaijr.com\api\controllers\ApiBaseController.php:87
    in E:\app.xiaomaijr.com\api\controllers\EscrowController.php:162
2016-04-28 08:20:28 [192.168.101.40][-][-][info][application] $_GET = [
    'xiaomai' => 'heiheihei'
    'user_id' => '236748'
]

$_SERVER = [
    'REDIRECT_MIBDIRS' => 'D:/xampp/php/extras/mibs'
    'REDIRECT_MYSQL_HOME' => '\\xampp\\mysql\\bin'
    'REDIRECT_OPENSSL_CONF' => 'D:/xampp/apache/bin/openssl.cnf'
    'REDIRECT_PHP_PEAR_SYSCONF_DIR' => '\\xampp\\php'
    'REDIRECT_PHPRC' => '\\xampp\\php'
    'REDIRECT_TMP' => '\\xampp\\tmp'
    'REDIRECT_STATUS' => '200'
    'MIBDIRS' => 'D:/xampp/php/extras/mibs'
    'MYSQL_HOME' => '\\xampp\\mysql\\bin'
    'OPENSSL_CONF' => 'D:/xampp/apache/bin/openssl.cnf'
    'PHP_PEAR_SYSCONF_DIR' => '\\xampp\\php'
    'PHPRC' => '\\xampp\\php'
    'TMP' => '\\xampp\\tmp'
    'HTTP_HOST' => '192.168.101.40'
    'HTTP_CONNECTION' => 'keep-alive'
    'HTTP_CACHE_CONTROL' => 'no-cache'
    'HTTP_USER_AGENT' => 'Mozilla/5.0 (Windows NT 6.3; WOW64) AppleWebKit/537.36 (KHTML, like Gecko) Chrome/49.0.2623.75 Safari/537.36'
    'HTTP_POSTMAN_TOKEN' => '9f7ec1e7-2034-6094-c3c1-4f592a221175'
    'HTTP_ACCEPT' => '*/*'
    'HTTP_ACCEPT_ENCODING' => 'gzip, deflate, sdch'
    'HTTP_ACCEPT_LANGUAGE' => 'zh-CN,zh;q=0.8'
    'PATH' => 'E:\\jre7\\bin;C:\\Program Files (x86)\\Common Files\\NetSarang;C:\\WINDOWS\\system32;C:\\WINDOWS;C:\\WINDOWS\\System32\\Wbem;C:\\WINDOWS\\System32\\WindowsPowerShell\\v1.0\\;C:\\Program Files (x86)\\NVIDIA Corporation\\PhysX\\Common;D:\\TortoSvn\\bin;D:\\xampp\\php'
    'SystemRoot' => 'C:\\WINDOWS'
    'COMSPEC' => 'C:\\WINDOWS\\system32\\cmd.exe'
    'PATHEXT' => '.COM;.EXE;.BAT;.CMD;.VBS;.VBE;.JS;.JSE;.WSF;.WSH;.MSC'
    'WINDIR' => 'C:\\WINDOWS'
    'SERVER_SIGNATURE' => '<address>Apache/2.4.17 (Win32) OpenSSL/1.0.2d PHP/5.6.14 Server at 192.168.101.40 Port 80</address>
'
    'SERVER_SOFTWARE' => 'Apache/2.4.17 (Win32) OpenSSL/1.0.2d PHP/5.6.14'
    'SERVER_NAME' => '192.168.101.40'
    'SERVER_ADDR' => '192.168.101.40'
    'SERVER_PORT' => '80'
    'REMOTE_ADDR' => '192.168.101.40'
    'DOCUMENT_ROOT' => 'E:/app.xiaomaijr.com/api'
    'REQUEST_SCHEME' => 'http'
    'CONTEXT_PREFIX' => ''
    'CONTEXT_DOCUMENT_ROOT' => 'E:/app.xiaomaijr.com/api'
    'SERVER_ADMIN' => 'alpha@mail.zhima.com'
    'SCRIPT_FILENAME' => 'E:/app.xiaomaijr.com/api/web/index.php'
    'REMOTE_PORT' => '58563'
    'REDIRECT_QUERY_STRING' => 'xiaomai=heiheihei&user_id=236748'
    'REDIRECT_URL' => 'http://192.168.101.40/escrow/withdraw-detail?xiaomai=heiheihei&user_id=236748'
    'GATEWAY_INTERFACE' => 'CGI/1.1'
    'SERVER_PROTOCOL' => 'HTTP/1.1'
    'REQUEST_METHOD' => 'GET'
    'QUERY_STRING' => 'xiaomai=heiheihei&user_id=236748'
    'REQUEST_URI' => '/escrow/withdraw-detail?xiaomai=heiheihei&user_id=236748'
    'SCRIPT_NAME' => '/web/index.php'
    'PATH_INFO' => '/escrow/withdraw-detail'
    'PATH_TRANSLATED' => 'redirect:\\web\\index.php\\escrow\\withdraw-detail\\withdraw-detail'
    'PHP_SELF' => '/web/index.php/escrow/withdraw-detail'
    'REQUEST_TIME_FLOAT' => 1461824428.98
    'REQUEST_TIME' => 1461824428
]
2016-04-28 08:21:32 [192.168.101.40][-][-][info][application] [seller][api\controllers\EscrowController][actionWithdrawDetail][][0][success] time_used[1455]
    in E:\app.xiaomaijr.com\api\controllers\ApiBaseController.php:87
    in E:\app.xiaomaijr.com\api\controllers\EscrowController.php:163
2016-04-28 08:21:30 [192.168.101.40][-][-][info][application] $_GET = [
    'xiaomai' => 'heiheihei'
    'user_id' => '236748'
]

$_SERVER = [
    'REDIRECT_MIBDIRS' => 'D:/xampp/php/extras/mibs'
    'REDIRECT_MYSQL_HOME' => '\\xampp\\mysql\\bin'
    'REDIRECT_OPENSSL_CONF' => 'D:/xampp/apache/bin/openssl.cnf'
    'REDIRECT_PHP_PEAR_SYSCONF_DIR' => '\\xampp\\php'
    'REDIRECT_PHPRC' => '\\xampp\\php'
    'REDIRECT_TMP' => '\\xampp\\tmp'
    'REDIRECT_STATUS' => '200'
    'MIBDIRS' => 'D:/xampp/php/extras/mibs'
    'MYSQL_HOME' => '\\xampp\\mysql\\bin'
    'OPENSSL_CONF' => 'D:/xampp/apache/bin/openssl.cnf'
    'PHP_PEAR_SYSCONF_DIR' => '\\xampp\\php'
    'PHPRC' => '\\xampp\\php'
    'TMP' => '\\xampp\\tmp'
    'HTTP_HOST' => '192.168.101.40'
    'HTTP_CONNECTION' => 'keep-alive'
    'HTTP_CACHE_CONTROL' => 'no-cache'
    'HTTP_USER_AGENT' => 'Mozilla/5.0 (Windows NT 6.3; WOW64) AppleWebKit/537.36 (KHTML, like Gecko) Chrome/49.0.2623.75 Safari/537.36'
    'HTTP_POSTMAN_TOKEN' => 'df62526d-2ad9-9f5e-317f-f3fc06f20198'
    'HTTP_ACCEPT' => '*/*'
    'HTTP_ACCEPT_ENCODING' => 'gzip, deflate, sdch'
    'HTTP_ACCEPT_LANGUAGE' => 'zh-CN,zh;q=0.8'
    'PATH' => 'E:\\jre7\\bin;C:\\Program Files (x86)\\Common Files\\NetSarang;C:\\WINDOWS\\system32;C:\\WINDOWS;C:\\WINDOWS\\System32\\Wbem;C:\\WINDOWS\\System32\\WindowsPowerShell\\v1.0\\;C:\\Program Files (x86)\\NVIDIA Corporation\\PhysX\\Common;D:\\TortoSvn\\bin;D:\\xampp\\php'
    'SystemRoot' => 'C:\\WINDOWS'
    'COMSPEC' => 'C:\\WINDOWS\\system32\\cmd.exe'
    'PATHEXT' => '.COM;.EXE;.BAT;.CMD;.VBS;.VBE;.JS;.JSE;.WSF;.WSH;.MSC'
    'WINDIR' => 'C:\\WINDOWS'
    'SERVER_SIGNATURE' => '<address>Apache/2.4.17 (Win32) OpenSSL/1.0.2d PHP/5.6.14 Server at 192.168.101.40 Port 80</address>
'
    'SERVER_SOFTWARE' => 'Apache/2.4.17 (Win32) OpenSSL/1.0.2d PHP/5.6.14'
    'SERVER_NAME' => '192.168.101.40'
    'SERVER_ADDR' => '192.168.101.40'
    'SERVER_PORT' => '80'
    'REMOTE_ADDR' => '192.168.101.40'
    'DOCUMENT_ROOT' => 'E:/app.xiaomaijr.com/api'
    'REQUEST_SCHEME' => 'http'
    'CONTEXT_PREFIX' => ''
    'CONTEXT_DOCUMENT_ROOT' => 'E:/app.xiaomaijr.com/api'
    'SERVER_ADMIN' => 'alpha@mail.zhima.com'
    'SCRIPT_FILENAME' => 'E:/app.xiaomaijr.com/api/web/index.php'
    'REMOTE_PORT' => '58581'
    'REDIRECT_QUERY_STRING' => 'xiaomai=heiheihei&user_id=236748'
    'REDIRECT_URL' => 'http://192.168.101.40/escrow/withdraw-detail?xiaomai=heiheihei&user_id=236748'
    'GATEWAY_INTERFACE' => 'CGI/1.1'
    'SERVER_PROTOCOL' => 'HTTP/1.1'
    'REQUEST_METHOD' => 'GET'
    'QUERY_STRING' => 'xiaomai=heiheihei&user_id=236748'
    'REQUEST_URI' => '/escrow/withdraw-detail?xiaomai=heiheihei&user_id=236748'
    'SCRIPT_NAME' => '/web/index.php'
    'PATH_INFO' => '/escrow/withdraw-detail'
    'PATH_TRANSLATED' => 'redirect:\\web\\index.php\\escrow\\withdraw-detail\\withdraw-detail'
    'PHP_SELF' => '/web/index.php/escrow/withdraw-detail'
    'REQUEST_TIME_FLOAT' => 1461824490.484
    'REQUEST_TIME' => 1461824490
]
2016-04-28 08:22:03 [192.168.101.40][-][-][info][application] [seller][api\controllers\EscrowController][actionWithdrawDetail][][0][success] time_used[1609]
    in E:\app.xiaomaijr.com\api\controllers\ApiBaseController.php:87
    in E:\app.xiaomaijr.com\api\controllers\EscrowController.php:163
2016-04-28 08:22:01 [192.168.101.40][-][-][info][application] $_GET = [
    'xiaomai' => 'heiheihei'
    'user_id' => '236748'
]

$_SERVER = [
    'REDIRECT_MIBDIRS' => 'D:/xampp/php/extras/mibs'
    'REDIRECT_MYSQL_HOME' => '\\xampp\\mysql\\bin'
    'REDIRECT_OPENSSL_CONF' => 'D:/xampp/apache/bin/openssl.cnf'
    'REDIRECT_PHP_PEAR_SYSCONF_DIR' => '\\xampp\\php'
    'REDIRECT_PHPRC' => '\\xampp\\php'
    'REDIRECT_TMP' => '\\xampp\\tmp'
    'REDIRECT_STATUS' => '200'
    'MIBDIRS' => 'D:/xampp/php/extras/mibs'
    'MYSQL_HOME' => '\\xampp\\mysql\\bin'
    'OPENSSL_CONF' => 'D:/xampp/apache/bin/openssl.cnf'
    'PHP_PEAR_SYSCONF_DIR' => '\\xampp\\php'
    'PHPRC' => '\\xampp\\php'
    'TMP' => '\\xampp\\tmp'
    'HTTP_HOST' => '192.168.101.40'
    'HTTP_CONNECTION' => 'keep-alive'
    'HTTP_CACHE_CONTROL' => 'no-cache'
    'HTTP_USER_AGENT' => 'Mozilla/5.0 (Windows NT 6.3; WOW64) AppleWebKit/537.36 (KHTML, like Gecko) Chrome/49.0.2623.75 Safari/537.36'
    'HTTP_POSTMAN_TOKEN' => '5e6379ed-c250-da77-7b23-1e3c0939526a'
    'HTTP_ACCEPT' => '*/*'
    'HTTP_ACCEPT_ENCODING' => 'gzip, deflate, sdch'
    'HTTP_ACCEPT_LANGUAGE' => 'zh-CN,zh;q=0.8'
    'PATH' => 'E:\\jre7\\bin;C:\\Program Files (x86)\\Common Files\\NetSarang;C:\\WINDOWS\\system32;C:\\WINDOWS;C:\\WINDOWS\\System32\\Wbem;C:\\WINDOWS\\System32\\WindowsPowerShell\\v1.0\\;C:\\Program Files (x86)\\NVIDIA Corporation\\PhysX\\Common;D:\\TortoSvn\\bin;D:\\xampp\\php'
    'SystemRoot' => 'C:\\WINDOWS'
    'COMSPEC' => 'C:\\WINDOWS\\system32\\cmd.exe'
    'PATHEXT' => '.COM;.EXE;.BAT;.CMD;.VBS;.VBE;.JS;.JSE;.WSF;.WSH;.MSC'
    'WINDIR' => 'C:\\WINDOWS'
    'SERVER_SIGNATURE' => '<address>Apache/2.4.17 (Win32) OpenSSL/1.0.2d PHP/5.6.14 Server at 192.168.101.40 Port 80</address>
'
    'SERVER_SOFTWARE' => 'Apache/2.4.17 (Win32) OpenSSL/1.0.2d PHP/5.6.14'
    'SERVER_NAME' => '192.168.101.40'
    'SERVER_ADDR' => '192.168.101.40'
    'SERVER_PORT' => '80'
    'REMOTE_ADDR' => '192.168.101.40'
    'DOCUMENT_ROOT' => 'E:/app.xiaomaijr.com/api'
    'REQUEST_SCHEME' => 'http'
    'CONTEXT_PREFIX' => ''
    'CONTEXT_DOCUMENT_ROOT' => 'E:/app.xiaomaijr.com/api'
    'SERVER_ADMIN' => 'alpha@mail.zhima.com'
    'SCRIPT_FILENAME' => 'E:/app.xiaomaijr.com/api/web/index.php'
    'REMOTE_PORT' => '58592'
    'REDIRECT_QUERY_STRING' => 'xiaomai=heiheihei&user_id=236748'
    'REDIRECT_URL' => 'http://192.168.101.40/escrow/withdraw-detail?xiaomai=heiheihei&user_id=236748'
    'GATEWAY_INTERFACE' => 'CGI/1.1'
    'SERVER_PROTOCOL' => 'HTTP/1.1'
    'REQUEST_METHOD' => 'GET'
    'QUERY_STRING' => 'xiaomai=heiheihei&user_id=236748'
    'REQUEST_URI' => '/escrow/withdraw-detail?xiaomai=heiheihei&user_id=236748'
    'SCRIPT_NAME' => '/web/index.php'
    'PATH_INFO' => '/escrow/withdraw-detail'
    'PATH_TRANSLATED' => 'redirect:\\web\\index.php\\escrow\\withdraw-detail\\withdraw-detail'
    'PHP_SELF' => '/web/index.php/escrow/withdraw-detail'
    'REQUEST_TIME_FLOAT' => 1461824521.172
    'REQUEST_TIME' => 1461824521
]
2016-04-28 09:51:29 [192.168.101.40][-][-][info][application] [seller][api\controllers\EscrowController][actionWithdrawDetail][][0][success] time_used[1601]
    in E:\app.xiaomaijr.com\api\controllers\ApiBaseController.php:87
    in E:\app.xiaomaijr.com\api\controllers\EscrowController.php:165
2016-04-28 09:51:26 [192.168.101.40][-][-][info][application] $_GET = [
    'xiaomai' => 'heiheihei'
    'user_id' => '236748'
]

$_SERVER = [
    'REDIRECT_MIBDIRS' => 'D:/xampp/php/extras/mibs'
    'REDIRECT_MYSQL_HOME' => '\\xampp\\mysql\\bin'
    'REDIRECT_OPENSSL_CONF' => 'D:/xampp/apache/bin/openssl.cnf'
    'REDIRECT_PHP_PEAR_SYSCONF_DIR' => '\\xampp\\php'
    'REDIRECT_PHPRC' => '\\xampp\\php'
    'REDIRECT_TMP' => '\\xampp\\tmp'
    'REDIRECT_STATUS' => '200'
    'MIBDIRS' => 'D:/xampp/php/extras/mibs'
    'MYSQL_HOME' => '\\xampp\\mysql\\bin'
    'OPENSSL_CONF' => 'D:/xampp/apache/bin/openssl.cnf'
    'PHP_PEAR_SYSCONF_DIR' => '\\xampp\\php'
    'PHPRC' => '\\xampp\\php'
    'TMP' => '\\xampp\\tmp'
    'HTTP_HOST' => '192.168.101.40'
    'HTTP_CONNECTION' => 'keep-alive'
    'HTTP_CACHE_CONTROL' => 'no-cache'
    'HTTP_USER_AGENT' => 'Mozilla/5.0 (Windows NT 6.3; WOW64) AppleWebKit/537.36 (KHTML, like Gecko) Chrome/49.0.2623.75 Safari/537.36'
    'HTTP_POSTMAN_TOKEN' => '2e603397-b430-93f2-5dbb-9d8a422c1cd3'
    'HTTP_ACCEPT' => '*/*'
    'HTTP_ACCEPT_ENCODING' => 'gzip, deflate, sdch'
    'HTTP_ACCEPT_LANGUAGE' => 'zh-CN,zh;q=0.8'
    'PATH' => 'E:\\jre7\\bin;C:\\Program Files (x86)\\Common Files\\NetSarang;C:\\WINDOWS\\system32;C:\\WINDOWS;C:\\WINDOWS\\System32\\Wbem;C:\\WINDOWS\\System32\\WindowsPowerShell\\v1.0\\;C:\\Program Files (x86)\\NVIDIA Corporation\\PhysX\\Common;D:\\TortoSvn\\bin;D:\\xampp\\php'
    'SystemRoot' => 'C:\\WINDOWS'
    'COMSPEC' => 'C:\\WINDOWS\\system32\\cmd.exe'
    'PATHEXT' => '.COM;.EXE;.BAT;.CMD;.VBS;.VBE;.JS;.JSE;.WSF;.WSH;.MSC'
    'WINDIR' => 'C:\\WINDOWS'
    'SERVER_SIGNATURE' => '<address>Apache/2.4.17 (Win32) OpenSSL/1.0.2d PHP/5.6.14 Server at 192.168.101.40 Port 80</address>
'
    'SERVER_SOFTWARE' => 'Apache/2.4.17 (Win32) OpenSSL/1.0.2d PHP/5.6.14'
    'SERVER_NAME' => '192.168.101.40'
    'SERVER_ADDR' => '192.168.101.40'
    'SERVER_PORT' => '80'
    'REMOTE_ADDR' => '192.168.101.40'
    'DOCUMENT_ROOT' => 'E:/app.xiaomaijr.com/api'
    'REQUEST_SCHEME' => 'http'
    'CONTEXT_PREFIX' => ''
    'CONTEXT_DOCUMENT_ROOT' => 'E:/app.xiaomaijr.com/api'
    'SERVER_ADMIN' => 'alpha@mail.zhima.com'
    'SCRIPT_FILENAME' => 'E:/app.xiaomaijr.com/api/web/index.php'
    'REMOTE_PORT' => '59766'
    'REDIRECT_QUERY_STRING' => 'xiaomai=heiheihei&user_id=236748'
    'REDIRECT_URL' => 'http://192.168.101.40/escrow/withdraw-detail?xiaomai=heiheihei&user_id=236748'
    'GATEWAY_INTERFACE' => 'CGI/1.1'
    'SERVER_PROTOCOL' => 'HTTP/1.1'
    'REQUEST_METHOD' => 'GET'
    'QUERY_STRING' => 'xiaomai=heiheihei&user_id=236748'
    'REQUEST_URI' => '/escrow/withdraw-detail?xiaomai=heiheihei&user_id=236748'
    'SCRIPT_NAME' => '/web/index.php'
    'PATH_INFO' => '/escrow/withdraw-detail'
    'PATH_TRANSLATED' => 'redirect:\\web\\index.php\\escrow\\withdraw-detail\\withdraw-detail'
    'PHP_SELF' => '/web/index.php/escrow/withdraw-detail'
    'REQUEST_TIME_FLOAT' => 1461829886.859
    'REQUEST_TIME' => 1461829886
]
