2016-04-22 05:19:57 [192.168.101.70][-][-][info][application] [seller][api\controllers\IndexController][actionIndex][][0][success] time_used[1077]
    in E:\app.xiaomaijr.com\api\controllers\ApiBaseController.php:87
    in E:\app.xiaomaijr.com\api\controllers\IndexController.php:79
2016-04-22 05:19:55 [192.168.101.70][-][-][info][application] $_POST = [
    'app_ver' => '1.0.0'
    'api_ver' => '1'
    'access_token' => 'RMgOxFF75OyDwV_zeCs532fPIGclZdK2aVIDN0pJI3FX4JvqlcSR4GSUj6y18N0_'
    'page_size' => '0'
    'app_name' => '小麦金融'
    'sign' => '434b9de80a0b50d7f3fe9ebea60d699c'
    'p' => '1'
    'mobile_type' => 'android'
    'user_id' => '236764'
    'channel' => '豌豆荚'
]

$_SERVER = [
    'REDIRECT_MIBDIRS' => 'D:/xampp/php/extras/mibs'
    'REDIRECT_MYSQL_HOME' => '\\xampp\\mysql\\bin'
    'REDIRECT_OPENSSL_CONF' => 'D:/xampp/apache/bin/openssl.cnf'
    'REDIRECT_PHP_PEAR_SYSCONF_DIR' => '\\xampp\\php'
    'REDIRECT_PHPRC' => '\\xampp\\php'
    'REDIRECT_TMP' => '\\xampp\\tmp'
    'REDIRECT_STATUS' => '200'
    'MIBDIRS' => 'D:/xampp/php/extras/mibs'
    'MYSQL_HOME' => '\\xampp\\mysql\\bin'
    'OPENSSL_CONF' => 'D:/xampp/apache/bin/openssl.cnf'
    'PHP_PEAR_SYSCONF_DIR' => '\\xampp\\php'
    'PHPRC' => '\\xampp\\php'
    'TMP' => '\\xampp\\tmp'
    'CONTENT_LENGTH' => '272'
    'CONTENT_TYPE' => 'application/x-www-form-urlencoded'
    'HTTP_HOST' => '192.168.101.40'
    'HTTP_CONNECTION' => 'Keep-Alive'
    'HTTP_ACCEPT_ENCODING' => 'gzip'
    'PATH' => 'C:\\Program Files (x86)\\Common Files\\NetSarang;C:\\WINDOWS\\system32;C:\\WINDOWS;C:\\WINDOWS\\System32\\Wbem;C:\\WINDOWS\\System32\\WindowsPowerShell\\v1.0\\;C:\\Program Files (x86)\\NVIDIA Corporation\\PhysX\\Common;D:\\TortoSvn\\bin;D:\\xampp\\php'
    'SystemRoot' => 'C:\\WINDOWS'
    'COMSPEC' => 'C:\\WINDOWS\\system32\\cmd.exe'
    'PATHEXT' => '.COM;.EXE;.BAT;.CMD;.VBS;.VBE;.JS;.JSE;.WSF;.WSH;.MSC'
    'WINDIR' => 'C:\\WINDOWS'
    'SERVER_SIGNATURE' => '<address>Apache/2.4.17 (Win32) OpenSSL/1.0.2d PHP/5.6.14 Server at 192.168.101.40 Port 80</address>
'
    'SERVER_SOFTWARE' => 'Apache/2.4.17 (Win32) OpenSSL/1.0.2d PHP/5.6.14'
    'SERVER_NAME' => '192.168.101.40'
    'SERVER_ADDR' => '192.168.101.40'
    'SERVER_PORT' => '80'
    'REMOTE_ADDR' => '192.168.101.70'
    'DOCUMENT_ROOT' => 'E:/app.xiaomaijr.com/api'
    'REQUEST_SCHEME' => 'http'
    'CONTEXT_PREFIX' => ''
    'CONTEXT_DOCUMENT_ROOT' => 'E:/app.xiaomaijr.com/api'
    'SERVER_ADMIN' => 'alpha@mail.zhima.com'
    'SCRIPT_FILENAME' => 'E:/app.xiaomaijr.com/api/web/index.php'
    'REMOTE_PORT' => '40291'
    'REDIRECT_URL' => 'http://192.168.101.40/index/index'
    'GATEWAY_INTERFACE' => 'CGI/1.1'
    'SERVER_PROTOCOL' => 'HTTP/1.1'
    'REQUEST_METHOD' => 'POST'
    'QUERY_STRING' => ''
    'REQUEST_URI' => '/index/index'
    'SCRIPT_NAME' => '/web/index.php'
    'PATH_INFO' => '/index/index'
    'PATH_TRANSLATED' => 'redirect:\\web\\index.php\\index\\index\\index'
    'PHP_SELF' => '/web/index.php/index/index'
    'REQUEST_TIME_FLOAT' => 1461295194.996
    'REQUEST_TIME' => 1461295194
]
2016-04-22 05:20:00 [192.168.101.70][-][-][info][application] [seller][api\controllers\UserController][actionAccount][][0][success] time_used[1050]
    in E:\app.xiaomaijr.com\api\controllers\ApiBaseController.php:87
    in E:\app.xiaomaijr.com\api\controllers\UserController.php:281
2016-04-22 05:19:58 [192.168.101.70][-][-][info][application] $_POST = [
    'app_ver' => '1.0.0'
    'api_ver' => '1'
    'access_token' => 'RMgOxFF75OyDwV_zeCs532fPIGclZdK2aVIDN0pJI3FX4JvqlcSR4GSUj6y18N0_'
    'app_name' => '小麦金融'
    'sign' => 'c718d8c88ad32021a996583f75d4ac17'
    'mobile_type' => 'android'
    'user_id' => '236764'
    'channel' => '豌豆荚'
]

$_SERVER = [
    'REDIRECT_MIBDIRS' => 'D:/xampp/php/extras/mibs'
    'REDIRECT_MYSQL_HOME' => '\\xampp\\mysql\\bin'
    'REDIRECT_OPENSSL_CONF' => 'D:/xampp/apache/bin/openssl.cnf'
    'REDIRECT_PHP_PEAR_SYSCONF_DIR' => '\\xampp\\php'
    'REDIRECT_PHPRC' => '\\xampp\\php'
    'REDIRECT_TMP' => '\\xampp\\tmp'
    'REDIRECT_STATUS' => '200'
    'MIBDIRS' => 'D:/xampp/php/extras/mibs'
    'MYSQL_HOME' => '\\xampp\\mysql\\bin'
    'OPENSSL_CONF' => 'D:/xampp/apache/bin/openssl.cnf'
    'PHP_PEAR_SYSCONF_DIR' => '\\xampp\\php'
    'PHPRC' => '\\xampp\\php'
    'TMP' => '\\xampp\\tmp'
    'CONTENT_LENGTH' => '256'
    'CONTENT_TYPE' => 'application/x-www-form-urlencoded'
    'HTTP_HOST' => '192.168.101.40'
    'HTTP_CONNECTION' => 'Keep-Alive'
    'HTTP_ACCEPT_ENCODING' => 'gzip'
    'PATH' => 'C:\\Program Files (x86)\\Common Files\\NetSarang;C:\\WINDOWS\\system32;C:\\WINDOWS;C:\\WINDOWS\\System32\\Wbem;C:\\WINDOWS\\System32\\WindowsPowerShell\\v1.0\\;C:\\Program Files (x86)\\NVIDIA Corporation\\PhysX\\Common;D:\\TortoSvn\\bin;D:\\xampp\\php'
    'SystemRoot' => 'C:\\WINDOWS'
    'COMSPEC' => 'C:\\WINDOWS\\system32\\cmd.exe'
    'PATHEXT' => '.COM;.EXE;.BAT;.CMD;.VBS;.VBE;.JS;.JSE;.WSF;.WSH;.MSC'
    'WINDIR' => 'C:\\WINDOWS'
    'SERVER_SIGNATURE' => '<address>Apache/2.4.17 (Win32) OpenSSL/1.0.2d PHP/5.6.14 Server at 192.168.101.40 Port 80</address>
'
    'SERVER_SOFTWARE' => 'Apache/2.4.17 (Win32) OpenSSL/1.0.2d PHP/5.6.14'
    'SERVER_NAME' => '192.168.101.40'
    'SERVER_ADDR' => '192.168.101.40'
    'SERVER_PORT' => '80'
    'REMOTE_ADDR' => '192.168.101.70'
    'DOCUMENT_ROOT' => 'E:/app.xiaomaijr.com/api'
    'REQUEST_SCHEME' => 'http'
    'CONTEXT_PREFIX' => ''
    'CONTEXT_DOCUMENT_ROOT' => 'E:/app.xiaomaijr.com/api'
    'SERVER_ADMIN' => 'alpha@mail.zhima.com'
    'SCRIPT_FILENAME' => 'E:/app.xiaomaijr.com/api/web/index.php'
    'REMOTE_PORT' => '40291'
    'REDIRECT_URL' => 'http://192.168.101.40/user/account'
    'GATEWAY_INTERFACE' => 'CGI/1.1'
    'SERVER_PROTOCOL' => 'HTTP/1.1'
    'REQUEST_METHOD' => 'POST'
    'QUERY_STRING' => ''
    'REQUEST_URI' => '/user/account'
    'SCRIPT_NAME' => '/web/index.php'
    'PATH_INFO' => '/user/account'
    'PATH_TRANSLATED' => 'redirect:\\web\\index.php\\user\\account\\account'
    'PHP_SELF' => '/web/index.php/user/account'
    'REQUEST_TIME_FLOAT' => 1461295198.464
    'REQUEST_TIME' => 1461295198
]
2016-04-22 05:22:20 [192.168.101.40][-][-][info][application] [seller][api\controllers\UserController][actionAuth][][0][success] time_used[1057]
    in E:\app.xiaomaijr.com\api\controllers\ApiBaseController.php:87
    in E:\app.xiaomaijr.com\api\controllers\UserController.php:385
2016-04-22 05:22:18 [192.168.101.40][-][-][info][application] $_GET = [
    'user_id' => '236748'
    'xiaomai' => 'heiheihei'
]

$_SERVER = [
    'REDIRECT_MIBDIRS' => 'D:/xampp/php/extras/mibs'
    'REDIRECT_MYSQL_HOME' => '\\xampp\\mysql\\bin'
    'REDIRECT_OPENSSL_CONF' => 'D:/xampp/apache/bin/openssl.cnf'
    'REDIRECT_PHP_PEAR_SYSCONF_DIR' => '\\xampp\\php'
    'REDIRECT_PHPRC' => '\\xampp\\php'
    'REDIRECT_TMP' => '\\xampp\\tmp'
    'REDIRECT_STATUS' => '200'
    'MIBDIRS' => 'D:/xampp/php/extras/mibs'
    'MYSQL_HOME' => '\\xampp\\mysql\\bin'
    'OPENSSL_CONF' => 'D:/xampp/apache/bin/openssl.cnf'
    'PHP_PEAR_SYSCONF_DIR' => '\\xampp\\php'
    'PHPRC' => '\\xampp\\php'
    'TMP' => '\\xampp\\tmp'
    'HTTP_HOST' => '192.168.101.40'
    'HTTP_CONNECTION' => 'keep-alive'
    'HTTP_CACHE_CONTROL' => 'no-cache'
    'HTTP_USER_AGENT' => 'Mozilla/5.0 (Windows NT 6.3; WOW64) AppleWebKit/537.36 (KHTML, like Gecko) Chrome/49.0.2623.75 Safari/537.36'
    'HTTP_POSTMAN_TOKEN' => 'f98d0105-068a-71b3-35bb-e99ef3ea250b'
    'HTTP_ACCEPT' => '*/*'
    'HTTP_ACCEPT_ENCODING' => 'gzip, deflate, sdch'
    'HTTP_ACCEPT_LANGUAGE' => 'zh-CN,zh;q=0.8'
    'PATH' => 'C:\\Program Files (x86)\\Common Files\\NetSarang;C:\\WINDOWS\\system32;C:\\WINDOWS;C:\\WINDOWS\\System32\\Wbem;C:\\WINDOWS\\System32\\WindowsPowerShell\\v1.0\\;C:\\Program Files (x86)\\NVIDIA Corporation\\PhysX\\Common;D:\\TortoSvn\\bin;D:\\xampp\\php'
    'SystemRoot' => 'C:\\WINDOWS'
    'COMSPEC' => 'C:\\WINDOWS\\system32\\cmd.exe'
    'PATHEXT' => '.COM;.EXE;.BAT;.CMD;.VBS;.VBE;.JS;.JSE;.WSF;.WSH;.MSC'
    'WINDIR' => 'C:\\WINDOWS'
    'SERVER_SIGNATURE' => '<address>Apache/2.4.17 (Win32) OpenSSL/1.0.2d PHP/5.6.14 Server at 192.168.101.40 Port 80</address>
'
    'SERVER_SOFTWARE' => 'Apache/2.4.17 (Win32) OpenSSL/1.0.2d PHP/5.6.14'
    'SERVER_NAME' => '192.168.101.40'
    'SERVER_ADDR' => '192.168.101.40'
    'SERVER_PORT' => '80'
    'REMOTE_ADDR' => '192.168.101.40'
    'DOCUMENT_ROOT' => 'E:/app.xiaomaijr.com/api'
    'REQUEST_SCHEME' => 'http'
    'CONTEXT_PREFIX' => ''
    'CONTEXT_DOCUMENT_ROOT' => 'E:/app.xiaomaijr.com/api'
    'SERVER_ADMIN' => 'alpha@mail.zhima.com'
    'SCRIPT_FILENAME' => 'E:/app.xiaomaijr.com/api/web/index.php'
    'REMOTE_PORT' => '58387'
    'REDIRECT_QUERY_STRING' => 'user_id=236748&xiaomai=heiheihei'
    'REDIRECT_URL' => 'http://192.168.101.40/user/auth?user_id=236748&xiaomai=heiheihei'
    'GATEWAY_INTERFACE' => 'CGI/1.1'
    'SERVER_PROTOCOL' => 'HTTP/1.1'
    'REQUEST_METHOD' => 'GET'
    'QUERY_STRING' => 'user_id=236748&xiaomai=heiheihei'
    'REQUEST_URI' => '/user/auth?user_id=236748&xiaomai=heiheihei'
    'SCRIPT_NAME' => '/web/index.php'
    'PATH_INFO' => '/user/auth'
    'PATH_TRANSLATED' => 'redirect:\\web\\index.php\\user\\auth\\auth'
    'PHP_SELF' => '/web/index.php/user/auth'
    'REQUEST_TIME_FLOAT' => 1461295338.355
    'REQUEST_TIME' => 1461295338
]
2016-04-22 05:23:23 [192.168.101.40][-][-][info][application] [seller][api\controllers\UserController][actionAuth][][0][success] time_used[1030]
    in E:\app.xiaomaijr.com\api\controllers\ApiBaseController.php:87
    in E:\app.xiaomaijr.com\api\controllers\UserController.php:385
2016-04-22 05:23:21 [192.168.101.40][-][-][info][application] $_GET = [
    'user_id' => '236748'
    'xiaomai' => 'heiheihei'
]

$_SERVER = [
    'REDIRECT_MIBDIRS' => 'D:/xampp/php/extras/mibs'
    'REDIRECT_MYSQL_HOME' => '\\xampp\\mysql\\bin'
    'REDIRECT_OPENSSL_CONF' => 'D:/xampp/apache/bin/openssl.cnf'
    'REDIRECT_PHP_PEAR_SYSCONF_DIR' => '\\xampp\\php'
    'REDIRECT_PHPRC' => '\\xampp\\php'
    'REDIRECT_TMP' => '\\xampp\\tmp'
    'REDIRECT_STATUS' => '200'
    'MIBDIRS' => 'D:/xampp/php/extras/mibs'
    'MYSQL_HOME' => '\\xampp\\mysql\\bin'
    'OPENSSL_CONF' => 'D:/xampp/apache/bin/openssl.cnf'
    'PHP_PEAR_SYSCONF_DIR' => '\\xampp\\php'
    'PHPRC' => '\\xampp\\php'
    'TMP' => '\\xampp\\tmp'
    'HTTP_HOST' => '192.168.101.40'
    'HTTP_CONNECTION' => 'keep-alive'
    'HTTP_CACHE_CONTROL' => 'no-cache'
    'HTTP_USER_AGENT' => 'Mozilla/5.0 (Windows NT 6.3; WOW64) AppleWebKit/537.36 (KHTML, like Gecko) Chrome/49.0.2623.75 Safari/537.36'
    'HTTP_POSTMAN_TOKEN' => '18270391-2645-3185-567e-2f38f6ce4769'
    'HTTP_ACCEPT' => '*/*'
    'HTTP_ACCEPT_ENCODING' => 'gzip, deflate, sdch'
    'HTTP_ACCEPT_LANGUAGE' => 'zh-CN,zh;q=0.8'
    'PATH' => 'C:\\Program Files (x86)\\Common Files\\NetSarang;C:\\WINDOWS\\system32;C:\\WINDOWS;C:\\WINDOWS\\System32\\Wbem;C:\\WINDOWS\\System32\\WindowsPowerShell\\v1.0\\;C:\\Program Files (x86)\\NVIDIA Corporation\\PhysX\\Common;D:\\TortoSvn\\bin;D:\\xampp\\php'
    'SystemRoot' => 'C:\\WINDOWS'
    'COMSPEC' => 'C:\\WINDOWS\\system32\\cmd.exe'
    'PATHEXT' => '.COM;.EXE;.BAT;.CMD;.VBS;.VBE;.JS;.JSE;.WSF;.WSH;.MSC'
    'WINDIR' => 'C:\\WINDOWS'
    'SERVER_SIGNATURE' => '<address>Apache/2.4.17 (Win32) OpenSSL/1.0.2d PHP/5.6.14 Server at 192.168.101.40 Port 80</address>
'
    'SERVER_SOFTWARE' => 'Apache/2.4.17 (Win32) OpenSSL/1.0.2d PHP/5.6.14'
    'SERVER_NAME' => '192.168.101.40'
    'SERVER_ADDR' => '192.168.101.40'
    'SERVER_PORT' => '80'
    'REMOTE_ADDR' => '192.168.101.40'
    'DOCUMENT_ROOT' => 'E:/app.xiaomaijr.com/api'
    'REQUEST_SCHEME' => 'http'
    'CONTEXT_PREFIX' => ''
    'CONTEXT_DOCUMENT_ROOT' => 'E:/app.xiaomaijr.com/api'
    'SERVER_ADMIN' => 'alpha@mail.zhima.com'
    'SCRIPT_FILENAME' => 'E:/app.xiaomaijr.com/api/web/index.php'
    'REMOTE_PORT' => '58398'
    'REDIRECT_QUERY_STRING' => 'user_id=236748&xiaomai=heiheihei'
    'REDIRECT_URL' => 'http://192.168.101.40/user/auth?user_id=236748&xiaomai=heiheihei'
    'GATEWAY_INTERFACE' => 'CGI/1.1'
    'SERVER_PROTOCOL' => 'HTTP/1.1'
    'REQUEST_METHOD' => 'GET'
    'QUERY_STRING' => 'user_id=236748&xiaomai=heiheihei'
    'REQUEST_URI' => '/user/auth?user_id=236748&xiaomai=heiheihei'
    'SCRIPT_NAME' => '/web/index.php'
    'PATH_INFO' => '/user/auth'
    'PATH_TRANSLATED' => 'redirect:\\web\\index.php\\user\\auth\\auth'
    'PHP_SELF' => '/web/index.php/user/auth'
    'REQUEST_TIME_FLOAT' => 1461295401.85
    'REQUEST_TIME' => 1461295401
]
2016-04-22 05:24:21 [192.168.101.40][-][-][info][application] [seller][api\controllers\UserController][actionAuth][][0][success] time_used[1038]
    in E:\app.xiaomaijr.com\api\controllers\ApiBaseController.php:87
    in E:\app.xiaomaijr.com\api\controllers\UserController.php:385
2016-04-22 05:24:19 [192.168.101.40][-][-][info][application] $_GET = [
    'user_id' => '236748'
    'xiaomai' => 'heiheihei'
]

$_SERVER = [
    'REDIRECT_MIBDIRS' => 'D:/xampp/php/extras/mibs'
    'REDIRECT_MYSQL_HOME' => '\\xampp\\mysql\\bin'
    'REDIRECT_OPENSSL_CONF' => 'D:/xampp/apache/bin/openssl.cnf'
    'REDIRECT_PHP_PEAR_SYSCONF_DIR' => '\\xampp\\php'
    'REDIRECT_PHPRC' => '\\xampp\\php'
    'REDIRECT_TMP' => '\\xampp\\tmp'
    'REDIRECT_STATUS' => '200'
    'MIBDIRS' => 'D:/xampp/php/extras/mibs'
    'MYSQL_HOME' => '\\xampp\\mysql\\bin'
    'OPENSSL_CONF' => 'D:/xampp/apache/bin/openssl.cnf'
    'PHP_PEAR_SYSCONF_DIR' => '\\xampp\\php'
    'PHPRC' => '\\xampp\\php'
    'TMP' => '\\xampp\\tmp'
    'HTTP_HOST' => '192.168.101.40'
    'HTTP_CONNECTION' => 'keep-alive'
    'HTTP_CACHE_CONTROL' => 'no-cache'
    'HTTP_USER_AGENT' => 'Mozilla/5.0 (Windows NT 6.3; WOW64) AppleWebKit/537.36 (KHTML, like Gecko) Chrome/49.0.2623.75 Safari/537.36'
    'HTTP_POSTMAN_TOKEN' => '2f4fb816-0a85-5f24-ed9c-ffb452918828'
    'HTTP_ACCEPT' => '*/*'
    'HTTP_ACCEPT_ENCODING' => 'gzip, deflate, sdch'
    'HTTP_ACCEPT_LANGUAGE' => 'zh-CN,zh;q=0.8'
    'PATH' => 'C:\\Program Files (x86)\\Common Files\\NetSarang;C:\\WINDOWS\\system32;C:\\WINDOWS;C:\\WINDOWS\\System32\\Wbem;C:\\WINDOWS\\System32\\WindowsPowerShell\\v1.0\\;C:\\Program Files (x86)\\NVIDIA Corporation\\PhysX\\Common;D:\\TortoSvn\\bin;D:\\xampp\\php'
    'SystemRoot' => 'C:\\WINDOWS'
    'COMSPEC' => 'C:\\WINDOWS\\system32\\cmd.exe'
    'PATHEXT' => '.COM;.EXE;.BAT;.CMD;.VBS;.VBE;.JS;.JSE;.WSF;.WSH;.MSC'
    'WINDIR' => 'C:\\WINDOWS'
    'SERVER_SIGNATURE' => '<address>Apache/2.4.17 (Win32) OpenSSL/1.0.2d PHP/5.6.14 Server at 192.168.101.40 Port 80</address>
'
    'SERVER_SOFTWARE' => 'Apache/2.4.17 (Win32) OpenSSL/1.0.2d PHP/5.6.14'
    'SERVER_NAME' => '192.168.101.40'
    'SERVER_ADDR' => '192.168.101.40'
    'SERVER_PORT' => '80'
    'REMOTE_ADDR' => '192.168.101.40'
    'DOCUMENT_ROOT' => 'E:/app.xiaomaijr.com/api'
    'REQUEST_SCHEME' => 'http'
    'CONTEXT_PREFIX' => ''
    'CONTEXT_DOCUMENT_ROOT' => 'E:/app.xiaomaijr.com/api'
    'SERVER_ADMIN' => 'alpha@mail.zhima.com'
    'SCRIPT_FILENAME' => 'E:/app.xiaomaijr.com/api/web/index.php'
    'REMOTE_PORT' => '58413'
    'REDIRECT_QUERY_STRING' => 'user_id=236748&xiaomai=heiheihei'
    'REDIRECT_URL' => 'http://192.168.101.40/user/auth?user_id=236748&xiaomai=heiheihei'
    'GATEWAY_INTERFACE' => 'CGI/1.1'
    'SERVER_PROTOCOL' => 'HTTP/1.1'
    'REQUEST_METHOD' => 'GET'
    'QUERY_STRING' => 'user_id=236748&xiaomai=heiheihei'
    'REQUEST_URI' => '/user/auth?user_id=236748&xiaomai=heiheihei'
    'SCRIPT_NAME' => '/web/index.php'
    'PATH_INFO' => '/user/auth'
    'PATH_TRANSLATED' => 'redirect:\\web\\index.php\\user\\auth\\auth'
    'PHP_SELF' => '/web/index.php/user/auth'
    'REQUEST_TIME_FLOAT' => 1461295459.145
    'REQUEST_TIME' => 1461295459
]
2016-04-22 05:25:02 [192.168.101.40][-][-][info][application] [seller][api\controllers\UserController][actionAccount][][0][success] time_used[1056]
    in E:\app.xiaomaijr.com\api\controllers\ApiBaseController.php:87
    in E:\app.xiaomaijr.com\api\controllers\UserController.php:281
2016-04-22 05:25:00 [192.168.101.40][-][-][info][application] $_GET = [
    'xiaomai' => 'heiheihei'
    'user_id' => '236748'
    'access_token' => 'W_kf9Sc3ZJa_x4ke68wjUu6dzL0gEMaN-e-Hsj_NB4V5eKKd8SI3qpkcYcx9DM2--brX5uYevPzs'
]

$_SERVER = [
    'REDIRECT_MIBDIRS' => 'D:/xampp/php/extras/mibs'
    'REDIRECT_MYSQL_HOME' => '\\xampp\\mysql\\bin'
    'REDIRECT_OPENSSL_CONF' => 'D:/xampp/apache/bin/openssl.cnf'
    'REDIRECT_PHP_PEAR_SYSCONF_DIR' => '\\xampp\\php'
    'REDIRECT_PHPRC' => '\\xampp\\php'
    'REDIRECT_TMP' => '\\xampp\\tmp'
    'REDIRECT_STATUS' => '200'
    'MIBDIRS' => 'D:/xampp/php/extras/mibs'
    'MYSQL_HOME' => '\\xampp\\mysql\\bin'
    'OPENSSL_CONF' => 'D:/xampp/apache/bin/openssl.cnf'
    'PHP_PEAR_SYSCONF_DIR' => '\\xampp\\php'
    'PHPRC' => '\\xampp\\php'
    'TMP' => '\\xampp\\tmp'
    'HTTP_HOST' => '192.168.101.40'
    'HTTP_CONNECTION' => 'keep-alive'
    'HTTP_CACHE_CONTROL' => 'no-cache'
    'HTTP_USER_AGENT' => 'Mozilla/5.0 (Windows NT 6.3; WOW64) AppleWebKit/537.36 (KHTML, like Gecko) Chrome/49.0.2623.75 Safari/537.36'
    'HTTP_POSTMAN_TOKEN' => 'e4a71429-37b9-e954-68ec-fc378695ca97'
    'HTTP_ACCEPT' => '*/*'
    'HTTP_ACCEPT_ENCODING' => 'gzip, deflate, sdch'
    'HTTP_ACCEPT_LANGUAGE' => 'zh-CN,zh;q=0.8'
    'PATH' => 'C:\\Program Files (x86)\\Common Files\\NetSarang;C:\\WINDOWS\\system32;C:\\WINDOWS;C:\\WINDOWS\\System32\\Wbem;C:\\WINDOWS\\System32\\WindowsPowerShell\\v1.0\\;C:\\Program Files (x86)\\NVIDIA Corporation\\PhysX\\Common;D:\\TortoSvn\\bin;D:\\xampp\\php'
    'SystemRoot' => 'C:\\WINDOWS'
    'COMSPEC' => 'C:\\WINDOWS\\system32\\cmd.exe'
    'PATHEXT' => '.COM;.EXE;.BAT;.CMD;.VBS;.VBE;.JS;.JSE;.WSF;.WSH;.MSC'
    'WINDIR' => 'C:\\WINDOWS'
    'SERVER_SIGNATURE' => '<address>Apache/2.4.17 (Win32) OpenSSL/1.0.2d PHP/5.6.14 Server at 192.168.101.40 Port 80</address>
'
    'SERVER_SOFTWARE' => 'Apache/2.4.17 (Win32) OpenSSL/1.0.2d PHP/5.6.14'
    'SERVER_NAME' => '192.168.101.40'
    'SERVER_ADDR' => '192.168.101.40'
    'SERVER_PORT' => '80'
    'REMOTE_ADDR' => '192.168.101.40'
    'DOCUMENT_ROOT' => 'E:/app.xiaomaijr.com/api'
    'REQUEST_SCHEME' => 'http'
    'CONTEXT_PREFIX' => ''
    'CONTEXT_DOCUMENT_ROOT' => 'E:/app.xiaomaijr.com/api'
    'SERVER_ADMIN' => 'alpha@mail.zhima.com'
    'SCRIPT_FILENAME' => 'E:/app.xiaomaijr.com/api/web/index.php'
    'REMOTE_PORT' => '58423'
    'REDIRECT_QUERY_STRING' => 'xiaomai=heiheihei&user_id=236748&access_token=W_kf9Sc3ZJa_x4ke68wjUu6dzL0gEMaN-e-Hsj_NB4V5eKKd8SI3qpkcYcx9DM2--brX5uYevPzs'
    'REDIRECT_URL' => 'http://192.168.101.40/user/account?xiaomai=heiheihei&user_id=236748&access_token=W_kf9Sc3ZJa_x4ke68wjUu6dzL0gEMaN-e-Hsj_NB4V5eKKd8SI3qpkcYcx9DM2--brX5uYevPzs'
    'GATEWAY_INTERFACE' => 'CGI/1.1'
    'SERVER_PROTOCOL' => 'HTTP/1.1'
    'REQUEST_METHOD' => 'GET'
    'QUERY_STRING' => 'xiaomai=heiheihei&user_id=236748&access_token=W_kf9Sc3ZJa_x4ke68wjUu6dzL0gEMaN-e-Hsj_NB4V5eKKd8SI3qpkcYcx9DM2--brX5uYevPzs'
    'REQUEST_URI' => '/user/account?xiaomai=heiheihei&user_id=236748&access_token=W_kf9Sc3ZJa_x4ke68wjUu6dzL0gEMaN-e-Hsj_NB4V5eKKd8SI3qpkcYcx9DM2--brX5uYevPzs'
    'SCRIPT_NAME' => '/web/index.php'
    'PATH_INFO' => '/user/account'
    'PATH_TRANSLATED' => 'redirect:\\web\\index.php\\user\\account\\account'
    'PHP_SELF' => '/web/index.php/user/account'
    'REQUEST_TIME_FLOAT' => 1461295500.864
    'REQUEST_TIME' => 1461295500
]
2016-04-22 05:26:08 [192.168.101.40][-][-][info][application] [seller][api\controllers\UserController][actionAccount][][0][success] time_used[1063]
    in E:\app.xiaomaijr.com\api\controllers\ApiBaseController.php:87
    in E:\app.xiaomaijr.com\api\controllers\UserController.php:281
2016-04-22 05:26:06 [192.168.101.40][-][-][info][application] $_GET = [
    'xiaomai' => 'heiheihei'
    'user_id' => '236748'
    'access_token' => 'W_kf9Sc3ZJa_x4ke68wjUu6dzL0gEMaN-e-Hsj_NB4V5eKKd8SI3qpkcYcx9DM2--brX5uYevPzs'
]

$_SERVER = [
    'REDIRECT_MIBDIRS' => 'D:/xampp/php/extras/mibs'
    'REDIRECT_MYSQL_HOME' => '\\xampp\\mysql\\bin'
    'REDIRECT_OPENSSL_CONF' => 'D:/xampp/apache/bin/openssl.cnf'
    'REDIRECT_PHP_PEAR_SYSCONF_DIR' => '\\xampp\\php'
    'REDIRECT_PHPRC' => '\\xampp\\php'
    'REDIRECT_TMP' => '\\xampp\\tmp'
    'REDIRECT_STATUS' => '200'
    'MIBDIRS' => 'D:/xampp/php/extras/mibs'
    'MYSQL_HOME' => '\\xampp\\mysql\\bin'
    'OPENSSL_CONF' => 'D:/xampp/apache/bin/openssl.cnf'
    'PHP_PEAR_SYSCONF_DIR' => '\\xampp\\php'
    'PHPRC' => '\\xampp\\php'
    'TMP' => '\\xampp\\tmp'
    'HTTP_HOST' => '192.168.101.40'
    'HTTP_CONNECTION' => 'keep-alive'
    'HTTP_CACHE_CONTROL' => 'no-cache'
    'HTTP_USER_AGENT' => 'Mozilla/5.0 (Windows NT 6.3; WOW64) AppleWebKit/537.36 (KHTML, like Gecko) Chrome/49.0.2623.75 Safari/537.36'
    'HTTP_POSTMAN_TOKEN' => 'c865a1b8-8f36-ecd2-f6a2-a8e71d3f4dfe'
    'HTTP_ACCEPT' => '*/*'
    'HTTP_ACCEPT_ENCODING' => 'gzip, deflate, sdch'
    'HTTP_ACCEPT_LANGUAGE' => 'zh-CN,zh;q=0.8'
    'PATH' => 'C:\\Program Files (x86)\\Common Files\\NetSarang;C:\\WINDOWS\\system32;C:\\WINDOWS;C:\\WINDOWS\\System32\\Wbem;C:\\WINDOWS\\System32\\WindowsPowerShell\\v1.0\\;C:\\Program Files (x86)\\NVIDIA Corporation\\PhysX\\Common;D:\\TortoSvn\\bin;D:\\xampp\\php'
    'SystemRoot' => 'C:\\WINDOWS'
    'COMSPEC' => 'C:\\WINDOWS\\system32\\cmd.exe'
    'PATHEXT' => '.COM;.EXE;.BAT;.CMD;.VBS;.VBE;.JS;.JSE;.WSF;.WSH;.MSC'
    'WINDIR' => 'C:\\WINDOWS'
    'SERVER_SIGNATURE' => '<address>Apache/2.4.17 (Win32) OpenSSL/1.0.2d PHP/5.6.14 Server at 192.168.101.40 Port 80</address>
'
    'SERVER_SOFTWARE' => 'Apache/2.4.17 (Win32) OpenSSL/1.0.2d PHP/5.6.14'
    'SERVER_NAME' => '192.168.101.40'
    'SERVER_ADDR' => '192.168.101.40'
    'SERVER_PORT' => '80'
    'REMOTE_ADDR' => '192.168.101.40'
    'DOCUMENT_ROOT' => 'E:/app.xiaomaijr.com/api'
    'REQUEST_SCHEME' => 'http'
    'CONTEXT_PREFIX' => ''
    'CONTEXT_DOCUMENT_ROOT' => 'E:/app.xiaomaijr.com/api'
    'SERVER_ADMIN' => 'alpha@mail.zhima.com'
    'SCRIPT_FILENAME' => 'E:/app.xiaomaijr.com/api/web/index.php'
    'REMOTE_PORT' => '58447'
    'REDIRECT_QUERY_STRING' => 'xiaomai=heiheihei&user_id=236748&access_token=W_kf9Sc3ZJa_x4ke68wjUu6dzL0gEMaN-e-Hsj_NB4V5eKKd8SI3qpkcYcx9DM2--brX5uYevPzs'
    'REDIRECT_URL' => 'http://192.168.101.40/user/account?xiaomai=heiheihei&user_id=236748&access_token=W_kf9Sc3ZJa_x4ke68wjUu6dzL0gEMaN-e-Hsj_NB4V5eKKd8SI3qpkcYcx9DM2--brX5uYevPzs'
    'GATEWAY_INTERFACE' => 'CGI/1.1'
    'SERVER_PROTOCOL' => 'HTTP/1.1'
    'REQUEST_METHOD' => 'GET'
    'QUERY_STRING' => 'xiaomai=heiheihei&user_id=236748&access_token=W_kf9Sc3ZJa_x4ke68wjUu6dzL0gEMaN-e-Hsj_NB4V5eKKd8SI3qpkcYcx9DM2--brX5uYevPzs'
    'REQUEST_URI' => '/user/account?xiaomai=heiheihei&user_id=236748&access_token=W_kf9Sc3ZJa_x4ke68wjUu6dzL0gEMaN-e-Hsj_NB4V5eKKd8SI3qpkcYcx9DM2--brX5uYevPzs'
    'SCRIPT_NAME' => '/web/index.php'
    'PATH_INFO' => '/user/account'
    'PATH_TRANSLATED' => 'redirect:\\web\\index.php\\user\\account\\account'
    'PHP_SELF' => '/web/index.php/user/account'
    'REQUEST_TIME_FLOAT' => 1461295566.649
    'REQUEST_TIME' => 1461295566
]
2016-04-22 05:26:46 [192.168.101.40][-][-][info][application] [seller][api\controllers\UserController][actionAccount][][0][success] time_used[1024]
    in E:\app.xiaomaijr.com\api\controllers\ApiBaseController.php:87
    in E:\app.xiaomaijr.com\api\controllers\UserController.php:281
2016-04-22 05:26:44 [192.168.101.40][-][-][info][application] $_GET = [
    'xiaomai' => 'heiheihei'
    'user_id' => '236748'
    'access_token' => 'W_kf9Sc3ZJa_x4ke68wjUu6dzL0gEMaN-e-Hsj_NB4V5eKKd8SI3qpkcYcx9DM2--brX5uYevPzs'
]

$_SERVER = [
    'REDIRECT_MIBDIRS' => 'D:/xampp/php/extras/mibs'
    'REDIRECT_MYSQL_HOME' => '\\xampp\\mysql\\bin'
    'REDIRECT_OPENSSL_CONF' => 'D:/xampp/apache/bin/openssl.cnf'
    'REDIRECT_PHP_PEAR_SYSCONF_DIR' => '\\xampp\\php'
    'REDIRECT_PHPRC' => '\\xampp\\php'
    'REDIRECT_TMP' => '\\xampp\\tmp'
    'REDIRECT_STATUS' => '200'
    'MIBDIRS' => 'D:/xampp/php/extras/mibs'
    'MYSQL_HOME' => '\\xampp\\mysql\\bin'
    'OPENSSL_CONF' => 'D:/xampp/apache/bin/openssl.cnf'
    'PHP_PEAR_SYSCONF_DIR' => '\\xampp\\php'
    'PHPRC' => '\\xampp\\php'
    'TMP' => '\\xampp\\tmp'
    'HTTP_HOST' => '192.168.101.40'
    'HTTP_CONNECTION' => 'keep-alive'
    'HTTP_CACHE_CONTROL' => 'no-cache'
    'HTTP_USER_AGENT' => 'Mozilla/5.0 (Windows NT 6.3; WOW64) AppleWebKit/537.36 (KHTML, like Gecko) Chrome/49.0.2623.75 Safari/537.36'
    'HTTP_POSTMAN_TOKEN' => 'be533628-5ba4-7ace-aca5-8dc3410eccce'
    'HTTP_ACCEPT' => '*/*'
    'HTTP_ACCEPT_ENCODING' => 'gzip, deflate, sdch'
    'HTTP_ACCEPT_LANGUAGE' => 'zh-CN,zh;q=0.8'
    'PATH' => 'C:\\Program Files (x86)\\Common Files\\NetSarang;C:\\WINDOWS\\system32;C:\\WINDOWS;C:\\WINDOWS\\System32\\Wbem;C:\\WINDOWS\\System32\\WindowsPowerShell\\v1.0\\;C:\\Program Files (x86)\\NVIDIA Corporation\\PhysX\\Common;D:\\TortoSvn\\bin;D:\\xampp\\php'
    'SystemRoot' => 'C:\\WINDOWS'
    'COMSPEC' => 'C:\\WINDOWS\\system32\\cmd.exe'
    'PATHEXT' => '.COM;.EXE;.BAT;.CMD;.VBS;.VBE;.JS;.JSE;.WSF;.WSH;.MSC'
    'WINDIR' => 'C:\\WINDOWS'
    'SERVER_SIGNATURE' => '<address>Apache/2.4.17 (Win32) OpenSSL/1.0.2d PHP/5.6.14 Server at 192.168.101.40 Port 80</address>
'
    'SERVER_SOFTWARE' => 'Apache/2.4.17 (Win32) OpenSSL/1.0.2d PHP/5.6.14'
    'SERVER_NAME' => '192.168.101.40'
    'SERVER_ADDR' => '192.168.101.40'
    'SERVER_PORT' => '80'
    'REMOTE_ADDR' => '192.168.101.40'
    'DOCUMENT_ROOT' => 'E:/app.xiaomaijr.com/api'
    'REQUEST_SCHEME' => 'http'
    'CONTEXT_PREFIX' => ''
    'CONTEXT_DOCUMENT_ROOT' => 'E:/app.xiaomaijr.com/api'
    'SERVER_ADMIN' => 'alpha@mail.zhima.com'
    'SCRIPT_FILENAME' => 'E:/app.xiaomaijr.com/api/web/index.php'
    'REMOTE_PORT' => '58476'
    'REDIRECT_QUERY_STRING' => 'xiaomai=heiheihei&user_id=236748&access_token=W_kf9Sc3ZJa_x4ke68wjUu6dzL0gEMaN-e-Hsj_NB4V5eKKd8SI3qpkcYcx9DM2--brX5uYevPzs'
    'REDIRECT_URL' => 'http://192.168.101.40/user/account?xiaomai=heiheihei&user_id=236748&access_token=W_kf9Sc3ZJa_x4ke68wjUu6dzL0gEMaN-e-Hsj_NB4V5eKKd8SI3qpkcYcx9DM2--brX5uYevPzs'
    'GATEWAY_INTERFACE' => 'CGI/1.1'
    'SERVER_PROTOCOL' => 'HTTP/1.1'
    'REQUEST_METHOD' => 'GET'
    'QUERY_STRING' => 'xiaomai=heiheihei&user_id=236748&access_token=W_kf9Sc3ZJa_x4ke68wjUu6dzL0gEMaN-e-Hsj_NB4V5eKKd8SI3qpkcYcx9DM2--brX5uYevPzs'
    'REQUEST_URI' => '/user/account?xiaomai=heiheihei&user_id=236748&access_token=W_kf9Sc3ZJa_x4ke68wjUu6dzL0gEMaN-e-Hsj_NB4V5eKKd8SI3qpkcYcx9DM2--brX5uYevPzs'
    'SCRIPT_NAME' => '/web/index.php'
    'PATH_INFO' => '/user/account'
    'PATH_TRANSLATED' => 'redirect:\\web\\index.php\\user\\account\\account'
    'PHP_SELF' => '/web/index.php/user/account'
    'REQUEST_TIME_FLOAT' => 1461295604.316
    'REQUEST_TIME' => 1461295604
]
2016-04-22 05:30:50 [192.168.101.40][-][-][info][application] [seller][api\controllers\UserController][actionAccount][][0][success] time_used[1039]
    in E:\app.xiaomaijr.com\api\controllers\ApiBaseController.php:87
    in E:\app.xiaomaijr.com\api\controllers\UserController.php:281
2016-04-22 05:30:48 [192.168.101.40][-][-][info][application] $_GET = [
    'xiaomai' => 'heiheihei'
    'user_id' => '236748'
    'access_token' => 'W_kf9Sc3ZJa_x4ke68wjUu6dzL0gEMaN-e-Hsj_NB4V5eKKd8SI3qpkcYcx9DM2--brX5uYevPzs'
]

$_SERVER = [
    'REDIRECT_MIBDIRS' => 'D:/xampp/php/extras/mibs'
    'REDIRECT_MYSQL_HOME' => '\\xampp\\mysql\\bin'
    'REDIRECT_OPENSSL_CONF' => 'D:/xampp/apache/bin/openssl.cnf'
    'REDIRECT_PHP_PEAR_SYSCONF_DIR' => '\\xampp\\php'
    'REDIRECT_PHPRC' => '\\xampp\\php'
    'REDIRECT_TMP' => '\\xampp\\tmp'
    'REDIRECT_STATUS' => '200'
    'MIBDIRS' => 'D:/xampp/php/extras/mibs'
    'MYSQL_HOME' => '\\xampp\\mysql\\bin'
    'OPENSSL_CONF' => 'D:/xampp/apache/bin/openssl.cnf'
    'PHP_PEAR_SYSCONF_DIR' => '\\xampp\\php'
    'PHPRC' => '\\xampp\\php'
    'TMP' => '\\xampp\\tmp'
    'HTTP_HOST' => '192.168.101.40'
    'HTTP_CONNECTION' => 'keep-alive'
    'HTTP_CACHE_CONTROL' => 'no-cache'
    'HTTP_USER_AGENT' => 'Mozilla/5.0 (Windows NT 6.3; WOW64) AppleWebKit/537.36 (KHTML, like Gecko) Chrome/49.0.2623.75 Safari/537.36'
    'HTTP_POSTMAN_TOKEN' => '14d040b3-9e45-6a21-25fc-0a70aa67914e'
    'HTTP_ACCEPT' => '*/*'
    'HTTP_ACCEPT_ENCODING' => 'gzip, deflate, sdch'
    'HTTP_ACCEPT_LANGUAGE' => 'zh-CN,zh;q=0.8'
    'PATH' => 'C:\\Program Files (x86)\\Common Files\\NetSarang;C:\\WINDOWS\\system32;C:\\WINDOWS;C:\\WINDOWS\\System32\\Wbem;C:\\WINDOWS\\System32\\WindowsPowerShell\\v1.0\\;C:\\Program Files (x86)\\NVIDIA Corporation\\PhysX\\Common;D:\\TortoSvn\\bin;D:\\xampp\\php'
    'SystemRoot' => 'C:\\WINDOWS'
    'COMSPEC' => 'C:\\WINDOWS\\system32\\cmd.exe'
    'PATHEXT' => '.COM;.EXE;.BAT;.CMD;.VBS;.VBE;.JS;.JSE;.WSF;.WSH;.MSC'
    'WINDIR' => 'C:\\WINDOWS'
    'SERVER_SIGNATURE' => '<address>Apache/2.4.17 (Win32) OpenSSL/1.0.2d PHP/5.6.14 Server at 192.168.101.40 Port 80</address>
'
    'SERVER_SOFTWARE' => 'Apache/2.4.17 (Win32) OpenSSL/1.0.2d PHP/5.6.14'
    'SERVER_NAME' => '192.168.101.40'
    'SERVER_ADDR' => '192.168.101.40'
    'SERVER_PORT' => '80'
    'REMOTE_ADDR' => '192.168.101.40'
    'DOCUMENT_ROOT' => 'E:/app.xiaomaijr.com/api'
    'REQUEST_SCHEME' => 'http'
    'CONTEXT_PREFIX' => ''
    'CONTEXT_DOCUMENT_ROOT' => 'E:/app.xiaomaijr.com/api'
    'SERVER_ADMIN' => 'alpha@mail.zhima.com'
    'SCRIPT_FILENAME' => 'E:/app.xiaomaijr.com/api/web/index.php'
    'REMOTE_PORT' => '58535'
    'REDIRECT_QUERY_STRING' => 'xiaomai=heiheihei&user_id=236748&access_token=W_kf9Sc3ZJa_x4ke68wjUu6dzL0gEMaN-e-Hsj_NB4V5eKKd8SI3qpkcYcx9DM2--brX5uYevPzs'
    'REDIRECT_URL' => 'http://192.168.101.40/user/account?xiaomai=heiheihei&user_id=236748&access_token=W_kf9Sc3ZJa_x4ke68wjUu6dzL0gEMaN-e-Hsj_NB4V5eKKd8SI3qpkcYcx9DM2--brX5uYevPzs'
    'GATEWAY_INTERFACE' => 'CGI/1.1'
    'SERVER_PROTOCOL' => 'HTTP/1.1'
    'REQUEST_METHOD' => 'GET'
    'QUERY_STRING' => 'xiaomai=heiheihei&user_id=236748&access_token=W_kf9Sc3ZJa_x4ke68wjUu6dzL0gEMaN-e-Hsj_NB4V5eKKd8SI3qpkcYcx9DM2--brX5uYevPzs'
    'REQUEST_URI' => '/user/account?xiaomai=heiheihei&user_id=236748&access_token=W_kf9Sc3ZJa_x4ke68wjUu6dzL0gEMaN-e-Hsj_NB4V5eKKd8SI3qpkcYcx9DM2--brX5uYevPzs'
    'SCRIPT_NAME' => '/web/index.php'
    'PATH_INFO' => '/user/account'
    'PATH_TRANSLATED' => 'redirect:\\web\\index.php\\user\\account\\account'
    'PHP_SELF' => '/web/index.php/user/account'
    'REQUEST_TIME_FLOAT' => 1461295848.87
    'REQUEST_TIME' => 1461295848
]
2016-04-22 05:34:19 [192.168.101.40][-][-][info][application] [seller][api\controllers\UserController][actionAccount][][0][success] time_used[1043]
    in E:\app.xiaomaijr.com\api\controllers\ApiBaseController.php:87
    in E:\app.xiaomaijr.com\api\controllers\UserController.php:281
2016-04-22 05:34:17 [192.168.101.40][-][-][info][application] $_GET = [
    'xiaomai' => 'heiheihei'
    'user_id' => '236748'
    'access_token' => 'W_kf9Sc3ZJa_x4ke68wjUu6dzL0gEMaN-e-Hsj_NB4V5eKKd8SI3qpkcYcx9DM2--brX5uYevPzs'
]

$_SERVER = [
    'REDIRECT_MIBDIRS' => 'D:/xampp/php/extras/mibs'
    'REDIRECT_MYSQL_HOME' => '\\xampp\\mysql\\bin'
    'REDIRECT_OPENSSL_CONF' => 'D:/xampp/apache/bin/openssl.cnf'
    'REDIRECT_PHP_PEAR_SYSCONF_DIR' => '\\xampp\\php'
    'REDIRECT_PHPRC' => '\\xampp\\php'
    'REDIRECT_TMP' => '\\xampp\\tmp'
    'REDIRECT_STATUS' => '200'
    'MIBDIRS' => 'D:/xampp/php/extras/mibs'
    'MYSQL_HOME' => '\\xampp\\mysql\\bin'
    'OPENSSL_CONF' => 'D:/xampp/apache/bin/openssl.cnf'
    'PHP_PEAR_SYSCONF_DIR' => '\\xampp\\php'
    'PHPRC' => '\\xampp\\php'
    'TMP' => '\\xampp\\tmp'
    'HTTP_HOST' => '192.168.101.40'
    'HTTP_CONNECTION' => 'keep-alive'
    'HTTP_CACHE_CONTROL' => 'no-cache'
    'HTTP_USER_AGENT' => 'Mozilla/5.0 (Windows NT 6.3; WOW64) AppleWebKit/537.36 (KHTML, like Gecko) Chrome/49.0.2623.75 Safari/537.36'
    'HTTP_POSTMAN_TOKEN' => '98eabf28-898e-9c02-35c3-e8a292b260e8'
    'HTTP_ACCEPT' => '*/*'
    'HTTP_ACCEPT_ENCODING' => 'gzip, deflate, sdch'
    'HTTP_ACCEPT_LANGUAGE' => 'zh-CN,zh;q=0.8'
    'PATH' => 'C:\\Program Files (x86)\\Common Files\\NetSarang;C:\\WINDOWS\\system32;C:\\WINDOWS;C:\\WINDOWS\\System32\\Wbem;C:\\WINDOWS\\System32\\WindowsPowerShell\\v1.0\\;C:\\Program Files (x86)\\NVIDIA Corporation\\PhysX\\Common;D:\\TortoSvn\\bin;D:\\xampp\\php'
    'SystemRoot' => 'C:\\WINDOWS'
    'COMSPEC' => 'C:\\WINDOWS\\system32\\cmd.exe'
    'PATHEXT' => '.COM;.EXE;.BAT;.CMD;.VBS;.VBE;.JS;.JSE;.WSF;.WSH;.MSC'
    'WINDIR' => 'C:\\WINDOWS'
    'SERVER_SIGNATURE' => '<address>Apache/2.4.17 (Win32) OpenSSL/1.0.2d PHP/5.6.14 Server at 192.168.101.40 Port 80</address>
'
    'SERVER_SOFTWARE' => 'Apache/2.4.17 (Win32) OpenSSL/1.0.2d PHP/5.6.14'
    'SERVER_NAME' => '192.168.101.40'
    'SERVER_ADDR' => '192.168.101.40'
    'SERVER_PORT' => '80'
    'REMOTE_ADDR' => '192.168.101.40'
    'DOCUMENT_ROOT' => 'E:/app.xiaomaijr.com/api'
    'REQUEST_SCHEME' => 'http'
    'CONTEXT_PREFIX' => ''
    'CONTEXT_DOCUMENT_ROOT' => 'E:/app.xiaomaijr.com/api'
    'SERVER_ADMIN' => 'alpha@mail.zhima.com'
    'SCRIPT_FILENAME' => 'E:/app.xiaomaijr.com/api/web/index.php'
    'REMOTE_PORT' => '58573'
    'REDIRECT_QUERY_STRING' => 'xiaomai=heiheihei&user_id=236748&access_token=W_kf9Sc3ZJa_x4ke68wjUu6dzL0gEMaN-e-Hsj_NB4V5eKKd8SI3qpkcYcx9DM2--brX5uYevPzs'
    'REDIRECT_URL' => 'http://192.168.101.40/user/account?xiaomai=heiheihei&user_id=236748&access_token=W_kf9Sc3ZJa_x4ke68wjUu6dzL0gEMaN-e-Hsj_NB4V5eKKd8SI3qpkcYcx9DM2--brX5uYevPzs'
    'GATEWAY_INTERFACE' => 'CGI/1.1'
    'SERVER_PROTOCOL' => 'HTTP/1.1'
    'REQUEST_METHOD' => 'GET'
    'QUERY_STRING' => 'xiaomai=heiheihei&user_id=236748&access_token=W_kf9Sc3ZJa_x4ke68wjUu6dzL0gEMaN-e-Hsj_NB4V5eKKd8SI3qpkcYcx9DM2--brX5uYevPzs'
    'REQUEST_URI' => '/user/account?xiaomai=heiheihei&user_id=236748&access_token=W_kf9Sc3ZJa_x4ke68wjUu6dzL0gEMaN-e-Hsj_NB4V5eKKd8SI3qpkcYcx9DM2--brX5uYevPzs'
    'SCRIPT_NAME' => '/web/index.php'
    'PATH_INFO' => '/user/account'
    'PATH_TRANSLATED' => 'redirect:\\web\\index.php\\user\\account\\account'
    'PHP_SELF' => '/web/index.php/user/account'
    'REQUEST_TIME_FLOAT' => 1461296057.777
    'REQUEST_TIME' => 1461296057
]
2016-04-22 05:34:45 [192.168.101.40][-][-][info][application] [seller][api\controllers\UserController][actionAccount][][0][success] time_used[1052]
    in E:\app.xiaomaijr.com\api\controllers\ApiBaseController.php:87
    in E:\app.xiaomaijr.com\api\controllers\UserController.php:281
2016-04-22 05:34:43 [192.168.101.40][-][-][info][application] $_GET = [
    'xiaomai' => 'heiheihei'
    'user_id' => '236748'
    'access_token' => 'W_kf9Sc3ZJa_x4ke68wjUu6dzL0gEMaN-e-Hsj_NB4V5eKKd8SI3qpkcYcx9DM2--brX5uYevPzs'
]

$_SERVER = [
    'REDIRECT_MIBDIRS' => 'D:/xampp/php/extras/mibs'
    'REDIRECT_MYSQL_HOME' => '\\xampp\\mysql\\bin'
    'REDIRECT_OPENSSL_CONF' => 'D:/xampp/apache/bin/openssl.cnf'
    'REDIRECT_PHP_PEAR_SYSCONF_DIR' => '\\xampp\\php'
    'REDIRECT_PHPRC' => '\\xampp\\php'
    'REDIRECT_TMP' => '\\xampp\\tmp'
    'REDIRECT_STATUS' => '200'
    'MIBDIRS' => 'D:/xampp/php/extras/mibs'
    'MYSQL_HOME' => '\\xampp\\mysql\\bin'
    'OPENSSL_CONF' => 'D:/xampp/apache/bin/openssl.cnf'
    'PHP_PEAR_SYSCONF_DIR' => '\\xampp\\php'
    'PHPRC' => '\\xampp\\php'
    'TMP' => '\\xampp\\tmp'
    'HTTP_HOST' => '192.168.101.40'
    'HTTP_CONNECTION' => 'keep-alive'
    'HTTP_CACHE_CONTROL' => 'no-cache'
    'HTTP_USER_AGENT' => 'Mozilla/5.0 (Windows NT 6.3; WOW64) AppleWebKit/537.36 (KHTML, like Gecko) Chrome/49.0.2623.75 Safari/537.36'
    'HTTP_POSTMAN_TOKEN' => '0e4bbc53-366b-c7ee-8fe3-ed6a93398e1a'
    'HTTP_ACCEPT' => '*/*'
    'HTTP_ACCEPT_ENCODING' => 'gzip, deflate, sdch'
    'HTTP_ACCEPT_LANGUAGE' => 'zh-CN,zh;q=0.8'
    'PATH' => 'C:\\Program Files (x86)\\Common Files\\NetSarang;C:\\WINDOWS\\system32;C:\\WINDOWS;C:\\WINDOWS\\System32\\Wbem;C:\\WINDOWS\\System32\\WindowsPowerShell\\v1.0\\;C:\\Program Files (x86)\\NVIDIA Corporation\\PhysX\\Common;D:\\TortoSvn\\bin;D:\\xampp\\php'
    'SystemRoot' => 'C:\\WINDOWS'
    'COMSPEC' => 'C:\\WINDOWS\\system32\\cmd.exe'
    'PATHEXT' => '.COM;.EXE;.BAT;.CMD;.VBS;.VBE;.JS;.JSE;.WSF;.WSH;.MSC'
    'WINDIR' => 'C:\\WINDOWS'
    'SERVER_SIGNATURE' => '<address>Apache/2.4.17 (Win32) OpenSSL/1.0.2d PHP/5.6.14 Server at 192.168.101.40 Port 80</address>
'
    'SERVER_SOFTWARE' => 'Apache/2.4.17 (Win32) OpenSSL/1.0.2d PHP/5.6.14'
    'SERVER_NAME' => '192.168.101.40'
    'SERVER_ADDR' => '192.168.101.40'
    'SERVER_PORT' => '80'
    'REMOTE_ADDR' => '192.168.101.40'
    'DOCUMENT_ROOT' => 'E:/app.xiaomaijr.com/api'
    'REQUEST_SCHEME' => 'http'
    'CONTEXT_PREFIX' => ''
    'CONTEXT_DOCUMENT_ROOT' => 'E:/app.xiaomaijr.com/api'
    'SERVER_ADMIN' => 'alpha@mail.zhima.com'
    'SCRIPT_FILENAME' => 'E:/app.xiaomaijr.com/api/web/index.php'
    'REMOTE_PORT' => '58581'
    'REDIRECT_QUERY_STRING' => 'xiaomai=heiheihei&user_id=236748&access_token=W_kf9Sc3ZJa_x4ke68wjUu6dzL0gEMaN-e-Hsj_NB4V5eKKd8SI3qpkcYcx9DM2--brX5uYevPzs'
    'REDIRECT_URL' => 'http://192.168.101.40/user/account?xiaomai=heiheihei&user_id=236748&access_token=W_kf9Sc3ZJa_x4ke68wjUu6dzL0gEMaN-e-Hsj_NB4V5eKKd8SI3qpkcYcx9DM2--brX5uYevPzs'
    'GATEWAY_INTERFACE' => 'CGI/1.1'
    'SERVER_PROTOCOL' => 'HTTP/1.1'
    'REQUEST_METHOD' => 'GET'
    'QUERY_STRING' => 'xiaomai=heiheihei&user_id=236748&access_token=W_kf9Sc3ZJa_x4ke68wjUu6dzL0gEMaN-e-Hsj_NB4V5eKKd8SI3qpkcYcx9DM2--brX5uYevPzs'
    'REQUEST_URI' => '/user/account?xiaomai=heiheihei&user_id=236748&access_token=W_kf9Sc3ZJa_x4ke68wjUu6dzL0gEMaN-e-Hsj_NB4V5eKKd8SI3qpkcYcx9DM2--brX5uYevPzs'
    'SCRIPT_NAME' => '/web/index.php'
    'PATH_INFO' => '/user/account'
    'PATH_TRANSLATED' => 'redirect:\\web\\index.php\\user\\account\\account'
    'PHP_SELF' => '/web/index.php/user/account'
    'REQUEST_TIME_FLOAT' => 1461296083.53
    'REQUEST_TIME' => 1461296083
]
2016-04-22 07:47:19 [192.168.101.5][-][-][info][application] [seller][api\controllers\IndexController][actionIndex][][0][success] time_used[1194]
    in E:\app.xiaomaijr.com\api\controllers\ApiBaseController.php:87
    in E:\app.xiaomaijr.com\api\controllers\IndexController.php:79
2016-04-22 07:47:16 [192.168.101.5][-][-][info][application] $_GET = [
    'api_ver' => '1'
    'app_name' => '小麦金融'
    'app_ver' => '1.0.0'
    'channel' => 'Appstore'
    'mobile_type' => 'ios'
    'sign' => 'e45b1675470de134f4b16cd94f0d18cf'
]

$_SERVER = [
    'REDIRECT_MIBDIRS' => 'D:/xampp/php/extras/mibs'
    'REDIRECT_MYSQL_HOME' => '\\xampp\\mysql\\bin'
    'REDIRECT_OPENSSL_CONF' => 'D:/xampp/apache/bin/openssl.cnf'
    'REDIRECT_PHP_PEAR_SYSCONF_DIR' => '\\xampp\\php'
    'REDIRECT_PHPRC' => '\\xampp\\php'
    'REDIRECT_TMP' => '\\xampp\\tmp'
    'REDIRECT_STATUS' => '200'
    'MIBDIRS' => 'D:/xampp/php/extras/mibs'
    'MYSQL_HOME' => '\\xampp\\mysql\\bin'
    'OPENSSL_CONF' => 'D:/xampp/apache/bin/openssl.cnf'
    'PHP_PEAR_SYSCONF_DIR' => '\\xampp\\php'
    'PHPRC' => '\\xampp\\php'
    'TMP' => '\\xampp\\tmp'
    'HTTP_HOST' => '192.168.101.40'
    'HTTP_ACCEPT' => '*/*'
    'HTTP_ACCEPT_LANGUAGE' => 'en-US;q=1'
    'HTTP_CONNECTION' => 'keep-alive'
    'HTTP_ACCEPT_ENCODING' => 'gzip, deflate'
    'HTTP_USER_AGENT' => 'Mai/1 (iPhone; iOS 9.3; Scale/2.00)'
    'PATH' => 'C:\\Program Files (x86)\\Common Files\\NetSarang;C:\\WINDOWS\\system32;C:\\WINDOWS;C:\\WINDOWS\\System32\\Wbem;C:\\WINDOWS\\System32\\WindowsPowerShell\\v1.0\\;C:\\Program Files (x86)\\NVIDIA Corporation\\PhysX\\Common;D:\\TortoSvn\\bin;D:\\xampp\\php'
    'SystemRoot' => 'C:\\WINDOWS'
    'COMSPEC' => 'C:\\WINDOWS\\system32\\cmd.exe'
    'PATHEXT' => '.COM;.EXE;.BAT;.CMD;.VBS;.VBE;.JS;.JSE;.WSF;.WSH;.MSC'
    'WINDIR' => 'C:\\WINDOWS'
    'SERVER_SIGNATURE' => '<address>Apache/2.4.17 (Win32) OpenSSL/1.0.2d PHP/5.6.14 Server at 192.168.101.40 Port 80</address>
'
    'SERVER_SOFTWARE' => 'Apache/2.4.17 (Win32) OpenSSL/1.0.2d PHP/5.6.14'
    'SERVER_NAME' => '192.168.101.40'
    'SERVER_ADDR' => '192.168.101.40'
    'SERVER_PORT' => '80'
    'REMOTE_ADDR' => '192.168.101.5'
    'DOCUMENT_ROOT' => 'E:/app.xiaomaijr.com/api'
    'REQUEST_SCHEME' => 'http'
    'CONTEXT_PREFIX' => ''
    'CONTEXT_DOCUMENT_ROOT' => 'E:/app.xiaomaijr.com/api'
    'SERVER_ADMIN' => 'alpha@mail.zhima.com'
    'SCRIPT_FILENAME' => 'E:/app.xiaomaijr.com/api/web/index.php'
    'REMOTE_PORT' => '53336'
    'REDIRECT_QUERY_STRING' => 'api_ver=1&app_name=%E5%B0%8F%E9%BA%A6%E9%87%91%E8%9E%8D&app_ver=1.0.0&channel=Appstore&mobile_type=ios&sign=e45b1675470de134f4b16cd94f0d18cf'
    'REDIRECT_URL' => 'http://192.168.101.40/index/index?api_ver=1&app_name=%E5%B0%8F%E9%BA%A6%E9%87%91%E8%9E%8D&app_ver=1.0.0&channel=Appstore&mobile_type=ios&sign=e45b1675470de134f4b16cd94f0d18cf'
    'GATEWAY_INTERFACE' => 'CGI/1.1'
    'SERVER_PROTOCOL' => 'HTTP/1.1'
    'REQUEST_METHOD' => 'GET'
    'QUERY_STRING' => 'api_ver=1&app_name=%E5%B0%8F%E9%BA%A6%E9%87%91%E8%9E%8D&app_ver=1.0.0&channel=Appstore&mobile_type=ios&sign=e45b1675470de134f4b16cd94f0d18cf'
    'REQUEST_URI' => '/index/index?api_ver=1&app_name=%E5%B0%8F%E9%BA%A6%E9%87%91%E8%9E%8D&app_ver=1.0.0&channel=Appstore&mobile_type=ios&sign=e45b1675470de134f4b16cd94f0d18cf'
    'SCRIPT_NAME' => '/web/index.php'
    'PATH_INFO' => '/index/index'
    'PATH_TRANSLATED' => 'redirect:\\web\\index.php\\index\\index\\index'
    'PHP_SELF' => '/web/index.php/index/index'
    'REQUEST_TIME_FLOAT' => 1461304036.4
    'REQUEST_TIME' => 1461304036
]
2016-04-22 07:47:19 [192.168.101.5][-][-][info][application] [seller][api\controllers\IndexController][actionIndex][][0][success] time_used[1056]
    in E:\app.xiaomaijr.com\api\controllers\ApiBaseController.php:87
    in E:\app.xiaomaijr.com\api\controllers\IndexController.php:79
2016-04-22 07:47:17 [192.168.101.5][-][-][info][application] $_GET = [
    'api_ver' => '1'
    'app_name' => '小麦金融'
    'app_ver' => '1.0.0'
    'channel' => 'Appstore'
    'mobile_type' => 'ios'
    'sign' => 'e45b1675470de134f4b16cd94f0d18cf'
]

$_SERVER = [
    'REDIRECT_MIBDIRS' => 'D:/xampp/php/extras/mibs'
    'REDIRECT_MYSQL_HOME' => '\\xampp\\mysql\\bin'
    'REDIRECT_OPENSSL_CONF' => 'D:/xampp/apache/bin/openssl.cnf'
    'REDIRECT_PHP_PEAR_SYSCONF_DIR' => '\\xampp\\php'
    'REDIRECT_PHPRC' => '\\xampp\\php'
    'REDIRECT_TMP' => '\\xampp\\tmp'
    'REDIRECT_STATUS' => '200'
    'MIBDIRS' => 'D:/xampp/php/extras/mibs'
    'MYSQL_HOME' => '\\xampp\\mysql\\bin'
    'OPENSSL_CONF' => 'D:/xampp/apache/bin/openssl.cnf'
    'PHP_PEAR_SYSCONF_DIR' => '\\xampp\\php'
    'PHPRC' => '\\xampp\\php'
    'TMP' => '\\xampp\\tmp'
    'HTTP_HOST' => '192.168.101.40'
    'HTTP_ACCEPT' => '*/*'
    'HTTP_ACCEPT_LANGUAGE' => 'en-us'
    'HTTP_CONNECTION' => 'keep-alive'
    'HTTP_ACCEPT_ENCODING' => 'gzip, deflate'
    'HTTP_USER_AGENT' => 'Mai/1 CFNetwork/758.3.15 Darwin/15.4.0'
    'PATH' => 'C:\\Program Files (x86)\\Common Files\\NetSarang;C:\\WINDOWS\\system32;C:\\WINDOWS;C:\\WINDOWS\\System32\\Wbem;C:\\WINDOWS\\System32\\WindowsPowerShell\\v1.0\\;C:\\Program Files (x86)\\NVIDIA Corporation\\PhysX\\Common;D:\\TortoSvn\\bin;D:\\xampp\\php'
    'SystemRoot' => 'C:\\WINDOWS'
    'COMSPEC' => 'C:\\WINDOWS\\system32\\cmd.exe'
    'PATHEXT' => '.COM;.EXE;.BAT;.CMD;.VBS;.VBE;.JS;.JSE;.WSF;.WSH;.MSC'
    'WINDIR' => 'C:\\WINDOWS'
    'SERVER_SIGNATURE' => '<address>Apache/2.4.17 (Win32) OpenSSL/1.0.2d PHP/5.6.14 Server at 192.168.101.40 Port 80</address>
'
    'SERVER_SOFTWARE' => 'Apache/2.4.17 (Win32) OpenSSL/1.0.2d PHP/5.6.14'
    'SERVER_NAME' => '192.168.101.40'
    'SERVER_ADDR' => '192.168.101.40'
    'SERVER_PORT' => '80'
    'REMOTE_ADDR' => '192.168.101.5'
    'DOCUMENT_ROOT' => 'E:/app.xiaomaijr.com/api'
    'REQUEST_SCHEME' => 'http'
    'CONTEXT_PREFIX' => ''
    'CONTEXT_DOCUMENT_ROOT' => 'E:/app.xiaomaijr.com/api'
    'SERVER_ADMIN' => 'alpha@mail.zhima.com'
    'SCRIPT_FILENAME' => 'E:/app.xiaomaijr.com/api/web/index.php'
    'REMOTE_PORT' => '53335'
    'REDIRECT_QUERY_STRING' => 'api_ver=1&app_name=%E5%B0%8F%E9%BA%A6%E9%87%91%E8%9E%8D&app_ver=1.0.0&channel=Appstore&mobile_type=ios&sign=e45b1675470de134f4b16cd94f0d18cf'
    'REDIRECT_URL' => 'http://192.168.101.40/index/index?api_ver=1&app_name=%E5%B0%8F%E9%BA%A6%E9%87%91%E8%9E%8D&app_ver=1.0.0&channel=Appstore&mobile_type=ios&sign=e45b1675470de134f4b16cd94f0d18cf'
    'GATEWAY_INTERFACE' => 'CGI/1.1'
    'SERVER_PROTOCOL' => 'HTTP/1.1'
    'REQUEST_METHOD' => 'GET'
    'QUERY_STRING' => 'api_ver=1&app_name=%E5%B0%8F%E9%BA%A6%E9%87%91%E8%9E%8D&app_ver=1.0.0&channel=Appstore&mobile_type=ios&sign=e45b1675470de134f4b16cd94f0d18cf'
    'REQUEST_URI' => '/index/index?api_ver=1&app_name=%E5%B0%8F%E9%BA%A6%E9%87%91%E8%9E%8D&app_ver=1.0.0&channel=Appstore&mobile_type=ios&sign=e45b1675470de134f4b16cd94f0d18cf'
    'SCRIPT_NAME' => '/web/index.php'
    'PATH_INFO' => '/index/index'
    'PATH_TRANSLATED' => 'redirect:\\web\\index.php\\index\\index\\index'
    'PHP_SELF' => '/web/index.php/index/index'
    'REQUEST_TIME_FLOAT' => 1461304037.493
    'REQUEST_TIME' => 1461304037
]
2016-04-22 07:47:21 [192.168.101.5][-][-][info][application] [seller][api\controllers\IndexController][actionIndex][][0][success] time_used[1042]
    in E:\app.xiaomaijr.com\api\controllers\ApiBaseController.php:87
    in E:\app.xiaomaijr.com\api\controllers\IndexController.php:79
2016-04-22 07:47:19 [192.168.101.5][-][-][info][application] $_GET = [
    'api_ver' => '1'
    'app_name' => '小麦金融'
    'app_ver' => '1.0.0'
    'channel' => 'Appstore'
    'mobile_type' => 'ios'
    'sign' => 'e45b1675470de134f4b16cd94f0d18cf'
]

$_SERVER = [
    'REDIRECT_MIBDIRS' => 'D:/xampp/php/extras/mibs'
    'REDIRECT_MYSQL_HOME' => '\\xampp\\mysql\\bin'
    'REDIRECT_OPENSSL_CONF' => 'D:/xampp/apache/bin/openssl.cnf'
    'REDIRECT_PHP_PEAR_SYSCONF_DIR' => '\\xampp\\php'
    'REDIRECT_PHPRC' => '\\xampp\\php'
    'REDIRECT_TMP' => '\\xampp\\tmp'
    'REDIRECT_STATUS' => '200'
    'MIBDIRS' => 'D:/xampp/php/extras/mibs'
    'MYSQL_HOME' => '\\xampp\\mysql\\bin'
    'OPENSSL_CONF' => 'D:/xampp/apache/bin/openssl.cnf'
    'PHP_PEAR_SYSCONF_DIR' => '\\xampp\\php'
    'PHPRC' => '\\xampp\\php'
    'TMP' => '\\xampp\\tmp'
    'HTTP_HOST' => '192.168.101.40'
    'HTTP_ACCEPT' => '*/*'
    'HTTP_ACCEPT_LANGUAGE' => 'en-us'
    'HTTP_CONNECTION' => 'keep-alive'
    'HTTP_ACCEPT_ENCODING' => 'gzip, deflate'
    'HTTP_USER_AGENT' => 'Mai/1 CFNetwork/758.3.15 Darwin/15.4.0'
    'PATH' => 'C:\\Program Files (x86)\\Common Files\\NetSarang;C:\\WINDOWS\\system32;C:\\WINDOWS;C:\\WINDOWS\\System32\\Wbem;C:\\WINDOWS\\System32\\WindowsPowerShell\\v1.0\\;C:\\Program Files (x86)\\NVIDIA Corporation\\PhysX\\Common;D:\\TortoSvn\\bin;D:\\xampp\\php'
    'SystemRoot' => 'C:\\WINDOWS'
    'COMSPEC' => 'C:\\WINDOWS\\system32\\cmd.exe'
    'PATHEXT' => '.COM;.EXE;.BAT;.CMD;.VBS;.VBE;.JS;.JSE;.WSF;.WSH;.MSC'
    'WINDIR' => 'C:\\WINDOWS'
    'SERVER_SIGNATURE' => '<address>Apache/2.4.17 (Win32) OpenSSL/1.0.2d PHP/5.6.14 Server at 192.168.101.40 Port 80</address>
'
    'SERVER_SOFTWARE' => 'Apache/2.4.17 (Win32) OpenSSL/1.0.2d PHP/5.6.14'
    'SERVER_NAME' => '192.168.101.40'
    'SERVER_ADDR' => '192.168.101.40'
    'SERVER_PORT' => '80'
    'REMOTE_ADDR' => '192.168.101.5'
    'DOCUMENT_ROOT' => 'E:/app.xiaomaijr.com/api'
    'REQUEST_SCHEME' => 'http'
    'CONTEXT_PREFIX' => ''
    'CONTEXT_DOCUMENT_ROOT' => 'E:/app.xiaomaijr.com/api'
    'SERVER_ADMIN' => 'alpha@mail.zhima.com'
    'SCRIPT_FILENAME' => 'E:/app.xiaomaijr.com/api/web/index.php'
    'REMOTE_PORT' => '53336'
    'REDIRECT_QUERY_STRING' => 'api_ver=1&app_name=%E5%B0%8F%E9%BA%A6%E9%87%91%E8%9E%8D&app_ver=1.0.0&channel=Appstore&mobile_type=ios&sign=e45b1675470de134f4b16cd94f0d18cf'
    'REDIRECT_URL' => 'http://192.168.101.40/index/index?api_ver=1&app_name=%E5%B0%8F%E9%BA%A6%E9%87%91%E8%9E%8D&app_ver=1.0.0&channel=Appstore&mobile_type=ios&sign=e45b1675470de134f4b16cd94f0d18cf'
    'GATEWAY_INTERFACE' => 'CGI/1.1'
    'SERVER_PROTOCOL' => 'HTTP/1.1'
    'REQUEST_METHOD' => 'GET'
    'QUERY_STRING' => 'api_ver=1&app_name=%E5%B0%8F%E9%BA%A6%E9%87%91%E8%9E%8D&app_ver=1.0.0&channel=Appstore&mobile_type=ios&sign=e45b1675470de134f4b16cd94f0d18cf'
    'REQUEST_URI' => '/index/index?api_ver=1&app_name=%E5%B0%8F%E9%BA%A6%E9%87%91%E8%9E%8D&app_ver=1.0.0&channel=Appstore&mobile_type=ios&sign=e45b1675470de134f4b16cd94f0d18cf'
    'SCRIPT_NAME' => '/web/index.php'
    'PATH_INFO' => '/index/index'
    'PATH_TRANSLATED' => 'redirect:\\web\\index.php\\index\\index\\index'
    'PHP_SELF' => '/web/index.php/index/index'
    'REQUEST_TIME_FLOAT' => 1461304039.86
    'REQUEST_TIME' => 1461304039
]
2016-04-22 07:47:22 [192.168.101.5][-][-][info][application] [seller][api\controllers\IndexController][actionIndex][][0][success] time_used[1072]
    in E:\app.xiaomaijr.com\api\controllers\ApiBaseController.php:87
    in E:\app.xiaomaijr.com\api\controllers\IndexController.php:79
2016-04-22 07:47:19 [192.168.101.5][-][-][info][application] $_GET = [
    'api_ver' => '1'
    'app_name' => '小麦金融'
    'app_ver' => '1.0.0'
    'channel' => 'Appstore'
    'mobile_type' => 'ios'
    'sign' => 'e45b1675470de134f4b16cd94f0d18cf'
]

$_SERVER = [
    'REDIRECT_MIBDIRS' => 'D:/xampp/php/extras/mibs'
    'REDIRECT_MYSQL_HOME' => '\\xampp\\mysql\\bin'
    'REDIRECT_OPENSSL_CONF' => 'D:/xampp/apache/bin/openssl.cnf'
    'REDIRECT_PHP_PEAR_SYSCONF_DIR' => '\\xampp\\php'
    'REDIRECT_PHPRC' => '\\xampp\\php'
    'REDIRECT_TMP' => '\\xampp\\tmp'
    'REDIRECT_STATUS' => '200'
    'MIBDIRS' => 'D:/xampp/php/extras/mibs'
    'MYSQL_HOME' => '\\xampp\\mysql\\bin'
    'OPENSSL_CONF' => 'D:/xampp/apache/bin/openssl.cnf'
    'PHP_PEAR_SYSCONF_DIR' => '\\xampp\\php'
    'PHPRC' => '\\xampp\\php'
    'TMP' => '\\xampp\\tmp'
    'HTTP_HOST' => '192.168.101.40'
    'HTTP_ACCEPT' => '*/*'
    'HTTP_ACCEPT_LANGUAGE' => 'en-US;q=1'
    'HTTP_CONNECTION' => 'keep-alive'
    'HTTP_ACCEPT_ENCODING' => 'gzip, deflate'
    'HTTP_USER_AGENT' => 'Mai/1 (iPhone; iOS 9.3; Scale/2.00)'
    'PATH' => 'C:\\Program Files (x86)\\Common Files\\NetSarang;C:\\WINDOWS\\system32;C:\\WINDOWS;C:\\WINDOWS\\System32\\Wbem;C:\\WINDOWS\\System32\\WindowsPowerShell\\v1.0\\;C:\\Program Files (x86)\\NVIDIA Corporation\\PhysX\\Common;D:\\TortoSvn\\bin;D:\\xampp\\php'
    'SystemRoot' => 'C:\\WINDOWS'
    'COMSPEC' => 'C:\\WINDOWS\\system32\\cmd.exe'
    'PATHEXT' => '.COM;.EXE;.BAT;.CMD;.VBS;.VBE;.JS;.JSE;.WSF;.WSH;.MSC'
    'WINDIR' => 'C:\\WINDOWS'
    'SERVER_SIGNATURE' => '<address>Apache/2.4.17 (Win32) OpenSSL/1.0.2d PHP/5.6.14 Server at 192.168.101.40 Port 80</address>
'
    'SERVER_SOFTWARE' => 'Apache/2.4.17 (Win32) OpenSSL/1.0.2d PHP/5.6.14'
    'SERVER_NAME' => '192.168.101.40'
    'SERVER_ADDR' => '192.168.101.40'
    'SERVER_PORT' => '80'
    'REMOTE_ADDR' => '192.168.101.5'
    'DOCUMENT_ROOT' => 'E:/app.xiaomaijr.com/api'
    'REQUEST_SCHEME' => 'http'
    'CONTEXT_PREFIX' => ''
    'CONTEXT_DOCUMENT_ROOT' => 'E:/app.xiaomaijr.com/api'
    'SERVER_ADMIN' => 'alpha@mail.zhima.com'
    'SCRIPT_FILENAME' => 'E:/app.xiaomaijr.com/api/web/index.php'
    'REMOTE_PORT' => '53335'
    'REDIRECT_QUERY_STRING' => 'api_ver=1&app_name=%E5%B0%8F%E9%BA%A6%E9%87%91%E8%9E%8D&app_ver=1.0.0&channel=Appstore&mobile_type=ios&sign=e45b1675470de134f4b16cd94f0d18cf'
    'REDIRECT_URL' => 'http://192.168.101.40/index/index?api_ver=1&app_name=%E5%B0%8F%E9%BA%A6%E9%87%91%E8%9E%8D&app_ver=1.0.0&channel=Appstore&mobile_type=ios&sign=e45b1675470de134f4b16cd94f0d18cf'
    'GATEWAY_INTERFACE' => 'CGI/1.1'
    'SERVER_PROTOCOL' => 'HTTP/1.1'
    'REQUEST_METHOD' => 'GET'
    'QUERY_STRING' => 'api_ver=1&app_name=%E5%B0%8F%E9%BA%A6%E9%87%91%E8%9E%8D&app_ver=1.0.0&channel=Appstore&mobile_type=ios&sign=e45b1675470de134f4b16cd94f0d18cf'
    'REQUEST_URI' => '/index/index?api_ver=1&app_name=%E5%B0%8F%E9%BA%A6%E9%87%91%E8%9E%8D&app_ver=1.0.0&channel=Appstore&mobile_type=ios&sign=e45b1675470de134f4b16cd94f0d18cf'
    'SCRIPT_NAME' => '/web/index.php'
    'PATH_INFO' => '/index/index'
    'PATH_TRANSLATED' => 'redirect:\\web\\index.php\\index\\index\\index'
    'PHP_SELF' => '/web/index.php/index/index'
    'REQUEST_TIME_FLOAT' => 1461304039.861
    'REQUEST_TIME' => 1461304039
]
2016-04-22 09:08:58 [192.168.101.40][-][-][info][application] [seller][api\controllers\UserController][actionAccount][][0][success] time_used[1187]
    in E:\app.xiaomaijr.com\api\controllers\ApiBaseController.php:87
    in E:\app.xiaomaijr.com\api\controllers\UserController.php:281
2016-04-22 09:08:55 [192.168.101.40][-][-][info][application] $_GET = [
    'xiaomai' => 'heiheihei'
    'user_id' => '236748'
    'access_token' => 'W_kf9Sc3ZJa_x4ke68wjUu6dzL0gEMaN-e-Hsj_NB4V5eKKd8SI3qpkcYcx9DM2--brX5uYevPzs'
]

$_SERVER = [
    'REDIRECT_MIBDIRS' => 'D:/xampp/php/extras/mibs'
    'REDIRECT_MYSQL_HOME' => '\\xampp\\mysql\\bin'
    'REDIRECT_OPENSSL_CONF' => 'D:/xampp/apache/bin/openssl.cnf'
    'REDIRECT_PHP_PEAR_SYSCONF_DIR' => '\\xampp\\php'
    'REDIRECT_PHPRC' => '\\xampp\\php'
    'REDIRECT_TMP' => '\\xampp\\tmp'
    'REDIRECT_STATUS' => '200'
    'MIBDIRS' => 'D:/xampp/php/extras/mibs'
    'MYSQL_HOME' => '\\xampp\\mysql\\bin'
    'OPENSSL_CONF' => 'D:/xampp/apache/bin/openssl.cnf'
    'PHP_PEAR_SYSCONF_DIR' => '\\xampp\\php'
    'PHPRC' => '\\xampp\\php'
    'TMP' => '\\xampp\\tmp'
    'HTTP_HOST' => '192.168.101.40'
    'HTTP_CONNECTION' => 'keep-alive'
    'HTTP_CACHE_CONTROL' => 'no-cache'
    'HTTP_USER_AGENT' => 'Mozilla/5.0 (Windows NT 6.3; WOW64) AppleWebKit/537.36 (KHTML, like Gecko) Chrome/49.0.2623.75 Safari/537.36'
    'HTTP_POSTMAN_TOKEN' => '3b37051d-b342-a12f-bd81-f35d69034329'
    'HTTP_ACCEPT' => '*/*'
    'HTTP_ACCEPT_ENCODING' => 'gzip, deflate, sdch'
    'HTTP_ACCEPT_LANGUAGE' => 'zh-CN,zh;q=0.8'
    'PATH' => 'C:\\Program Files (x86)\\Common Files\\NetSarang;C:\\WINDOWS\\system32;C:\\WINDOWS;C:\\WINDOWS\\System32\\Wbem;C:\\WINDOWS\\System32\\WindowsPowerShell\\v1.0\\;C:\\Program Files (x86)\\NVIDIA Corporation\\PhysX\\Common;D:\\TortoSvn\\bin;D:\\xampp\\php'
    'SystemRoot' => 'C:\\WINDOWS'
    'COMSPEC' => 'C:\\WINDOWS\\system32\\cmd.exe'
    'PATHEXT' => '.COM;.EXE;.BAT;.CMD;.VBS;.VBE;.JS;.JSE;.WSF;.WSH;.MSC'
    'WINDIR' => 'C:\\WINDOWS'
    'SERVER_SIGNATURE' => '<address>Apache/2.4.17 (Win32) OpenSSL/1.0.2d PHP/5.6.14 Server at 192.168.101.40 Port 80</address>
'
    'SERVER_SOFTWARE' => 'Apache/2.4.17 (Win32) OpenSSL/1.0.2d PHP/5.6.14'
    'SERVER_NAME' => '192.168.101.40'
    'SERVER_ADDR' => '192.168.101.40'
    'SERVER_PORT' => '80'
    'REMOTE_ADDR' => '192.168.101.40'
    'DOCUMENT_ROOT' => 'E:/app.xiaomaijr.com/api'
    'REQUEST_SCHEME' => 'http'
    'CONTEXT_PREFIX' => ''
    'CONTEXT_DOCUMENT_ROOT' => 'E:/app.xiaomaijr.com/api'
    'SERVER_ADMIN' => 'alpha@mail.zhima.com'
    'SCRIPT_FILENAME' => 'E:/app.xiaomaijr.com/api/web/index.php'
    'REMOTE_PORT' => '61026'
    'REDIRECT_QUERY_STRING' => 'xiaomai=heiheihei&user_id=236748&access_token=W_kf9Sc3ZJa_x4ke68wjUu6dzL0gEMaN-e-Hsj_NB4V5eKKd8SI3qpkcYcx9DM2--brX5uYevPzs'
    'REDIRECT_URL' => 'http://192.168.101.40/user/account?xiaomai=heiheihei&user_id=236748&access_token=W_kf9Sc3ZJa_x4ke68wjUu6dzL0gEMaN-e-Hsj_NB4V5eKKd8SI3qpkcYcx9DM2--brX5uYevPzs'
    'GATEWAY_INTERFACE' => 'CGI/1.1'
    'SERVER_PROTOCOL' => 'HTTP/1.1'
    'REQUEST_METHOD' => 'GET'
    'QUERY_STRING' => 'xiaomai=heiheihei&user_id=236748&access_token=W_kf9Sc3ZJa_x4ke68wjUu6dzL0gEMaN-e-Hsj_NB4V5eKKd8SI3qpkcYcx9DM2--brX5uYevPzs'
    'REQUEST_URI' => '/user/account?xiaomai=heiheihei&user_id=236748&access_token=W_kf9Sc3ZJa_x4ke68wjUu6dzL0gEMaN-e-Hsj_NB4V5eKKd8SI3qpkcYcx9DM2--brX5uYevPzs'
    'SCRIPT_NAME' => '/web/index.php'
    'PATH_INFO' => '/user/account'
    'PATH_TRANSLATED' => 'redirect:\\web\\index.php\\user\\account\\account'
    'PHP_SELF' => '/web/index.php/user/account'
    'REQUEST_TIME_FLOAT' => 1461308935.842
    'REQUEST_TIME' => 1461308935
]
2016-04-22 09:25:23 [192.168.101.5][-][-][info][application] [seller][api\controllers\IndexController][actionIndex][][0][success] time_used[1114]
    in E:\app.xiaomaijr.com\api\controllers\ApiBaseController.php:87
    in E:\app.xiaomaijr.com\api\controllers\IndexController.php:79
2016-04-22 09:25:21 [192.168.101.5][-][-][info][application] $_GET = [
    'api_ver' => '1'
    'app_name' => '小麦金融'
    'app_ver' => '1.0.0'
    'channel' => 'Appstore'
    'mobile_type' => 'ios'
    'sign' => 'e45b1675470de134f4b16cd94f0d18cf'
]

$_SERVER = [
    'REDIRECT_MIBDIRS' => 'D:/xampp/php/extras/mibs'
    'REDIRECT_MYSQL_HOME' => '\\xampp\\mysql\\bin'
    'REDIRECT_OPENSSL_CONF' => 'D:/xampp/apache/bin/openssl.cnf'
    'REDIRECT_PHP_PEAR_SYSCONF_DIR' => '\\xampp\\php'
    'REDIRECT_PHPRC' => '\\xampp\\php'
    'REDIRECT_TMP' => '\\xampp\\tmp'
    'REDIRECT_STATUS' => '200'
    'MIBDIRS' => 'D:/xampp/php/extras/mibs'
    'MYSQL_HOME' => '\\xampp\\mysql\\bin'
    'OPENSSL_CONF' => 'D:/xampp/apache/bin/openssl.cnf'
    'PHP_PEAR_SYSCONF_DIR' => '\\xampp\\php'
    'PHPRC' => '\\xampp\\php'
    'TMP' => '\\xampp\\tmp'
    'HTTP_HOST' => '192.168.101.40'
    'HTTP_ACCEPT' => '*/*'
    'HTTP_ACCEPT_LANGUAGE' => 'en-us'
    'HTTP_CONNECTION' => 'keep-alive'
    'HTTP_ACCEPT_ENCODING' => 'gzip, deflate'
    'HTTP_USER_AGENT' => 'Mai/1 CFNetwork/758.3.15 Darwin/15.4.0'
    'PATH' => 'C:\\Program Files (x86)\\Common Files\\NetSarang;C:\\WINDOWS\\system32;C:\\WINDOWS;C:\\WINDOWS\\System32\\Wbem;C:\\WINDOWS\\System32\\WindowsPowerShell\\v1.0\\;C:\\Program Files (x86)\\NVIDIA Corporation\\PhysX\\Common;D:\\TortoSvn\\bin;D:\\xampp\\php'
    'SystemRoot' => 'C:\\WINDOWS'
    'COMSPEC' => 'C:\\WINDOWS\\system32\\cmd.exe'
    'PATHEXT' => '.COM;.EXE;.BAT;.CMD;.VBS;.VBE;.JS;.JSE;.WSF;.WSH;.MSC'
    'WINDIR' => 'C:\\WINDOWS'
    'SERVER_SIGNATURE' => '<address>Apache/2.4.17 (Win32) OpenSSL/1.0.2d PHP/5.6.14 Server at 192.168.101.40 Port 80</address>
'
    'SERVER_SOFTWARE' => 'Apache/2.4.17 (Win32) OpenSSL/1.0.2d PHP/5.6.14'
    'SERVER_NAME' => '192.168.101.40'
    'SERVER_ADDR' => '192.168.101.40'
    'SERVER_PORT' => '80'
    'REMOTE_ADDR' => '192.168.101.5'
    'DOCUMENT_ROOT' => 'E:/app.xiaomaijr.com/api'
    'REQUEST_SCHEME' => 'http'
    'CONTEXT_PREFIX' => ''
    'CONTEXT_DOCUMENT_ROOT' => 'E:/app.xiaomaijr.com/api'
    'SERVER_ADMIN' => 'alpha@mail.zhima.com'
    'SCRIPT_FILENAME' => 'E:/app.xiaomaijr.com/api/web/index.php'
    'REMOTE_PORT' => '49276'
    'REDIRECT_QUERY_STRING' => 'api_ver=1&app_name=%E5%B0%8F%E9%BA%A6%E9%87%91%E8%9E%8D&app_ver=1.0.0&channel=Appstore&mobile_type=ios&sign=e45b1675470de134f4b16cd94f0d18cf'
    'REDIRECT_URL' => 'http://192.168.101.40/index/index?api_ver=1&app_name=%E5%B0%8F%E9%BA%A6%E9%87%91%E8%9E%8D&app_ver=1.0.0&channel=Appstore&mobile_type=ios&sign=e45b1675470de134f4b16cd94f0d18cf'
    'GATEWAY_INTERFACE' => 'CGI/1.1'
    'SERVER_PROTOCOL' => 'HTTP/1.1'
    'REQUEST_METHOD' => 'GET'
    'QUERY_STRING' => 'api_ver=1&app_name=%E5%B0%8F%E9%BA%A6%E9%87%91%E8%9E%8D&app_ver=1.0.0&channel=Appstore&mobile_type=ios&sign=e45b1675470de134f4b16cd94f0d18cf'
    'REQUEST_URI' => '/index/index?api_ver=1&app_name=%E5%B0%8F%E9%BA%A6%E9%87%91%E8%9E%8D&app_ver=1.0.0&channel=Appstore&mobile_type=ios&sign=e45b1675470de134f4b16cd94f0d18cf'
    'SCRIPT_NAME' => '/web/index.php'
    'PATH_INFO' => '/index/index'
    'PATH_TRANSLATED' => 'redirect:\\web\\index.php\\index\\index\\index'
    'PHP_SELF' => '/web/index.php/index/index'
    'REQUEST_TIME_FLOAT' => 1461309921.491
    'REQUEST_TIME' => 1461309921
]
2016-04-22 09:25:25 [192.168.101.5][-][-][info][application] [seller][api\controllers\IndexController][actionIndex][][0][success] time_used[1056]
    in E:\app.xiaomaijr.com\api\controllers\ApiBaseController.php:87
    in E:\app.xiaomaijr.com\api\controllers\IndexController.php:79
2016-04-22 09:25:23 [192.168.101.5][-][-][info][application] $_GET = [
    'api_ver' => '1'
    'app_name' => '小麦金融'
    'app_ver' => '1.0.0'
    'channel' => 'Appstore'
    'mobile_type' => 'ios'
    'sign' => 'e45b1675470de134f4b16cd94f0d18cf'
]

$_SERVER = [
    'REDIRECT_MIBDIRS' => 'D:/xampp/php/extras/mibs'
    'REDIRECT_MYSQL_HOME' => '\\xampp\\mysql\\bin'
    'REDIRECT_OPENSSL_CONF' => 'D:/xampp/apache/bin/openssl.cnf'
    'REDIRECT_PHP_PEAR_SYSCONF_DIR' => '\\xampp\\php'
    'REDIRECT_PHPRC' => '\\xampp\\php'
    'REDIRECT_TMP' => '\\xampp\\tmp'
    'REDIRECT_STATUS' => '200'
    'MIBDIRS' => 'D:/xampp/php/extras/mibs'
    'MYSQL_HOME' => '\\xampp\\mysql\\bin'
    'OPENSSL_CONF' => 'D:/xampp/apache/bin/openssl.cnf'
    'PHP_PEAR_SYSCONF_DIR' => '\\xampp\\php'
    'PHPRC' => '\\xampp\\php'
    'TMP' => '\\xampp\\tmp'
    'HTTP_HOST' => '192.168.101.40'
    'HTTP_ACCEPT' => '*/*'
    'HTTP_ACCEPT_LANGUAGE' => 'en-US;q=1'
    'HTTP_CONNECTION' => 'keep-alive'
    'HTTP_ACCEPT_ENCODING' => 'gzip, deflate'
    'HTTP_USER_AGENT' => 'Mai/1 (iPhone; iOS 9.3; Scale/2.00)'
    'PATH' => 'C:\\Program Files (x86)\\Common Files\\NetSarang;C:\\WINDOWS\\system32;C:\\WINDOWS;C:\\WINDOWS\\System32\\Wbem;C:\\WINDOWS\\System32\\WindowsPowerShell\\v1.0\\;C:\\Program Files (x86)\\NVIDIA Corporation\\PhysX\\Common;D:\\TortoSvn\\bin;D:\\xampp\\php'
    'SystemRoot' => 'C:\\WINDOWS'
    'COMSPEC' => 'C:\\WINDOWS\\system32\\cmd.exe'
    'PATHEXT' => '.COM;.EXE;.BAT;.CMD;.VBS;.VBE;.JS;.JSE;.WSF;.WSH;.MSC'
    'WINDIR' => 'C:\\WINDOWS'
    'SERVER_SIGNATURE' => '<address>Apache/2.4.17 (Win32) OpenSSL/1.0.2d PHP/5.6.14 Server at 192.168.101.40 Port 80</address>
'
    'SERVER_SOFTWARE' => 'Apache/2.4.17 (Win32) OpenSSL/1.0.2d PHP/5.6.14'
    'SERVER_NAME' => '192.168.101.40'
    'SERVER_ADDR' => '192.168.101.40'
    'SERVER_PORT' => '80'
    'REMOTE_ADDR' => '192.168.101.5'
    'DOCUMENT_ROOT' => 'E:/app.xiaomaijr.com/api'
    'REQUEST_SCHEME' => 'http'
    'CONTEXT_PREFIX' => ''
    'CONTEXT_DOCUMENT_ROOT' => 'E:/app.xiaomaijr.com/api'
    'SERVER_ADMIN' => 'alpha@mail.zhima.com'
    'SCRIPT_FILENAME' => 'E:/app.xiaomaijr.com/api/web/index.php'
    'REMOTE_PORT' => '49277'
    'REDIRECT_QUERY_STRING' => 'api_ver=1&app_name=%E5%B0%8F%E9%BA%A6%E9%87%91%E8%9E%8D&app_ver=1.0.0&channel=Appstore&mobile_type=ios&sign=e45b1675470de134f4b16cd94f0d18cf'
    'REDIRECT_URL' => 'http://192.168.101.40/index/index?api_ver=1&app_name=%E5%B0%8F%E9%BA%A6%E9%87%91%E8%9E%8D&app_ver=1.0.0&channel=Appstore&mobile_type=ios&sign=e45b1675470de134f4b16cd94f0d18cf'
    'GATEWAY_INTERFACE' => 'CGI/1.1'
    'SERVER_PROTOCOL' => 'HTTP/1.1'
    'REQUEST_METHOD' => 'GET'
    'QUERY_STRING' => 'api_ver=1&app_name=%E5%B0%8F%E9%BA%A6%E9%87%91%E8%9E%8D&app_ver=1.0.0&channel=Appstore&mobile_type=ios&sign=e45b1675470de134f4b16cd94f0d18cf'
    'REQUEST_URI' => '/index/index?api_ver=1&app_name=%E5%B0%8F%E9%BA%A6%E9%87%91%E8%9E%8D&app_ver=1.0.0&channel=Appstore&mobile_type=ios&sign=e45b1675470de134f4b16cd94f0d18cf'
    'SCRIPT_NAME' => '/web/index.php'
    'PATH_INFO' => '/index/index'
    'PATH_TRANSLATED' => 'redirect:\\web\\index.php\\index\\index\\index'
    'PHP_SELF' => '/web/index.php/index/index'
    'REQUEST_TIME_FLOAT' => 1461309923.705
    'REQUEST_TIME' => 1461309923
]
2016-04-22 09:25:25 [192.168.101.5][-][-][info][application] [seller][api\controllers\IndexController][actionIndex][][0][success] time_used[1038]
    in E:\app.xiaomaijr.com\api\controllers\ApiBaseController.php:87
    in E:\app.xiaomaijr.com\api\controllers\IndexController.php:79
2016-04-22 09:25:23 [192.168.101.5][-][-][info][application] $_GET = [
    'api_ver' => '1'
    'app_name' => '小麦金融'
    'app_ver' => '1.0.0'
    'channel' => 'Appstore'
    'mobile_type' => 'ios'
    'sign' => 'e45b1675470de134f4b16cd94f0d18cf'
]

$_SERVER = [
    'REDIRECT_MIBDIRS' => 'D:/xampp/php/extras/mibs'
    'REDIRECT_MYSQL_HOME' => '\\xampp\\mysql\\bin'
    'REDIRECT_OPENSSL_CONF' => 'D:/xampp/apache/bin/openssl.cnf'
    'REDIRECT_PHP_PEAR_SYSCONF_DIR' => '\\xampp\\php'
    'REDIRECT_PHPRC' => '\\xampp\\php'
    'REDIRECT_TMP' => '\\xampp\\tmp'
    'REDIRECT_STATUS' => '200'
    'MIBDIRS' => 'D:/xampp/php/extras/mibs'
    'MYSQL_HOME' => '\\xampp\\mysql\\bin'
    'OPENSSL_CONF' => 'D:/xampp/apache/bin/openssl.cnf'
    'PHP_PEAR_SYSCONF_DIR' => '\\xampp\\php'
    'PHPRC' => '\\xampp\\php'
    'TMP' => '\\xampp\\tmp'
    'HTTP_HOST' => '192.168.101.40'
    'HTTP_ACCEPT' => '*/*'
    'HTTP_ACCEPT_LANGUAGE' => 'en-us'
    'HTTP_CONNECTION' => 'keep-alive'
    'HTTP_ACCEPT_ENCODING' => 'gzip, deflate'
    'HTTP_USER_AGENT' => 'Mai/1 CFNetwork/758.3.15 Darwin/15.4.0'
    'PATH' => 'C:\\Program Files (x86)\\Common Files\\NetSarang;C:\\WINDOWS\\system32;C:\\WINDOWS;C:\\WINDOWS\\System32\\Wbem;C:\\WINDOWS\\System32\\WindowsPowerShell\\v1.0\\;C:\\Program Files (x86)\\NVIDIA Corporation\\PhysX\\Common;D:\\TortoSvn\\bin;D:\\xampp\\php'
    'SystemRoot' => 'C:\\WINDOWS'
    'COMSPEC' => 'C:\\WINDOWS\\system32\\cmd.exe'
    'PATHEXT' => '.COM;.EXE;.BAT;.CMD;.VBS;.VBE;.JS;.JSE;.WSF;.WSH;.MSC'
    'WINDIR' => 'C:\\WINDOWS'
    'SERVER_SIGNATURE' => '<address>Apache/2.4.17 (Win32) OpenSSL/1.0.2d PHP/5.6.14 Server at 192.168.101.40 Port 80</address>
'
    'SERVER_SOFTWARE' => 'Apache/2.4.17 (Win32) OpenSSL/1.0.2d PHP/5.6.14'
    'SERVER_NAME' => '192.168.101.40'
    'SERVER_ADDR' => '192.168.101.40'
    'SERVER_PORT' => '80'
    'REMOTE_ADDR' => '192.168.101.5'
    'DOCUMENT_ROOT' => 'E:/app.xiaomaijr.com/api'
    'REQUEST_SCHEME' => 'http'
    'CONTEXT_PREFIX' => ''
    'CONTEXT_DOCUMENT_ROOT' => 'E:/app.xiaomaijr.com/api'
    'SERVER_ADMIN' => 'alpha@mail.zhima.com'
    'SCRIPT_FILENAME' => 'E:/app.xiaomaijr.com/api/web/index.php'
    'REMOTE_PORT' => '49276'
    'REDIRECT_QUERY_STRING' => 'api_ver=1&app_name=%E5%B0%8F%E9%BA%A6%E9%87%91%E8%9E%8D&app_ver=1.0.0&channel=Appstore&mobile_type=ios&sign=e45b1675470de134f4b16cd94f0d18cf'
    'REDIRECT_URL' => 'http://192.168.101.40/index/index?api_ver=1&app_name=%E5%B0%8F%E9%BA%A6%E9%87%91%E8%9E%8D&app_ver=1.0.0&channel=Appstore&mobile_type=ios&sign=e45b1675470de134f4b16cd94f0d18cf'
    'GATEWAY_INTERFACE' => 'CGI/1.1'
    'SERVER_PROTOCOL' => 'HTTP/1.1'
    'REQUEST_METHOD' => 'GET'
    'QUERY_STRING' => 'api_ver=1&app_name=%E5%B0%8F%E9%BA%A6%E9%87%91%E8%9E%8D&app_ver=1.0.0&channel=Appstore&mobile_type=ios&sign=e45b1675470de134f4b16cd94f0d18cf'
    'REQUEST_URI' => '/index/index?api_ver=1&app_name=%E5%B0%8F%E9%BA%A6%E9%87%91%E8%9E%8D&app_ver=1.0.0&channel=Appstore&mobile_type=ios&sign=e45b1675470de134f4b16cd94f0d18cf'
    'SCRIPT_NAME' => '/web/index.php'
    'PATH_INFO' => '/index/index'
    'PATH_TRANSLATED' => 'redirect:\\web\\index.php\\index\\index\\index'
    'PHP_SELF' => '/web/index.php/index/index'
    'REQUEST_TIME_FLOAT' => 1461309923.705
    'REQUEST_TIME' => 1461309923
]
2016-04-22 09:25:26 [192.168.101.5][-][-][info][application] [seller][api\controllers\IndexController][actionIndex][][0][success] time_used[1046]
    in E:\app.xiaomaijr.com\api\controllers\ApiBaseController.php:87
    in E:\app.xiaomaijr.com\api\controllers\IndexController.php:79
2016-04-22 09:25:24 [192.168.101.5][-][-][info][application] $_GET = [
    'api_ver' => '1'
    'app_name' => '小麦金融'
    'app_ver' => '1.0.0'
    'channel' => 'Appstore'
    'mobile_type' => 'ios'
    'sign' => 'e45b1675470de134f4b16cd94f0d18cf'
]

$_SERVER = [
    'REDIRECT_MIBDIRS' => 'D:/xampp/php/extras/mibs'
    'REDIRECT_MYSQL_HOME' => '\\xampp\\mysql\\bin'
    'REDIRECT_OPENSSL_CONF' => 'D:/xampp/apache/bin/openssl.cnf'
    'REDIRECT_PHP_PEAR_SYSCONF_DIR' => '\\xampp\\php'
    'REDIRECT_PHPRC' => '\\xampp\\php'
    'REDIRECT_TMP' => '\\xampp\\tmp'
    'REDIRECT_STATUS' => '200'
    'MIBDIRS' => 'D:/xampp/php/extras/mibs'
    'MYSQL_HOME' => '\\xampp\\mysql\\bin'
    'OPENSSL_CONF' => 'D:/xampp/apache/bin/openssl.cnf'
    'PHP_PEAR_SYSCONF_DIR' => '\\xampp\\php'
    'PHPRC' => '\\xampp\\php'
    'TMP' => '\\xampp\\tmp'
    'HTTP_HOST' => '192.168.101.40'
    'HTTP_ACCEPT' => '*/*'
    'HTTP_ACCEPT_LANGUAGE' => 'en-US;q=1'
    'HTTP_CONNECTION' => 'keep-alive'
    'HTTP_ACCEPT_ENCODING' => 'gzip, deflate'
    'HTTP_USER_AGENT' => 'Mai/1 (iPhone; iOS 9.3; Scale/2.00)'
    'PATH' => 'C:\\Program Files (x86)\\Common Files\\NetSarang;C:\\WINDOWS\\system32;C:\\WINDOWS;C:\\WINDOWS\\System32\\Wbem;C:\\WINDOWS\\System32\\WindowsPowerShell\\v1.0\\;C:\\Program Files (x86)\\NVIDIA Corporation\\PhysX\\Common;D:\\TortoSvn\\bin;D:\\xampp\\php'
    'SystemRoot' => 'C:\\WINDOWS'
    'COMSPEC' => 'C:\\WINDOWS\\system32\\cmd.exe'
    'PATHEXT' => '.COM;.EXE;.BAT;.CMD;.VBS;.VBE;.JS;.JSE;.WSF;.WSH;.MSC'
    'WINDIR' => 'C:\\WINDOWS'
    'SERVER_SIGNATURE' => '<address>Apache/2.4.17 (Win32) OpenSSL/1.0.2d PHP/5.6.14 Server at 192.168.101.40 Port 80</address>
'
    'SERVER_SOFTWARE' => 'Apache/2.4.17 (Win32) OpenSSL/1.0.2d PHP/5.6.14'
    'SERVER_NAME' => '192.168.101.40'
    'SERVER_ADDR' => '192.168.101.40'
    'SERVER_PORT' => '80'
    'REMOTE_ADDR' => '192.168.101.5'
    'DOCUMENT_ROOT' => 'E:/app.xiaomaijr.com/api'
    'REQUEST_SCHEME' => 'http'
    'CONTEXT_PREFIX' => ''
    'CONTEXT_DOCUMENT_ROOT' => 'E:/app.xiaomaijr.com/api'
    'SERVER_ADMIN' => 'alpha@mail.zhima.com'
    'SCRIPT_FILENAME' => 'E:/app.xiaomaijr.com/api/web/index.php'
    'REMOTE_PORT' => '49278'
    'REDIRECT_QUERY_STRING' => 'api_ver=1&app_name=%E5%B0%8F%E9%BA%A6%E9%87%91%E8%9E%8D&app_ver=1.0.0&channel=Appstore&mobile_type=ios&sign=e45b1675470de134f4b16cd94f0d18cf'
    'REDIRECT_URL' => 'http://192.168.101.40/index/index?api_ver=1&app_name=%E5%B0%8F%E9%BA%A6%E9%87%91%E8%9E%8D&app_ver=1.0.0&channel=Appstore&mobile_type=ios&sign=e45b1675470de134f4b16cd94f0d18cf'
    'GATEWAY_INTERFACE' => 'CGI/1.1'
    'SERVER_PROTOCOL' => 'HTTP/1.1'
    'REQUEST_METHOD' => 'GET'
    'QUERY_STRING' => 'api_ver=1&app_name=%E5%B0%8F%E9%BA%A6%E9%87%91%E8%9E%8D&app_ver=1.0.0&channel=Appstore&mobile_type=ios&sign=e45b1675470de134f4b16cd94f0d18cf'
    'REQUEST_URI' => '/index/index?api_ver=1&app_name=%E5%B0%8F%E9%BA%A6%E9%87%91%E8%9E%8D&app_ver=1.0.0&channel=Appstore&mobile_type=ios&sign=e45b1675470de134f4b16cd94f0d18cf'
    'SCRIPT_NAME' => '/web/index.php'
    'PATH_INFO' => '/index/index'
    'PATH_TRANSLATED' => 'redirect:\\web\\index.php\\index\\index\\index'
    'PHP_SELF' => '/web/index.php/index/index'
    'REQUEST_TIME_FLOAT' => 1461309923.976
    'REQUEST_TIME' => 1461309923
]
2016-04-22 09:52:19 [192.168.101.5][-][-][info][application] [seller][api\controllers\IndexController][actionIndex][][0][success] time_used[1101]
    in E:\app.xiaomaijr.com\api\controllers\ApiBaseController.php:87
    in E:\app.xiaomaijr.com\api\controllers\IndexController.php:79
2016-04-22 09:52:17 [192.168.101.5][-][-][info][application] $_GET = [
    'api_ver' => '1'
    'app_name' => '小麦金融'
    'app_ver' => '1.0.0'
    'channel' => 'Appstore'
    'mobile_type' => 'ios'
    'sign' => 'e45b1675470de134f4b16cd94f0d18cf'
]

$_SERVER = [
    'REDIRECT_MIBDIRS' => 'D:/xampp/php/extras/mibs'
    'REDIRECT_MYSQL_HOME' => '\\xampp\\mysql\\bin'
    'REDIRECT_OPENSSL_CONF' => 'D:/xampp/apache/bin/openssl.cnf'
    'REDIRECT_PHP_PEAR_SYSCONF_DIR' => '\\xampp\\php'
    'REDIRECT_PHPRC' => '\\xampp\\php'
    'REDIRECT_TMP' => '\\xampp\\tmp'
    'REDIRECT_STATUS' => '200'
    'MIBDIRS' => 'D:/xampp/php/extras/mibs'
    'MYSQL_HOME' => '\\xampp\\mysql\\bin'
    'OPENSSL_CONF' => 'D:/xampp/apache/bin/openssl.cnf'
    'PHP_PEAR_SYSCONF_DIR' => '\\xampp\\php'
    'PHPRC' => '\\xampp\\php'
    'TMP' => '\\xampp\\tmp'
    'HTTP_HOST' => '192.168.101.40'
    'HTTP_ACCEPT' => '*/*'
    'HTTP_ACCEPT_LANGUAGE' => 'en-US;q=1'
    'HTTP_CONNECTION' => 'keep-alive'
    'HTTP_ACCEPT_ENCODING' => 'gzip, deflate'
    'HTTP_USER_AGENT' => 'Mai/1 (iPhone; iOS 9.3; Scale/2.00)'
    'PATH' => 'C:\\Program Files (x86)\\Common Files\\NetSarang;C:\\WINDOWS\\system32;C:\\WINDOWS;C:\\WINDOWS\\System32\\Wbem;C:\\WINDOWS\\System32\\WindowsPowerShell\\v1.0\\;C:\\Program Files (x86)\\NVIDIA Corporation\\PhysX\\Common;D:\\TortoSvn\\bin;D:\\xampp\\php'
    'SystemRoot' => 'C:\\WINDOWS'
    'COMSPEC' => 'C:\\WINDOWS\\system32\\cmd.exe'
    'PATHEXT' => '.COM;.EXE;.BAT;.CMD;.VBS;.VBE;.JS;.JSE;.WSF;.WSH;.MSC'
    'WINDIR' => 'C:\\WINDOWS'
    'SERVER_SIGNATURE' => '<address>Apache/2.4.17 (Win32) OpenSSL/1.0.2d PHP/5.6.14 Server at 192.168.101.40 Port 80</address>
'
    'SERVER_SOFTWARE' => 'Apache/2.4.17 (Win32) OpenSSL/1.0.2d PHP/5.6.14'
    'SERVER_NAME' => '192.168.101.40'
    'SERVER_ADDR' => '192.168.101.40'
    'SERVER_PORT' => '80'
    'REMOTE_ADDR' => '192.168.101.5'
    'DOCUMENT_ROOT' => 'E:/app.xiaomaijr.com/api'
    'REQUEST_SCHEME' => 'http'
    'CONTEXT_PREFIX' => ''
    'CONTEXT_DOCUMENT_ROOT' => 'E:/app.xiaomaijr.com/api'
    'SERVER_ADMIN' => 'alpha@mail.zhima.com'
    'SCRIPT_FILENAME' => 'E:/app.xiaomaijr.com/api/web/index.php'
    'REMOTE_PORT' => '49616'
    'REDIRECT_QUERY_STRING' => 'api_ver=1&app_name=%E5%B0%8F%E9%BA%A6%E9%87%91%E8%9E%8D&app_ver=1.0.0&channel=Appstore&mobile_type=ios&sign=e45b1675470de134f4b16cd94f0d18cf'
    'REDIRECT_URL' => 'http://192.168.101.40/index/index?api_ver=1&app_name=%E5%B0%8F%E9%BA%A6%E9%87%91%E8%9E%8D&app_ver=1.0.0&channel=Appstore&mobile_type=ios&sign=e45b1675470de134f4b16cd94f0d18cf'
    'GATEWAY_INTERFACE' => 'CGI/1.1'
    'SERVER_PROTOCOL' => 'HTTP/1.1'
    'REQUEST_METHOD' => 'GET'
    'QUERY_STRING' => 'api_ver=1&app_name=%E5%B0%8F%E9%BA%A6%E9%87%91%E8%9E%8D&app_ver=1.0.0&channel=Appstore&mobile_type=ios&sign=e45b1675470de134f4b16cd94f0d18cf'
    'REQUEST_URI' => '/index/index?api_ver=1&app_name=%E5%B0%8F%E9%BA%A6%E9%87%91%E8%9E%8D&app_ver=1.0.0&channel=Appstore&mobile_type=ios&sign=e45b1675470de134f4b16cd94f0d18cf'
    'SCRIPT_NAME' => '/web/index.php'
    'PATH_INFO' => '/index/index'
    'PATH_TRANSLATED' => 'redirect:\\web\\index.php\\index\\index\\index'
    'PHP_SELF' => '/web/index.php/index/index'
    'REQUEST_TIME_FLOAT' => 1461311537.068
    'REQUEST_TIME' => 1461311537
]
2016-04-22 09:52:19 [192.168.101.5][-][-][info][application] [seller][api\controllers\IndexController][actionIndex][][0][success] time_used[1101]
    in E:\app.xiaomaijr.com\api\controllers\ApiBaseController.php:87
    in E:\app.xiaomaijr.com\api\controllers\IndexController.php:79
2016-04-22 09:52:17 [192.168.101.5][-][-][info][application] $_GET = [
    'api_ver' => '1'
    'app_name' => '小麦金融'
    'app_ver' => '1.0.0'
    'channel' => 'Appstore'
    'mobile_type' => 'ios'
    'sign' => 'e45b1675470de134f4b16cd94f0d18cf'
]

$_SERVER = [
    'REDIRECT_MIBDIRS' => 'D:/xampp/php/extras/mibs'
    'REDIRECT_MYSQL_HOME' => '\\xampp\\mysql\\bin'
    'REDIRECT_OPENSSL_CONF' => 'D:/xampp/apache/bin/openssl.cnf'
    'REDIRECT_PHP_PEAR_SYSCONF_DIR' => '\\xampp\\php'
    'REDIRECT_PHPRC' => '\\xampp\\php'
    'REDIRECT_TMP' => '\\xampp\\tmp'
    'REDIRECT_STATUS' => '200'
    'MIBDIRS' => 'D:/xampp/php/extras/mibs'
    'MYSQL_HOME' => '\\xampp\\mysql\\bin'
    'OPENSSL_CONF' => 'D:/xampp/apache/bin/openssl.cnf'
    'PHP_PEAR_SYSCONF_DIR' => '\\xampp\\php'
    'PHPRC' => '\\xampp\\php'
    'TMP' => '\\xampp\\tmp'
    'HTTP_HOST' => '192.168.101.40'
    'HTTP_ACCEPT' => '*/*'
    'HTTP_ACCEPT_LANGUAGE' => 'en-us'
    'HTTP_CONNECTION' => 'keep-alive'
    'HTTP_ACCEPT_ENCODING' => 'gzip, deflate'
    'HTTP_USER_AGENT' => 'Mai/1 CFNetwork/758.3.15 Darwin/15.4.0'
    'PATH' => 'C:\\Program Files (x86)\\Common Files\\NetSarang;C:\\WINDOWS\\system32;C:\\WINDOWS;C:\\WINDOWS\\System32\\Wbem;C:\\WINDOWS\\System32\\WindowsPowerShell\\v1.0\\;C:\\Program Files (x86)\\NVIDIA Corporation\\PhysX\\Common;D:\\TortoSvn\\bin;D:\\xampp\\php'
    'SystemRoot' => 'C:\\WINDOWS'
    'COMSPEC' => 'C:\\WINDOWS\\system32\\cmd.exe'
    'PATHEXT' => '.COM;.EXE;.BAT;.CMD;.VBS;.VBE;.JS;.JSE;.WSF;.WSH;.MSC'
    'WINDIR' => 'C:\\WINDOWS'
    'SERVER_SIGNATURE' => '<address>Apache/2.4.17 (Win32) OpenSSL/1.0.2d PHP/5.6.14 Server at 192.168.101.40 Port 80</address>
'
    'SERVER_SOFTWARE' => 'Apache/2.4.17 (Win32) OpenSSL/1.0.2d PHP/5.6.14'
    'SERVER_NAME' => '192.168.101.40'
    'SERVER_ADDR' => '192.168.101.40'
    'SERVER_PORT' => '80'
    'REMOTE_ADDR' => '192.168.101.5'
    'DOCUMENT_ROOT' => 'E:/app.xiaomaijr.com/api'
    'REQUEST_SCHEME' => 'http'
    'CONTEXT_PREFIX' => ''
    'CONTEXT_DOCUMENT_ROOT' => 'E:/app.xiaomaijr.com/api'
    'SERVER_ADMIN' => 'alpha@mail.zhima.com'
    'SCRIPT_FILENAME' => 'E:/app.xiaomaijr.com/api/web/index.php'
    'REMOTE_PORT' => '49615'
    'REDIRECT_QUERY_STRING' => 'api_ver=1&app_name=%E5%B0%8F%E9%BA%A6%E9%87%91%E8%9E%8D&app_ver=1.0.0&channel=Appstore&mobile_type=ios&sign=e45b1675470de134f4b16cd94f0d18cf'
    'REDIRECT_URL' => 'http://192.168.101.40/index/index?api_ver=1&app_name=%E5%B0%8F%E9%BA%A6%E9%87%91%E8%9E%8D&app_ver=1.0.0&channel=Appstore&mobile_type=ios&sign=e45b1675470de134f4b16cd94f0d18cf'
    'GATEWAY_INTERFACE' => 'CGI/1.1'
    'SERVER_PROTOCOL' => 'HTTP/1.1'
    'REQUEST_METHOD' => 'GET'
    'QUERY_STRING' => 'api_ver=1&app_name=%E5%B0%8F%E9%BA%A6%E9%87%91%E8%9E%8D&app_ver=1.0.0&channel=Appstore&mobile_type=ios&sign=e45b1675470de134f4b16cd94f0d18cf'
    'REQUEST_URI' => '/index/index?api_ver=1&app_name=%E5%B0%8F%E9%BA%A6%E9%87%91%E8%9E%8D&app_ver=1.0.0&channel=Appstore&mobile_type=ios&sign=e45b1675470de134f4b16cd94f0d18cf'
    'SCRIPT_NAME' => '/web/index.php'
    'PATH_INFO' => '/index/index'
    'PATH_TRANSLATED' => 'redirect:\\web\\index.php\\index\\index\\index'
    'PHP_SELF' => '/web/index.php/index/index'
    'REQUEST_TIME_FLOAT' => 1461311537.068
    'REQUEST_TIME' => 1461311537
]
2016-04-22 09:52:21 [192.168.101.5][-][-][info][application] [seller][api\controllers\IndexController][actionIndex][][0][success] time_used[1027]
    in E:\app.xiaomaijr.com\api\controllers\ApiBaseController.php:87
    in E:\app.xiaomaijr.com\api\controllers\IndexController.php:79
2016-04-22 09:52:19 [192.168.101.5][-][-][info][application] $_GET = [
    'api_ver' => '1'
    'app_name' => '小麦金融'
    'app_ver' => '1.0.0'
    'channel' => 'Appstore'
    'mobile_type' => 'ios'
    'sign' => 'e45b1675470de134f4b16cd94f0d18cf'
]

$_SERVER = [
    'REDIRECT_MIBDIRS' => 'D:/xampp/php/extras/mibs'
    'REDIRECT_MYSQL_HOME' => '\\xampp\\mysql\\bin'
    'REDIRECT_OPENSSL_CONF' => 'D:/xampp/apache/bin/openssl.cnf'
    'REDIRECT_PHP_PEAR_SYSCONF_DIR' => '\\xampp\\php'
    'REDIRECT_PHPRC' => '\\xampp\\php'
    'REDIRECT_TMP' => '\\xampp\\tmp'
    'REDIRECT_STATUS' => '200'
    'MIBDIRS' => 'D:/xampp/php/extras/mibs'
    'MYSQL_HOME' => '\\xampp\\mysql\\bin'
    'OPENSSL_CONF' => 'D:/xampp/apache/bin/openssl.cnf'
    'PHP_PEAR_SYSCONF_DIR' => '\\xampp\\php'
    'PHPRC' => '\\xampp\\php'
    'TMP' => '\\xampp\\tmp'
    'HTTP_HOST' => '192.168.101.40'
    'HTTP_ACCEPT' => '*/*'
    'HTTP_ACCEPT_LANGUAGE' => 'en-US;q=1'
    'HTTP_CONNECTION' => 'keep-alive'
    'HTTP_ACCEPT_ENCODING' => 'gzip, deflate'
    'HTTP_USER_AGENT' => 'Mai/1 (iPhone; iOS 9.3; Scale/2.00)'
    'PATH' => 'C:\\Program Files (x86)\\Common Files\\NetSarang;C:\\WINDOWS\\system32;C:\\WINDOWS;C:\\WINDOWS\\System32\\Wbem;C:\\WINDOWS\\System32\\WindowsPowerShell\\v1.0\\;C:\\Program Files (x86)\\NVIDIA Corporation\\PhysX\\Common;D:\\TortoSvn\\bin;D:\\xampp\\php'
    'SystemRoot' => 'C:\\WINDOWS'
    'COMSPEC' => 'C:\\WINDOWS\\system32\\cmd.exe'
    'PATHEXT' => '.COM;.EXE;.BAT;.CMD;.VBS;.VBE;.JS;.JSE;.WSF;.WSH;.MSC'
    'WINDIR' => 'C:\\WINDOWS'
    'SERVER_SIGNATURE' => '<address>Apache/2.4.17 (Win32) OpenSSL/1.0.2d PHP/5.6.14 Server at 192.168.101.40 Port 80</address>
'
    'SERVER_SOFTWARE' => 'Apache/2.4.17 (Win32) OpenSSL/1.0.2d PHP/5.6.14'
    'SERVER_NAME' => '192.168.101.40'
    'SERVER_ADDR' => '192.168.101.40'
    'SERVER_PORT' => '80'
    'REMOTE_ADDR' => '192.168.101.5'
    'DOCUMENT_ROOT' => 'E:/app.xiaomaijr.com/api'
    'REQUEST_SCHEME' => 'http'
    'CONTEXT_PREFIX' => ''
    'CONTEXT_DOCUMENT_ROOT' => 'E:/app.xiaomaijr.com/api'
    'SERVER_ADMIN' => 'alpha@mail.zhima.com'
    'SCRIPT_FILENAME' => 'E:/app.xiaomaijr.com/api/web/index.php'
    'REMOTE_PORT' => '49617'
    'REDIRECT_QUERY_STRING' => 'api_ver=1&app_name=%E5%B0%8F%E9%BA%A6%E9%87%91%E8%9E%8D&app_ver=1.0.0&channel=Appstore&mobile_type=ios&sign=e45b1675470de134f4b16cd94f0d18cf'
    'REDIRECT_URL' => 'http://192.168.101.40/index/index?api_ver=1&app_name=%E5%B0%8F%E9%BA%A6%E9%87%91%E8%9E%8D&app_ver=1.0.0&channel=Appstore&mobile_type=ios&sign=e45b1675470de134f4b16cd94f0d18cf'
    'GATEWAY_INTERFACE' => 'CGI/1.1'
    'SERVER_PROTOCOL' => 'HTTP/1.1'
    'REQUEST_METHOD' => 'GET'
    'QUERY_STRING' => 'api_ver=1&app_name=%E5%B0%8F%E9%BA%A6%E9%87%91%E8%9E%8D&app_ver=1.0.0&channel=Appstore&mobile_type=ios&sign=e45b1675470de134f4b16cd94f0d18cf'
    'REQUEST_URI' => '/index/index?api_ver=1&app_name=%E5%B0%8F%E9%BA%A6%E9%87%91%E8%9E%8D&app_ver=1.0.0&channel=Appstore&mobile_type=ios&sign=e45b1675470de134f4b16cd94f0d18cf'
    'SCRIPT_NAME' => '/web/index.php'
    'PATH_INFO' => '/index/index'
    'PATH_TRANSLATED' => 'redirect:\\web\\index.php\\index\\index\\index'
    'PHP_SELF' => '/web/index.php/index/index'
    'REQUEST_TIME_FLOAT' => 1461311539.3
    'REQUEST_TIME' => 1461311539
]
2016-04-22 09:52:21 [192.168.101.5][-][-][info][application] [seller][api\controllers\IndexController][actionIndex][][0][success] time_used[1045]
    in E:\app.xiaomaijr.com\api\controllers\ApiBaseController.php:87
    in E:\app.xiaomaijr.com\api\controllers\IndexController.php:79
2016-04-22 09:52:19 [192.168.101.5][-][-][info][application] $_GET = [
    'api_ver' => '1'
    'app_name' => '小麦金融'
    'app_ver' => '1.0.0'
    'channel' => 'Appstore'
    'mobile_type' => 'ios'
    'sign' => 'e45b1675470de134f4b16cd94f0d18cf'
]

$_SERVER = [
    'REDIRECT_MIBDIRS' => 'D:/xampp/php/extras/mibs'
    'REDIRECT_MYSQL_HOME' => '\\xampp\\mysql\\bin'
    'REDIRECT_OPENSSL_CONF' => 'D:/xampp/apache/bin/openssl.cnf'
    'REDIRECT_PHP_PEAR_SYSCONF_DIR' => '\\xampp\\php'
    'REDIRECT_PHPRC' => '\\xampp\\php'
    'REDIRECT_TMP' => '\\xampp\\tmp'
    'REDIRECT_STATUS' => '200'
    'MIBDIRS' => 'D:/xampp/php/extras/mibs'
    'MYSQL_HOME' => '\\xampp\\mysql\\bin'
    'OPENSSL_CONF' => 'D:/xampp/apache/bin/openssl.cnf'
    'PHP_PEAR_SYSCONF_DIR' => '\\xampp\\php'
    'PHPRC' => '\\xampp\\php'
    'TMP' => '\\xampp\\tmp'
    'HTTP_HOST' => '192.168.101.40'
    'HTTP_ACCEPT' => '*/*'
    'HTTP_ACCEPT_LANGUAGE' => 'en-us'
    'HTTP_CONNECTION' => 'keep-alive'
    'HTTP_ACCEPT_ENCODING' => 'gzip, deflate'
    'HTTP_USER_AGENT' => 'Mai/1 CFNetwork/758.3.15 Darwin/15.4.0'
    'PATH' => 'C:\\Program Files (x86)\\Common Files\\NetSarang;C:\\WINDOWS\\system32;C:\\WINDOWS;C:\\WINDOWS\\System32\\Wbem;C:\\WINDOWS\\System32\\WindowsPowerShell\\v1.0\\;C:\\Program Files (x86)\\NVIDIA Corporation\\PhysX\\Common;D:\\TortoSvn\\bin;D:\\xampp\\php'
    'SystemRoot' => 'C:\\WINDOWS'
    'COMSPEC' => 'C:\\WINDOWS\\system32\\cmd.exe'
    'PATHEXT' => '.COM;.EXE;.BAT;.CMD;.VBS;.VBE;.JS;.JSE;.WSF;.WSH;.MSC'
    'WINDIR' => 'C:\\WINDOWS'
    'SERVER_SIGNATURE' => '<address>Apache/2.4.17 (Win32) OpenSSL/1.0.2d PHP/5.6.14 Server at 192.168.101.40 Port 80</address>
'
    'SERVER_SOFTWARE' => 'Apache/2.4.17 (Win32) OpenSSL/1.0.2d PHP/5.6.14'
    'SERVER_NAME' => '192.168.101.40'
    'SERVER_ADDR' => '192.168.101.40'
    'SERVER_PORT' => '80'
    'REMOTE_ADDR' => '192.168.101.5'
    'DOCUMENT_ROOT' => 'E:/app.xiaomaijr.com/api'
    'REQUEST_SCHEME' => 'http'
    'CONTEXT_PREFIX' => ''
    'CONTEXT_DOCUMENT_ROOT' => 'E:/app.xiaomaijr.com/api'
    'SERVER_ADMIN' => 'alpha@mail.zhima.com'
    'SCRIPT_FILENAME' => 'E:/app.xiaomaijr.com/api/web/index.php'
    'REMOTE_PORT' => '49615'
    'REDIRECT_QUERY_STRING' => 'api_ver=1&app_name=%E5%B0%8F%E9%BA%A6%E9%87%91%E8%9E%8D&app_ver=1.0.0&channel=Appstore&mobile_type=ios&sign=e45b1675470de134f4b16cd94f0d18cf'
    'REDIRECT_URL' => 'http://192.168.101.40/index/index?api_ver=1&app_name=%E5%B0%8F%E9%BA%A6%E9%87%91%E8%9E%8D&app_ver=1.0.0&channel=Appstore&mobile_type=ios&sign=e45b1675470de134f4b16cd94f0d18cf'
    'GATEWAY_INTERFACE' => 'CGI/1.1'
    'SERVER_PROTOCOL' => 'HTTP/1.1'
    'REQUEST_METHOD' => 'GET'
    'QUERY_STRING' => 'api_ver=1&app_name=%E5%B0%8F%E9%BA%A6%E9%87%91%E8%9E%8D&app_ver=1.0.0&channel=Appstore&mobile_type=ios&sign=e45b1675470de134f4b16cd94f0d18cf'
    'REQUEST_URI' => '/index/index?api_ver=1&app_name=%E5%B0%8F%E9%BA%A6%E9%87%91%E8%9E%8D&app_ver=1.0.0&channel=Appstore&mobile_type=ios&sign=e45b1675470de134f4b16cd94f0d18cf'
    'SCRIPT_NAME' => '/web/index.php'
    'PATH_INFO' => '/index/index'
    'PATH_TRANSLATED' => 'redirect:\\web\\index.php\\index\\index\\index'
    'PHP_SELF' => '/web/index.php/index/index'
    'REQUEST_TIME_FLOAT' => 1461311539.285
    'REQUEST_TIME' => 1461311539
]
2016-04-22 09:52:39 [192.168.101.5][-][-][info][application] [seller][api\controllers\ProductController][actionList][][0][success] time_used[1052]
    in E:\app.xiaomaijr.com\api\controllers\ApiBaseController.php:87
    in E:\app.xiaomaijr.com\api\controllers\ProductController.php:68
2016-04-22 09:52:37 [192.168.101.5][-][-][info][application] $_GET = [
    'api_ver' => '1'
    'app_name' => '小麦金融'
    'app_ver' => '1.0.0'
    'channel' => 'Appstore'
    'mobile_type' => 'ios'
    'sign' => 'e45b1675470de134f4b16cd94f0d18cf'
]

$_SERVER = [
    'REDIRECT_MIBDIRS' => 'D:/xampp/php/extras/mibs'
    'REDIRECT_MYSQL_HOME' => '\\xampp\\mysql\\bin'
    'REDIRECT_OPENSSL_CONF' => 'D:/xampp/apache/bin/openssl.cnf'
    'REDIRECT_PHP_PEAR_SYSCONF_DIR' => '\\xampp\\php'
    'REDIRECT_PHPRC' => '\\xampp\\php'
    'REDIRECT_TMP' => '\\xampp\\tmp'
    'REDIRECT_STATUS' => '200'
    'MIBDIRS' => 'D:/xampp/php/extras/mibs'
    'MYSQL_HOME' => '\\xampp\\mysql\\bin'
    'OPENSSL_CONF' => 'D:/xampp/apache/bin/openssl.cnf'
    'PHP_PEAR_SYSCONF_DIR' => '\\xampp\\php'
    'PHPRC' => '\\xampp\\php'
    'TMP' => '\\xampp\\tmp'
    'HTTP_HOST' => '192.168.101.40'
    'HTTP_ACCEPT' => '*/*'
    'HTTP_ACCEPT_LANGUAGE' => 'en-us'
    'HTTP_CONNECTION' => 'keep-alive'
    'HTTP_ACCEPT_ENCODING' => 'gzip, deflate'
    'HTTP_USER_AGENT' => 'Mai/1 CFNetwork/758.3.15 Darwin/15.4.0'
    'PATH' => 'C:\\Program Files (x86)\\Common Files\\NetSarang;C:\\WINDOWS\\system32;C:\\WINDOWS;C:\\WINDOWS\\System32\\Wbem;C:\\WINDOWS\\System32\\WindowsPowerShell\\v1.0\\;C:\\Program Files (x86)\\NVIDIA Corporation\\PhysX\\Common;D:\\TortoSvn\\bin;D:\\xampp\\php'
    'SystemRoot' => 'C:\\WINDOWS'
    'COMSPEC' => 'C:\\WINDOWS\\system32\\cmd.exe'
    'PATHEXT' => '.COM;.EXE;.BAT;.CMD;.VBS;.VBE;.JS;.JSE;.WSF;.WSH;.MSC'
    'WINDIR' => 'C:\\WINDOWS'
    'SERVER_SIGNATURE' => '<address>Apache/2.4.17 (Win32) OpenSSL/1.0.2d PHP/5.6.14 Server at 192.168.101.40 Port 80</address>
'
    'SERVER_SOFTWARE' => 'Apache/2.4.17 (Win32) OpenSSL/1.0.2d PHP/5.6.14'
    'SERVER_NAME' => '192.168.101.40'
    'SERVER_ADDR' => '192.168.101.40'
    'SERVER_PORT' => '80'
    'REMOTE_ADDR' => '192.168.101.5'
    'DOCUMENT_ROOT' => 'E:/app.xiaomaijr.com/api'
    'REQUEST_SCHEME' => 'http'
    'CONTEXT_PREFIX' => ''
    'CONTEXT_DOCUMENT_ROOT' => 'E:/app.xiaomaijr.com/api'
    'SERVER_ADMIN' => 'alpha@mail.zhima.com'
    'SCRIPT_FILENAME' => 'E:/app.xiaomaijr.com/api/web/index.php'
    'REMOTE_PORT' => '49618'
    'REDIRECT_QUERY_STRING' => 'api_ver=1&app_name=%E5%B0%8F%E9%BA%A6%E9%87%91%E8%9E%8D&app_ver=1.0.0&channel=Appstore&mobile_type=ios&sign=e45b1675470de134f4b16cd94f0d18cf'
    'REDIRECT_URL' => 'http://192.168.101.40/product/list?api_ver=1&app_name=%E5%B0%8F%E9%BA%A6%E9%87%91%E8%9E%8D&app_ver=1.0.0&channel=Appstore&mobile_type=ios&sign=e45b1675470de134f4b16cd94f0d18cf'
    'GATEWAY_INTERFACE' => 'CGI/1.1'
    'SERVER_PROTOCOL' => 'HTTP/1.1'
    'REQUEST_METHOD' => 'GET'
    'QUERY_STRING' => 'api_ver=1&app_name=%E5%B0%8F%E9%BA%A6%E9%87%91%E8%9E%8D&app_ver=1.0.0&channel=Appstore&mobile_type=ios&sign=e45b1675470de134f4b16cd94f0d18cf'
    'REQUEST_URI' => '/product/list?api_ver=1&app_name=%E5%B0%8F%E9%BA%A6%E9%87%91%E8%9E%8D&app_ver=1.0.0&channel=Appstore&mobile_type=ios&sign=e45b1675470de134f4b16cd94f0d18cf'
    'SCRIPT_NAME' => '/web/index.php'
    'PATH_INFO' => '/product/list'
    'PATH_TRANSLATED' => 'redirect:\\web\\index.php\\product\\list\\list'
    'PHP_SELF' => '/web/index.php/product/list'
    'REQUEST_TIME_FLOAT' => 1461311557.159
    'REQUEST_TIME' => 1461311557
]
2016-04-22 09:52:39 [192.168.101.5][-][-][info][application] [seller][api\controllers\ProductController][actionList][][0][success] time_used[1052]
    in E:\app.xiaomaijr.com\api\controllers\ApiBaseController.php:87
    in E:\app.xiaomaijr.com\api\controllers\ProductController.php:68
2016-04-22 09:52:37 [192.168.101.5][-][-][info][application] $_GET = [
    'api_ver' => '1'
    'app_name' => '小麦金融'
    'app_ver' => '1.0.0'
    'channel' => 'Appstore'
    'mobile_type' => 'ios'
    'sign' => 'e45b1675470de134f4b16cd94f0d18cf'
]

$_SERVER = [
    'REDIRECT_MIBDIRS' => 'D:/xampp/php/extras/mibs'
    'REDIRECT_MYSQL_HOME' => '\\xampp\\mysql\\bin'
    'REDIRECT_OPENSSL_CONF' => 'D:/xampp/apache/bin/openssl.cnf'
    'REDIRECT_PHP_PEAR_SYSCONF_DIR' => '\\xampp\\php'
    'REDIRECT_PHPRC' => '\\xampp\\php'
    'REDIRECT_TMP' => '\\xampp\\tmp'
    'REDIRECT_STATUS' => '200'
    'MIBDIRS' => 'D:/xampp/php/extras/mibs'
    'MYSQL_HOME' => '\\xampp\\mysql\\bin'
    'OPENSSL_CONF' => 'D:/xampp/apache/bin/openssl.cnf'
    'PHP_PEAR_SYSCONF_DIR' => '\\xampp\\php'
    'PHPRC' => '\\xampp\\php'
    'TMP' => '\\xampp\\tmp'
    'HTTP_HOST' => '192.168.101.40'
    'HTTP_ACCEPT' => '*/*'
    'HTTP_ACCEPT_LANGUAGE' => 'en-US;q=1'
    'HTTP_CONNECTION' => 'keep-alive'
    'HTTP_ACCEPT_ENCODING' => 'gzip, deflate'
    'HTTP_USER_AGENT' => 'Mai/1 (iPhone; iOS 9.3; Scale/2.00)'
    'PATH' => 'C:\\Program Files (x86)\\Common Files\\NetSarang;C:\\WINDOWS\\system32;C:\\WINDOWS;C:\\WINDOWS\\System32\\Wbem;C:\\WINDOWS\\System32\\WindowsPowerShell\\v1.0\\;C:\\Program Files (x86)\\NVIDIA Corporation\\PhysX\\Common;D:\\TortoSvn\\bin;D:\\xampp\\php'
    'SystemRoot' => 'C:\\WINDOWS'
    'COMSPEC' => 'C:\\WINDOWS\\system32\\cmd.exe'
    'PATHEXT' => '.COM;.EXE;.BAT;.CMD;.VBS;.VBE;.JS;.JSE;.WSF;.WSH;.MSC'
    'WINDIR' => 'C:\\WINDOWS'
    'SERVER_SIGNATURE' => '<address>Apache/2.4.17 (Win32) OpenSSL/1.0.2d PHP/5.6.14 Server at 192.168.101.40 Port 80</address>
'
    'SERVER_SOFTWARE' => 'Apache/2.4.17 (Win32) OpenSSL/1.0.2d PHP/5.6.14'
    'SERVER_NAME' => '192.168.101.40'
    'SERVER_ADDR' => '192.168.101.40'
    'SERVER_PORT' => '80'
    'REMOTE_ADDR' => '192.168.101.5'
    'DOCUMENT_ROOT' => 'E:/app.xiaomaijr.com/api'
    'REQUEST_SCHEME' => 'http'
    'CONTEXT_PREFIX' => ''
    'CONTEXT_DOCUMENT_ROOT' => 'E:/app.xiaomaijr.com/api'
    'SERVER_ADMIN' => 'alpha@mail.zhima.com'
    'SCRIPT_FILENAME' => 'E:/app.xiaomaijr.com/api/web/index.php'
    'REMOTE_PORT' => '49619'
    'REDIRECT_QUERY_STRING' => 'api_ver=1&app_name=%E5%B0%8F%E9%BA%A6%E9%87%91%E8%9E%8D&app_ver=1.0.0&channel=Appstore&mobile_type=ios&sign=e45b1675470de134f4b16cd94f0d18cf'
    'REDIRECT_URL' => 'http://192.168.101.40/product/list?api_ver=1&app_name=%E5%B0%8F%E9%BA%A6%E9%87%91%E8%9E%8D&app_ver=1.0.0&channel=Appstore&mobile_type=ios&sign=e45b1675470de134f4b16cd94f0d18cf'
    'GATEWAY_INTERFACE' => 'CGI/1.1'
    'SERVER_PROTOCOL' => 'HTTP/1.1'
    'REQUEST_METHOD' => 'GET'
    'QUERY_STRING' => 'api_ver=1&app_name=%E5%B0%8F%E9%BA%A6%E9%87%91%E8%9E%8D&app_ver=1.0.0&channel=Appstore&mobile_type=ios&sign=e45b1675470de134f4b16cd94f0d18cf'
    'REQUEST_URI' => '/product/list?api_ver=1&app_name=%E5%B0%8F%E9%BA%A6%E9%87%91%E8%9E%8D&app_ver=1.0.0&channel=Appstore&mobile_type=ios&sign=e45b1675470de134f4b16cd94f0d18cf'
    'SCRIPT_NAME' => '/web/index.php'
    'PATH_INFO' => '/product/list'
    'PATH_TRANSLATED' => 'redirect:\\web\\index.php\\product\\list\\list'
    'PHP_SELF' => '/web/index.php/product/list'
    'REQUEST_TIME_FLOAT' => 1461311557.175
    'REQUEST_TIME' => 1461311557
]
