2016-03-14 08:44:01 [192.168.101.198][-][-][info][application] [seller][api\controllers\IndexController][actionIndex][][0][success] time_used[97]
    in E:\app.xiaomaijr.com\api\controllers\ApiBaseController.php:85
    in E:\app.xiaomaijr.com\api\controllers\IndexController.php:72
2016-03-14 08:44:00 [192.168.101.198][-][-][info][application] $_GET = [
    'xiaomai' => 'heiheihei'
]

$_SERVER = [
    'REDIRECT_MIBDIRS' => 'D:/xampp/php/extras/mibs'
    'REDIRECT_MYSQL_HOME' => '\\xampp\\mysql\\bin'
    'REDIRECT_OPENSSL_CONF' => 'D:/xampp/apache/bin/openssl.cnf'
    'REDIRECT_PHP_PEAR_SYSCONF_DIR' => '\\xampp\\php'
    'REDIRECT_PHPRC' => '\\xampp\\php'
    'REDIRECT_TMP' => '\\xampp\\tmp'
    'REDIRECT_STATUS' => '200'
    'MIBDIRS' => 'D:/xampp/php/extras/mibs'
    'MYSQL_HOME' => '\\xampp\\mysql\\bin'
    'OPENSSL_CONF' => 'D:/xampp/apache/bin/openssl.cnf'
    'PHP_PEAR_SYSCONF_DIR' => '\\xampp\\php'
    'PHPRC' => '\\xampp\\php'
    'TMP' => '\\xampp\\tmp'
    'HTTP_HOST' => '192.168.101.198'
    'HTTP_CONNECTION' => 'keep-alive'
    'HTTP_ACCEPT' => 'text/html,application/xhtml+xml,application/xml;q=0.9,image/webp,*/*;q=0.8'
    'HTTP_UPGRADE_INSECURE_REQUESTS' => '1'
    'HTTP_USER_AGENT' => 'Mozilla/5.0 (Windows NT 6.3; WOW64) AppleWebKit/537.36 (KHTML, like Gecko) Chrome/49.0.2623.75 Safari/537.36'
    'HTTP_ACCEPT_ENCODING' => 'gzip, deflate, sdch'
    'HTTP_ACCEPT_LANGUAGE' => 'zh-CN,zh;q=0.8'
    'PATH' => 'C:\\Program Files (x86)\\Common Files\\NetSarang;C:\\WINDOWS\\system32;C:\\WINDOWS;C:\\WINDOWS\\System32\\Wbem;C:\\WINDOWS\\System32\\WindowsPowerShell\\v1.0\\;C:\\Program Files (x86)\\NVIDIA Corporation\\PhysX\\Common;D:\\TortoSvn\\bin;D:\\xampp\\php'
    'SystemRoot' => 'C:\\WINDOWS'
    'COMSPEC' => 'C:\\WINDOWS\\system32\\cmd.exe'
    'PATHEXT' => '.COM;.EXE;.BAT;.CMD;.VBS;.VBE;.JS;.JSE;.WSF;.WSH;.MSC'
    'WINDIR' => 'C:\\WINDOWS'
    'SERVER_SIGNATURE' => '<address>Apache/2.4.17 (Win32) OpenSSL/1.0.2d PHP/5.6.14 Server at 192.168.101.198 Port 80</address>
'
    'SERVER_SOFTWARE' => 'Apache/2.4.17 (Win32) OpenSSL/1.0.2d PHP/5.6.14'
    'SERVER_NAME' => '192.168.101.198'
    'SERVER_ADDR' => '192.168.101.198'
    'SERVER_PORT' => '80'
    'REMOTE_ADDR' => '192.168.101.198'
    'DOCUMENT_ROOT' => 'E:/app.xiaomaijr.com/api'
    'REQUEST_SCHEME' => 'http'
    'CONTEXT_PREFIX' => ''
    'CONTEXT_DOCUMENT_ROOT' => 'E:/app.xiaomaijr.com/api'
    'SERVER_ADMIN' => 'alpha@mail.zhima.com'
    'SCRIPT_FILENAME' => 'E:/app.xiaomaijr.com/api/web/index.php'
    'REMOTE_PORT' => '56100'
    'REDIRECT_QUERY_STRING' => 'xiaomai=heiheihei'
    'REDIRECT_URL' => 'http://192.168.101.198/index/index?xiaomai=heiheihei'
    'GATEWAY_INTERFACE' => 'CGI/1.1'
    'SERVER_PROTOCOL' => 'HTTP/1.1'
    'REQUEST_METHOD' => 'GET'
    'QUERY_STRING' => 'xiaomai=heiheihei'
    'REQUEST_URI' => '/index/index?xiaomai=heiheihei'
    'SCRIPT_NAME' => '/web/index.php'
    'PATH_INFO' => '/index/index'
    'PATH_TRANSLATED' => 'redirect:\\web\\index.php\\index\\index\\index'
    'PHP_SELF' => '/web/index.php/index/index'
    'REQUEST_TIME_FLOAT' => 1457941440.312
    'REQUEST_TIME' => 1457941440
]
2016-03-14 08:44:10 [192.168.101.198][-][-][info][application] [seller][api\controllers\IndexController][actionIndex][][0][success] time_used[36]
    in E:\app.xiaomaijr.com\api\controllers\ApiBaseController.php:85
    in E:\app.xiaomaijr.com\api\controllers\IndexController.php:72
2016-03-14 08:44:09 [192.168.101.198][-][-][info][application] $_GET = [
    'xiaomai' => 'heiheihei'
]

$_SERVER = [
    'REDIRECT_MIBDIRS' => 'D:/xampp/php/extras/mibs'
    'REDIRECT_MYSQL_HOME' => '\\xampp\\mysql\\bin'
    'REDIRECT_OPENSSL_CONF' => 'D:/xampp/apache/bin/openssl.cnf'
    'REDIRECT_PHP_PEAR_SYSCONF_DIR' => '\\xampp\\php'
    'REDIRECT_PHPRC' => '\\xampp\\php'
    'REDIRECT_TMP' => '\\xampp\\tmp'
    'REDIRECT_STATUS' => '200'
    'MIBDIRS' => 'D:/xampp/php/extras/mibs'
    'MYSQL_HOME' => '\\xampp\\mysql\\bin'
    'OPENSSL_CONF' => 'D:/xampp/apache/bin/openssl.cnf'
    'PHP_PEAR_SYSCONF_DIR' => '\\xampp\\php'
    'PHPRC' => '\\xampp\\php'
    'TMP' => '\\xampp\\tmp'
    'HTTP_HOST' => '192.168.101.198'
    'HTTP_CONNECTION' => 'keep-alive'
    'HTTP_ACCEPT' => 'text/html,application/xhtml+xml,application/xml;q=0.9,image/webp,*/*;q=0.8'
    'HTTP_UPGRADE_INSECURE_REQUESTS' => '1'
    'HTTP_USER_AGENT' => 'Mozilla/5.0 (Windows NT 6.3; WOW64) AppleWebKit/537.36 (KHTML, like Gecko) Chrome/49.0.2623.75 Safari/537.36'
    'HTTP_ACCEPT_ENCODING' => 'gzip, deflate, sdch'
    'HTTP_ACCEPT_LANGUAGE' => 'zh-CN,zh;q=0.8'
    'PATH' => 'C:\\Program Files (x86)\\Common Files\\NetSarang;C:\\WINDOWS\\system32;C:\\WINDOWS;C:\\WINDOWS\\System32\\Wbem;C:\\WINDOWS\\System32\\WindowsPowerShell\\v1.0\\;C:\\Program Files (x86)\\NVIDIA Corporation\\PhysX\\Common;D:\\TortoSvn\\bin;D:\\xampp\\php'
    'SystemRoot' => 'C:\\WINDOWS'
    'COMSPEC' => 'C:\\WINDOWS\\system32\\cmd.exe'
    'PATHEXT' => '.COM;.EXE;.BAT;.CMD;.VBS;.VBE;.JS;.JSE;.WSF;.WSH;.MSC'
    'WINDIR' => 'C:\\WINDOWS'
    'SERVER_SIGNATURE' => '<address>Apache/2.4.17 (Win32) OpenSSL/1.0.2d PHP/5.6.14 Server at 192.168.101.198 Port 80</address>
'
    'SERVER_SOFTWARE' => 'Apache/2.4.17 (Win32) OpenSSL/1.0.2d PHP/5.6.14'
    'SERVER_NAME' => '192.168.101.198'
    'SERVER_ADDR' => '192.168.101.198'
    'SERVER_PORT' => '80'
    'REMOTE_ADDR' => '192.168.101.198'
    'DOCUMENT_ROOT' => 'E:/app.xiaomaijr.com/api'
    'REQUEST_SCHEME' => 'http'
    'CONTEXT_PREFIX' => ''
    'CONTEXT_DOCUMENT_ROOT' => 'E:/app.xiaomaijr.com/api'
    'SERVER_ADMIN' => 'alpha@mail.zhima.com'
    'SCRIPT_FILENAME' => 'E:/app.xiaomaijr.com/api/web/index.php'
    'REMOTE_PORT' => '56101'
    'REDIRECT_QUERY_STRING' => 'xiaomai=heiheihei'
    'REDIRECT_URL' => 'http://192.168.101.198/index/index?xiaomai=heiheihei'
    'GATEWAY_INTERFACE' => 'CGI/1.1'
    'SERVER_PROTOCOL' => 'HTTP/1.1'
    'REQUEST_METHOD' => 'GET'
    'QUERY_STRING' => 'xiaomai=heiheihei'
    'REQUEST_URI' => '/index/index?xiaomai=heiheihei'
    'SCRIPT_NAME' => '/web/index.php'
    'PATH_INFO' => '/index/index'
    'PATH_TRANSLATED' => 'redirect:\\web\\index.php\\index\\index\\index'
    'PHP_SELF' => '/web/index.php/index/index'
    'REQUEST_TIME_FLOAT' => 1457941449.778
    'REQUEST_TIME' => 1457941449
]
2016-03-14 08:44:20 [192.168.101.198][-][-][info][application] [seller][api\controllers\IndexController][actionIndex][][0][success] time_used[32]
    in E:\app.xiaomaijr.com\api\controllers\ApiBaseController.php:85
    in E:\app.xiaomaijr.com\api\controllers\IndexController.php:72
2016-03-14 08:44:19 [192.168.101.198][-][-][info][application] $_GET = [
    'xiaomai' => 'heiheihei'
]

$_SERVER = [
    'REDIRECT_MIBDIRS' => 'D:/xampp/php/extras/mibs'
    'REDIRECT_MYSQL_HOME' => '\\xampp\\mysql\\bin'
    'REDIRECT_OPENSSL_CONF' => 'D:/xampp/apache/bin/openssl.cnf'
    'REDIRECT_PHP_PEAR_SYSCONF_DIR' => '\\xampp\\php'
    'REDIRECT_PHPRC' => '\\xampp\\php'
    'REDIRECT_TMP' => '\\xampp\\tmp'
    'REDIRECT_STATUS' => '200'
    'MIBDIRS' => 'D:/xampp/php/extras/mibs'
    'MYSQL_HOME' => '\\xampp\\mysql\\bin'
    'OPENSSL_CONF' => 'D:/xampp/apache/bin/openssl.cnf'
    'PHP_PEAR_SYSCONF_DIR' => '\\xampp\\php'
    'PHPRC' => '\\xampp\\php'
    'TMP' => '\\xampp\\tmp'
    'HTTP_HOST' => '192.168.101.198'
    'HTTP_CONNECTION' => 'keep-alive'
    'HTTP_CACHE_CONTROL' => 'max-age=0'
    'HTTP_ACCEPT' => 'text/html,application/xhtml+xml,application/xml;q=0.9,image/webp,*/*;q=0.8'
    'HTTP_UPGRADE_INSECURE_REQUESTS' => '1'
    'HTTP_USER_AGENT' => 'Mozilla/5.0 (Windows NT 6.3; WOW64) AppleWebKit/537.36 (KHTML, like Gecko) Chrome/49.0.2623.75 Safari/537.36'
    'HTTP_ACCEPT_ENCODING' => 'gzip, deflate, sdch'
    'HTTP_ACCEPT_LANGUAGE' => 'zh-CN,zh;q=0.8'
    'PATH' => 'C:\\Program Files (x86)\\Common Files\\NetSarang;C:\\WINDOWS\\system32;C:\\WINDOWS;C:\\WINDOWS\\System32\\Wbem;C:\\WINDOWS\\System32\\WindowsPowerShell\\v1.0\\;C:\\Program Files (x86)\\NVIDIA Corporation\\PhysX\\Common;D:\\TortoSvn\\bin;D:\\xampp\\php'
    'SystemRoot' => 'C:\\WINDOWS'
    'COMSPEC' => 'C:\\WINDOWS\\system32\\cmd.exe'
    'PATHEXT' => '.COM;.EXE;.BAT;.CMD;.VBS;.VBE;.JS;.JSE;.WSF;.WSH;.MSC'
    'WINDIR' => 'C:\\WINDOWS'
    'SERVER_SIGNATURE' => '<address>Apache/2.4.17 (Win32) OpenSSL/1.0.2d PHP/5.6.14 Server at 192.168.101.198 Port 80</address>
'
    'SERVER_SOFTWARE' => 'Apache/2.4.17 (Win32) OpenSSL/1.0.2d PHP/5.6.14'
    'SERVER_NAME' => '192.168.101.198'
    'SERVER_ADDR' => '192.168.101.198'
    'SERVER_PORT' => '80'
    'REMOTE_ADDR' => '192.168.101.198'
    'DOCUMENT_ROOT' => 'E:/app.xiaomaijr.com/api'
    'REQUEST_SCHEME' => 'http'
    'CONTEXT_PREFIX' => ''
    'CONTEXT_DOCUMENT_ROOT' => 'E:/app.xiaomaijr.com/api'
    'SERVER_ADMIN' => 'alpha@mail.zhima.com'
    'SCRIPT_FILENAME' => 'E:/app.xiaomaijr.com/api/web/index.php'
    'REMOTE_PORT' => '56116'
    'REDIRECT_QUERY_STRING' => 'xiaomai=heiheihei'
    'REDIRECT_URL' => 'http://192.168.101.198/index/index?xiaomai=heiheihei'
    'GATEWAY_INTERFACE' => 'CGI/1.1'
    'SERVER_PROTOCOL' => 'HTTP/1.1'
    'REQUEST_METHOD' => 'GET'
    'QUERY_STRING' => 'xiaomai=heiheihei'
    'REQUEST_URI' => '/index/index?xiaomai=heiheihei'
    'SCRIPT_NAME' => '/web/index.php'
    'PATH_INFO' => '/index/index'
    'PATH_TRANSLATED' => 'redirect:\\web\\index.php\\index\\index\\index'
    'PHP_SELF' => '/web/index.php/index/index'
    'REQUEST_TIME_FLOAT' => 1457941459.777
    'REQUEST_TIME' => 1457941459
]
2016-03-14 08:44:51 [192.168.101.198][-][-][info][application] [seller][api\controllers\IndexController][actionIndex][][0][success] time_used[31]
    in E:\app.xiaomaijr.com\api\controllers\ApiBaseController.php:85
    in E:\app.xiaomaijr.com\api\controllers\IndexController.php:72
2016-03-14 08:44:50 [192.168.101.198][-][-][info][application] $_GET = [
    'xiaomai' => 'heiheihei'
]

$_SERVER = [
    'REDIRECT_MIBDIRS' => 'D:/xampp/php/extras/mibs'
    'REDIRECT_MYSQL_HOME' => '\\xampp\\mysql\\bin'
    'REDIRECT_OPENSSL_CONF' => 'D:/xampp/apache/bin/openssl.cnf'
    'REDIRECT_PHP_PEAR_SYSCONF_DIR' => '\\xampp\\php'
    'REDIRECT_PHPRC' => '\\xampp\\php'
    'REDIRECT_TMP' => '\\xampp\\tmp'
    'REDIRECT_STATUS' => '200'
    'MIBDIRS' => 'D:/xampp/php/extras/mibs'
    'MYSQL_HOME' => '\\xampp\\mysql\\bin'
    'OPENSSL_CONF' => 'D:/xampp/apache/bin/openssl.cnf'
    'PHP_PEAR_SYSCONF_DIR' => '\\xampp\\php'
    'PHPRC' => '\\xampp\\php'
    'TMP' => '\\xampp\\tmp'
    'HTTP_HOST' => '192.168.101.198'
    'HTTP_CONNECTION' => 'keep-alive'
    'HTTP_CACHE_CONTROL' => 'max-age=0'
    'HTTP_ACCEPT' => 'text/html,application/xhtml+xml,application/xml;q=0.9,image/webp,*/*;q=0.8'
    'HTTP_UPGRADE_INSECURE_REQUESTS' => '1'
    'HTTP_USER_AGENT' => 'Mozilla/5.0 (Windows NT 6.3; WOW64) AppleWebKit/537.36 (KHTML, like Gecko) Chrome/49.0.2623.75 Safari/537.36'
    'HTTP_ACCEPT_ENCODING' => 'gzip, deflate, sdch'
    'HTTP_ACCEPT_LANGUAGE' => 'zh-CN,zh;q=0.8'
    'PATH' => 'C:\\Program Files (x86)\\Common Files\\NetSarang;C:\\WINDOWS\\system32;C:\\WINDOWS;C:\\WINDOWS\\System32\\Wbem;C:\\WINDOWS\\System32\\WindowsPowerShell\\v1.0\\;C:\\Program Files (x86)\\NVIDIA Corporation\\PhysX\\Common;D:\\TortoSvn\\bin;D:\\xampp\\php'
    'SystemRoot' => 'C:\\WINDOWS'
    'COMSPEC' => 'C:\\WINDOWS\\system32\\cmd.exe'
    'PATHEXT' => '.COM;.EXE;.BAT;.CMD;.VBS;.VBE;.JS;.JSE;.WSF;.WSH;.MSC'
    'WINDIR' => 'C:\\WINDOWS'
    'SERVER_SIGNATURE' => '<address>Apache/2.4.17 (Win32) OpenSSL/1.0.2d PHP/5.6.14 Server at 192.168.101.198 Port 80</address>
'
    'SERVER_SOFTWARE' => 'Apache/2.4.17 (Win32) OpenSSL/1.0.2d PHP/5.6.14'
    'SERVER_NAME' => '192.168.101.198'
    'SERVER_ADDR' => '192.168.101.198'
    'SERVER_PORT' => '80'
    'REMOTE_ADDR' => '192.168.101.198'
    'DOCUMENT_ROOT' => 'E:/app.xiaomaijr.com/api'
    'REQUEST_SCHEME' => 'http'
    'CONTEXT_PREFIX' => ''
    'CONTEXT_DOCUMENT_ROOT' => 'E:/app.xiaomaijr.com/api'
    'SERVER_ADMIN' => 'alpha@mail.zhima.com'
    'SCRIPT_FILENAME' => 'E:/app.xiaomaijr.com/api/web/index.php'
    'REMOTE_PORT' => '56126'
    'REDIRECT_QUERY_STRING' => 'xiaomai=heiheihei'
    'REDIRECT_URL' => 'http://192.168.101.198/index/index?xiaomai=heiheihei'
    'GATEWAY_INTERFACE' => 'CGI/1.1'
    'SERVER_PROTOCOL' => 'HTTP/1.1'
    'REQUEST_METHOD' => 'GET'
    'QUERY_STRING' => 'xiaomai=heiheihei'
    'REQUEST_URI' => '/index/index?xiaomai=heiheihei'
    'SCRIPT_NAME' => '/web/index.php'
    'PATH_INFO' => '/index/index'
    'PATH_TRANSLATED' => 'redirect:\\web\\index.php\\index\\index\\index'
    'PHP_SELF' => '/web/index.php/index/index'
    'REQUEST_TIME_FLOAT' => 1457941490.01
    'REQUEST_TIME' => 1457941490
]
2016-03-14 08:46:43 [192.168.101.198][-][-][info][application] [seller][api\controllers\IndexController][actionIndex][][0][success] time_used[27]
    in E:\app.xiaomaijr.com\api\controllers\ApiBaseController.php:85
    in E:\app.xiaomaijr.com\api\controllers\IndexController.php:72
2016-03-14 08:46:42 [192.168.101.198][-][-][info][application] $_GET = [
    'xiaomai' => 'heiheihei'
]

$_SERVER = [
    'REDIRECT_MIBDIRS' => 'D:/xampp/php/extras/mibs'
    'REDIRECT_MYSQL_HOME' => '\\xampp\\mysql\\bin'
    'REDIRECT_OPENSSL_CONF' => 'D:/xampp/apache/bin/openssl.cnf'
    'REDIRECT_PHP_PEAR_SYSCONF_DIR' => '\\xampp\\php'
    'REDIRECT_PHPRC' => '\\xampp\\php'
    'REDIRECT_TMP' => '\\xampp\\tmp'
    'REDIRECT_STATUS' => '200'
    'MIBDIRS' => 'D:/xampp/php/extras/mibs'
    'MYSQL_HOME' => '\\xampp\\mysql\\bin'
    'OPENSSL_CONF' => 'D:/xampp/apache/bin/openssl.cnf'
    'PHP_PEAR_SYSCONF_DIR' => '\\xampp\\php'
    'PHPRC' => '\\xampp\\php'
    'TMP' => '\\xampp\\tmp'
    'HTTP_HOST' => '192.168.101.198'
    'HTTP_CONNECTION' => 'keep-alive'
    'HTTP_CACHE_CONTROL' => 'max-age=0'
    'HTTP_ACCEPT' => 'text/html,application/xhtml+xml,application/xml;q=0.9,image/webp,*/*;q=0.8'
    'HTTP_UPGRADE_INSECURE_REQUESTS' => '1'
    'HTTP_USER_AGENT' => 'Mozilla/5.0 (Windows NT 6.3; WOW64) AppleWebKit/537.36 (KHTML, like Gecko) Chrome/49.0.2623.75 Safari/537.36'
    'HTTP_ACCEPT_ENCODING' => 'gzip, deflate, sdch'
    'HTTP_ACCEPT_LANGUAGE' => 'zh-CN,zh;q=0.8'
    'PATH' => 'C:\\Program Files (x86)\\Common Files\\NetSarang;C:\\WINDOWS\\system32;C:\\WINDOWS;C:\\WINDOWS\\System32\\Wbem;C:\\WINDOWS\\System32\\WindowsPowerShell\\v1.0\\;C:\\Program Files (x86)\\NVIDIA Corporation\\PhysX\\Common;D:\\TortoSvn\\bin;D:\\xampp\\php'
    'SystemRoot' => 'C:\\WINDOWS'
    'COMSPEC' => 'C:\\WINDOWS\\system32\\cmd.exe'
    'PATHEXT' => '.COM;.EXE;.BAT;.CMD;.VBS;.VBE;.JS;.JSE;.WSF;.WSH;.MSC'
    'WINDIR' => 'C:\\WINDOWS'
    'SERVER_SIGNATURE' => '<address>Apache/2.4.17 (Win32) OpenSSL/1.0.2d PHP/5.6.14 Server at 192.168.101.198 Port 80</address>
'
    'SERVER_SOFTWARE' => 'Apache/2.4.17 (Win32) OpenSSL/1.0.2d PHP/5.6.14'
    'SERVER_NAME' => '192.168.101.198'
    'SERVER_ADDR' => '192.168.101.198'
    'SERVER_PORT' => '80'
    'REMOTE_ADDR' => '192.168.101.198'
    'DOCUMENT_ROOT' => 'E:/app.xiaomaijr.com/api'
    'REQUEST_SCHEME' => 'http'
    'CONTEXT_PREFIX' => ''
    'CONTEXT_DOCUMENT_ROOT' => 'E:/app.xiaomaijr.com/api'
    'SERVER_ADMIN' => 'alpha@mail.zhima.com'
    'SCRIPT_FILENAME' => 'E:/app.xiaomaijr.com/api/web/index.php'
    'REMOTE_PORT' => '56163'
    'REDIRECT_QUERY_STRING' => 'xiaomai=heiheihei'
    'REDIRECT_URL' => 'http://192.168.101.198/index/index?xiaomai=heiheihei'
    'GATEWAY_INTERFACE' => 'CGI/1.1'
    'SERVER_PROTOCOL' => 'HTTP/1.1'
    'REQUEST_METHOD' => 'GET'
    'QUERY_STRING' => 'xiaomai=heiheihei'
    'REQUEST_URI' => '/index/index?xiaomai=heiheihei'
    'SCRIPT_NAME' => '/web/index.php'
    'PATH_INFO' => '/index/index'
    'PATH_TRANSLATED' => 'redirect:\\web\\index.php\\index\\index\\index'
    'PHP_SELF' => '/web/index.php/index/index'
    'REQUEST_TIME_FLOAT' => 1457941602.153
    'REQUEST_TIME' => 1457941602
]
