yii\web\ErrorHandler
yii\web\ErrorHandler
yii\web\Request
yii\web\Request
yii\log\Dispatcher
yii\log\Dispatcher
yii\log\Logger
yii\log\Logger
yii\log\FileTarget
yii\log\FileTarget
yii\log\FileTarget
yii\log\FileTarget
yii\debug\Module
yii\debug\Module
yii\debug\panels\ConfigPanel
yii\debug\panels\ConfigPanel
yii\debug\panels\RequestPanel
yii\debug\panels\RequestPanel
yii\debug\panels\LogPanel
yii\debug\panels\LogPanel
yii\debug\panels\ProfilingPanel
yii\debug\panels\ProfilingPanel
yii\debug\panels\DbPanel
yii\debug\panels\DbPanel
yii\debug\panels\AssetPanel
yii\debug\panels\AssetPanel
yii\debug\panels\MailPanel
yii\debug\panels\MailPanel
yii\web\UrlManager
yii\web\UrlManager
yii\redis\Cache
yii\redis\Cache
yii\redis\Connection
yii\redis\Connection
yii\web\UrlRule
yii\web\UrlRule
yii\web\UrlRule
yii\gii\Module
yii\gii\Module
yii\web\UrlRule
yii\web\UrlRule
yii\web\UrlRule
yii\web\UrlRule
yii\web\UrlRule
yii\web\UrlRule
yii\web\View
yii\web\View
api\controllers\IndexController
api\controllers\IndexController
common\models\Logger
common\models\Logger
yii\db\ActiveQuery
yii\db\ActiveQuery
yii\db\Connection
yii\db\mysql\Schema
yii\db\Connection
yii\db\mysql\Schema
yii\db\ActiveQuery
yii\db\ActiveQuery
yii\web\Response
yii\web\HtmlResponseFormatter
yii\web\HtmlResponseFormatter
yii\web\AssetManager
yii\web\AssetManager
yii\web\ErrorHandler
yii\web\Request
yii\log\Dispatcher
yii\log\Logger
yii\log\FileTarget
yii\log\FileTarget
yii\debug\Module
yii\debug\panels\ConfigPanel
yii\debug\panels\RequestPanel
yii\debug\panels\LogPanel
yii\debug\panels\ProfilingPanel
yii\debug\panels\DbPanel
yii\debug\panels\AssetPanel
yii\debug\panels\MailPanel
yii\web\UrlManager
yii\redis\Cache
yii\redis\Connection
yii\web\ErrorHandler
yii\web\Request
yii\log\Dispatcher
yii\log\Logger
yii\log\FileTarget
yii\log\FileTarget
yii\debug\Module
yii\debug\panels\ConfigPanel
yii\debug\panels\RequestPanel
yii\debug\panels\LogPanel
yii\debug\panels\ProfilingPanel
yii\debug\panels\DbPanel
yii\debug\panels\AssetPanel
yii\debug\panels\MailPanel
yii\web\UrlManager
yii\redis\Cache
yii\redis\Connection
yii\web\UrlRule
yii\web\UrlRule
yii\gii\Module
yii\web\UrlRule
yii\web\UrlRule
yii\web\UrlRule
yii\web\View
yii\web\UrlRule
yii\web\UrlRule
yii\gii\Module
yii\web\UrlRule
yii\web\UrlRule
yii\web\UrlRule
yii\web\View
api\controllers\IndexController
common\models\Logger
api\controllers\IndexController
common\models\Logger
yii\web\Response
yii\web\HtmlResponseFormatter
yii\web\Response
yii\web\HtmlResponseFormatter
yii\web\AssetManager
yii\web\AssetManager
yii\web\ErrorHandler
yii\web\Request
yii\log\Dispatcher
yii\log\Logger
yii\log\FileTarget
yii\web\ErrorHandler
yii\log\FileTarget
yii\debug\Module
yii\web\Request
yii\debug\panels\ConfigPanel
yii\debug\panels\RequestPanel
yii\debug\panels\LogPanel
yii\log\Dispatcher
yii\debug\panels\ProfilingPanel
yii\log\Logger
yii\debug\panels\DbPanel
yii\log\FileTarget
yii\debug\panels\AssetPanel
yii\debug\panels\MailPanel
yii\log\FileTarget
yii\debug\Module
yii\debug\panels\ConfigPanel
yii\web\UrlManager
yii\debug\panels\RequestPanel
yii\redis\Cache
yii\debug\panels\LogPanel
yii\debug\panels\ProfilingPanel
yii\redis\Connection
yii\debug\panels\DbPanel
yii\debug\panels\AssetPanel
yii\debug\panels\MailPanel
yii\web\UrlManager
yii\redis\Cache
yii\redis\Connection
yii\web\UrlRule
yii\web\UrlRule
yii\web\UrlRule
yii\web\UrlRule
yii\gii\Module
yii\gii\Module
yii\web\UrlRule
yii\web\UrlRule
yii\web\UrlRule
yii\web\UrlRule
yii\web\UrlRule
yii\web\UrlRule
yii\web\View
yii\web\View
api\controllers\ProductController
api\controllers\ProductController
common\models\Logger
common\models\Logger
common\models\BorrowInfo
common\models\BorrowInfo
yii\web\Response
yii\web\HtmlResponseFormatter
yii\web\HtmlResponseFormatter
yii\web\AssetManager
yii\web\AssetManager
