2016-05-05 14:41:37 [192.168.101.40][-][-][error][application] [seller][api\controllers\EscrowController][actionWithdraw][][4][图形验证码输入错误] time_used[1125]
    in E:\app.xiaomaijr.com\api\controllers\ApiBaseController.php:89
    in E:\app.xiaomaijr.com\api\controllers\EscrowController.php:298
2016-05-05 14:41:35 [192.168.101.40][-][-][info][application] $_GET = [
    'key' => 'withdraw'
    'verify_id' => '5704e5a562594'
    'verify_code' => 'peu3'
    'user_name' => '18300673767'
    'phone_code' => '521984'
    'money' => '200'
    'user_id' => '236768'
    'access_token' => 'M9NZya9a0CyezAIB0n1BaAhcily72betMFhq4CkcbNWyJ22xvVssWJ0y6ZvdhqR0'
    'xiaomai' => 'heiheihei'
]

$_SERVER = [
    'REDIRECT_MIBDIRS' => 'D:/xampp/php/extras/mibs'
    'REDIRECT_MYSQL_HOME' => '\\xampp\\mysql\\bin'
    'REDIRECT_OPENSSL_CONF' => 'D:/xampp/apache/bin/openssl.cnf'
    'REDIRECT_PHP_PEAR_SYSCONF_DIR' => '\\xampp\\php'
    'REDIRECT_PHPRC' => '\\xampp\\php'
    'REDIRECT_TMP' => '\\xampp\\tmp'
    'REDIRECT_STATUS' => '200'
    'MIBDIRS' => 'D:/xampp/php/extras/mibs'
    'MYSQL_HOME' => '\\xampp\\mysql\\bin'
    'OPENSSL_CONF' => 'D:/xampp/apache/bin/openssl.cnf'
    'PHP_PEAR_SYSCONF_DIR' => '\\xampp\\php'
    'PHPRC' => '\\xampp\\php'
    'TMP' => '\\xampp\\tmp'
    'HTTP_HOST' => '192.168.101.40'
    'HTTP_CONNECTION' => 'keep-alive'
    'HTTP_CACHE_CONTROL' => 'no-cache'
    'HTTP_USER_AGENT' => 'Mozilla/5.0 (Windows NT 6.3; WOW64) AppleWebKit/537.36 (KHTML, like Gecko) Chrome/49.0.2623.75 Safari/537.36'
    'HTTP_POSTMAN_TOKEN' => 'bd3968de-52d3-2057-ff43-24ce5643c798'
    'HTTP_ACCEPT' => '*/*'
    'HTTP_ACCEPT_ENCODING' => 'gzip, deflate, sdch'
    'HTTP_ACCEPT_LANGUAGE' => 'zh-CN,zh;q=0.8'
    'PATH' => 'E:\\jre7\\bin;C:\\Program Files (x86)\\Common Files\\NetSarang;C:\\WINDOWS\\system32;C:\\WINDOWS;C:\\WINDOWS\\System32\\Wbem;C:\\WINDOWS\\System32\\WindowsPowerShell\\v1.0\\;C:\\Program Files (x86)\\NVIDIA Corporation\\PhysX\\Common;D:\\TortoSvn\\bin;D:\\xampp\\php'
    'SystemRoot' => 'C:\\WINDOWS'
    'COMSPEC' => 'C:\\WINDOWS\\system32\\cmd.exe'
    'PATHEXT' => '.COM;.EXE;.BAT;.CMD;.VBS;.VBE;.JS;.JSE;.WSF;.WSH;.MSC'
    'WINDIR' => 'C:\\WINDOWS'
    'SERVER_SIGNATURE' => '<address>Apache/2.4.17 (Win32) OpenSSL/1.0.2d PHP/5.6.14 Server at 192.168.101.40 Port 80</address>
'
    'SERVER_SOFTWARE' => 'Apache/2.4.17 (Win32) OpenSSL/1.0.2d PHP/5.6.14'
    'SERVER_NAME' => '192.168.101.40'
    'SERVER_ADDR' => '192.168.101.40'
    'SERVER_PORT' => '80'
    'REMOTE_ADDR' => '192.168.101.40'
    'DOCUMENT_ROOT' => 'E:/app.xiaomaijr.com/api'
    'REQUEST_SCHEME' => 'http'
    'CONTEXT_PREFIX' => ''
    'CONTEXT_DOCUMENT_ROOT' => 'E:/app.xiaomaijr.com/api'
    'SERVER_ADMIN' => 'alpha@mail.zhima.com'
    'SCRIPT_FILENAME' => 'E:/app.xiaomaijr.com/api/web/index.php'
    'REMOTE_PORT' => '59252'
    'REDIRECT_QUERY_STRING' => 'key=withdraw&verify_id=5704e5a562594&verify_code=peu3&user_name=18300673767&phone_code=521984&money=200&user_id=236768&access_token=M9NZya9a0CyezAIB0n1BaAhcily72betMFhq4CkcbNWyJ22xvVssWJ0y6ZvdhqR0&xiaomai=heiheihei'
    'REDIRECT_URL' => 'http://192.168.101.40/escrow/withdraw?key=withdraw&verify_id=5704e5a562594&verify_code=peu3&user_name=18300673767&phone_code=521984&money=200&user_id=236768&access_token=M9NZya9a0CyezAIB0n1BaAhcily72betMFhq4CkcbNWyJ22xvVssWJ0y6ZvdhqR0&xiaomai=heiheihei'
    'GATEWAY_INTERFACE' => 'CGI/1.1'
    'SERVER_PROTOCOL' => 'HTTP/1.1'
    'REQUEST_METHOD' => 'GET'
    'QUERY_STRING' => 'key=withdraw&verify_id=5704e5a562594&verify_code=peu3&user_name=18300673767&phone_code=521984&money=200&user_id=236768&access_token=M9NZya9a0CyezAIB0n1BaAhcily72betMFhq4CkcbNWyJ22xvVssWJ0y6ZvdhqR0&xiaomai=heiheihei'
    'REQUEST_URI' => '/escrow/withdraw?key=withdraw&verify_id=5704e5a562594&verify_code=peu3&user_name=18300673767&phone_code=521984&money=200&user_id=236768&access_token=M9NZya9a0CyezAIB0n1BaAhcily72betMFhq4CkcbNWyJ22xvVssWJ0y6ZvdhqR0&xiaomai=heiheihei'
    'SCRIPT_NAME' => '/web/index.php'
    'PATH_INFO' => '/escrow/withdraw'
    'PATH_TRANSLATED' => 'redirect:\\web\\index.php\\escrow\\withdraw\\withdraw'
    'PHP_SELF' => '/web/index.php/escrow/withdraw'
    'REQUEST_TIME_FLOAT' => 1462430495.183
    'REQUEST_TIME' => 1462430495
]
2016-05-05 14:50:23 [192.168.101.40][-][-][error][application] [seller][api\controllers\EscrowController][actionWithdrawFast][][3006][可用余额不足提现] time_used[1112]
    in E:\app.xiaomaijr.com\api\controllers\ApiBaseController.php:89
    in E:\app.xiaomaijr.com\api\controllers\EscrowController.php:431
2016-05-05 14:50:21 [192.168.101.40][-][-][info][application] $_GET = [
    'app_ver' => '1'
    'bank_privince' => '1'
    'bank_num' => '12345678901234567890'
    'bank_city' => '1001'
    'api_ver' => '1'
    'bank_code' => '1'
    'access_token' => 'jUN7BL6u0BsWCyzE2aG3dDImL-YR3BlBEoxTEVmpOtZWfWwx9sF5NQafdZstS3eQ'
    'app_name' => '小麦金融'
    'sign' => '0b71772fcfde5e90de78f6a1fb385c3e'
    'mobile_type' => 'android'
    'user_id' => '236764'
    'channel' => '豌豆荚'
    'money' => '24598'
    'bank_addr' => '沙河分行'
]

$_SERVER = [
    'REDIRECT_MIBDIRS' => 'D:/xampp/php/extras/mibs'
    'REDIRECT_MYSQL_HOME' => '\\xampp\\mysql\\bin'
    'REDIRECT_OPENSSL_CONF' => 'D:/xampp/apache/bin/openssl.cnf'
    'REDIRECT_PHP_PEAR_SYSCONF_DIR' => '\\xampp\\php'
    'REDIRECT_PHPRC' => '\\xampp\\php'
    'REDIRECT_TMP' => '\\xampp\\tmp'
    'REDIRECT_STATUS' => '200'
    'MIBDIRS' => 'D:/xampp/php/extras/mibs'
    'MYSQL_HOME' => '\\xampp\\mysql\\bin'
    'OPENSSL_CONF' => 'D:/xampp/apache/bin/openssl.cnf'
    'PHP_PEAR_SYSCONF_DIR' => '\\xampp\\php'
    'PHPRC' => '\\xampp\\php'
    'TMP' => '\\xampp\\tmp'
    'HTTP_HOST' => '192.168.101.40'
    'HTTP_CONNECTION' => 'keep-alive'
    'HTTP_CACHE_CONTROL' => 'no-cache'
    'HTTP_USER_AGENT' => 'Mozilla/5.0 (Windows NT 6.3; WOW64) AppleWebKit/537.36 (KHTML, like Gecko) Chrome/49.0.2623.75 Safari/537.36'
    'HTTP_POSTMAN_TOKEN' => 'cc6e5fde-17cf-218f-f380-6211b93f1539'
    'HTTP_ACCEPT' => '*/*'
    'HTTP_ACCEPT_ENCODING' => 'gzip, deflate, sdch'
    'HTTP_ACCEPT_LANGUAGE' => 'zh-CN,zh;q=0.8'
    'PATH' => 'E:\\jre7\\bin;C:\\Program Files (x86)\\Common Files\\NetSarang;C:\\WINDOWS\\system32;C:\\WINDOWS;C:\\WINDOWS\\System32\\Wbem;C:\\WINDOWS\\System32\\WindowsPowerShell\\v1.0\\;C:\\Program Files (x86)\\NVIDIA Corporation\\PhysX\\Common;D:\\TortoSvn\\bin;D:\\xampp\\php'
    'SystemRoot' => 'C:\\WINDOWS'
    'COMSPEC' => 'C:\\WINDOWS\\system32\\cmd.exe'
    'PATHEXT' => '.COM;.EXE;.BAT;.CMD;.VBS;.VBE;.JS;.JSE;.WSF;.WSH;.MSC'
    'WINDIR' => 'C:\\WINDOWS'
    'SERVER_SIGNATURE' => '<address>Apache/2.4.17 (Win32) OpenSSL/1.0.2d PHP/5.6.14 Server at 192.168.101.40 Port 80</address>
'
    'SERVER_SOFTWARE' => 'Apache/2.4.17 (Win32) OpenSSL/1.0.2d PHP/5.6.14'
    'SERVER_NAME' => '192.168.101.40'
    'SERVER_ADDR' => '192.168.101.40'
    'SERVER_PORT' => '80'
    'REMOTE_ADDR' => '192.168.101.40'
    'DOCUMENT_ROOT' => 'E:/app.xiaomaijr.com/api'
    'REQUEST_SCHEME' => 'http'
    'CONTEXT_PREFIX' => ''
    'CONTEXT_DOCUMENT_ROOT' => 'E:/app.xiaomaijr.com/api'
    'SERVER_ADMIN' => 'alpha@mail.zhima.com'
    'SCRIPT_FILENAME' => 'E:/app.xiaomaijr.com/api/web/index.php'
    'REMOTE_PORT' => '59475'
    'REDIRECT_QUERY_STRING' => 'app_ver=1&bank_privince=1&bank_num=12345678901234567890&bank_city=1001&api_ver=1&bank_code=1&access_token=jUN7BL6u0BsWCyzE2aG3dDImL-YR3BlBEoxTEVmpOtZWfWwx9sF5NQafdZstS3eQ&app_name=%E5%B0%8F%E9%BA%A6%E9%87%91%E8%9E%8D&sign=0b71772fcfde5e90de78f6a1fb385c3e&mobile_type=android&user_id=236764&channel=%E8%B1%8C%E8%B1%86%E8%8D%9A&money=24598&bank_addr=%E6%B2%99%E6%B2%B3%E5%88%86%E8%A1%8C'
    'REDIRECT_URL' => 'http://192.168.101.40/escrow/withdraw-fast?app_ver=1&bank_privince=1&bank_num=12345678901234567890&bank_city=1001&api_ver=1&bank_code=1&access_token=jUN7BL6u0BsWCyzE2aG3dDImL-YR3BlBEoxTEVmpOtZWfWwx9sF5NQafdZstS3eQ&app_name=%E5%B0%8F%E9%BA%A6%E9%87%91%E8%9E%8D&sign=0b71772fcfde5e90de78f6a1fb385c3e&mobile_type=android&user_id=236764&channel=%E8%B1%8C%E8%B1%86%E8%8D%9A&money=24598&bank_addr=%E6%B2%99%E6%B2%B3%E5%88%86%E8%A1%8C'
    'GATEWAY_INTERFACE' => 'CGI/1.1'
    'SERVER_PROTOCOL' => 'HTTP/1.1'
    'REQUEST_METHOD' => 'GET'
    'QUERY_STRING' => 'app_ver=1&bank_privince=1&bank_num=12345678901234567890&bank_city=1001&api_ver=1&bank_code=1&access_token=jUN7BL6u0BsWCyzE2aG3dDImL-YR3BlBEoxTEVmpOtZWfWwx9sF5NQafdZstS3eQ&app_name=%E5%B0%8F%E9%BA%A6%E9%87%91%E8%9E%8D&sign=0b71772fcfde5e90de78f6a1fb385c3e&mobile_type=android&user_id=236764&channel=%E8%B1%8C%E8%B1%86%E8%8D%9A&money=24598&bank_addr=%E6%B2%99%E6%B2%B3%E5%88%86%E8%A1%8C'
    'REQUEST_URI' => '/escrow/withdraw-fast?app_ver=1&bank_privince=1&bank_num=12345678901234567890&bank_city=1001&api_ver=1&bank_code=1&access_token=jUN7BL6u0BsWCyzE2aG3dDImL-YR3BlBEoxTEVmpOtZWfWwx9sF5NQafdZstS3eQ&app_name=%E5%B0%8F%E9%BA%A6%E9%87%91%E8%9E%8D&sign=0b71772fcfde5e90de78f6a1fb385c3e&mobile_type=android&user_id=236764&channel=%E8%B1%8C%E8%B1%86%E8%8D%9A&money=24598&bank_addr=%E6%B2%99%E6%B2%B3%E5%88%86%E8%A1%8C'
    'SCRIPT_NAME' => '/web/index.php'
    'PATH_INFO' => '/escrow/withdraw-fast'
    'PATH_TRANSLATED' => 'redirect:\\web\\index.php\\escrow\\withdraw-fast\\withdraw-fast'
    'PHP_SELF' => '/web/index.php/escrow/withdraw-fast'
    'REQUEST_TIME_FLOAT' => 1462431021.393
    'REQUEST_TIME' => 1462431021
]
