TRACE 2016-05-05 11:36:21# user/account{"xiaomai":"heiheihei","user_id":"236768","access_token":"M9NZya9a0CyezAIB0n1BaAhcily72betMFhq4CkcbNWyJ22xvVssWJ0y6ZvdhqR0"}
TRACE 2016-05-05 11:36:33# user/account{"xiaomai":"heiheihei","user_id":"236768","access_token":"M9NZya9a0CyezAIB0n1BaAhcily72betMFhq4CkcbNWyJ22xvVssWJ0y6ZvdhqR0"}
TRACE 2016-05-05 11:37:29# user/account{"xiaomai":"heiheihei","user_id":"236768","access_token":"M9NZya9a0CyezAIB0n1BaAhcily72betMFhq4CkcbNWyJ22xvVssWJ0y6ZvdhqR0"}
TRACE 2016-05-05 11:39:23# user/account{"xiaomai":"heiheihei","user_id":"236768","access_token":"M9NZya9a0CyezAIB0n1BaAhcily72betMFhq4CkcbNWyJ22xvVssWJ0y6ZvdhqR0"}
TRACE 2016-05-05 11:40:01# user/account{"xiaomai":"heiheihei","user_id":"236768","access_token":"M9NZya9a0CyezAIB0n1BaAhcily72betMFhq4CkcbNWyJ22xvVssWJ0y6ZvdhqR0"}
TRACE 2016-05-05 11:40:12# user/account{"xiaomai":"heiheihei","user_id":"236768","access_token":"M9NZya9a0CyezAIB0n1BaAhcily72betMFhq4CkcbNWyJ22xvVssWJ0y6ZvdhqR0"}
TRACE 2016-05-05 11:46:50# user/account{"xiaomai":"heiheihei","user_id":"236768","access_token":"M9NZya9a0CyezAIB0n1BaAhcily72betMFhq4CkcbNWyJ22xvVssWJ0y6ZvdhqR0"}
TRACE 2016-05-05 11:47:08# user/account{"xiaomai":"heiheihei","user_id":"236768","access_token":"M9NZya9a0CyezAIB0n1BaAhcily72betMFhq4CkcbNWyJ22xvVssWJ0y6ZvdhqR0"}
TRACE 2016-05-05 11:48:01# user/account{"xiaomai":"heiheihei","user_id":"236768","access_token":"M9NZya9a0CyezAIB0n1BaAhcily72betMFhq4CkcbNWyJ22xvVssWJ0y6ZvdhqR0"}
TRACE 2016-05-05 11:51:15# user/account{"xiaomai":"heiheihei","user_id":"236768","access_token":"M9NZya9a0CyezAIB0n1BaAhcily72betMFhq4CkcbNWyJ22xvVssWJ0y6ZvdhqR0"}
TRACE 2016-05-05 11:51:19# user/account{"xiaomai":"heiheihei","user_id":"236768","access_token":"M9NZya9a0CyezAIB0n1BaAhcily72betMFhq4CkcbNWyJ22xvVssWJ0y6ZvdhqR0"}
TRACE 2016-05-05 11:52:23# user/account{"xiaomai":"heiheihei","user_id":"236768","access_token":"M9NZya9a0CyezAIB0n1BaAhcily72betMFhq4CkcbNWyJ22xvVssWJ0y6ZvdhqR0"}
TRACE 2016-05-05 11:54:17# user/account{"xiaomai":"heiheihei","user_id":"236768","access_token":"M9NZya9a0CyezAIB0n1BaAhcily72betMFhq4CkcbNWyJ22xvVssWJ0y6ZvdhqR0"}
TRACE 2016-05-05 11:54:44# user/account{"xiaomai":"heiheihei","user_id":"236768","access_token":"M9NZya9a0CyezAIB0n1BaAhcily72betMFhq4CkcbNWyJ22xvVssWJ0y6ZvdhqR0"}
TRACE 2016-05-05 13:31:22# user/account{"xiaomai":"heiheihei","user_id":"236768","access_token":"M9NZya9a0CyezAIB0n1BaAhcily72betMFhq4CkcbNWyJ22xvVssWJ0y6ZvdhqR0"}
TRACE 2016-05-05 13:34:50# user/account{"xiaomai":"heiheihei","user_id":"236768","access_token":"M9NZya9a0CyezAIB0n1BaAhcily72betMFhq4CkcbNWyJ22xvVssWJ0y6ZvdhqR0"}
TRACE 2016-05-05 13:35:59# user/account{"xiaomai":"heiheihei","user_id":"236768","access_token":"M9NZya9a0CyezAIB0n1BaAhcily72betMFhq4CkcbNWyJ22xvVssWJ0y6ZvdhqR0"}
TRACE 2016-05-05 13:39:43# user/account{"xiaomai":"heiheihei","user_id":"236768","access_token":"M9NZya9a0CyezAIB0n1BaAhcily72betMFhq4CkcbNWyJ22xvVssWJ0y6ZvdhqR0"}
TRACE 2016-05-05 13:43:55# user/account{"xiaomai":"heiheihei","user_id":"236768","access_token":"M9NZya9a0CyezAIB0n1BaAhcily72betMFhq4CkcbNWyJ22xvVssWJ0y6ZvdhqR0"}
TRACE 2016-05-05 13:45:02# user/account{"xiaomai":"heiheihei","user_id":"236768","access_token":"M9NZya9a0CyezAIB0n1BaAhcily72betMFhq4CkcbNWyJ22xvVssWJ0y6ZvdhqR0"}
TRACE 2016-05-05 13:45:19# user/account{"xiaomai":"heiheihei","user_id":"236768","access_token":"M9NZya9a0CyezAIB0n1BaAhcily72betMFhq4CkcbNWyJ22xvVssWJ0y6ZvdhqR0"}
TRACE 2016-05-05 13:49:34# user/fund-flow{"xiaomai":"heiheihei","user_id":"236711","type":"1"}
TRACE 2016-05-05 13:49:44# user/fund-flow{"xiaomai":"heiheihei","user_id":"236711","type":"1"}
TRACE 2016-05-05 13:50:26# user/fund-flow{"xiaomai":"heiheihei","user_id":"236768","access_token":"M9NZya9a0CyezAIB0n1BaAhcily72betMFhq4CkcbNWyJ22xvVssWJ0y6ZvdhqR0"}
TRACE 2016-05-05 13:59:11# borrow/invest{"user_id":"236742","id":"205","money":"100","xiaomai":"heiheihei"}
TRACE 2016-05-05 13:59:21# borrow/invest{"user_id":"236742","id":"205","money":"100","xiaomai":"heiheihei"}
TRACE 2016-05-05 14:00:11# borrow/invest{"user_id":"236768","id":"205","money":"100","xiaomai":"heiheihei","access_token":"M9NZya9a0CyezAIB0n1BaAhcily72betMFhq4CkcbNWyJ22xvVssWJ0y6ZvdhqR0"}
TRACE 2016-05-05 14:00:34# borrow/invest{"user_id":"236768","id":"206","money":"100","xiaomai":"heiheihei","access_token":"M9NZya9a0CyezAIB0n1BaAhcily72betMFhq4CkcbNWyJ22xvVssWJ0y6ZvdhqR0"}
TRACE 2016-05-05 14:02:28# borrow/invest{"user_id":"236768","id":"206","money":"100","xiaomai":"heiheihei","access_token":"M9NZya9a0CyezAIB0n1BaAhcily72betMFhq4CkcbNWyJ22xvVssWJ0y6ZvdhqR0"}
TRACE 2016-05-05 14:04:17# borrow/invest{"user_id":"236768","id":"206","money":"100","xiaomai":"heiheihei","access_token":"M9NZya9a0CyezAIB0n1BaAhcily72betMFhq4CkcbNWyJ22xvVssWJ0y6ZvdhqR0"}
TRACE 2016-05-05 14:31:55# borrow/invest{"user_id":"236768","id":"206","money":"100","xiaomai":"heiheihei","access_token":"M9NZya9a0CyezAIB0n1BaAhcily72betMFhq4CkcbNWyJ22xvVssWJ0y6ZvdhqR0"}
TRACE 2016-05-05 14:32:56# borrow/invest{"user_id":"236768","id":"206","money":"100","xiaomai":"heiheihei","access_token":"M9NZya9a0CyezAIB0n1BaAhcily72betMFhq4CkcbNWyJ22xvVssWJ0y6ZvdhqR0"}
TRACE 2016-05-05 14:37:30# escrow/withdraw{"key":"withdraw","verify_id":"5704e5a562594","verify_code":"peu3","user_name":"18300673767","phone_code":"521984","money":"200","user_id":"236748","xiaomai":"heiheihei"}
TRACE 2016-05-05 14:41:36# escrow/withdraw{"key":"withdraw","verify_id":"5704e5a562594","verify_code":"peu3","user_name":"18300673767","phone_code":"521984","money":"200","user_id":"236768","access_token":"M9NZya9a0CyezAIB0n1BaAhcily72betMFhq4CkcbNWyJ22xvVssWJ0y6ZvdhqR0","xiaomai":"heiheihei"}
TRACE 2016-05-05 14:48:31# escrow/withdraw-fast{"app_ver":"1","bank_privince":"1","bank_num":"12345678901234567890","bank_city":"1001","api_ver":"1","bank_code":"1","access_token":"jUN7BL6u0BsWCyzE2aG3dDImL-YR3BlBEoxTEVmpOtZWfWwx9sF5NQafdZstS3eQ","app_name":"\u5c0f\u9ea6\u91d1\u878d","sign":"0b71772fcfde5e90de78f6a1fb385c3e","mobile_type":"android","user_id":"236764","channel":"\u8c4c\u8c46\u835a","money":"24598","bank_addr":"\u6c99\u6cb3\u5206\u884c"}
TRACE 2016-05-05 14:50:22# escrow/withdraw-fast{"app_ver":"1","bank_privince":"1","bank_num":"12345678901234567890","bank_city":"1001","api_ver":"1","bank_code":"1","access_token":"jUN7BL6u0BsWCyzE2aG3dDImL-YR3BlBEoxTEVmpOtZWfWwx9sF5NQafdZstS3eQ","app_name":"\u5c0f\u9ea6\u91d1\u878d","sign":"0b71772fcfde5e90de78f6a1fb385c3e","mobile_type":"android","user_id":"236764","channel":"\u8c4c\u8c46\u835a","money":"24598","bank_addr":"\u6c99\u6cb3\u5206\u884c"}
TRACE 2016-05-05 15:29:32# user/account{"xiaomai":"heiheihei","user_id":"236768","access_token":"M9NZya9a0CyezAIB0n1BaAhcily72betMFhq4CkcbNWyJ22xvVssWJ0y6ZvdhqR0"}
TRACE 2016-05-05 15:30:28# user/account{"xiaomai":"heiheihei","user_id":"236768","access_token":"fOhgs2Joln4zhTg0ceFI5qWZjFE_8-Gdn9K352YBXmjSSCsAZpAgyuhUao1N3tmW"}
TRACE 2016-05-05 15:30:50# user/account{"xiaomai":"heiheihei","user_id":"236768","access_token":"fOhgs2Joln4zhTg0ceFI5qWZjFE_8-Gdn9K352YBXmjSSCsAZpAgyuhUao1N3tmW"}
TRACE 2016-05-05 15:31:40# user/account{"xiaomai":"heiheihei","user_id":"236768","access_token":"fOhgs2Joln4zhTg0ceFI5qWZjFE_8-Gdn9K352YBXmjSSCsAZpAgyuhUao1N3tmW"}
TRACE 2016-05-05 15:32:28# user/account{"xiaomai":"heiheihei","user_id":"236768","access_token":"fOhgs2Joln4zhTg0ceFI5qWZjFE_8-Gdn9K352YBXmjSSCsAZpAgyuhUao1N3tmW"}
