TRACE 2016-04-22 05:19:56# index/index{"app_ver":"1.0.0","api_ver":"1","access_token":"RMgOxFF75OyDwV_zeCs532fPIGclZdK2aVIDN0pJI3FX4JvqlcSR4GSUj6y18N0_","page_size":"0","app_name":"\u5c0f\u9ea6\u91d1\u878d","sign":"434b9de80a0b50d7f3fe9ebea60d699c","p":"1","mobile_type":"android","user_id":"236764","channel":"\u8c4c\u8c46\u835a"}
TRACE 2016-04-22 05:19:59# user/account{"app_ver":"1.0.0","api_ver":"1","access_token":"RMgOxFF75OyDwV_zeCs532fPIGclZdK2aVIDN0pJI3FX4JvqlcSR4GSUj6y18N0_","app_name":"\u5c0f\u9ea6\u91d1\u878d","sign":"c718d8c88ad32021a996583f75d4ac17","mobile_type":"android","user_id":"236764","channel":"\u8c4c\u8c46\u835a"}
TRACE 2016-04-22 05:22:19# user/auth{"user_id":"236748","xiaomai":"heiheihei"}
TRACE 2016-04-22 05:23:22# user/auth{"user_id":"236748","xiaomai":"heiheihei"}
TRACE 2016-04-22 05:24:20# user/auth{"user_id":"236748","xiaomai":"heiheihei"}
TRACE 2016-04-22 05:25:01# user/account{"xiaomai":"heiheihei","user_id":"236748","access_token":"W_kf9Sc3ZJa_x4ke68wjUu6dzL0gEMaN-e-Hsj_NB4V5eKKd8SI3qpkcYcx9DM2--brX5uYevPzs"}
TRACE 2016-04-22 05:26:07# user/account{"xiaomai":"heiheihei","user_id":"236748","access_token":"W_kf9Sc3ZJa_x4ke68wjUu6dzL0gEMaN-e-Hsj_NB4V5eKKd8SI3qpkcYcx9DM2--brX5uYevPzs"}
TRACE 2016-04-22 05:26:45# user/account{"xiaomai":"heiheihei","user_id":"236748","access_token":"W_kf9Sc3ZJa_x4ke68wjUu6dzL0gEMaN-e-Hsj_NB4V5eKKd8SI3qpkcYcx9DM2--brX5uYevPzs"}
TRACE 2016-04-22 05:30:49# user/account{"xiaomai":"heiheihei","user_id":"236748","access_token":"W_kf9Sc3ZJa_x4ke68wjUu6dzL0gEMaN-e-Hsj_NB4V5eKKd8SI3qpkcYcx9DM2--brX5uYevPzs"}
TRACE 2016-04-22 05:34:18# user/account{"xiaomai":"heiheihei","user_id":"236748","access_token":"W_kf9Sc3ZJa_x4ke68wjUu6dzL0gEMaN-e-Hsj_NB4V5eKKd8SI3qpkcYcx9DM2--brX5uYevPzs"}
TRACE 2016-04-22 05:34:44# user/account{"xiaomai":"heiheihei","user_id":"236748","access_token":"W_kf9Sc3ZJa_x4ke68wjUu6dzL0gEMaN-e-Hsj_NB4V5eKKd8SI3qpkcYcx9DM2--brX5uYevPzs"}
TRACE 2016-04-22 07:47:18# index/index{"api_ver":"1","app_name":"\u5c0f\u9ea6\u91d1\u878d","app_ver":"1.0.0","channel":"Appstore","mobile_type":"ios","sign":"e45b1675470de134f4b16cd94f0d18cf"}
TRACE 2016-04-22 07:47:18# index/index{"api_ver":"1","app_name":"\u5c0f\u9ea6\u91d1\u878d","app_ver":"1.0.0","channel":"Appstore","mobile_type":"ios","sign":"e45b1675470de134f4b16cd94f0d18cf"}
TRACE 2016-04-22 07:47:20# index/index{"api_ver":"1","app_name":"\u5c0f\u9ea6\u91d1\u878d","app_ver":"1.0.0","channel":"Appstore","mobile_type":"ios","sign":"e45b1675470de134f4b16cd94f0d18cf"}
TRACE 2016-04-22 07:47:20# index/index{"api_ver":"1","app_name":"\u5c0f\u9ea6\u91d1\u878d","app_ver":"1.0.0","channel":"Appstore","mobile_type":"ios","sign":"e45b1675470de134f4b16cd94f0d18cf"}
TRACE 2016-04-22 09:08:56# user/account{"xiaomai":"heiheihei","user_id":"236748","access_token":"W_kf9Sc3ZJa_x4ke68wjUu6dzL0gEMaN-e-Hsj_NB4V5eKKd8SI3qpkcYcx9DM2--brX5uYevPzs"}
TRACE 2016-04-22 09:25:22# index/index{"api_ver":"1","app_name":"\u5c0f\u9ea6\u91d1\u878d","app_ver":"1.0.0","channel":"Appstore","mobile_type":"ios","sign":"e45b1675470de134f4b16cd94f0d18cf"}
TRACE 2016-04-22 09:25:24# index/index{"api_ver":"1","app_name":"\u5c0f\u9ea6\u91d1\u878d","app_ver":"1.0.0","channel":"Appstore","mobile_type":"ios","sign":"e45b1675470de134f4b16cd94f0d18cf"}
TRACE 2016-04-22 09:25:24# index/index{"api_ver":"1","app_name":"\u5c0f\u9ea6\u91d1\u878d","app_ver":"1.0.0","channel":"Appstore","mobile_type":"ios","sign":"e45b1675470de134f4b16cd94f0d18cf"}
TRACE 2016-04-22 09:25:25# index/index{"api_ver":"1","app_name":"\u5c0f\u9ea6\u91d1\u878d","app_ver":"1.0.0","channel":"Appstore","mobile_type":"ios","sign":"e45b1675470de134f4b16cd94f0d18cf"}
TRACE 2016-04-22 09:52:18# index/index{"api_ver":"1","app_name":"\u5c0f\u9ea6\u91d1\u878d","app_ver":"1.0.0","channel":"Appstore","mobile_type":"ios","sign":"e45b1675470de134f4b16cd94f0d18cf"}
TRACE 2016-04-22 09:52:18# index/index{"api_ver":"1","app_name":"\u5c0f\u9ea6\u91d1\u878d","app_ver":"1.0.0","channel":"Appstore","mobile_type":"ios","sign":"e45b1675470de134f4b16cd94f0d18cf"}
TRACE 2016-04-22 09:52:20# index/index{"api_ver":"1","app_name":"\u5c0f\u9ea6\u91d1\u878d","app_ver":"1.0.0","channel":"Appstore","mobile_type":"ios","sign":"e45b1675470de134f4b16cd94f0d18cf"}
TRACE 2016-04-22 09:52:20# index/index{"api_ver":"1","app_name":"\u5c0f\u9ea6\u91d1\u878d","app_ver":"1.0.0","channel":"Appstore","mobile_type":"ios","sign":"e45b1675470de134f4b16cd94f0d18cf"}
TRACE 2016-04-22 09:52:38# product/list{"api_ver":"1","app_name":"\u5c0f\u9ea6\u91d1\u878d","app_ver":"1.0.0","channel":"Appstore","mobile_type":"ios","sign":"e45b1675470de134f4b16cd94f0d18cf"}
TRACE 2016-04-22 09:52:38# product/list{"api_ver":"1","app_name":"\u5c0f\u9ea6\u91d1\u878d","app_ver":"1.0.0","channel":"Appstore","mobile_type":"ios","sign":"e45b1675470de134f4b16cd94f0d18cf"}
