TRACE 2016-04-26 03:57:28# user/auth{"user_id":"236748","xiaomai":"heiheihei"}
TRACE 2016-04-26 04:08:20# user/auth{"user_id":"236748","xiaomai":"heiheihei"}
TRACE 2016-04-26 04:09:31# user/invest-list{"user_id":"236748","xiaomai":"heiheihei"}
TRACE 2016-04-26 04:27:48# user/invest-list{"user_id":"236748","xiaomai":"heiheihei"}
TRACE 2016-04-26 04:48:10# index/index{"app_ver":"1.0.0","api_ver":"1","page_size":"0","app_name":"\u5c0f\u9ea6\u91d1\u878d","sign":"e62c48df4bb3c9bbdc1f508216304074","p":"1","mobile_type":"android","channel":"\u8c4c\u8c46\u835a"}
TRACE 2016-04-26 04:48:27# member/login{"app_ver":"1.0.0","api_ver":"1","app_name":"\u5c0f\u9ea6\u91d1\u878d","passwd":"25d55ad283aa400af464c76d713c07ad","sign":"df134ba2dfa90e6dcea94ae408b8fa90","mobile_type":"android","device_token":"0","channel":"\u8c4c\u8c46\u835a","user_name":"18511303640"}
TRACE 2016-04-26 04:48:31# index/index{"app_ver":"1.0.0","api_ver":"1","access_token":"XCRl2TeC0ScEZLTiC8bv6xat3fbvazowd17pm2h4gQ9jcjUGrFGImxyIya3Rg8BY","page_size":"0","app_name":"\u5c0f\u9ea6\u91d1\u878d","sign":"fa5a61abb9cc308bcfde3449c5ee356f","p":"1","mobile_type":"android","user_id":"236764","channel":"\u8c4c\u8c46\u835a"}
TRACE 2016-04-26 04:48:37# user/account{"app_ver":"1.0.0","api_ver":"1","access_token":"XCRl2TeC0ScEZLTiC8bv6xat3fbvazowd17pm2h4gQ9jcjUGrFGImxyIya3Rg8BY","app_name":"\u5c0f\u9ea6\u91d1\u878d","sign":"cc9abc424cf296ca4edc97009e2640b5","mobile_type":"android","user_id":"236764","channel":"\u8c4c\u8c46\u835a"}
TRACE 2016-04-26 04:58:58# index/index{"app_ver":"1.0.0","api_ver":"1","access_token":"XCRl2TeC0ScEZLTiC8bv6xat3fbvazowd17pm2h4gQ9jcjUGrFGImxyIya3Rg8BY","page_size":"0","app_name":"\u5c0f\u9ea6\u91d1\u878d","sign":"fa5a61abb9cc308bcfde3449c5ee356f","p":"1","mobile_type":"android","user_id":"236764","channel":"\u8c4c\u8c46\u835a"}
TRACE 2016-04-26 04:59:59# user/account{"app_ver":"1.0.0","api_ver":"1","access_token":"XCRl2TeC0ScEZLTiC8bv6xat3fbvazowd17pm2h4gQ9jcjUGrFGImxyIya3Rg8BY","app_name":"\u5c0f\u9ea6\u91d1\u878d","sign":"cc9abc424cf296ca4edc97009e2640b5","mobile_type":"android","user_id":"236764","channel":"\u8c4c\u8c46\u835a"}
TRACE 2016-04-26 05:00:12# user/auth{"app_ver":"1.0.0","api_ver":"1","access_token":"XCRl2TeC0ScEZLTiC8bv6xat3fbvazowd17pm2h4gQ9jcjUGrFGImxyIya3Rg8BY","app_name":"\u5c0f\u9ea6\u91d1\u878d","sign":"cc9abc424cf296ca4edc97009e2640b5","mobile_type":"android","user_id":"236764","channel":"\u8c4c\u8c46\u835a"}
TRACE 2016-04-26 05:05:24# index/index{"app_ver":"1.0.0","api_ver":"1","access_token":"XCRl2TeC0ScEZLTiC8bv6xat3fbvazowd17pm2h4gQ9jcjUGrFGImxyIya3Rg8BY","page_size":"0","app_name":"\u5c0f\u9ea6\u91d1\u878d","sign":"fa5a61abb9cc308bcfde3449c5ee356f","p":"1","mobile_type":"android","user_id":"236764","channel":"\u8c4c\u8c46\u835a"}
TRACE 2016-04-26 05:05:29# user/account{"app_ver":"1.0.0","api_ver":"1","access_token":"XCRl2TeC0ScEZLTiC8bv6xat3fbvazowd17pm2h4gQ9jcjUGrFGImxyIya3Rg8BY","app_name":"\u5c0f\u9ea6\u91d1\u878d","sign":"cc9abc424cf296ca4edc97009e2640b5","mobile_type":"android","user_id":"236764","channel":"\u8c4c\u8c46\u835a"}
TRACE 2016-04-26 05:05:32# user/auth{"app_ver":"1.0.0","api_ver":"1","access_token":"XCRl2TeC0ScEZLTiC8bv6xat3fbvazowd17pm2h4gQ9jcjUGrFGImxyIya3Rg8BY","app_name":"\u5c0f\u9ea6\u91d1\u878d","sign":"cc9abc424cf296ca4edc97009e2640b5","mobile_type":"android","user_id":"236764","channel":"\u8c4c\u8c46\u835a"}
TRACE 2016-04-26 05:48:43# escrow/recharge{"app_ver":"1.0.0","api_ver":"1","access_token":"XCRl2TeC0ScEZLTiC8bv6xat3fbvazowd17pm2h4gQ9jcjUGrFGImxyIya3Rg8BY","app_name":"\u5c0f\u9ea6\u91d1\u878d","sign":"950c93657e696854ddd3ca8d7501f539","mobile_type":"android","user_id":"236764","channel":"\u8c4c\u8c46\u835a","money":"100"}
TRACE 2016-04-26 05:49:01# user/account{"app_ver":"1.0.0","api_ver":"1","access_token":"XCRl2TeC0ScEZLTiC8bv6xat3fbvazowd17pm2h4gQ9jcjUGrFGImxyIya3Rg8BY","app_name":"\u5c0f\u9ea6\u91d1\u878d","sign":"cc9abc424cf296ca4edc97009e2640b5","mobile_type":"android","user_id":"236764","channel":"\u8c4c\u8c46\u835a"}
TRACE 2016-04-26 05:49:02# user/account{"app_ver":"1.0.0","api_ver":"1","access_token":"XCRl2TeC0ScEZLTiC8bv6xat3fbvazowd17pm2h4gQ9jcjUGrFGImxyIya3Rg8BY","app_name":"\u5c0f\u9ea6\u91d1\u878d","sign":"cc9abc424cf296ca4edc97009e2640b5","mobile_type":"android","user_id":"236764","channel":"\u8c4c\u8c46\u835a"}
TRACE 2016-04-26 05:49:27# user/account{"app_ver":"1.0.0","api_ver":"1","access_token":"XCRl2TeC0ScEZLTiC8bv6xat3fbvazowd17pm2h4gQ9jcjUGrFGImxyIya3Rg8BY","app_name":"\u5c0f\u9ea6\u91d1\u878d","sign":"cc9abc424cf296ca4edc97009e2640b5","mobile_type":"android","user_id":"236764","channel":"\u8c4c\u8c46\u835a"}
TRACE 2016-04-26 05:49:27# user/account{"app_ver":"1.0.0","api_ver":"1","access_token":"XCRl2TeC0ScEZLTiC8bv6xat3fbvazowd17pm2h4gQ9jcjUGrFGImxyIya3Rg8BY","app_name":"\u5c0f\u9ea6\u91d1\u878d","sign":"cc9abc424cf296ca4edc97009e2640b5","mobile_type":"android","user_id":"236764","channel":"\u8c4c\u8c46\u835a"}
TRACE 2016-04-26 05:50:09# escrow/recharge{"app_ver":"1.0.0","api_ver":"1","access_token":"XCRl2TeC0ScEZLTiC8bv6xat3fbvazowd17pm2h4gQ9jcjUGrFGImxyIya3Rg8BY","app_name":"\u5c0f\u9ea6\u91d1\u878d","sign":"950c93657e696854ddd3ca8d7501f539","mobile_type":"android","user_id":"236764","channel":"\u8c4c\u8c46\u835a","money":"100"}
TRACE 2016-04-26 05:50:14# user/account{"app_ver":"1.0.0","api_ver":"1","access_token":"XCRl2TeC0ScEZLTiC8bv6xat3fbvazowd17pm2h4gQ9jcjUGrFGImxyIya3Rg8BY","app_name":"\u5c0f\u9ea6\u91d1\u878d","sign":"cc9abc424cf296ca4edc97009e2640b5","mobile_type":"android","user_id":"236764","channel":"\u8c4c\u8c46\u835a"}
TRACE 2016-04-26 05:50:14# user/account{"app_ver":"1.0.0","api_ver":"1","access_token":"XCRl2TeC0ScEZLTiC8bv6xat3fbvazowd17pm2h4gQ9jcjUGrFGImxyIya3Rg8BY","app_name":"\u5c0f\u9ea6\u91d1\u878d","sign":"cc9abc424cf296ca4edc97009e2640b5","mobile_type":"android","user_id":"236764","channel":"\u8c4c\u8c46\u835a"}
TRACE 2016-04-26 05:50:35# user/account{"app_ver":"1.0.0","api_ver":"1","access_token":"XCRl2TeC0ScEZLTiC8bv6xat3fbvazowd17pm2h4gQ9jcjUGrFGImxyIya3Rg8BY","app_name":"\u5c0f\u9ea6\u91d1\u878d","sign":"cc9abc424cf296ca4edc97009e2640b5","mobile_type":"android","user_id":"236764","channel":"\u8c4c\u8c46\u835a"}
TRACE 2016-04-26 05:50:35# user/account{"app_ver":"1.0.0","api_ver":"1","access_token":"XCRl2TeC0ScEZLTiC8bv6xat3fbvazowd17pm2h4gQ9jcjUGrFGImxyIya3Rg8BY","app_name":"\u5c0f\u9ea6\u91d1\u878d","sign":"cc9abc424cf296ca4edc97009e2640b5","mobile_type":"android","user_id":"236764","channel":"\u8c4c\u8c46\u835a"}
TRACE 2016-04-26 11:21:58# user/invest-list{"user_id":"236764","xiaomai":"heiheihei"}
TRACE 2016-04-26 11:23:51# user/invest-list{"user_id":"236764","xiaomai":"heiheihei"}
TRACE 2016-04-26 11:32:26# user/invest-list{"user_id":"236764","xiaomai":"heiheihei"}
TRACE 2016-04-26 11:32:41# user/invest-list{"user_id":"236764","xiaomai":"heiheihei"}
TRACE 2016-04-26 11:32:54# user/invest-list{"user_id":"236764","xiaomai":"heiheihei"}
